Test (3B): basic agreement ...
  ... Passed --   0.7  3   16    4648    3
Test (3B): RPC byte count ...
  ... Passed --   1.4  3   48  114772   11
Test (3B): test progressive failure of followers ...
  ... Passed --   4.7  3  192   46662    3
Test (3B): test failure of leaders ...
  ... Passed --   5.2  3  352   81969    3
Test (3B): agreement after follower reconnects ...
  ... Passed --   5.5  3  192   55268    8
Test (3B): no agreement if too many followers disconnect ...
  ... Passed --   5.5  5  396  102262    3
Test (3B): concurrent Start()s ...
  ... Passed --   0.9  3   22    6500    6
Test (3B): rejoin of partitioned leader ...
--- FAIL: TestRejoin3B (4.01s)
    config.go:594: one(105) failed to reach agreement because its index has another cmd which is committed
Test (3B): leader backs up quickly over incorrect follower logs ...
  ... Passed --  16.7  5 2372 2377988  102
Test (3B): RPC counts aren't too high ...
  ... Passed --   2.6  3   96   28804   12
FAIL
exit status 1
FAIL	6.5840/raft	50.752s
