Test (3B): basic agreement ...
  ... Passed --   0.6  3   16    4648    3
Test (3B): RPC byte count ...
  ... Passed --   1.5  3   48  114772   11
Test (3B): test progressive failure of followers ...
  ... Passed --   4.7  3  190   46534    3
Test (3B): test failure of leaders ...
  ... Passed --   5.1  3  342   79725    3
Test (3B): agreement after follower reconnects ...
  ... Passed --   5.5  3  184   52454    8
Test (3B): no agreement if too many followers disconnect ...
  ... Passed --   5.5  5  412  106966    2
Test (3B): concurrent Start()s ...
  ... Passed --   0.8  3   24    7088    6
Test (3B): rejoin of partitioned leader ...
--- FAIL: TestRejoin3B (4.39s)
    config.go:594: one(105) failed to reach agreement because its index has another cmd which is committed
Test (3B): leader backs up quickly over incorrect follower logs ...
  ... Passed --  17.1  5 2412 2406937  102
Test (3B): RPC counts aren't too high ...
  ... Passed --   2.6  3   92   27628   12
FAIL
exit status 1
FAIL	6.5840/raft	50.476s
