Test (3B): basic agreement ...
  ... Passed --   0.7  3   16    4680    3
Test (3B): RPC byte count ...
  ... Passed --   1.5  3   48  114772   11
Test (3B): test progressive failure of followers ...
  ... Passed --   4.5  3  180   44105    3
Test (3B): test failure of leaders ...
  ... Passed --   5.2  3  352   81768    3
Test (3B): agreement after follower reconnects ...
  ... Passed --   5.5  3  196   55945    8
Test (3B): no agreement if too many followers disconnect ...
  ... Passed --   3.6  5  280   68131    3
Test (3B): concurrent Start()s ...
  ... Passed --   0.8  3   24    7136    6
Test (3B): rejoin of partitioned leader ...
--- FAIL: TestRejoin3B (14.24s)
    config.go:605: one(105) failed to reach agreement
Test (3B): leader backs up quickly over incorrect follower logs ...
  ... Passed --  17.1  5 2455 2449228  102
Test (3B): RPC counts aren't too high ...
  ... Passed --   2.6  3   92   27628   12
FAIL
exit status 1
FAIL	6.5840/raft	56.770s
