Test (3B): basic agreement ...
  ... Passed --   0.7  3   16    4680    3
Test (3B): RPC byte count ...
  ... Passed --   1.5  3   48  114772   11
Test (3B): test progressive failure of followers ...
  ... Passed --   4.7  3  190   46444    3
Test (3B): test failure of leaders ...
  ... Passed --   5.2  3  354   82329    3
Test (3B): agreement after follower reconnects ...
  ... Passed --   5.5  3  182   51904    8
Test (3B): no agreement if too many followers disconnect ...
  ... Passed --   5.5  5  416  109326    2
Test (3B): concurrent Start()s ...
  ... Passed --   0.8  3   24    7088    6
Test (3B): rejoin of partitioned leader ...
--- FAIL: TestRejoin3B (4.21s)
    config.go:594: one(105) failed to reach agreement because its index has another cmd which is committed
Test (3B): leader backs up quickly over incorrect follower logs ...
  ... Passed --  15.1  5 2264 2362713  102
Test (3B): RPC counts aren't too high ...
  ... Passed --   2.6  3   94   28402   12
FAIL
exit status 1
FAIL	6.5840/raft	48.371s
