Test (3B): basic agreement ...
  ... Passed --   0.6  3   16    4680    3
Test (3B): RPC byte count ...
  ... Passed --   1.5  3   48  114772   11
Test (3B): test progressive failure of followers ...
  ... Passed --   4.7  3  188   45338    3
Test (3B): test failure of leaders ...
  ... Passed --   5.2  3  348   81009    3
Test (3B): agreement after follower reconnects ...
  ... Passed --   5.5  3  176   49660    8
Test (3B): no agreement if too many followers disconnect ...
  ... Passed --   3.5  5  288   71867    3
Test (3B): concurrent Start()s ...
  ... Passed --   0.8  3   24    7136    6
Test (3B): rejoin of partitioned leader ...
--- FAIL: TestRejoin3B (4.21s)
    config.go:594: one(105) failed to reach agreement because its index has another cmd which is committed
Test (3B): leader backs up quickly over incorrect follower logs ...
  ... Passed --  14.7  5 2220 2328619  102
Test (3B): RPC counts aren't too high ...
  ... Passed --   2.6  3   92   27628   12
FAIL
exit status 1
FAIL	6.5840/raft	46.080s
