Test (3B): basic agreement ...
  ... Passed --   0.6  3   16    4648    3
Test (3B): RPC byte count ...
  ... Passed --   1.5  3   48  114772   11
Test (3B): test progressive failure of followers ...
  ... Passed --   4.7  3  190   45804    3
Test (3B): test failure of leaders ...
  ... Passed --   5.2  3  350   81471    3
Test (3B): agreement after follower reconnects ...
  ... Passed --   5.5  3  188   53482    8
Test (3B): no agreement if too many followers disconnect ...
  ... Passed --   3.6  5  296   73594    3
Test (3B): concurrent Start()s ...
  ... Passed --   0.8  3   22    6500    6
Test (3B): rejoin of partitioned leader ...
--- FAIL: TestRejoin3B (4.21s)
    config.go:594: one(105) failed to reach agreement because its index has another cmd which is committed
Test (3B): leader backs up quickly over incorrect follower logs ...
  ... Passed --  16.6  5 2376 2377065  102
Test (3B): RPC counts aren't too high ...
  ... Passed --   2.6  3   90   27220   12
FAIL
exit status 1
FAIL	6.5840/raft	45.704s
