Test (3B): basic agreement ...
  ... Passed --   0.6  3   16    4680    3
Test (3B): RPC byte count ...
  ... Passed --   1.5  3   48  114676   11
Test (3B): test progressive failure of followers ...
  ... Passed --   4.7  3  190   46526    3
Test (3B): test failure of leaders ...
  ... Passed --   5.1  3  348   81570    3
Test (3B): agreement after follower reconnects ...
  ... Passed --   5.5  3  184   52376    7
Test (3B): no agreement if too many followers disconnect ...
  ... Passed --   3.5  5  292   72656    3
Test (3B): concurrent Start()s ...
  ... Passed --   0.8  3   24    7136    6
Test (3B): rejoin of partitioned leader ...
--- FAIL: TestRejoin3B (4.33s)
    config.go:594: one(105) failed to reach agreement because its index has another cmd which is committed
Test (3B): leader backs up quickly over incorrect follower logs ...
  ... Passed --  14.8  5 2220 2331312  102
Test (3B): RPC counts aren't too high ...
  ... Passed --   2.6  3   94   28216   12
FAIL
exit status 1
FAIL	6.5840/raft	43.821s
