Test (3B): basic agreement ...
0 become leader in term 1
0 leader receive cmd 1
leader 0 commit_index update to 1
follower 1 commit_index update to 1
follower 2 commit_index update to 1
0 leader receive cmd 2
leader 0 commit_index update to 2
follower 2 commit_index update to 2
follower 1 commit_index update to 2
0 leader receive cmd 3
leader 0 commit_index update to 3
follower 1 commit_index update to 3
follower 2 commit_index update to 3
  ... Passed --   0.6  3   16    4648    3
Test (3B): RPC byte count ...
1 become leader in term 1
1 leader receive cmd 1
leader 1 commit_index update to 1
follower 2 commit_index update to 1
follower 0 commit_index update to 1
1 leader receive cmd 2
leader 1 commit_index update to 2
follower 2 commit_index update to 2
follower 0 commit_index update to 2
1 leader receive cmd 3
leader 1 commit_index update to 3
follower 2 commit_index update to 3
follower 0 commit_index update to 3
1 leader receive cmd 4
leader 1 commit_index update to 4
follower 2 commit_index update to 4
follower 0 commit_index update to 4
1 leader receive cmd 5
leader 1 commit_index update to 5
follower 2 commit_index update to 5
follower 0 commit_index update to 5
1 leader receive cmd 6
leader 1 commit_index update to 6
follower 2 commit_index update to 6
follower 0 commit_index update to 6
1 leader receive cmd 7
leader 1 commit_index update to 7
follower 0 commit_index update to 7
follower 2 commit_index update to 7
1 leader receive cmd 8
leader 1 commit_index update to 8
follower 2 commit_index update to 8
follower 0 commit_index update to 8
1 leader receive cmd 9
leader 1 commit_index update to 9
follower 2 commit_index update to 9
follower 0 commit_index update to 9
1 leader receive cmd 10
leader 1 commit_index update to 10
follower 2 commit_index update to 10
follower 0 commit_index update to 10
1 leader receive cmd 11
leader 1 commit_index update to 11
follower 2 commit_index update to 11
follower 0 commit_index update to 11
  ... Passed --   1.4  3   48  114772   11
Test (3B): test progressive failure of followers ...
0 become leader in term 1
0 leader receive cmd 1
leader 0 commit_index update to 1
follower 1 commit_index update to 1
follower 2 commit_index update to 1
0 leader receive cmd 2
leader 0 commit_index update to 2
follower 2 commit_index update to 2
0 leader receive cmd 3
leader 0 commit_index update to 3
follower 2 commit_index update to 3
0 leader receive cmd 4
  ... Passed --   4.6  3  186   44723    3
Test (3B): test failure of leaders ...
2 become leader in term 1
2 leader receive cmd 1
leader 2 commit_index update to 1
follower 1 commit_index update to 1
follower 0 commit_index update to 1
1 become leader in term 2
1 leader receive cmd 2
leader 1 commit_index update to 2
follower 0 commit_index update to 2
1 leader receive cmd 3
leader 1 commit_index update to 3
follower 0 commit_index update to 3
1 leader receive cmd 4
2 leader receive cmd 2
  ... Passed --   5.1  3  338   79089    3
Test (3B): agreement after follower reconnects ...
1 become leader in term 1
1 leader receive cmd 1
leader 1 commit_index update to 1
follower 2 commit_index update to 1
follower 0 commit_index update to 1
1 leader receive cmd 2
leader 1 commit_index update to 2
follower 0 commit_index update to 2
1 leader receive cmd 3
leader 1 commit_index update to 3
follower 0 commit_index update to 3
1 leader receive cmd 4
leader 1 commit_index update to 4
follower 0 commit_index update to 4
1 leader receive cmd 5
leader 1 commit_index update to 5
follower 0 commit_index update to 5
1 leader receive cmd 6
1 become leader in term 4
0 become leader in term 5
follower 2 commit_index update to 5
0 leader receive cmd 7
leader 0 commit_index update to 7
follower 1 commit_index update to 7
follower 2 commit_index update to 7
0 leader receive cmd 8
leader 0 commit_index update to 8
follower 2 commit_index update to 8
follower 1 commit_index update to 8
  ... Passed --   5.5  3  194   55676    8
Test (3B): no agreement if too many followers disconnect ...
0 become leader in term 1
0 leader receive cmd 1
leader 0 commit_index update to 1
follower 4 commit_index update to 1
follower 1 commit_index update to 1
follower 2 commit_index update to 1
follower 3 commit_index update to 1
0 leader receive cmd 2
2 become leader in term 4
2 leader receive cmd 2
2 leader receive cmd 3
leader 2 commit_index update to 2
follower 4 commit_index update to 2
follower 1 commit_index update to 2
follower 0 commit_index update to 2
follower 3 commit_index update to 2
leader 2 commit_index update to 3
follower 4 commit_index update to 3
follower 0 commit_index update to 3
follower 1 commit_index update to 3
follower 3 commit_index update to 3
  ... Passed --   3.6  5  296   73560    3
Test (3B): concurrent Start()s ...
0 become leader in term 1
0 leader receive cmd 1
0 leader receive cmd 2
0 leader receive cmd 3
0 leader receive cmd 4
0 leader receive cmd 5
0 leader receive cmd 6
leader 0 commit_index update to 1
follower 2 commit_index update to 1
follower 1 commit_index update to 1
leader 0 commit_index update to 2
follower 2 commit_index update to 2
follower 1 commit_index update to 2
leader 0 commit_index update to 3
follower 2 commit_index update to 3
follower 1 commit_index update to 3
leader 0 commit_index update to 4
follower 2 commit_index update to 4
follower 1 commit_index update to 4
leader 0 commit_index update to 5
follower 2 commit_index update to 5
follower 1 commit_index update to 5
leader 0 commit_index update to 6
follower 2 commit_index update to 6
follower 1 commit_index update to 6
  ... Passed --   0.9  3   24    7088    6
Test (3B): rejoin of partitioned leader ...
2 become leader in term 1
2 leader receive cmd 1
leader 2 commit_index update to 1
follower 1 commit_index update to 1
follower 0 commit_index update to 1
2 leader receive cmd 2
2 leader receive cmd 3
2 leader receive cmd 4
1 become leader in term 2
1 leader receive cmd 2
leader 1 commit_index update to 2
follower 0 commit_index update to 2
2 leader receive cmd 5
0 become leader in term 4
follower 2 commit_index update to 2
0 leader receive cmd 3
leader 0 commit_index update to 3
follower 2 commit_index update to 3
1 leader receive cmd 3
2 become leader in term 6
0 become leader in term 7
2 become leader in term 9
0 become leader in term 10
0 leader receive cmd 4
2 become leader in term 12
0 become leader in term 13
2 become leader in term 15
0 become leader in term 16
2 become leader in term 18
2 leader receive cmd 4
0 become leader in term 19
2 become leader in term 21
0 become leader in term 22
2 become leader in term 23
0 become leader in term 25
0 leader receive cmd 5
2 become leader in term 26
0 become leader in term 27
0 become leader in term 29
2 become leader in term 30
2 leader receive cmd 5
0 become leader in term 31
2 become leader in term 32
0 become leader in term 34
2 become leader in term 35
0 become leader in term 37
2 become leader in term 38
--- FAIL: TestRejoin3B (14.28s)
    config.go:605: one(105) failed to reach agreement
Test (3B): leader backs up quickly over incorrect follower logs ...
3 become leader in term 1
3 leader receive cmd 1
leader 3 commit_index update to 1
follower 4 commit_index update to 1
follower 0 commit_index update to 1
follower 2 commit_index update to 1
follower 1 commit_index update to 1
3 leader receive cmd 2
3 leader receive cmd 3
3 leader receive cmd 4
3 leader receive cmd 5
3 leader receive cmd 6
3 leader receive cmd 7
3 leader receive cmd 8
3 leader receive cmd 9
3 leader receive cmd 10
3 leader receive cmd 11
3 leader receive cmd 12
3 leader receive cmd 13
3 leader receive cmd 14
3 leader receive cmd 15
3 leader receive cmd 16
3 leader receive cmd 17
3 leader receive cmd 18
3 leader receive cmd 19
3 leader receive cmd 20
3 leader receive cmd 21
3 leader receive cmd 22
3 leader receive cmd 23
3 leader receive cmd 24
3 leader receive cmd 25
3 leader receive cmd 26
3 leader receive cmd 27
3 leader receive cmd 28
3 leader receive cmd 29
3 leader receive cmd 30
3 leader receive cmd 31
3 leader receive cmd 32
3 leader receive cmd 33
3 leader receive cmd 34
3 leader receive cmd 35
3 leader receive cmd 36
3 leader receive cmd 37
3 leader receive cmd 38
3 leader receive cmd 39
3 leader receive cmd 40
3 leader receive cmd 41
3 leader receive cmd 42
3 leader receive cmd 43
3 leader receive cmd 44
3 leader receive cmd 45
3 leader receive cmd 46
3 leader receive cmd 47
3 leader receive cmd 48
3 leader receive cmd 49
3 leader receive cmd 50
3 leader receive cmd 51
1 become leader in term 3
1 leader receive cmd 2
leader 1 commit_index update to 2
follower 0 commit_index update to 2
follower 2 commit_index update to 2
1 leader receive cmd 3
leader 1 commit_index update to 3
follower 0 commit_index update to 3
follower 2 commit_index update to 3
1 leader receive cmd 4
leader 1 commit_index update to 4
follower 2 commit_index update to 4
follower 0 commit_index update to 4
1 leader receive cmd 5
leader 1 commit_index update to 5
follower 0 commit_index update to 5
follower 2 commit_index update to 5
1 leader receive cmd 6
leader 1 commit_index update to 6
follower 0 commit_index update to 6
follower 2 commit_index update to 6
1 leader receive cmd 7
leader 1 commit_index update to 7
follower 0 commit_index update to 7
follower 2 commit_index update to 7
1 leader receive cmd 8
leader 1 commit_index update to 8
follower 0 commit_index update to 8
follower 2 commit_index update to 8
1 leader receive cmd 9
leader 1 commit_index update to 9
follower 0 commit_index update to 9
follower 2 commit_index update to 9
1 leader receive cmd 10
leader 1 commit_index update to 10
follower 0 commit_index update to 10
follower 2 commit_index update to 10
1 leader receive cmd 11
leader 1 commit_index update to 11
follower 0 commit_index update to 11
follower 2 commit_index update to 11
1 leader receive cmd 12
leader 1 commit_index update to 12
follower 0 commit_index update to 12
follower 2 commit_index update to 12
1 leader receive cmd 13
leader 1 commit_index update to 13
follower 0 commit_index update to 13
follower 2 commit_index update to 13
1 leader receive cmd 14
leader 1 commit_index update to 14
follower 0 commit_index update to 14
follower 2 commit_index update to 14
1 leader receive cmd 15
leader 1 commit_index update to 15
follower 2 commit_index update to 15
follower 0 commit_index update to 15
1 leader receive cmd 16
leader 1 commit_index update to 16
follower 0 commit_index update to 16
follower 2 commit_index update to 16
1 leader receive cmd 17
leader 1 commit_index update to 17
follower 0 commit_index update to 17
follower 2 commit_index update to 17
1 leader receive cmd 18
leader 1 commit_index update to 18
follower 0 commit_index update to 18
follower 2 commit_index update to 18
1 leader receive cmd 19
leader 1 commit_index update to 19
follower 0 commit_index update to 19
follower 2 commit_index update to 19
1 leader receive cmd 20
leader 1 commit_index update to 20
follower 2 commit_index update to 20
follower 0 commit_index update to 20
1 leader receive cmd 21
leader 1 commit_index update to 21
follower 2 commit_index update to 21
follower 0 commit_index update to 21
1 leader receive cmd 22
leader 1 commit_index update to 22
follower 2 commit_index update to 22
follower 0 commit_index update to 22
1 leader receive cmd 23
leader 1 commit_index update to 23
follower 0 commit_index update to 23
follower 2 commit_index update to 23
1 leader receive cmd 24
leader 1 commit_index update to 24
follower 0 commit_index update to 24
follower 2 commit_index update to 24
1 leader receive cmd 25
leader 1 commit_index update to 25
follower 0 commit_index update to 25
follower 2 commit_index update to 25
1 leader receive cmd 26
leader 1 commit_index update to 26
follower 0 commit_index update to 26
follower 2 commit_index update to 26
1 leader receive cmd 27
leader 1 commit_index update to 27
follower 0 commit_index update to 27
follower 2 commit_index update to 27
1 leader receive cmd 28
leader 1 commit_index update to 28
follower 2 commit_index update to 28
follower 0 commit_index update to 28
1 leader receive cmd 29
leader 1 commit_index update to 29
follower 2 commit_index update to 29
follower 0 commit_index update to 29
1 leader receive cmd 30
leader 1 commit_index update to 30
follower 0 commit_index update to 30
follower 2 commit_index update to 30
1 leader receive cmd 31
leader 1 commit_index update to 31
follower 2 commit_index update to 31
follower 0 commit_index update to 31
1 leader receive cmd 32
leader 1 commit_index update to 32
follower 2 commit_index update to 32
follower 0 commit_index update to 32
1 leader receive cmd 33
leader 1 commit_index update to 33
follower 0 commit_index update to 33
follower 2 commit_index update to 33
1 leader receive cmd 34
leader 1 commit_index update to 34
follower 2 commit_index update to 34
follower 0 commit_index update to 34
1 leader receive cmd 35
leader 1 commit_index update to 35
follower 0 commit_index update to 35
follower 2 commit_index update to 35
1 leader receive cmd 36
leader 1 commit_index update to 36
follower 0 commit_index update to 36
follower 2 commit_index update to 36
1 leader receive cmd 37
leader 1 commit_index update to 37
follower 0 commit_index update to 37
follower 2 commit_index update to 37
1 leader receive cmd 38
leader 1 commit_index update to 38
follower 0 commit_index update to 38
follower 2 commit_index update to 38
1 leader receive cmd 39
leader 1 commit_index update to 39
follower 0 commit_index update to 39
follower 2 commit_index update to 39
1 leader receive cmd 40
leader 1 commit_index update to 40
follower 2 commit_index update to 40
follower 0 commit_index update to 40
1 leader receive cmd 41
leader 1 commit_index update to 41
follower 2 commit_index update to 41
follower 0 commit_index update to 41
1 leader receive cmd 42
leader 1 commit_index update to 42
follower 0 commit_index update to 42
follower 2 commit_index update to 42
1 leader receive cmd 43
leader 1 commit_index update to 43
follower 0 commit_index update to 43
follower 2 commit_index update to 43
1 leader receive cmd 44
leader 1 commit_index update to 44
follower 2 commit_index update to 44
follower 0 commit_index update to 44
1 leader receive cmd 45
leader 1 commit_index update to 45
follower 0 commit_index update to 45
follower 2 commit_index update to 45
1 leader receive cmd 46
leader 1 commit_index update to 46
follower 0 commit_index update to 46
follower 2 commit_index update to 46
1 leader receive cmd 47
leader 1 commit_index update to 47
follower 2 commit_index update to 47
follower 0 commit_index update to 47
1 leader receive cmd 48
leader 1 commit_index update to 48
follower 0 commit_index update to 48
follower 2 commit_index update to 48
1 leader receive cmd 49
leader 1 commit_index update to 49
follower 0 commit_index update to 49
follower 2 commit_index update to 49
1 leader receive cmd 50
leader 1 commit_index update to 50
follower 0 commit_index update to 50
follower 2 commit_index update to 50
1 leader receive cmd 51
leader 1 commit_index update to 51
follower 0 commit_index update to 51
follower 2 commit_index update to 51
1 leader receive cmd 52
1 leader receive cmd 53
1 leader receive cmd 54
1 leader receive cmd 55
1 leader receive cmd 56
1 leader receive cmd 57
1 leader receive cmd 58
1 leader receive cmd 59
1 leader receive cmd 60
1 leader receive cmd 61
1 leader receive cmd 62
1 leader receive cmd 63
1 leader receive cmd 64
1 leader receive cmd 65
1 leader receive cmd 66
1 leader receive cmd 67
1 leader receive cmd 68
1 leader receive cmd 69
1 leader receive cmd 70
1 leader receive cmd 71
1 leader receive cmd 72
1 leader receive cmd 73
1 leader receive cmd 74
1 leader receive cmd 75
1 leader receive cmd 76
1 leader receive cmd 77
1 leader receive cmd 78
1 leader receive cmd 79
1 leader receive cmd 80
1 leader receive cmd 81
1 leader receive cmd 82
1 leader receive cmd 83
1 leader receive cmd 84
1 leader receive cmd 85
1 leader receive cmd 86
1 leader receive cmd 87
1 leader receive cmd 88
1 leader receive cmd 89
1 leader receive cmd 90
1 leader receive cmd 91
1 leader receive cmd 92
1 leader receive cmd 93
1 leader receive cmd 94
1 leader receive cmd 95
1 leader receive cmd 96
1 leader receive cmd 97
1 leader receive cmd 98
1 leader receive cmd 99
1 leader receive cmd 100
1 leader receive cmd 101
3 leader receive cmd 52
0 become leader in term 12
follower 4 commit_index update to 51
follower 3 commit_index update to 51
0 leader receive cmd 52
leader 0 commit_index update to 52
follower 4 commit_index update to 52
follower 3 commit_index update to 52
0 leader receive cmd 53
leader 0 commit_index update to 53
follower 4 commit_index update to 53
follower 3 commit_index update to 53
0 leader receive cmd 54
leader 0 commit_index update to 54
follower 4 commit_index update to 54
follower 3 commit_index update to 54
0 leader receive cmd 55
leader 0 commit_index update to 55
follower 4 commit_index update to 55
follower 3 commit_index update to 55
0 leader receive cmd 56
leader 0 commit_index update to 56
follower 4 commit_index update to 56
follower 3 commit_index update to 56
0 leader receive cmd 57
leader 0 commit_index update to 57
follower 4 commit_index update to 57
follower 3 commit_index update to 57
0 leader receive cmd 58
leader 0 commit_index update to 58
follower 4 commit_index update to 58
follower 3 commit_index update to 58
0 leader receive cmd 59
leader 0 commit_index update to 59
follower 4 commit_index update to 59
follower 3 commit_index update to 59
0 leader receive cmd 60
leader 0 commit_index update to 60
follower 4 commit_index update to 60
follower 3 commit_index update to 60
0 leader receive cmd 61
leader 0 commit_index update to 61
follower 4 commit_index update to 61
follower 3 commit_index update to 61
0 leader receive cmd 62
leader 0 commit_index update to 62
follower 4 commit_index update to 62
follower 3 commit_index update to 62
0 leader receive cmd 63
leader 0 commit_index update to 63
follower 4 commit_index update to 63
follower 3 commit_index update to 63
0 leader receive cmd 64
leader 0 commit_index update to 64
follower 4 commit_index update to 64
follower 3 commit_index update to 64
0 leader receive cmd 65
leader 0 commit_index update to 65
follower 4 commit_index update to 65
follower 3 commit_index update to 65
0 leader receive cmd 66
leader 0 commit_index update to 66
follower 4 commit_index update to 66
follower 3 commit_index update to 66
0 leader receive cmd 67
leader 0 commit_index update to 67
follower 4 commit_index update to 67
follower 3 commit_index update to 67
0 leader receive cmd 68
leader 0 commit_index update to 68
follower 3 commit_index update to 68
follower 4 commit_index update to 68
0 leader receive cmd 69
leader 0 commit_index update to 69
follower 3 commit_index update to 69
follower 4 commit_index update to 69
0 leader receive cmd 70
leader 0 commit_index update to 70
follower 4 commit_index update to 70
follower 3 commit_index update to 70
0 leader receive cmd 71
leader 0 commit_index update to 71
follower 4 commit_index update to 71
follower 3 commit_index update to 71
0 leader receive cmd 72
leader 0 commit_index update to 72
follower 4 commit_index update to 72
follower 3 commit_index update to 72
0 leader receive cmd 73
leader 0 commit_index update to 73
follower 4 commit_index update to 73
follower 3 commit_index update to 73
0 leader receive cmd 74
leader 0 commit_index update to 74
follower 3 commit_index update to 74
follower 4 commit_index update to 74
0 leader receive cmd 75
leader 0 commit_index update to 75
follower 3 commit_index update to 75
follower 4 commit_index update to 75
0 leader receive cmd 76
leader 0 commit_index update to 76
follower 3 commit_index update to 76
follower 4 commit_index update to 76
0 leader receive cmd 77
leader 0 commit_index update to 77
follower 3 commit_index update to 77
follower 4 commit_index update to 77
0 leader receive cmd 78
leader 0 commit_index update to 78
follower 4 commit_index update to 78
follower 3 commit_index update to 78
0 leader receive cmd 79
leader 0 commit_index update to 79
follower 4 commit_index update to 79
follower 3 commit_index update to 79
0 leader receive cmd 80
leader 0 commit_index update to 80
follower 4 commit_index update to 80
follower 3 commit_index update to 80
0 leader receive cmd 81
leader 0 commit_index update to 81
follower 4 commit_index update to 81
follower 3 commit_index update to 81
0 leader receive cmd 82
leader 0 commit_index update to 82
follower 4 commit_index update to 82
follower 3 commit_index update to 82
0 leader receive cmd 83
leader 0 commit_index update to 83
follower 4 commit_index update to 83
follower 3 commit_index update to 83
0 leader receive cmd 84
leader 0 commit_index update to 84
follower 4 commit_index update to 84
follower 3 commit_index update to 84
0 leader receive cmd 85
leader 0 commit_index update to 85
follower 4 commit_index update to 85
follower 3 commit_index update to 85
0 leader receive cmd 86
leader 0 commit_index update to 86
follower 4 commit_index update to 86
follower 3 commit_index update to 86
0 leader receive cmd 87
leader 0 commit_index update to 87
follower 4 commit_index update to 87
follower 3 commit_index update to 87
0 leader receive cmd 88
leader 0 commit_index update to 88
follower 4 commit_index update to 88
follower 3 commit_index update to 88
0 leader receive cmd 89
leader 0 commit_index update to 89
follower 3 commit_index update to 89
follower 4 commit_index update to 89
0 leader receive cmd 90
leader 0 commit_index update to 90
follower 4 commit_index update to 90
follower 3 commit_index update to 90
0 leader receive cmd 91
leader 0 commit_index update to 91
follower 4 commit_index update to 91
follower 3 commit_index update to 91
0 leader receive cmd 92
leader 0 commit_index update to 92
follower 4 commit_index update to 92
follower 3 commit_index update to 92
0 leader receive cmd 93
leader 0 commit_index update to 93
follower 4 commit_index update to 93
follower 3 commit_index update to 93
0 leader receive cmd 94
leader 0 commit_index update to 94
follower 4 commit_index update to 94
follower 3 commit_index update to 94
0 leader receive cmd 95
leader 0 commit_index update to 95
follower 4 commit_index update to 95
follower 3 commit_index update to 95
0 leader receive cmd 96
leader 0 commit_index update to 96
follower 4 commit_index update to 96
follower 3 commit_index update to 96
0 leader receive cmd 97
leader 0 commit_index update to 97
follower 3 commit_index update to 97
follower 4 commit_index update to 97
0 leader receive cmd 98
leader 0 commit_index update to 98
follower 4 commit_index update to 98
follower 3 commit_index update to 98
0 leader receive cmd 99
leader 0 commit_index update to 99
follower 3 commit_index update to 99
follower 4 commit_index update to 99
0 leader receive cmd 100
leader 0 commit_index update to 100
follower 3 commit_index update to 100
follower 4 commit_index update to 100
0 leader receive cmd 101
leader 0 commit_index update to 101
follower 4 commit_index update to 101
follower 3 commit_index update to 101
1 leader receive cmd 102
follower 2 commit_index update to 101
follower 1 commit_index update to 101
0 leader receive cmd 102
leader 0 commit_index update to 102
follower 4 commit_index update to 102
follower 1 commit_index update to 102
follower 3 commit_index update to 102
follower 2 commit_index update to 102
  ... Passed --  17.0  5 2401 2396931  102
Test (3B): RPC counts aren't too high ...
2 become leader in term 1
2 leader receive cmd 1
2 leader receive cmd 2
2 leader receive cmd 3
2 leader receive cmd 4
2 leader receive cmd 5
2 leader receive cmd 6
2 leader receive cmd 7
2 leader receive cmd 8
2 leader receive cmd 9
2 leader receive cmd 10
2 leader receive cmd 11
2 leader receive cmd 12
leader 2 commit_index update to 1
follower 0 commit_index update to 1
follower 1 commit_index update to 1
leader 2 commit_index update to 2
follower 1 commit_index update to 2
follower 0 commit_index update to 2
leader 2 commit_index update to 3
follower 1 commit_index update to 3
follower 0 commit_index update to 3
leader 2 commit_index update to 4
follower 0 commit_index update to 4
follower 1 commit_index update to 4
leader 2 commit_index update to 5
follower 0 commit_index update to 5
follower 1 commit_index update to 5
leader 2 commit_index update to 6
follower 1 commit_index update to 6
follower 0 commit_index update to 6
leader 2 commit_index update to 7
follower 0 commit_index update to 7
follower 1 commit_index update to 7
leader 2 commit_index update to 8
follower 1 commit_index update to 8
follower 0 commit_index update to 8
leader 2 commit_index update to 9
follower 1 commit_index update to 9
follower 0 commit_index update to 9
leader 2 commit_index update to 10
follower 1 commit_index update to 10
follower 0 commit_index update to 10
leader 2 commit_index update to 11
follower 1 commit_index update to 11
follower 0 commit_index update to 11
leader 2 commit_index update to 12
follower 1 commit_index update to 12
follower 0 commit_index update to 12
  ... Passed --   2.5  3   90   27208   12
FAIL
exit status 1
FAIL	6.5840/raft	55.844s
