Test (3B): basic agreement ...
  ... Passed --   0.6  3   16    4680    3
Test (3B): RPC byte count ...
  ... Passed --   1.5  3   48  114772   11
Test (3B): test progressive failure of followers ...
  ... Passed --   4.7  3  190   46452    3
Test (3B): test failure of leaders ...
  ... Passed --   5.2  3  350   81543    3
Test (3B): agreement after follower reconnects ...
  ... Passed --   5.5  3  190   54332    8
Test (3B): no agreement if too many followers disconnect ...
  ... Passed --   5.5  5  414  107892    2
Test (3B): concurrent Start()s ...
  ... Passed --   0.9  3   26    7728    6
Test (3B): rejoin of partitioned leader ...
--- FAIL: TestRejoin3B (4.23s)
    config.go:594: one(105) failed to reach agreement because its index has another cmd which is committed
Test (3B): leader backs up quickly over incorrect follower logs ...
  ... Passed --  17.1  5 2420 2455355  103
Test (3B): RPC counts aren't too high ...
  ... Passed --   2.6  3   94   28404   12
FAIL
exit status 1
FAIL	6.5840/raft	48.355s
