Test (3B): basic agreement ...
  ... Passed --   0.6  3   16    4680    3
Test (3B): RPC byte count ...
  ... Passed --   1.4  3   48  114772   11
Test (3B): test progressive failure of followers ...
  ... Passed --   4.6  3  186   45125    3
Test (3B): test failure of leaders ...
  ... Passed --   5.2  3  352   82015    3
Test (3B): agreement after follower reconnects ...
  ... Passed --   5.6  3  202   57912    8
Test (3B): no agreement if too many followers disconnect ...
  ... Passed --   5.6  5  412  106982    2
Test (3B): concurrent Start()s ...
  ... Passed --   0.9  3   26    7676    6
Test (3B): rejoin of partitioned leader ...
--- FAIL: TestRejoin3B (4.20s)
    config.go:594: one(105) failed to reach agreement because its index has another cmd which is committed
Test (3B): leader backs up quickly over incorrect follower logs ...
  ... Passed --  17.1  5 2368 2399669  102
Test (3B): RPC counts aren't too high ...
  ... Passed --   2.6  3   94   28392   12
FAIL
exit status 1
FAIL	6.5840/raft	48.386s
