Test (3B): basic agreement ...
  ... Passed --   0.6  3   16    4680    3
Test (3B): RPC byte count ...
  ... Passed --   1.5  3   48  114676   11
Test (3B): test progressive failure of followers ...
  ... Passed --   4.7  3  186   44994    3
Test (3B): test failure of leaders ...
  ... Passed --   5.1  3  344   80100    3
Test (3B): agreement after follower reconnects ...
  ... Passed --   5.4  3  188   53767    8
Test (3B): no agreement if too many followers disconnect ...
  ... Passed --   3.5  5  284   70394    3
Test (3B): concurrent Start()s ...
  ... Passed --   0.9  3   26    7676    6
Test (3B): rejoin of partitioned leader ...
--- FAIL: TestRejoin3B (4.29s)
    config.go:594: one(105) failed to reach agreement because its index has another cmd which is committed
Test (3B): leader backs up quickly over incorrect follower logs ...
  ... Passed --  16.7  5 2395 2390768  102
Test (3B): RPC counts aren't too high ...
  ... Passed --   2.6  3   94   28404   12
FAIL
exit status 1
FAIL	6.5840/raft	45.885s
