Test (3B): basic agreement ...
0 become leader in term 1
0 leader receive cmd 1
leader 0 commit_index update to 1
follower 1 commit_index update to 1
follower 2 commit_index update to 1
0 leader receive cmd 2
leader 0 commit_index update to 2
follower 2 commit_index update to 2
follower 1 commit_index update to 2
0 leader receive cmd 3
leader 0 commit_index update to 3
follower 1 commit_index update to 3
follower 2 commit_index update to 3
  ... Passed --   0.7  3   16    4648    3
Test (3B): RPC byte count ...
1 become leader in term 1
1 leader receive cmd 1
leader 1 commit_index update to 1
follower 2 commit_index update to 1
follower 0 commit_index update to 1
1 leader receive cmd 2
leader 1 commit_index update to 2
follower 2 commit_index update to 2
follower 0 commit_index update to 2
1 leader receive cmd 3
leader 1 commit_index update to 3
follower 2 commit_index update to 3
follower 0 commit_index update to 3
1 leader receive cmd 4
leader 1 commit_index update to 4
follower 2 commit_index update to 4
follower 0 commit_index update to 4
1 leader receive cmd 5
leader 1 commit_index update to 5
follower 2 commit_index update to 5
follower 0 commit_index update to 5
1 leader receive cmd 6
leader 1 commit_index update to 6
follower 2 commit_index update to 6
follower 0 commit_index update to 6
1 leader receive cmd 7
leader 1 commit_index update to 7
follower 2 commit_index update to 7
follower 0 commit_index update to 7
1 leader receive cmd 8
leader 1 commit_index update to 8
follower 0 commit_index update to 8
follower 2 commit_index update to 8
1 leader receive cmd 9
leader 1 commit_index update to 9
follower 0 commit_index update to 9
follower 2 commit_index update to 9
1 leader receive cmd 10
leader 1 commit_index update to 10
follower 2 commit_index update to 10
follower 0 commit_index update to 10
1 leader receive cmd 11
leader 1 commit_index update to 11
follower 0 commit_index update to 11
follower 2 commit_index update to 11
  ... Passed --   1.4  3   48  114772   11
Test (3B): test progressive failure of followers ...
2 become leader in term 1
2 leader receive cmd 1
leader 2 commit_index update to 1
follower 1 commit_index update to 1
follower 0 commit_index update to 1
2 leader receive cmd 2
leader 2 commit_index update to 2
follower 1 commit_index update to 2
2 leader receive cmd 3
leader 2 commit_index update to 3
follower 1 commit_index update to 3
2 leader receive cmd 4
  ... Passed --   4.6  3  192   46654    3
Test (3B): test failure of leaders ...
0 become leader in term 1
0 leader receive cmd 1
leader 0 commit_index update to 1
follower 2 commit_index update to 1
follower 1 commit_index update to 1
1 become leader in term 2
1 leader receive cmd 2
leader 1 commit_index update to 2
follower 2 commit_index update to 2
1 leader receive cmd 3
leader 1 commit_index update to 3
follower 2 commit_index update to 3
0 leader receive cmd 2
1 leader receive cmd 4
  ... Passed --   5.3  3  354   82189    3
Test (3B): agreement after follower reconnects ...
2 become leader in term 1
2 leader receive cmd 1
leader 2 commit_index update to 1
follower 1 commit_index update to 1
follower 0 commit_index update to 1
2 leader receive cmd 2
leader 2 commit_index update to 2
follower 1 commit_index update to 2
2 leader receive cmd 3
leader 2 commit_index update to 3
follower 1 commit_index update to 3
2 leader receive cmd 4
leader 2 commit_index update to 4
follower 1 commit_index update to 4
2 leader receive cmd 5
leader 2 commit_index update to 5
follower 1 commit_index update to 5
2 leader receive cmd 6
2 become leader in term 4
1 become leader in term 6
follower 0 commit_index update to 5
1 leader receive cmd 7
leader 1 commit_index update to 7
follower 2 commit_index update to 7
follower 0 commit_index update to 7
1 leader receive cmd 8
leader 1 commit_index update to 8
follower 2 commit_index update to 8
follower 0 commit_index update to 8
  ... Passed --   5.6  3  186   53058    8
Test (3B): no agreement if too many followers disconnect ...
1 become leader in term 1
1 leader receive cmd 1
leader 1 commit_index update to 1
follower 4 commit_index update to 1
follower 0 commit_index update to 1
follower 2 commit_index update to 1
follower 3 commit_index update to 1
1 leader receive cmd 2
1 become leader in term 4
3 become leader in term 5
3 leader receive cmd 2
3 leader receive cmd 3
leader 3 commit_index update to 2
follower 1 commit_index update to 2
follower 4 commit_index update to 2
follower 2 commit_index update to 2
follower 0 commit_index update to 2
leader 3 commit_index update to 3
follower 4 commit_index update to 3
follower 1 commit_index update to 3
follower 0 commit_index update to 3
follower 2 commit_index update to 3
  ... Passed --   3.6  5  267   64824    3
Test (3B): concurrent Start()s ...
1 become leader in term 1
1 leader receive cmd 1
1 leader receive cmd 2
1 leader receive cmd 3
1 leader receive cmd 4
1 leader receive cmd 5
1 leader receive cmd 6
leader 1 commit_index update to 1
follower 2 commit_index update to 1
follower 0 commit_index update to 1
leader 1 commit_index update to 2
follower 0 commit_index update to 2
follower 2 commit_index update to 2
leader 1 commit_index update to 3
follower 2 commit_index update to 3
follower 0 commit_index update to 3
leader 1 commit_index update to 4
follower 2 commit_index update to 4
follower 0 commit_index update to 4
leader 1 commit_index update to 5
follower 2 commit_index update to 5
follower 0 commit_index update to 5
leader 1 commit_index update to 6
follower 2 commit_index update to 6
follower 0 commit_index update to 6
  ... Passed --   0.8  3   22    6544    6
Test (3B): rejoin of partitioned leader ...
0 become leader in term 1
0 leader receive cmd 1
leader 0 commit_index update to 1
follower 1 commit_index update to 1
follower 2 commit_index update to 1
0 leader receive cmd 2
0 leader receive cmd 3
0 leader receive cmd 4
1 become leader in term 2
1 leader receive cmd 2
leader 1 commit_index update to 2
follower 2 commit_index update to 2
0 leader receive cmd 5
2 become leader in term 4
follower 0 commit_index update to 2
2 leader receive cmd 3
leader 2 commit_index update to 3
follower 0 commit_index update to 3
1 leader receive cmd 3
2 become leader in term 6
0 become leader in term 7
2 become leader in term 8
0 become leader in term 10
0 leader receive cmd 4
2 become leader in term 11
0 become leader in term 12
0 become leader in term 14
2 become leader in term 15
2 leader receive cmd 4
0 become leader in term 16
2 become leader in term 18
0 become leader in term 19
2 become leader in term 20
0 become leader in term 21
0 leader receive cmd 5
2 become leader in term 22
0 become leader in term 23
2 become leader in term 24
0 become leader in term 25
2 become leader in term 26
0 become leader in term 27
0 leader receive cmd 6
0 become leader in term 29
2 become leader in term 30
0 become leader in term 31
2 become leader in term 32
--- FAIL: TestRejoin3B (14.36s)
    config.go:605: one(105) failed to reach agreement
Test (3B): leader backs up quickly over incorrect follower logs ...
0 become leader in term 1
0 leader receive cmd 1
leader 0 commit_index update to 1
follower 4 commit_index update to 1
follower 1 commit_index update to 1
follower 2 commit_index update to 1
follower 3 commit_index update to 1
0 leader receive cmd 2
0 leader receive cmd 3
0 leader receive cmd 4
0 leader receive cmd 5
0 leader receive cmd 6
0 leader receive cmd 7
0 leader receive cmd 8
0 leader receive cmd 9
0 leader receive cmd 10
0 leader receive cmd 11
0 leader receive cmd 12
0 leader receive cmd 13
0 leader receive cmd 14
0 leader receive cmd 15
0 leader receive cmd 16
0 leader receive cmd 17
0 leader receive cmd 18
0 leader receive cmd 19
0 leader receive cmd 20
0 leader receive cmd 21
0 leader receive cmd 22
0 leader receive cmd 23
0 leader receive cmd 24
0 leader receive cmd 25
0 leader receive cmd 26
0 leader receive cmd 27
0 leader receive cmd 28
0 leader receive cmd 29
0 leader receive cmd 30
0 leader receive cmd 31
0 leader receive cmd 32
0 leader receive cmd 33
0 leader receive cmd 34
0 leader receive cmd 35
0 leader receive cmd 36
0 leader receive cmd 37
0 leader receive cmd 38
0 leader receive cmd 39
0 leader receive cmd 40
0 leader receive cmd 41
0 leader receive cmd 42
0 leader receive cmd 43
0 leader receive cmd 44
0 leader receive cmd 45
0 leader receive cmd 46
0 leader receive cmd 47
0 leader receive cmd 48
0 leader receive cmd 49
0 leader receive cmd 50
0 leader receive cmd 51
3 become leader in term 3
3 leader receive cmd 2
leader 3 commit_index update to 2
follower 4 commit_index update to 2
follower 2 commit_index update to 2
3 leader receive cmd 3
leader 3 commit_index update to 3
follower 4 commit_index update to 3
follower 2 commit_index update to 3
3 leader receive cmd 4
leader 3 commit_index update to 4
follower 2 commit_index update to 4
follower 4 commit_index update to 4
3 leader receive cmd 5
leader 3 commit_index update to 5
follower 4 commit_index update to 5
follower 2 commit_index update to 5
3 leader receive cmd 6
leader 3 commit_index update to 6
follower 4 commit_index update to 6
follower 2 commit_index update to 6
3 leader receive cmd 7
leader 3 commit_index update to 7
follower 4 commit_index update to 7
follower 2 commit_index update to 7
3 leader receive cmd 8
leader 3 commit_index update to 8
follower 4 commit_index update to 8
follower 2 commit_index update to 8
3 leader receive cmd 9
leader 3 commit_index update to 9
follower 4 commit_index update to 9
follower 2 commit_index update to 9
3 leader receive cmd 10
leader 3 commit_index update to 10
follower 4 commit_index update to 10
follower 2 commit_index update to 10
3 leader receive cmd 11
leader 3 commit_index update to 11
follower 2 commit_index update to 11
follower 4 commit_index update to 11
3 leader receive cmd 12
leader 3 commit_index update to 12
follower 4 commit_index update to 12
follower 2 commit_index update to 12
3 leader receive cmd 13
leader 3 commit_index update to 13
follower 4 commit_index update to 13
follower 2 commit_index update to 13
3 leader receive cmd 14
leader 3 commit_index update to 14
follower 4 commit_index update to 14
follower 2 commit_index update to 14
3 leader receive cmd 15
leader 3 commit_index update to 15
follower 2 commit_index update to 15
follower 4 commit_index update to 15
3 leader receive cmd 16
leader 3 commit_index update to 16
follower 4 commit_index update to 16
follower 2 commit_index update to 16
3 leader receive cmd 17
leader 3 commit_index update to 17
follower 4 commit_index update to 17
follower 2 commit_index update to 17
3 leader receive cmd 18
leader 3 commit_index update to 18
follower 2 commit_index update to 18
follower 4 commit_index update to 18
3 leader receive cmd 19
leader 3 commit_index update to 19
follower 4 commit_index update to 19
follower 2 commit_index update to 19
3 leader receive cmd 20
leader 3 commit_index update to 20
follower 4 commit_index update to 20
follower 2 commit_index update to 20
3 leader receive cmd 21
leader 3 commit_index update to 21
follower 4 commit_index update to 21
follower 2 commit_index update to 21
3 leader receive cmd 22
leader 3 commit_index update to 22
follower 4 commit_index update to 22
follower 2 commit_index update to 22
3 leader receive cmd 23
leader 3 commit_index update to 23
follower 2 commit_index update to 23
follower 4 commit_index update to 23
3 leader receive cmd 24
leader 3 commit_index update to 24
follower 2 commit_index update to 24
follower 4 commit_index update to 24
3 leader receive cmd 25
leader 3 commit_index update to 25
follower 4 commit_index update to 25
follower 2 commit_index update to 25
3 leader receive cmd 26
leader 3 commit_index update to 26
follower 4 commit_index update to 26
follower 2 commit_index update to 26
3 leader receive cmd 27
leader 3 commit_index update to 27
follower 4 commit_index update to 27
follower 2 commit_index update to 27
3 leader receive cmd 28
leader 3 commit_index update to 28
follower 4 commit_index update to 28
follower 2 commit_index update to 28
3 leader receive cmd 29
leader 3 commit_index update to 29
follower 4 commit_index update to 29
follower 2 commit_index update to 29
3 leader receive cmd 30
leader 3 commit_index update to 30
follower 4 commit_index update to 30
follower 2 commit_index update to 30
3 leader receive cmd 31
leader 3 commit_index update to 31
follower 4 commit_index update to 31
follower 2 commit_index update to 31
3 leader receive cmd 32
leader 3 commit_index update to 32
follower 4 commit_index update to 32
follower 2 commit_index update to 32
3 leader receive cmd 33
leader 3 commit_index update to 33
follower 2 commit_index update to 33
follower 4 commit_index update to 33
3 leader receive cmd 34
leader 3 commit_index update to 34
follower 2 commit_index update to 34
follower 4 commit_index update to 34
3 leader receive cmd 35
leader 3 commit_index update to 35
follower 4 commit_index update to 35
follower 2 commit_index update to 35
3 leader receive cmd 36
leader 3 commit_index update to 36
follower 4 commit_index update to 36
follower 2 commit_index update to 36
3 leader receive cmd 37
leader 3 commit_index update to 37
follower 4 commit_index update to 37
follower 2 commit_index update to 37
3 leader receive cmd 38
leader 3 commit_index update to 38
follower 4 commit_index update to 38
follower 2 commit_index update to 38
3 leader receive cmd 39
leader 3 commit_index update to 39
follower 4 commit_index update to 39
follower 2 commit_index update to 39
3 leader receive cmd 40
leader 3 commit_index update to 40
follower 4 commit_index update to 40
follower 2 commit_index update to 40
3 leader receive cmd 41
leader 3 commit_index update to 41
follower 4 commit_index update to 41
follower 2 commit_index update to 41
3 leader receive cmd 42
leader 3 commit_index update to 42
follower 4 commit_index update to 42
follower 2 commit_index update to 42
3 leader receive cmd 43
leader 3 commit_index update to 43
follower 4 commit_index update to 43
follower 2 commit_index update to 43
3 leader receive cmd 44
leader 3 commit_index update to 44
follower 4 commit_index update to 44
follower 2 commit_index update to 44
3 leader receive cmd 45
leader 3 commit_index update to 45
follower 4 commit_index update to 45
follower 2 commit_index update to 45
3 leader receive cmd 46
leader 3 commit_index update to 46
follower 4 commit_index update to 46
follower 2 commit_index update to 46
3 leader receive cmd 47
leader 3 commit_index update to 47
follower 4 commit_index update to 47
follower 2 commit_index update to 47
3 leader receive cmd 48
leader 3 commit_index update to 48
follower 4 commit_index update to 48
follower 2 commit_index update to 48
3 leader receive cmd 49
leader 3 commit_index update to 49
follower 4 commit_index update to 49
follower 2 commit_index update to 49
3 leader receive cmd 50
leader 3 commit_index update to 50
follower 4 commit_index update to 50
follower 2 commit_index update to 50
3 leader receive cmd 51
leader 3 commit_index update to 51
follower 4 commit_index update to 51
follower 2 commit_index update to 51
3 leader receive cmd 52
3 leader receive cmd 53
3 leader receive cmd 54
3 leader receive cmd 55
3 leader receive cmd 56
3 leader receive cmd 57
3 leader receive cmd 58
3 leader receive cmd 59
3 leader receive cmd 60
3 leader receive cmd 61
3 leader receive cmd 62
3 leader receive cmd 63
3 leader receive cmd 64
3 leader receive cmd 65
3 leader receive cmd 66
3 leader receive cmd 67
3 leader receive cmd 68
3 leader receive cmd 69
3 leader receive cmd 70
3 leader receive cmd 71
3 leader receive cmd 72
3 leader receive cmd 73
3 leader receive cmd 74
3 leader receive cmd 75
3 leader receive cmd 76
3 leader receive cmd 77
3 leader receive cmd 78
3 leader receive cmd 79
3 leader receive cmd 80
3 leader receive cmd 81
3 leader receive cmd 82
3 leader receive cmd 83
3 leader receive cmd 84
3 leader receive cmd 85
3 leader receive cmd 86
3 leader receive cmd 87
3 leader receive cmd 88
3 leader receive cmd 89
3 leader receive cmd 90
3 leader receive cmd 91
3 leader receive cmd 92
3 leader receive cmd 93
3 leader receive cmd 94
3 leader receive cmd 95
3 leader receive cmd 96
3 leader receive cmd 97
3 leader receive cmd 98
3 leader receive cmd 99
3 leader receive cmd 100
3 leader receive cmd 101
0 leader receive cmd 52
2 become leader in term 12
follower 0 commit_index update to 51
follower 1 commit_index update to 51
2 leader receive cmd 52
leader 2 commit_index update to 52
follower 0 commit_index update to 52
follower 1 commit_index update to 52
2 leader receive cmd 53
leader 2 commit_index update to 53
follower 0 commit_index update to 53
follower 1 commit_index update to 53
2 leader receive cmd 54
leader 2 commit_index update to 54
follower 0 commit_index update to 54
follower 1 commit_index update to 54
2 leader receive cmd 55
leader 2 commit_index update to 55
follower 1 commit_index update to 55
follower 0 commit_index update to 55
2 leader receive cmd 56
leader 2 commit_index update to 56
follower 1 commit_index update to 56
follower 0 commit_index update to 56
2 leader receive cmd 57
leader 2 commit_index update to 57
follower 1 commit_index update to 57
follower 0 commit_index update to 57
2 leader receive cmd 58
leader 2 commit_index update to 58
follower 0 commit_index update to 58
follower 1 commit_index update to 58
2 leader receive cmd 59
leader 2 commit_index update to 59
follower 1 commit_index update to 59
follower 0 commit_index update to 59
2 leader receive cmd 60
leader 2 commit_index update to 60
follower 0 commit_index update to 60
follower 1 commit_index update to 60
2 leader receive cmd 61
leader 2 commit_index update to 61
follower 1 commit_index update to 61
follower 0 commit_index update to 61
2 leader receive cmd 62
leader 2 commit_index update to 62
follower 0 commit_index update to 62
follower 1 commit_index update to 62
2 leader receive cmd 63
leader 2 commit_index update to 63
follower 0 commit_index update to 63
follower 1 commit_index update to 63
2 leader receive cmd 64
leader 2 commit_index update to 64
follower 0 commit_index update to 64
follower 1 commit_index update to 64
2 leader receive cmd 65
leader 2 commit_index update to 65
follower 1 commit_index update to 65
follower 0 commit_index update to 65
2 leader receive cmd 66
leader 2 commit_index update to 66
follower 0 commit_index update to 66
follower 1 commit_index update to 66
2 leader receive cmd 67
leader 2 commit_index update to 67
follower 1 commit_index update to 67
follower 0 commit_index update to 67
2 leader receive cmd 68
leader 2 commit_index update to 68
follower 0 commit_index update to 68
follower 1 commit_index update to 68
2 leader receive cmd 69
leader 2 commit_index update to 69
follower 1 commit_index update to 69
follower 0 commit_index update to 69
2 leader receive cmd 70
leader 2 commit_index update to 70
follower 0 commit_index update to 70
follower 1 commit_index update to 70
2 leader receive cmd 71
leader 2 commit_index update to 71
follower 1 commit_index update to 71
follower 0 commit_index update to 71
2 leader receive cmd 72
leader 2 commit_index update to 72
follower 0 commit_index update to 72
follower 1 commit_index update to 72
2 leader receive cmd 73
leader 2 commit_index update to 73
follower 0 commit_index update to 73
follower 1 commit_index update to 73
2 leader receive cmd 74
leader 2 commit_index update to 74
follower 1 commit_index update to 74
follower 0 commit_index update to 74
2 leader receive cmd 75
leader 2 commit_index update to 75
follower 1 commit_index update to 75
follower 0 commit_index update to 75
2 leader receive cmd 76
leader 2 commit_index update to 76
follower 0 commit_index update to 76
follower 1 commit_index update to 76
2 leader receive cmd 77
leader 2 commit_index update to 77
follower 0 commit_index update to 77
follower 1 commit_index update to 77
2 leader receive cmd 78
leader 2 commit_index update to 78
follower 1 commit_index update to 78
follower 0 commit_index update to 78
2 leader receive cmd 79
leader 2 commit_index update to 79
follower 0 commit_index update to 79
follower 1 commit_index update to 79
2 leader receive cmd 80
leader 2 commit_index update to 80
follower 0 commit_index update to 80
follower 1 commit_index update to 80
2 leader receive cmd 81
leader 2 commit_index update to 81
follower 1 commit_index update to 81
follower 0 commit_index update to 81
2 leader receive cmd 82
leader 2 commit_index update to 82
follower 1 commit_index update to 82
follower 0 commit_index update to 82
2 leader receive cmd 83
leader 2 commit_index update to 83
follower 0 commit_index update to 83
follower 1 commit_index update to 83
2 leader receive cmd 84
leader 2 commit_index update to 84
follower 1 commit_index update to 84
follower 0 commit_index update to 84
2 leader receive cmd 85
leader 2 commit_index update to 85
follower 1 commit_index update to 85
follower 0 commit_index update to 85
2 leader receive cmd 86
leader 2 commit_index update to 86
follower 0 commit_index update to 86
follower 1 commit_index update to 86
2 leader receive cmd 87
leader 2 commit_index update to 87
follower 1 commit_index update to 87
follower 0 commit_index update to 87
2 leader receive cmd 88
leader 2 commit_index update to 88
follower 1 commit_index update to 88
follower 0 commit_index update to 88
2 leader receive cmd 89
leader 2 commit_index update to 89
follower 1 commit_index update to 89
follower 0 commit_index update to 89
2 leader receive cmd 90
leader 2 commit_index update to 90
follower 0 commit_index update to 90
follower 1 commit_index update to 90
2 leader receive cmd 91
leader 2 commit_index update to 91
follower 0 commit_index update to 91
follower 1 commit_index update to 91
2 leader receive cmd 92
leader 2 commit_index update to 92
follower 0 commit_index update to 92
follower 1 commit_index update to 92
2 leader receive cmd 93
leader 2 commit_index update to 93
follower 1 commit_index update to 93
follower 0 commit_index update to 93
2 leader receive cmd 94
leader 2 commit_index update to 94
follower 0 commit_index update to 94
follower 1 commit_index update to 94
2 leader receive cmd 95
leader 2 commit_index update to 95
follower 1 commit_index update to 95
follower 0 commit_index update to 95
2 leader receive cmd 96
leader 2 commit_index update to 96
follower 1 commit_index update to 96
follower 0 commit_index update to 96
2 leader receive cmd 97
leader 2 commit_index update to 97
follower 0 commit_index update to 97
follower 1 commit_index update to 97
2 leader receive cmd 98
leader 2 commit_index update to 98
follower 0 commit_index update to 98
follower 1 commit_index update to 98
2 leader receive cmd 99
leader 2 commit_index update to 99
follower 0 commit_index update to 99
follower 1 commit_index update to 99
2 leader receive cmd 100
leader 2 commit_index update to 100
follower 0 commit_index update to 100
follower 1 commit_index update to 100
2 leader receive cmd 101
leader 2 commit_index update to 101
follower 0 commit_index update to 101
follower 1 commit_index update to 101
2 leader receive cmd 102
follower 3 commit_index update to 101
follower 4 commit_index update to 101
leader 2 commit_index update to 102
follower 0 commit_index update to 102
follower 4 commit_index update to 102
follower 3 commit_index update to 102
follower 1 commit_index update to 102
  ... Passed --  15.3  5 2282 2380856  102
Test (3B): RPC counts aren't too high ...
0 become leader in term 1
0 leader receive cmd 1
0 leader receive cmd 2
0 leader receive cmd 3
0 leader receive cmd 4
0 leader receive cmd 5
0 leader receive cmd 6
0 leader receive cmd 7
0 leader receive cmd 8
0 leader receive cmd 9
0 leader receive cmd 10
0 leader receive cmd 11
0 leader receive cmd 12
leader 0 commit_index update to 1
follower 2 commit_index update to 1
follower 1 commit_index update to 1
leader 0 commit_index update to 2
follower 2 commit_index update to 2
follower 1 commit_index update to 2
leader 0 commit_index update to 3
follower 2 commit_index update to 3
follower 1 commit_index update to 3
leader 0 commit_index update to 4
follower 2 commit_index update to 4
follower 1 commit_index update to 4
leader 0 commit_index update to 5
follower 2 commit_index update to 5
follower 1 commit_index update to 5
leader 0 commit_index update to 6
follower 2 commit_index update to 6
follower 1 commit_index update to 6
leader 0 commit_index update to 7
follower 2 commit_index update to 7
follower 1 commit_index update to 7
leader 0 commit_index update to 8
follower 2 commit_index update to 8
follower 1 commit_index update to 8
leader 0 commit_index update to 9
follower 2 commit_index update to 9
follower 1 commit_index update to 9
leader 0 commit_index update to 10
follower 2 commit_index update to 10
follower 1 commit_index update to 10
leader 0 commit_index update to 11
follower 2 commit_index update to 11
follower 1 commit_index update to 11
leader 0 commit_index update to 12
follower 2 commit_index update to 12
follower 1 commit_index update to 12
  ... Passed --   2.6  3   94   28216   12
FAIL
exit status 1
FAIL	6.5840/raft	54.661s
