Test (3B): basic agreement ...
  ... Passed --   0.7  3   16    4648    3
Test (3B): RPC byte count ...
  ... Passed --   1.5  3   48  114772   11
Test (3B): test progressive failure of followers ...
  ... Passed --   4.7  3  190   45722    3
Test (3B): test failure of leaders ...
  ... Passed --   5.1  3  348   81231    3
Test (3B): agreement after follower reconnects ...
  ... Passed --   5.4  3  180   51157    8
Test (3B): no agreement if too many followers disconnect ...
  ... Passed --   3.5  5  279   69149    3
Test (3B): concurrent Start()s ...
  ... Passed --   0.9  3   24    7088    6
Test (3B): rejoin of partitioned leader ...
--- FAIL: TestRejoin3B (14.20s)
    config.go:605: one(105) failed to reach agreement
Test (3B): leader backs up quickly over incorrect follower logs ...
  ... Passed --  17.3  5 2458 2467908  103
Test (3B): RPC counts aren't too high ...
  ... Passed --   2.6  3   94   28216   12
FAIL
exit status 1
FAIL	6.5840/raft	56.275s
