Test (3B): basic agreement ...
  ... Passed --   0.6  3   16    4648    3
Test (3B): RPC byte count ...
  ... Passed --   1.5  3   48  114772   11
Test (3B): test progressive failure of followers ...
  ... Passed --   4.6  3  188   45513    3
Test (3B): test failure of leaders ...
  ... Passed --   5.2  3  354   82137    3
Test (3B): agreement after follower reconnects ...
  ... Passed --   5.4  3  194   55779    8
Test (3B): no agreement if too many followers disconnect ...
  ... Passed --   5.6  5  408  106086    2
Test (3B): concurrent Start()s ...
  ... Passed --   0.9  3   24    7136    6
Test (3B): rejoin of partitioned leader ...
--- FAIL: TestRejoin3B (4.12s)
    config.go:594: one(105) failed to reach agreement because its index has another cmd which is committed
Test (3B): leader backs up quickly over incorrect follower logs ...
  ... Passed --  15.1  5 2250 2351015  102
Test (3B): RPC counts aren't too high ...
  ... Passed --   2.6  3   94   28216   12
FAIL
exit status 1
FAIL	6.5840/raft	46.282s
