Test (3B): basic agreement ...
  ... Passed --   0.6  3   16    4648    3
Test (3B): RPC byte count ...
  ... Passed --   1.4  3   48  114676   11
Test (3B): test progressive failure of followers ...
  ... Passed --   4.6  3  188   45521    3
Test (3B): test failure of leaders ...
  ... Passed --   5.1  3  344   80197    3
Test (3B): agreement after follower reconnects ...
  ... Passed --   5.4  3  180   51246    8
Test (3B): no agreement if too many followers disconnect ...
  ... Passed --   5.6  5  408  106100    3
Test (3B): concurrent Start()s ...
  ... Passed --   0.8  3   22    6500    6
Test (3B): rejoin of partitioned leader ...
--- FAIL: TestRejoin3B (14.25s)
    config.go:605: one(105) failed to reach agreement
Test (3B): leader backs up quickly over incorrect follower logs ...
  ... Passed --  16.7  5 2432 2432566  102
Test (3B): RPC counts aren't too high ...
  ... Passed --   2.6  3   88   26628   12
FAIL
exit status 1
FAIL	6.5840/raft	57.615s
