Test (3B): basic agreement ...
  ... Passed --   0.6  3   16    4680    3
Test (3B): RPC byte count ...
  ... Passed --   1.5  3   48  114676   11
Test (3B): test progressive failure of followers ...
  ... Passed --   4.6  3  186   45318    3
Test (3B): test failure of leaders ...
  ... Passed --   5.3  3  356   82923    3
Test (3B): agreement after follower reconnects ...
  ... Passed --   5.5  3  188   53662    8
Test (3B): no agreement if too many followers disconnect ...
  ... Passed --   5.5  5  424  109794    2
Test (3B): concurrent Start()s ...
  ... Passed --   0.8  3   20    5952    6
Test (3B): rejoin of partitioned leader ...
--- FAIL: TestRejoin3B (4.31s)
    config.go:594: one(105) failed to reach agreement because its index has another cmd which is committed
Test (3B): leader backs up quickly over incorrect follower logs ...
  ... Passed --  16.7  5 2392 2388798  102
Test (3B): RPC counts aren't too high ...
  ... Passed --   2.6  3   96   28996   12
FAIL
exit status 1
FAIL	6.5840/raft	47.977s
