Test (3B): basic agreement ...
  ... Passed --   0.7  3   16    4680    3
Test (3B): RPC byte count ...
  ... Passed --   1.5  3   48  114772   11
Test (3B): test progressive failure of followers ...
  ... Passed --   4.6  3  184   44769    3
Test (3B): test failure of leaders ...
  ... Passed --   5.0  3  346   80450    3
Test (3B): agreement after follower reconnects ...
  ... Passed --   5.5  3  182   51690    8
Test (3B): no agreement if too many followers disconnect ...
  ... Passed --   3.5  5  292   72714    3
Test (3B): concurrent Start()s ...
  ... Passed --   0.8  3   22    6544    6
Test (3B): rejoin of partitioned leader ...
--- FAIL: TestRejoin3B (4.29s)
    config.go:594: one(105) failed to reach agreement because its index has another cmd which is committed
Test (3B): leader backs up quickly over incorrect follower logs ...
  ... Passed --  14.7  5 2220 2331028  102
Test (3B): RPC counts aren't too high ...
  ... Passed --   2.6  3   94   28402   12
FAIL
exit status 1
FAIL	6.5840/raft	43.646s
