Test (3B): basic agreement ...
  ... Passed --   0.6  3   16    4680    3
Test (3B): RPC byte count ...
  ... Passed --   1.5  3   48  114676   11
Test (3B): test progressive failure of followers ...
  ... Passed --   4.7  3  192   46404    3
Test (3B): test failure of leaders ...
  ... Passed --   5.2  3  352   82213    3
Test (3B): agreement after follower reconnects ...
  ... Passed --   5.5  3  196   56108    8
Test (3B): no agreement if too many followers disconnect ...
  ... Passed --   5.6  5  416  108510    2
Test (3B): concurrent Start()s ...
  ... Passed --   0.9  3   22    6544    6
Test (3B): rejoin of partitioned leader ...
--- FAIL: TestRejoin3B (4.24s)
    config.go:594: one(105) failed to reach agreement because its index has another cmd which is committed
Test (3B): leader backs up quickly over incorrect follower logs ...
  ... Passed --  17.1  5 2460 2450825  102
Test (3B): RPC counts aren't too high ...
  ... Passed --   2.6  3   94   28404   12
FAIL
exit status 1
FAIL	6.5840/raft	48.329s
