Test (3B): basic agreement ...
  ... Passed --   0.6  3   16    4680    3
Test (3B): RPC byte count ...
  ... Passed --   1.4  3   48  114772   11
Test (3B): test progressive failure of followers ...
  ... Passed --   4.6  3  190   46058    3
Test (3B): test failure of leaders ...
  ... Passed --   5.2  3  350   81961    3
Test (3B): agreement after follower reconnects ...
  ... Passed --   5.4  3  190   54409    7
Test (3B): no agreement if too many followers disconnect ...
  ... Passed --   5.5  5  414  107940    3
Test (3B): concurrent Start()s ...
  ... Passed --   0.8  3   22    6500    6
Test (3B): rejoin of partitioned leader ...
--- FAIL: TestRejoin3B (4.21s)
    config.go:594: one(105) failed to reach agreement because its index has another cmd which is committed
Test (3B): leader backs up quickly over incorrect follower logs ...
  ... Passed --  14.6  5 2256 2364153  102
Test (3B): RPC counts aren't too high ...
  ... Passed --   2.7  3   96   28996   12
FAIL
exit status 1
FAIL	6.5840/raft	45.503s
