Test (3B): basic agreement ...
  ... Passed --   0.7  3   16    4648    3
Test (3B): RPC byte count ...
  ... Passed --   1.5  3   50  115046   11
Test (3B): test progressive failure of followers ...
  ... Passed --   4.6  3  188   45579    3
Test (3B): test failure of leaders ...
  ... Passed --   5.2  3  350   82069    3
Test (3B): agreement after follower reconnects ...
  ... Passed --   5.5  3  196   56144    8
Test (3B): no agreement if too many followers disconnect ...
  ... Passed --   3.5  5  286   70984    3
Test (3B): concurrent Start()s ...
  ... Passed --   0.9  3   24    7136    6
Test (3B): rejoin of partitioned leader ...
--- FAIL: TestRejoin3B (14.20s)
    config.go:605: one(105) failed to reach agreement
Test (3B): leader backs up quickly over incorrect follower logs ...
  ... Passed --  15.1  5 2260 2364399  102
Test (3B): RPC counts aren't too high ...
  ... Passed --   2.6  3   92   27800   12
FAIL
exit status 1
FAIL	6.5840/raft	54.242s
