Test (3B): basic agreement ...
  ... Passed --   0.7  3   16    4648    3
Test (3B): RPC byte count ...
  ... Passed --   1.5  3   48  114772   11
Test (3B): test progressive failure of followers ...
  ... Passed --   4.7  3  192   46662    3
Test (3B): test failure of leaders ...
  ... Passed --   5.2  3  348   81495    3
Test (3B): agreement after follower reconnects ...
  ... Passed --   5.5  3  194   55704    8
Test (3B): no agreement if too many followers disconnect ...
  ... Passed --   5.6  5  424  110494    2
Test (3B): concurrent Start()s ...
  ... Passed --   0.8  3   20    5912    6
Test (3B): rejoin of partitioned leader ...
--- FAIL: TestRejoin3B (4.27s)
    config.go:594: one(105) failed to reach agreement because its index has another cmd which is committed
Test (3B): leader backs up quickly over incorrect follower logs ...
  ... Passed --  14.7  5 2204 2317309  102
Test (3B): RPC counts aren't too high ...
  ... Passed --   2.6  3   92   27616   12
FAIL
exit status 1
FAIL	6.5840/raft	46.113s
