Test (3B): basic agreement ...
  ... Passed --   0.6  3   16    4648    3
Test (3B): RPC byte count ...
  ... Passed --   1.4  3   48  114772   11
Test (3B): test progressive failure of followers ...
  ... Passed --   4.7  3  188   45915    3
Test (3B): test failure of leaders ...
  ... Passed --   5.2  3  348   80864    3
Test (3B): agreement after follower reconnects ...
  ... Passed --   5.4  3  186   52898    8
Test (3B): no agreement if too many followers disconnect ...
  ... Passed --   3.5  5  292   72394    3
Test (3B): concurrent Start()s ...
  ... Passed --   0.8  3   22    6544    6
Test (3B): rejoin of partitioned leader ...
--- FAIL: TestRejoin3B (4.30s)
    config.go:594: one(105) failed to reach agreement because its index has another cmd which is committed
Test (3B): leader backs up quickly over incorrect follower logs ...
  ... Passed --  17.0  5 2348 2422793  103
Test (3B): RPC counts aren't too high ...
  ... Passed --   2.6  3   96   28996   12
FAIL
exit status 1
FAIL	6.5840/raft	46.364s
