Test (3B): basic agreement ...
  ... Passed --   0.7  3   16    4680    3
Test (3B): RPC byte count ...
  ... Passed --   1.4  3   48  114772   11
Test (3B): test progressive failure of followers ...
  ... Passed --   4.7  3  188   46068    3
Test (3B): test failure of leaders ...
  ... Passed --   5.1  3  348   81157    3
Test (3B): agreement after follower reconnects ...
  ... Passed --   5.5  3  194   55314    8
Test (3B): no agreement if too many followers disconnect ...
  ... Passed --   5.6  5  420  109676    2
Test (3B): concurrent Start()s ...
  ... Passed --   0.9  3   24    7136    6
Test (3B): rejoin of partitioned leader ...
--- FAIL: TestRejoin3B (14.24s)
    config.go:605: one(105) failed to reach agreement
Test (3B): leader backs up quickly over incorrect follower logs ...
  ... Passed --  15.0  5 2258 2356721  102
Test (3B): RPC counts aren't too high ...
  ... Passed --   2.6  3   94   28402   12
FAIL
exit status 1
FAIL	6.5840/raft	70.905s
