Test (3B): basic agreement ...
  ... Passed --   0.7  3   16    4648    3
Test (3B): RPC byte count ...
  ... Passed --   1.4  3   50  115046   11
Test (3B): test progressive failure of followers ...
  ... Passed --   4.7  3  190   46050    3
Test (3B): test failure of leaders ...
  ... Passed --   5.3  3  356   83319    3
Test (3B): agreement after follower reconnects ...
  ... Passed --   5.6  3  200   57122    8
Test (3B): no agreement if too many followers disconnect ...
  ... Passed --   5.5  5  420  109374    2
Test (3B): concurrent Start()s ...
  ... Passed --   0.9  3   24    7136    6
Test (3B): rejoin of partitioned leader ...
--- FAIL: TestRejoin3B (14.27s)
    config.go:605: one(105) failed to reach agreement
Test (3B): leader backs up quickly over incorrect follower logs ...
  ... Passed --  14.6  5 2219 2325495  102
Test (3B): RPC counts aren't too high ...
  ... Passed --   2.5  3   92   27810   12
FAIL
exit status 1
FAIL	6.5840/raft	61.677s
