Test (3B): basic agreement ...
  ... Passed --   0.7  3   16    4680    3
Test (3B): RPC byte count ...
  ... Passed --   1.4  3   48  114772   11
Test (3B): test progressive failure of followers ...
  ... Passed --   4.7  3  192   46729    3
Test (3B): test failure of leaders ...
  ... Passed --   5.2  3  352   82015    3
Test (3B): agreement after follower reconnects ...
  ... Passed --   5.6  3  196   55914    8
Test (3B): no agreement if too many followers disconnect ...
  ... Passed --   5.4  5  396  102719    2
Test (3B): concurrent Start()s ...
  ... Passed --   0.8  3   22    6500    6
Test (3B): rejoin of partitioned leader ...
--- FAIL: TestRejoin3B (14.25s)
    config.go:605: one(105) failed to reach agreement
Test (3B): leader backs up quickly over incorrect follower logs ...
  ... Passed --  14.6  5 2213 2319917  102
Test (3B): RPC counts aren't too high ...
  ... Passed --   2.5  3   92   27812   12
FAIL
exit status 1
FAIL	6.5840/raft	56.701s
