Test (3C): basic persistence ...
0 become leader in term 1
0 leader receive cmd 1
leader 0 commit_index update to 1
follower 2 commit_index update to 1
follower 1 commit_index update to 1
1 become leader in term 2
1 leader receive cmd 2
leader 1 commit_index update to 2
follower 2 commit_index update to 2
follower 0 commit_index update to 2
1 become leader in term 3
1 leader receive cmd 3
leader 1 commit_index update to 3
follower 2 commit_index update to 3
follower 0 commit_index update to 3
2 become leader in term 4
2 leader receive cmd 4
leader 2 commit_index update to 4
follower 0 commit_index update to 4
follower 1 commit_index update to 4
2 leader receive cmd 5
leader 2 commit_index update to 5
follower 1 commit_index update to 5
2 leader receive cmd 6
follower 0 commit_index update to 5
leader 2 commit_index update to 6
follower 0 commit_index update to 6
follower 1 commit_index update to 6
  ... Passed --   3.6  3  370   83735    6
Test (3C): more persistence ...
2 become leader in term 1
2 leader receive cmd 1
leader 2 commit_index update to 1
follower 4 commit_index update to 1
follower 0 commit_index update to 1
follower 3 commit_index update to 1
follower 1 commit_index update to 1
2 leader receive cmd 2
leader 2 commit_index update to 2
follower 1 commit_index update to 2
follower 0 commit_index update to 2
0 become leader in term 6
0 leader receive cmd 3
leader 0 commit_index update to 3
follower 4 commit_index update to 3
follower 3 commit_index update to 3
2 leader receive cmd 3
follower 2 commit_index update to 3
follower 1 commit_index update to 3
0 leader receive cmd 4
leader 0 commit_index update to 4
follower 4 commit_index update to 4
follower 2 commit_index update to 4
follower 3 commit_index update to 4
follower 1 commit_index update to 4
0 leader receive cmd 5
leader 0 commit_index update to 5
follower 4 commit_index update to 5
follower 3 commit_index update to 5
3 become leader in term 11
3 leader receive cmd 6
leader 3 commit_index update to 6
follower 1 commit_index update to 6
follower 2 commit_index update to 6
3 leader receive cmd 7
follower 4 commit_index update to 6
follower 0 commit_index update to 6
leader 3 commit_index update to 7
follower 4 commit_index update to 7
follower 0 commit_index update to 7
follower 1 commit_index update to 7
follower 2 commit_index update to 7
3 leader receive cmd 8
leader 3 commit_index update to 8
follower 1 commit_index update to 8
follower 2 commit_index update to 8
1 become leader in term 17
1 leader receive cmd 9
leader 1 commit_index update to 9
follower 4 commit_index update to 9
follower 0 commit_index update to 9
1 leader receive cmd 10
follower 2 commit_index update to 9
follower 3 commit_index update to 9
leader 1 commit_index update to 10
follower 2 commit_index update to 10
follower 0 commit_index update to 10
follower 3 commit_index update to 10
follower 4 commit_index update to 10
1 leader receive cmd 11
leader 1 commit_index update to 11
follower 4 commit_index update to 11
follower 0 commit_index update to 11
4 become leader in term 21
4 leader receive cmd 12
leader 4 commit_index update to 12
follower 3 commit_index update to 12
follower 2 commit_index update to 12
1 leader receive cmd 12
follower 1 commit_index update to 12
follower 0 commit_index update to 12
4 leader receive cmd 13
leader 4 commit_index update to 13
follower 3 commit_index update to 13
follower 1 commit_index update to 13
follower 2 commit_index update to 13
follower 0 commit_index update to 13
4 leader receive cmd 14
leader 4 commit_index update to 14
follower 3 commit_index update to 14
follower 2 commit_index update to 14
2 become leader in term 26
2 leader receive cmd 15
leader 2 commit_index update to 15
follower 0 commit_index update to 15
follower 1 commit_index update to 15
2 leader receive cmd 16
follower 4 commit_index update to 15
follower 3 commit_index update to 15
leader 2 commit_index update to 16
follower 0 commit_index update to 16
follower 3 commit_index update to 16
follower 1 commit_index update to 16
follower 4 commit_index update to 16
  ... Passed --  18.2  5 1673  399188   16
Test (3C): partitioned leader and one follower crash, leader restarts ...
2 become leader in term 1
2 leader receive cmd 1
leader 2 commit_index update to 1
follower 1 commit_index update to 1
follower 0 commit_index update to 1
2 leader receive cmd 2
leader 2 commit_index update to 2
follower 0 commit_index update to 2
2 become leader in term 3
2 leader receive cmd 3
leader 2 commit_index update to 3
follower 1 commit_index update to 3
2 leader receive cmd 4
follower 0 commit_index update to 3
leader 2 commit_index update to 4
follower 1 commit_index update to 4
follower 0 commit_index update to 4
  ... Passed --   1.6  3   70   18087    4
Test (3C): Figure 8 ...
2 become leader in term 1
2 leader receive cmd 1
leader 2 commit_index update to 1
follower 0 commit_index update to 1
follower 1 commit_index update to 1
follower 4 commit_index update to 1
follower 3 commit_index update to 1
2 leader receive cmd 2
0 become leader in term 2
0 leader receive cmd 2
1 become leader in term 3
1 leader receive cmd 2
1 become leader in term 4
1 leader receive cmd 3
1 become leader in term 5
1 leader receive cmd 4
leader 1 commit_index update to 4
1 become leader in term 6
1 leader receive cmd 5
3 become leader in term 7
follower 0 commit_index update to 1
3 leader receive cmd 5
1 become leader in term 10
1 leader receive cmd 6
3 become leader in term 12
3 leader receive cmd 6
3 become leader in term 13
3 leader receive cmd 7
3 become leader in term 14
3 leader receive cmd 8
3 become leader in term 15
3 leader receive cmd 9
0 become leader in term 16
follower 2 commit_index update to 1
0 leader receive cmd 9
4 become leader in term 17
follower 1 commit_index update to 1
4 leader receive cmd 9
0 become leader in term 20
0 leader receive cmd 10
leader 0 commit_index update to 10
0 become leader in term 21
0 leader receive cmd 11
leader 0 commit_index update to 11
follower 1 commit_index update to 11
follower 2 commit_index update to 11
0 become leader in term 22
0 leader receive cmd 12
1 become leader in term 23
follower 4 commit_index update to 11
1 leader receive cmd 12
leader 1 commit_index update to 12
follower 4 commit_index update to 12
follower 2 commit_index update to 12
1 become leader in term 24
1 leader receive cmd 13
4 become leader in term 25
follower 0 commit_index update to 12
4 leader receive cmd 13
4 become leader in term 27
4 leader receive cmd 14
0 become leader in term 28
follower 1 commit_index update to 12
0 leader receive cmd 14
4 become leader in term 30
4 leader receive cmd 15
4 become leader in term 31
4 leader receive cmd 16
2 become leader in term 32
follower 0 commit_index update to 12
2 leader receive cmd 16
4 become leader in term 35
4 leader receive cmd 17
2 become leader in term 37
2 leader receive cmd 17
4 become leader in term 40
4 leader receive cmd 18
0 become leader in term 41
follower 3 commit_index update to 12
0 leader receive cmd 18
leader 0 commit_index update to 18
0 become leader in term 42
0 leader receive cmd 19
leader 0 commit_index update to 19
0 become leader in term 43
0 leader receive cmd 20
1 become leader in term 44
follower 4 commit_index update to 12
1 leader receive cmd 20
0 become leader in term 46
0 leader receive cmd 21
leader 0 commit_index update to 21
0 become leader in term 47
0 leader receive cmd 22
leader 0 commit_index update to 22
4 become leader in term 48
follower 2 commit_index update to 12
4 leader receive cmd 23
leader 4 commit_index update to 23
follower 3 commit_index update to 23
follower 2 commit_index update to 23
3 become leader in term 49
follower 0 commit_index update to 23
3 leader receive cmd 24
2 become leader in term 50
follower 1 commit_index update to 23
2 leader receive cmd 24
2 become leader in term 51
2 leader receive cmd 25
1 become leader in term 52
follower 3 commit_index update to 23
1 leader receive cmd 25
1 become leader in term 53
1 leader receive cmd 26
leader 1 commit_index update to 26
0 become leader in term 54
follower 4 commit_index update to 23
0 leader receive cmd 27
0 become leader in term 55
0 leader receive cmd 28
4 become leader in term 56
follower 2 commit_index update to 23
4 leader receive cmd 28
4 become leader in term 57
4 leader receive cmd 29
4 become leader in term 58
4 leader receive cmd 30
4 become leader in term 59
4 leader receive cmd 31
leader 4 commit_index update to 31
follower 3 commit_index update to 31
follower 0 commit_index update to 31
follower 2 commit_index update to 31
follower 1 commit_index update to 31
  ... Passed --  30.8  5 54984 17714823   31
Test (3C): unreliable agreement ...
0 become leader in term 1
0 leader receive cmd 1
0 leader receive cmd 2
0 leader receive cmd 3
0 leader receive cmd 4
0 leader receive cmd 5
leader 0 commit_index update to 1
follower 1 commit_index update to 1
follower 4 commit_index update to 1
follower 3 commit_index update to 1
follower 2 commit_index update to 1
leader 0 commit_index update to 2
follower 2 commit_index update to 2
follower 4 commit_index update to 2
follower 3 commit_index update to 2
follower 1 commit_index update to 2
leader 0 commit_index update to 3
follower 1 commit_index update to 3
follower 2 commit_index update to 3
follower 3 commit_index update to 3
follower 4 commit_index update to 3
leader 0 commit_index update to 4
follower 2 commit_index update to 4
follower 3 commit_index update to 4
follower 1 commit_index update to 4
follower 4 commit_index update to 4
0 leader receive cmd 6
0 leader receive cmd 7
0 leader receive cmd 8
0 leader receive cmd 9
0 leader receive cmd 10
leader 0 commit_index update to 5
follower 2 commit_index update to 5
follower 3 commit_index update to 5
follower 1 commit_index update to 5
follower 4 commit_index update to 5
leader 0 commit_index update to 6
follower 2 commit_index update to 6
follower 1 commit_index update to 6
0 leader receive cmd 11
0 leader receive cmd 12
0 leader receive cmd 13
0 leader receive cmd 14
0 leader receive cmd 15
follower 3 commit_index update to 6
leader 0 commit_index update to 7
follower 1 commit_index update to 7
follower 2 commit_index update to 7
follower 3 commit_index update to 7
leader 0 commit_index update to 8
follower 3 commit_index update to 8
follower 4 commit_index update to 8
follower 2 commit_index update to 8
follower 1 commit_index update to 8
leader 0 commit_index update to 9
follower 2 commit_index update to 9
follower 4 commit_index update to 9
follower 3 commit_index update to 9
leader 0 commit_index update to 10
follower 2 commit_index update to 10
follower 4 commit_index update to 10
follower 1 commit_index update to 10
follower 3 commit_index update to 10
leader 0 commit_index update to 11
follower 1 commit_index update to 11
follower 3 commit_index update to 11
follower 2 commit_index update to 11
0 leader receive cmd 16
0 leader receive cmd 17
0 leader receive cmd 18
0 leader receive cmd 19
0 leader receive cmd 20
follower 4 commit_index update to 11
leader 0 commit_index update to 12
follower 2 commit_index update to 12
follower 4 commit_index update to 12
follower 3 commit_index update to 12
leader 0 commit_index update to 13
follower 2 commit_index update to 13
follower 3 commit_index update to 13
follower 1 commit_index update to 13
follower 4 commit_index update to 13
leader 0 commit_index update to 14
follower 3 commit_index update to 14
follower 4 commit_index update to 14
leader 0 commit_index update to 15
follower 1 commit_index update to 15
follower 2 commit_index update to 15
follower 4 commit_index update to 15
follower 3 commit_index update to 15
leader 0 commit_index update to 16
0 leader receive cmd 21
0 leader receive cmd 22
0 leader receive cmd 23
0 leader receive cmd 24
0 leader receive cmd 25
follower 1 commit_index update to 16
follower 4 commit_index update to 16
follower 3 commit_index update to 16
leader 0 commit_index update to 17
follower 3 commit_index update to 17
follower 4 commit_index update to 17
follower 2 commit_index update to 17
follower 1 commit_index update to 17
leader 0 commit_index update to 18
follower 3 commit_index update to 18
follower 2 commit_index update to 18
leader 0 commit_index update to 19
follower 1 commit_index update to 19
follower 2 commit_index update to 19
follower 4 commit_index update to 19
follower 3 commit_index update to 19
leader 0 commit_index update to 20
follower 4 commit_index update to 20
follower 2 commit_index update to 20
follower 1 commit_index update to 20
follower 3 commit_index update to 20
leader 0 commit_index update to 21
follower 1 commit_index update to 21
follower 2 commit_index update to 21
follower 4 commit_index update to 21
0 leader receive cmd 26
0 leader receive cmd 27
0 leader receive cmd 28
0 leader receive cmd 29
0 leader receive cmd 30
follower 3 commit_index update to 21
leader 0 commit_index update to 22
follower 4 commit_index update to 22
follower 2 commit_index update to 22
follower 1 commit_index update to 22
follower 3 commit_index update to 22
leader 0 commit_index update to 23
follower 2 commit_index update to 23
follower 1 commit_index update to 23
follower 4 commit_index update to 23
leader 0 commit_index update to 24
follower 3 commit_index update to 24
follower 2 commit_index update to 24
follower 1 commit_index update to 24
leader 0 commit_index update to 25
follower 2 commit_index update to 25
follower 1 commit_index update to 25
follower 4 commit_index update to 25
follower 3 commit_index update to 25
leader 0 commit_index update to 26
follower 3 commit_index update to 26
follower 4 commit_index update to 26
0 leader receive cmd 31
0 leader receive cmd 32
0 leader receive cmd 33
0 leader receive cmd 34
0 leader receive cmd 35
follower 2 commit_index update to 26
follower 1 commit_index update to 26
leader 0 commit_index update to 27
follower 3 commit_index update to 27
follower 2 commit_index update to 27
follower 4 commit_index update to 27
follower 1 commit_index update to 27
leader 0 commit_index update to 28
follower 1 commit_index update to 28
follower 4 commit_index update to 28
follower 3 commit_index update to 28
follower 2 commit_index update to 28
leader 0 commit_index update to 29
follower 4 commit_index update to 29
follower 2 commit_index update to 29
follower 3 commit_index update to 29
leader 0 commit_index update to 30
follower 2 commit_index update to 30
follower 3 commit_index update to 30
follower 4 commit_index update to 30
follower 1 commit_index update to 30
leader 0 commit_index update to 31
follower 1 commit_index update to 31
0 leader receive cmd 36
follower 2 commit_index update to 31
0 leader receive cmd 37
0 leader receive cmd 38
0 leader receive cmd 39
0 leader receive cmd 40
follower 4 commit_index update to 31
follower 3 commit_index update to 31
leader 0 commit_index update to 32
follower 1 commit_index update to 32
follower 4 commit_index update to 32
leader 0 commit_index update to 33
follower 1 commit_index update to 33
follower 3 commit_index update to 33
follower 4 commit_index update to 33
follower 2 commit_index update to 33
leader 0 commit_index update to 34
follower 1 commit_index update to 34
follower 4 commit_index update to 34
follower 2 commit_index update to 34
follower 3 commit_index update to 34
leader 0 commit_index update to 35
follower 2 commit_index update to 35
follower 4 commit_index update to 35
follower 1 commit_index update to 35
follower 3 commit_index update to 35
leader 0 commit_index update to 36
follower 3 commit_index update to 36
follower 2 commit_index update to 36
follower 1 commit_index update to 36
0 leader receive cmd 41
0 leader receive cmd 42
0 leader receive cmd 43
0 leader receive cmd 44
0 leader receive cmd 45
leader 0 commit_index update to 37
follower 1 commit_index update to 37
follower 3 commit_index update to 37
follower 2 commit_index update to 37
follower 4 commit_index update to 37
leader 0 commit_index update to 38
follower 4 commit_index update to 38
follower 1 commit_index update to 38
follower 3 commit_index update to 38
leader 0 commit_index update to 39
follower 2 commit_index update to 39
follower 4 commit_index update to 39
follower 1 commit_index update to 39
follower 3 commit_index update to 39
leader 0 commit_index update to 40
follower 4 commit_index update to 40
follower 2 commit_index update to 40
follower 3 commit_index update to 40
leader 0 commit_index update to 41
0 leader receive cmd 46
0 leader receive cmd 47
0 leader receive cmd 48
0 leader receive cmd 49
0 leader receive cmd 50
follower 4 commit_index update to 41
follower 2 commit_index update to 41
follower 1 commit_index update to 41
follower 3 commit_index update to 41
leader 0 commit_index update to 42
follower 1 commit_index update to 42
follower 4 commit_index update to 42
follower 2 commit_index update to 42
follower 3 commit_index update to 42
leader 0 commit_index update to 43
follower 2 commit_index update to 43
follower 1 commit_index update to 43
follower 3 commit_index update to 43
follower 4 commit_index update to 43
leader 0 commit_index update to 44
follower 2 commit_index update to 44
follower 4 commit_index update to 44
follower 1 commit_index update to 44
follower 3 commit_index update to 44
leader 0 commit_index update to 45
follower 2 commit_index update to 45
follower 4 commit_index update to 45
follower 3 commit_index update to 45
leader 0 commit_index update to 46
0 leader receive cmd 51
0 leader receive cmd 52
0 leader receive cmd 53
0 leader receive cmd 54
0 leader receive cmd 55
follower 3 commit_index update to 46
follower 4 commit_index update to 46
follower 2 commit_index update to 46
leader 0 commit_index update to 47
follower 4 commit_index update to 47
follower 1 commit_index update to 47
follower 2 commit_index update to 47
leader 0 commit_index update to 48
follower 1 commit_index update to 48
follower 3 commit_index update to 48
follower 2 commit_index update to 48
follower 4 commit_index update to 48
leader 0 commit_index update to 49
follower 2 commit_index update to 49
follower 3 commit_index update to 49
follower 1 commit_index update to 49
follower 4 commit_index update to 49
leader 0 commit_index update to 50
follower 2 commit_index update to 50
follower 3 commit_index update to 50
follower 1 commit_index update to 50
follower 4 commit_index update to 50
leader 0 commit_index update to 51
follower 4 commit_index update to 51
0 leader receive cmd 56
0 leader receive cmd 57
0 leader receive cmd 58
0 leader receive cmd 59
0 leader receive cmd 60
follower 2 commit_index update to 51
follower 3 commit_index update to 51
follower 1 commit_index update to 51
leader 0 commit_index update to 52
follower 4 commit_index update to 52
follower 1 commit_index update to 52
follower 2 commit_index update to 52
follower 3 commit_index update to 52
leader 0 commit_index update to 53
follower 3 commit_index update to 53
follower 1 commit_index update to 53
follower 2 commit_index update to 53
follower 4 commit_index update to 53
leader 0 commit_index update to 54
follower 4 commit_index update to 54
follower 1 commit_index update to 54
follower 3 commit_index update to 54
leader 0 commit_index update to 55
follower 3 commit_index update to 55
follower 4 commit_index update to 55
leader 0 commit_index update to 56
follower 4 commit_index update to 56
0 leader receive cmd 61
follower 2 commit_index update to 56
0 leader receive cmd 62
0 leader receive cmd 63
0 leader receive cmd 64
0 leader receive cmd 65
follower 3 commit_index update to 56
follower 1 commit_index update to 56
leader 0 commit_index update to 57
follower 3 commit_index update to 57
follower 1 commit_index update to 57
follower 4 commit_index update to 57
leader 0 commit_index update to 58
follower 3 commit_index update to 58
follower 4 commit_index update to 58
follower 2 commit_index update to 58
leader 0 commit_index update to 59
follower 2 commit_index update to 59
follower 4 commit_index update to 59
follower 3 commit_index update to 59
follower 1 commit_index update to 59
leader 0 commit_index update to 60
follower 2 commit_index update to 60
follower 3 commit_index update to 60
follower 4 commit_index update to 60
follower 1 commit_index update to 60
leader 0 commit_index update to 61
follower 1 commit_index update to 61
follower 4 commit_index update to 61
follower 3 commit_index update to 61
follower 2 commit_index update to 61
0 leader receive cmd 66
0 leader receive cmd 67
0 leader receive cmd 68
0 leader receive cmd 69
0 leader receive cmd 70
leader 0 commit_index update to 62
follower 2 commit_index update to 62
follower 4 commit_index update to 62
follower 3 commit_index update to 62
follower 1 commit_index update to 62
leader 0 commit_index update to 63
follower 1 commit_index update to 63
follower 2 commit_index update to 63
follower 3 commit_index update to 63
follower 4 commit_index update to 63
leader 0 commit_index update to 64
follower 1 commit_index update to 64
follower 2 commit_index update to 64
follower 3 commit_index update to 64
follower 4 commit_index update to 64
leader 0 commit_index update to 65
follower 2 commit_index update to 65
follower 3 commit_index update to 65
follower 1 commit_index update to 65
follower 4 commit_index update to 65
leader 0 commit_index update to 66
follower 1 commit_index update to 66
follower 2 commit_index update to 66
follower 3 commit_index update to 66
follower 4 commit_index update to 66
leader 0 commit_index update to 67
follower 4 commit_index update to 67
0 leader receive cmd 71
0 leader receive cmd 72
0 leader receive cmd 73
0 leader receive cmd 74
0 leader receive cmd 75
follower 3 commit_index update to 67
follower 1 commit_index update to 67
follower 2 commit_index update to 67
leader 0 commit_index update to 68
follower 3 commit_index update to 68
follower 2 commit_index update to 68
follower 4 commit_index update to 68
follower 1 commit_index update to 68
leader 0 commit_index update to 69
follower 4 commit_index update to 69
follower 2 commit_index update to 69
follower 1 commit_index update to 69
follower 3 commit_index update to 69
leader 0 commit_index update to 70
follower 1 commit_index update to 70
follower 4 commit_index update to 70
follower 2 commit_index update to 70
leader 0 commit_index update to 71
0 leader receive cmd 76
follower 3 commit_index update to 71
0 leader receive cmd 77
0 leader receive cmd 78
0 leader receive cmd 79
0 leader receive cmd 80
follower 4 commit_index update to 71
leader 0 commit_index update to 72
follower 2 commit_index update to 72
follower 1 commit_index update to 72
follower 3 commit_index update to 72
leader 0 commit_index update to 73
follower 4 commit_index update to 73
follower 1 commit_index update to 73
follower 3 commit_index update to 73
follower 2 commit_index update to 73
leader 0 commit_index update to 74
follower 3 commit_index update to 74
follower 1 commit_index update to 74
follower 2 commit_index update to 74
follower 4 commit_index update to 74
leader 0 commit_index update to 75
follower 1 commit_index update to 75
follower 3 commit_index update to 75
follower 2 commit_index update to 75
follower 4 commit_index update to 75
leader 0 commit_index update to 76
0 leader receive cmd 81
follower 2 commit_index update to 76
0 leader receive cmd 82
0 leader receive cmd 83
0 leader receive cmd 84
0 leader receive cmd 85
follower 4 commit_index update to 76
follower 1 commit_index update to 76
leader 0 commit_index update to 77
follower 1 commit_index update to 77
follower 4 commit_index update to 77
follower 3 commit_index update to 77
follower 2 commit_index update to 77
leader 0 commit_index update to 78
follower 4 commit_index update to 78
follower 3 commit_index update to 78
follower 1 commit_index update to 78
leader 0 commit_index update to 79
follower 4 commit_index update to 79
follower 1 commit_index update to 79
follower 3 commit_index update to 79
follower 2 commit_index update to 79
leader 0 commit_index update to 80
follower 3 commit_index update to 80
follower 1 commit_index update to 80
follower 4 commit_index update to 80
follower 2 commit_index update to 80
leader 0 commit_index update to 81
follower 2 commit_index update to 81
follower 1 commit_index update to 81
0 leader receive cmd 86
0 leader receive cmd 87
0 leader receive cmd 88
0 leader receive cmd 89
0 leader receive cmd 90
follower 4 commit_index update to 81
follower 3 commit_index update to 81
leader 0 commit_index update to 82
follower 2 commit_index update to 82
follower 1 commit_index update to 82
follower 3 commit_index update to 82
follower 4 commit_index update to 82
leader 0 commit_index update to 83
follower 4 commit_index update to 83
follower 1 commit_index update to 83
follower 3 commit_index update to 83
follower 2 commit_index update to 83
leader 0 commit_index update to 84
follower 2 commit_index update to 84
follower 3 commit_index update to 84
follower 1 commit_index update to 84
leader 0 commit_index update to 85
follower 2 commit_index update to 85
follower 3 commit_index update to 85
follower 4 commit_index update to 85
leader 0 commit_index update to 86
0 leader receive cmd 91
0 leader receive cmd 92
0 leader receive cmd 93
0 leader receive cmd 94
0 leader receive cmd 95
follower 4 commit_index update to 86
follower 3 commit_index update to 86
leader 0 commit_index update to 87
follower 3 commit_index update to 87
follower 1 commit_index update to 87
follower 4 commit_index update to 87
follower 2 commit_index update to 87
leader 0 commit_index update to 88
follower 3 commit_index update to 88
follower 4 commit_index update to 88
leader 0 commit_index update to 89
follower 4 commit_index update to 89
follower 2 commit_index update to 89
follower 1 commit_index update to 89
follower 3 commit_index update to 89
leader 0 commit_index update to 90
follower 2 commit_index update to 90
follower 4 commit_index update to 90
follower 3 commit_index update to 90
leader 0 commit_index update to 91
follower 4 commit_index update to 91
follower 2 commit_index update to 91
0 leader receive cmd 96
0 leader receive cmd 97
0 leader receive cmd 98
0 leader receive cmd 99
0 leader receive cmd 100
follower 3 commit_index update to 91
follower 1 commit_index update to 91
leader 0 commit_index update to 92
follower 1 commit_index update to 92
follower 2 commit_index update to 92
follower 4 commit_index update to 92
follower 3 commit_index update to 92
leader 0 commit_index update to 93
follower 4 commit_index update to 93
follower 2 commit_index update to 93
follower 3 commit_index update to 93
leader 0 commit_index update to 94
follower 4 commit_index update to 94
follower 2 commit_index update to 94
follower 3 commit_index update to 94
follower 1 commit_index update to 94
leader 0 commit_index update to 95
follower 1 commit_index update to 95
follower 4 commit_index update to 95
follower 2 commit_index update to 95
follower 3 commit_index update to 95
leader 0 commit_index update to 96
follower 1 commit_index update to 96
0 leader receive cmd 101
0 leader receive cmd 102
0 leader receive cmd 103
0 leader receive cmd 104
0 leader receive cmd 105
follower 3 commit_index update to 96
follower 2 commit_index update to 96
leader 0 commit_index update to 97
follower 3 commit_index update to 97
follower 2 commit_index update to 97
follower 4 commit_index update to 97
follower 1 commit_index update to 97
leader 0 commit_index update to 98
follower 4 commit_index update to 98
follower 1 commit_index update to 98
follower 2 commit_index update to 98
follower 3 commit_index update to 98
leader 0 commit_index update to 99
follower 4 commit_index update to 99
follower 2 commit_index update to 99
follower 3 commit_index update to 99
follower 1 commit_index update to 99
leader 0 commit_index update to 100
follower 4 commit_index update to 100
follower 2 commit_index update to 100
follower 3 commit_index update to 100
follower 1 commit_index update to 100
leader 0 commit_index update to 101
follower 1 commit_index update to 101
follower 3 commit_index update to 101
0 leader receive cmd 106
0 leader receive cmd 107
0 leader receive cmd 108
0 leader receive cmd 109
0 leader receive cmd 110
follower 2 commit_index update to 101
follower 4 commit_index update to 101
leader 0 commit_index update to 102
follower 2 commit_index update to 102
follower 3 commit_index update to 102
follower 4 commit_index update to 102
follower 1 commit_index update to 102
leader 0 commit_index update to 103
follower 3 commit_index update to 103
follower 2 commit_index update to 103
follower 1 commit_index update to 103
follower 4 commit_index update to 103
leader 0 commit_index update to 104
follower 2 commit_index update to 104
follower 4 commit_index update to 104
follower 1 commit_index update to 104
follower 3 commit_index update to 104
leader 0 commit_index update to 105
follower 2 commit_index update to 105
follower 4 commit_index update to 105
follower 1 commit_index update to 105
follower 3 commit_index update to 105
leader 0 commit_index update to 106
follower 2 commit_index update to 106
follower 4 commit_index update to 106
0 leader receive cmd 111
0 leader receive cmd 112
0 leader receive cmd 113
0 leader receive cmd 114
0 leader receive cmd 115
follower 3 commit_index update to 106
leader 0 commit_index update to 107
follower 1 commit_index update to 107
follower 4 commit_index update to 107
follower 2 commit_index update to 107
leader 0 commit_index update to 108
follower 1 commit_index update to 108
follower 2 commit_index update to 108
follower 4 commit_index update to 108
follower 3 commit_index update to 108
leader 0 commit_index update to 109
follower 3 commit_index update to 109
follower 1 commit_index update to 109
follower 4 commit_index update to 109
follower 2 commit_index update to 109
leader 0 commit_index update to 110
follower 1 commit_index update to 110
follower 4 commit_index update to 110
follower 3 commit_index update to 110
follower 2 commit_index update to 110
leader 0 commit_index update to 111
follower 4 commit_index update to 111
0 leader receive cmd 116
follower 1 commit_index update to 111
0 leader receive cmd 117
0 leader receive cmd 118
0 leader receive cmd 119
0 leader receive cmd 120
follower 3 commit_index update to 111
follower 2 commit_index update to 111
leader 0 commit_index update to 112
follower 3 commit_index update to 112
follower 4 commit_index update to 112
follower 2 commit_index update to 112
follower 1 commit_index update to 112
leader 0 commit_index update to 113
follower 3 commit_index update to 113
follower 1 commit_index update to 113
follower 2 commit_index update to 113
follower 4 commit_index update to 113
leader 0 commit_index update to 114
follower 1 commit_index update to 114
follower 3 commit_index update to 114
follower 2 commit_index update to 114
leader 0 commit_index update to 115
follower 1 commit_index update to 115
follower 3 commit_index update to 115
follower 2 commit_index update to 115
follower 4 commit_index update to 115
leader 0 commit_index update to 116
follower 2 commit_index update to 116
0 leader receive cmd 121
follower 1 commit_index update to 116
0 leader receive cmd 122
0 leader receive cmd 123
0 leader receive cmd 124
0 leader receive cmd 125
follower 4 commit_index update to 116
follower 3 commit_index update to 116
leader 0 commit_index update to 117
follower 1 commit_index update to 117
follower 3 commit_index update to 117
follower 4 commit_index update to 117
leader 0 commit_index update to 118
follower 1 commit_index update to 118
follower 2 commit_index update to 118
follower 3 commit_index update to 118
follower 4 commit_index update to 118
leader 0 commit_index update to 119
follower 3 commit_index update to 119
follower 1 commit_index update to 119
follower 4 commit_index update to 119
leader 0 commit_index update to 120
follower 2 commit_index update to 120
follower 1 commit_index update to 120
follower 3 commit_index update to 120
follower 4 commit_index update to 120
leader 0 commit_index update to 121
0 leader receive cmd 126
0 leader receive cmd 127
0 leader receive cmd 128
0 leader receive cmd 129
0 leader receive cmd 130
follower 1 commit_index update to 121
follower 3 commit_index update to 121
leader 0 commit_index update to 122
follower 4 commit_index update to 122
follower 1 commit_index update to 122
follower 3 commit_index update to 122
leader 0 commit_index update to 123
follower 1 commit_index update to 123
follower 2 commit_index update to 123
follower 3 commit_index update to 123
follower 4 commit_index update to 123
leader 0 commit_index update to 124
follower 3 commit_index update to 124
follower 1 commit_index update to 124
follower 2 commit_index update to 124
follower 4 commit_index update to 124
leader 0 commit_index update to 125
follower 4 commit_index update to 125
follower 3 commit_index update to 125
follower 2 commit_index update to 125
follower 1 commit_index update to 125
leader 0 commit_index update to 126
follower 1 commit_index update to 126
follower 3 commit_index update to 126
follower 2 commit_index update to 126
0 leader receive cmd 131
0 leader receive cmd 132
0 leader receive cmd 133
0 leader receive cmd 134
0 leader receive cmd 135
follower 4 commit_index update to 126
leader 0 commit_index update to 127
follower 2 commit_index update to 127
follower 3 commit_index update to 127
follower 4 commit_index update to 127
follower 1 commit_index update to 127
leader 0 commit_index update to 128
follower 2 commit_index update to 128
follower 4 commit_index update to 128
follower 1 commit_index update to 128
follower 3 commit_index update to 128
leader 0 commit_index update to 129
follower 3 commit_index update to 129
follower 2 commit_index update to 129
follower 4 commit_index update to 129
leader 0 commit_index update to 130
follower 4 commit_index update to 130
follower 3 commit_index update to 130
leader 0 commit_index update to 131
follower 2 commit_index update to 131
follower 3 commit_index update to 131
follower 1 commit_index update to 131
follower 4 commit_index update to 131
0 leader receive cmd 136
0 leader receive cmd 137
0 leader receive cmd 138
0 leader receive cmd 139
0 leader receive cmd 140
leader 0 commit_index update to 132
follower 3 commit_index update to 132
follower 1 commit_index update to 132
follower 2 commit_index update to 132
follower 4 commit_index update to 132
leader 0 commit_index update to 133
follower 4 commit_index update to 133
follower 1 commit_index update to 133
follower 2 commit_index update to 133
leader 0 commit_index update to 134
follower 1 commit_index update to 134
follower 3 commit_index update to 134
follower 4 commit_index update to 134
leader 0 commit_index update to 135
follower 2 commit_index update to 135
follower 3 commit_index update to 135
follower 1 commit_index update to 135
follower 4 commit_index update to 135
leader 0 commit_index update to 136
follower 1 commit_index update to 136
follower 2 commit_index update to 136
follower 4 commit_index update to 136
0 leader receive cmd 141
0 leader receive cmd 142
0 leader receive cmd 143
0 leader receive cmd 144
0 leader receive cmd 145
follower 3 commit_index update to 136
leader 0 commit_index update to 137
follower 1 commit_index update to 137
follower 3 commit_index update to 137
follower 4 commit_index update to 137
follower 2 commit_index update to 137
leader 0 commit_index update to 138
follower 2 commit_index update to 138
follower 3 commit_index update to 138
follower 1 commit_index update to 138
leader 0 commit_index update to 139
follower 4 commit_index update to 139
follower 3 commit_index update to 139
follower 2 commit_index update to 139
follower 1 commit_index update to 139
leader 0 commit_index update to 140
follower 1 commit_index update to 140
follower 3 commit_index update to 140
follower 2 commit_index update to 140
follower 4 commit_index update to 140
leader 0 commit_index update to 141
follower 1 commit_index update to 141
0 leader receive cmd 146
0 leader receive cmd 147
0 leader receive cmd 148
0 leader receive cmd 149
0 leader receive cmd 150
follower 4 commit_index update to 141
follower 2 commit_index update to 141
follower 3 commit_index update to 141
leader 0 commit_index update to 142
follower 4 commit_index update to 142
follower 3 commit_index update to 142
follower 1 commit_index update to 142
follower 2 commit_index update to 142
leader 0 commit_index update to 143
follower 1 commit_index update to 143
follower 2 commit_index update to 143
follower 3 commit_index update to 143
follower 4 commit_index update to 143
leader 0 commit_index update to 144
follower 3 commit_index update to 144
follower 1 commit_index update to 144
follower 2 commit_index update to 144
follower 4 commit_index update to 144
leader 0 commit_index update to 145
follower 2 commit_index update to 145
follower 4 commit_index update to 145
follower 1 commit_index update to 145
follower 3 commit_index update to 145
leader 0 commit_index update to 146
follower 4 commit_index update to 146
follower 1 commit_index update to 146
follower 3 commit_index update to 146
follower 2 commit_index update to 146
0 leader receive cmd 151
0 leader receive cmd 152
0 leader receive cmd 153
0 leader receive cmd 154
0 leader receive cmd 155
leader 0 commit_index update to 147
follower 2 commit_index update to 147
follower 3 commit_index update to 147
follower 4 commit_index update to 147
follower 1 commit_index update to 147
leader 0 commit_index update to 148
follower 1 commit_index update to 148
follower 4 commit_index update to 148
follower 3 commit_index update to 148
follower 2 commit_index update to 148
leader 0 commit_index update to 149
follower 3 commit_index update to 149
follower 1 commit_index update to 149
follower 2 commit_index update to 149
follower 4 commit_index update to 149
leader 0 commit_index update to 150
follower 3 commit_index update to 150
follower 4 commit_index update to 150
follower 2 commit_index update to 150
follower 1 commit_index update to 150
leader 0 commit_index update to 151
follower 3 commit_index update to 151
0 leader receive cmd 156
0 leader receive cmd 157
0 leader receive cmd 158
0 leader receive cmd 159
0 leader receive cmd 160
follower 1 commit_index update to 151
follower 2 commit_index update to 151
leader 0 commit_index update to 152
follower 4 commit_index update to 152
follower 2 commit_index update to 152
follower 3 commit_index update to 152
follower 1 commit_index update to 152
leader 0 commit_index update to 153
follower 4 commit_index update to 153
follower 3 commit_index update to 153
follower 1 commit_index update to 153
leader 0 commit_index update to 154
follower 1 commit_index update to 154
follower 2 commit_index update to 154
follower 4 commit_index update to 154
follower 3 commit_index update to 154
leader 0 commit_index update to 155
follower 3 commit_index update to 155
follower 2 commit_index update to 155
follower 1 commit_index update to 155
leader 0 commit_index update to 156
follower 2 commit_index update to 156
follower 4 commit_index update to 156
follower 1 commit_index update to 156
follower 3 commit_index update to 156
leader 0 commit_index update to 157
follower 1 commit_index update to 157
follower 2 commit_index update to 157
follower 4 commit_index update to 157
follower 3 commit_index update to 157
0 leader receive cmd 161
0 leader receive cmd 162
0 leader receive cmd 163
0 leader receive cmd 164
0 leader receive cmd 165
leader 0 commit_index update to 158
follower 1 commit_index update to 158
follower 3 commit_index update to 158
follower 4 commit_index update to 158
follower 2 commit_index update to 158
leader 0 commit_index update to 159
follower 1 commit_index update to 159
follower 4 commit_index update to 159
follower 3 commit_index update to 159
leader 0 commit_index update to 160
follower 4 commit_index update to 160
follower 2 commit_index update to 160
follower 3 commit_index update to 160
follower 1 commit_index update to 160
leader 0 commit_index update to 161
follower 3 commit_index update to 161
follower 1 commit_index update to 161
0 leader receive cmd 166
follower 4 commit_index update to 161
0 leader receive cmd 167
0 leader receive cmd 168
0 leader receive cmd 169
0 leader receive cmd 170
leader 0 commit_index update to 162
follower 1 commit_index update to 162
follower 4 commit_index update to 162
follower 3 commit_index update to 162
leader 0 commit_index update to 163
follower 1 commit_index update to 163
follower 3 commit_index update to 163
follower 4 commit_index update to 163
follower 2 commit_index update to 163
leader 0 commit_index update to 164
follower 4 commit_index update to 164
follower 3 commit_index update to 164
follower 1 commit_index update to 164
follower 2 commit_index update to 164
leader 0 commit_index update to 165
follower 4 commit_index update to 165
follower 1 commit_index update to 165
follower 3 commit_index update to 165
leader 0 commit_index update to 166
0 leader receive cmd 171
0 leader receive cmd 172
0 leader receive cmd 173
0 leader receive cmd 174
0 leader receive cmd 175
follower 3 commit_index update to 166
follower 1 commit_index update to 166
follower 2 commit_index update to 166
follower 4 commit_index update to 166
leader 0 commit_index update to 167
follower 2 commit_index update to 167
follower 1 commit_index update to 167
follower 4 commit_index update to 167
follower 3 commit_index update to 167
leader 0 commit_index update to 168
follower 2 commit_index update to 168
follower 1 commit_index update to 168
follower 4 commit_index update to 168
follower 3 commit_index update to 168
leader 0 commit_index update to 169
follower 3 commit_index update to 169
follower 1 commit_index update to 169
follower 4 commit_index update to 169
follower 2 commit_index update to 169
leader 0 commit_index update to 170
follower 3 commit_index update to 170
follower 2 commit_index update to 170
follower 1 commit_index update to 170
follower 4 commit_index update to 170
leader 0 commit_index update to 171
follower 3 commit_index update to 171
follower 2 commit_index update to 171
0 leader receive cmd 176
0 leader receive cmd 177
0 leader receive cmd 178
0 leader receive cmd 179
0 leader receive cmd 180
follower 4 commit_index update to 171
leader 0 commit_index update to 172
follower 3 commit_index update to 172
follower 4 commit_index update to 172
follower 2 commit_index update to 172
leader 0 commit_index update to 173
follower 4 commit_index update to 173
follower 3 commit_index update to 173
follower 2 commit_index update to 173
leader 0 commit_index update to 174
follower 4 commit_index update to 174
follower 1 commit_index update to 174
leader 0 commit_index update to 175
follower 2 commit_index update to 175
follower 4 commit_index update to 175
follower 1 commit_index update to 175
follower 3 commit_index update to 175
leader 0 commit_index update to 176
follower 4 commit_index update to 176
0 leader receive cmd 181
0 leader receive cmd 182
0 leader receive cmd 183
0 leader receive cmd 184
0 leader receive cmd 185
follower 2 commit_index update to 176
follower 1 commit_index update to 176
follower 3 commit_index update to 176
leader 0 commit_index update to 177
follower 1 commit_index update to 177
follower 3 commit_index update to 177
leader 0 commit_index update to 178
follower 1 commit_index update to 178
follower 2 commit_index update to 178
follower 4 commit_index update to 178
leader 0 commit_index update to 179
follower 1 commit_index update to 179
follower 2 commit_index update to 179
follower 3 commit_index update to 179
follower 4 commit_index update to 179
leader 0 commit_index update to 180
follower 4 commit_index update to 180
follower 1 commit_index update to 180
follower 3 commit_index update to 180
leader 0 commit_index update to 181
follower 2 commit_index update to 181
0 leader receive cmd 186
follower 4 commit_index update to 181
0 leader receive cmd 187
0 leader receive cmd 188
0 leader receive cmd 189
0 leader receive cmd 190
follower 3 commit_index update to 181
follower 1 commit_index update to 181
leader 0 commit_index update to 182
follower 4 commit_index update to 182
follower 3 commit_index update to 182
follower 1 commit_index update to 182
follower 2 commit_index update to 182
leader 0 commit_index update to 183
follower 2 commit_index update to 183
follower 3 commit_index update to 183
follower 4 commit_index update to 183
leader 0 commit_index update to 184
follower 1 commit_index update to 184
follower 2 commit_index update to 184
follower 3 commit_index update to 184
follower 4 commit_index update to 184
leader 0 commit_index update to 185
follower 2 commit_index update to 185
follower 3 commit_index update to 185
follower 4 commit_index update to 185
follower 1 commit_index update to 185
leader 0 commit_index update to 186
follower 1 commit_index update to 186
follower 3 commit_index update to 186
follower 4 commit_index update to 186
follower 2 commit_index update to 186
0 leader receive cmd 191
0 leader receive cmd 192
0 leader receive cmd 193
0 leader receive cmd 194
0 leader receive cmd 195
leader 0 commit_index update to 187
follower 2 commit_index update to 187
follower 1 commit_index update to 187
follower 4 commit_index update to 187
leader 0 commit_index update to 188
follower 3 commit_index update to 188
follower 1 commit_index update to 188
follower 4 commit_index update to 188
follower 2 commit_index update to 188
leader 0 commit_index update to 189
follower 1 commit_index update to 189
follower 3 commit_index update to 189
follower 4 commit_index update to 189
leader 0 commit_index update to 190
follower 3 commit_index update to 190
follower 2 commit_index update to 190
follower 1 commit_index update to 190
leader 0 commit_index update to 191
follower 4 commit_index update to 191
follower 1 commit_index update to 191
follower 3 commit_index update to 191
follower 2 commit_index update to 191
leader 0 commit_index update to 192
0 leader receive cmd 196
0 leader receive cmd 197
0 leader receive cmd 198
0 leader receive cmd 199
0 leader receive cmd 200
follower 3 commit_index update to 192
follower 4 commit_index update to 192
follower 1 commit_index update to 192
follower 2 commit_index update to 192
leader 0 commit_index update to 193
follower 1 commit_index update to 193
follower 3 commit_index update to 193
follower 2 commit_index update to 193
follower 4 commit_index update to 193
leader 0 commit_index update to 194
follower 1 commit_index update to 194
follower 3 commit_index update to 194
follower 2 commit_index update to 194
follower 4 commit_index update to 194
leader 0 commit_index update to 195
follower 2 commit_index update to 195
follower 1 commit_index update to 195
leader 0 commit_index update to 196
follower 3 commit_index update to 196
0 leader receive cmd 201
0 leader receive cmd 202
0 leader receive cmd 203
0 leader receive cmd 204
0 leader receive cmd 205
follower 1 commit_index update to 196
follower 2 commit_index update to 196
follower 4 commit_index update to 196
leader 0 commit_index update to 197
follower 2 commit_index update to 197
follower 4 commit_index update to 197
follower 1 commit_index update to 197
follower 3 commit_index update to 197
leader 0 commit_index update to 198
follower 1 commit_index update to 198
follower 4 commit_index update to 198
follower 2 commit_index update to 198
leader 0 commit_index update to 199
follower 4 commit_index update to 199
follower 3 commit_index update to 199
follower 2 commit_index update to 199
leader 0 commit_index update to 200
follower 2 commit_index update to 200
follower 4 commit_index update to 200
follower 1 commit_index update to 200
follower 3 commit_index update to 200
leader 0 commit_index update to 201
follower 3 commit_index update to 201
follower 4 commit_index update to 201
0 leader receive cmd 206
follower 1 commit_index update to 201
0 leader receive cmd 207
0 leader receive cmd 208
0 leader receive cmd 209
0 leader receive cmd 210
follower 2 commit_index update to 201
leader 0 commit_index update to 202
follower 4 commit_index update to 202
follower 3 commit_index update to 202
follower 1 commit_index update to 202
leader 0 commit_index update to 203
follower 2 commit_index update to 203
follower 4 commit_index update to 203
follower 1 commit_index update to 203
follower 3 commit_index update to 203
leader 0 commit_index update to 204
follower 2 commit_index update to 204
follower 4 commit_index update to 204
leader 0 commit_index update to 205
follower 3 commit_index update to 205
follower 4 commit_index update to 205
follower 2 commit_index update to 205
follower 1 commit_index update to 205
leader 0 commit_index update to 206
0 leader receive cmd 211
0 leader receive cmd 212
0 leader receive cmd 213
0 leader receive cmd 214
0 leader receive cmd 215
follower 1 commit_index update to 206
follower 2 commit_index update to 206
follower 3 commit_index update to 206
leader 0 commit_index update to 207
follower 2 commit_index update to 207
follower 1 commit_index update to 207
follower 4 commit_index update to 207
follower 3 commit_index update to 207
leader 0 commit_index update to 208
follower 3 commit_index update to 208
follower 2 commit_index update to 208
follower 4 commit_index update to 208
follower 1 commit_index update to 208
leader 0 commit_index update to 209
follower 3 commit_index update to 209
follower 4 commit_index update to 209
follower 2 commit_index update to 209
follower 1 commit_index update to 209
leader 0 commit_index update to 210
follower 4 commit_index update to 210
follower 2 commit_index update to 210
follower 1 commit_index update to 210
leader 0 commit_index update to 211
0 leader receive cmd 216
0 leader receive cmd 217
0 leader receive cmd 218
follower 4 commit_index update to 211
0 leader receive cmd 219
0 leader receive cmd 220
follower 2 commit_index update to 211
follower 3 commit_index update to 211
follower 1 commit_index update to 211
leader 0 commit_index update to 212
follower 1 commit_index update to 212
follower 3 commit_index update to 212
follower 2 commit_index update to 212
leader 0 commit_index update to 213
follower 1 commit_index update to 213
follower 2 commit_index update to 213
follower 3 commit_index update to 213
follower 4 commit_index update to 213
leader 0 commit_index update to 214
follower 4 commit_index update to 214
follower 3 commit_index update to 214
follower 2 commit_index update to 214
follower 1 commit_index update to 214
leader 0 commit_index update to 215
follower 1 commit_index update to 215
follower 3 commit_index update to 215
follower 4 commit_index update to 215
follower 2 commit_index update to 215
leader 0 commit_index update to 216
follower 2 commit_index update to 216
0 leader receive cmd 221
follower 4 commit_index update to 216
0 leader receive cmd 222
0 leader receive cmd 223
0 leader receive cmd 224
0 leader receive cmd 225
follower 3 commit_index update to 216
leader 0 commit_index update to 217
follower 1 commit_index update to 217
leader 0 commit_index update to 218
follower 4 commit_index update to 218
follower 1 commit_index update to 218
follower 2 commit_index update to 218
follower 3 commit_index update to 218
leader 0 commit_index update to 219
follower 4 commit_index update to 219
follower 2 commit_index update to 219
follower 3 commit_index update to 219
follower 1 commit_index update to 219
leader 0 commit_index update to 220
follower 4 commit_index update to 220
follower 2 commit_index update to 220
follower 3 commit_index update to 220
follower 1 commit_index update to 220
leader 0 commit_index update to 221
follower 3 commit_index update to 221
0 leader receive cmd 226
0 leader receive cmd 227
0 leader receive cmd 228
0 leader receive cmd 229
0 leader receive cmd 230
follower 2 commit_index update to 221
follower 4 commit_index update to 221
follower 1 commit_index update to 221
leader 0 commit_index update to 222
follower 2 commit_index update to 222
follower 3 commit_index update to 222
follower 4 commit_index update to 222
follower 1 commit_index update to 222
leader 0 commit_index update to 223
follower 3 commit_index update to 223
follower 4 commit_index update to 223
follower 2 commit_index update to 223
follower 1 commit_index update to 223
leader 0 commit_index update to 224
follower 4 commit_index update to 224
follower 1 commit_index update to 224
follower 3 commit_index update to 224
follower 2 commit_index update to 224
leader 0 commit_index update to 225
follower 3 commit_index update to 225
follower 2 commit_index update to 225
follower 4 commit_index update to 225
leader 0 commit_index update to 226
0 leader receive cmd 231
0 leader receive cmd 232
0 leader receive cmd 233
0 leader receive cmd 234
0 leader receive cmd 235
follower 2 commit_index update to 226
follower 1 commit_index update to 226
follower 4 commit_index update to 226
leader 0 commit_index update to 227
follower 1 commit_index update to 227
follower 4 commit_index update to 227
follower 3 commit_index update to 227
leader 0 commit_index update to 228
follower 1 commit_index update to 228
follower 4 commit_index update to 228
follower 2 commit_index update to 228
leader 0 commit_index update to 229
follower 1 commit_index update to 229
follower 2 commit_index update to 229
follower 4 commit_index update to 229
follower 3 commit_index update to 229
leader 0 commit_index update to 230
follower 4 commit_index update to 230
follower 1 commit_index update to 230
follower 2 commit_index update to 230
follower 3 commit_index update to 230
leader 0 commit_index update to 231
follower 2 commit_index update to 231
follower 3 commit_index update to 231
follower 1 commit_index update to 231
0 leader receive cmd 236
0 leader receive cmd 237
0 leader receive cmd 238
0 leader receive cmd 239
0 leader receive cmd 240
follower 4 commit_index update to 231
leader 0 commit_index update to 232
follower 1 commit_index update to 232
follower 4 commit_index update to 232
follower 2 commit_index update to 232
follower 3 commit_index update to 232
leader 0 commit_index update to 233
follower 2 commit_index update to 233
follower 3 commit_index update to 233
follower 4 commit_index update to 233
follower 1 commit_index update to 233
leader 0 commit_index update to 234
follower 2 commit_index update to 234
follower 1 commit_index update to 234
follower 4 commit_index update to 234
follower 3 commit_index update to 234
leader 0 commit_index update to 235
follower 4 commit_index update to 235
follower 1 commit_index update to 235
follower 3 commit_index update to 235
leader 0 commit_index update to 236
0 leader receive cmd 241
0 leader receive cmd 242
0 leader receive cmd 243
0 leader receive cmd 244
0 leader receive cmd 245
follower 4 commit_index update to 236
follower 1 commit_index update to 236
follower 3 commit_index update to 236
leader 0 commit_index update to 237
follower 2 commit_index update to 237
follower 4 commit_index update to 237
follower 1 commit_index update to 237
follower 3 commit_index update to 237
leader 0 commit_index update to 238
follower 3 commit_index update to 238
follower 1 commit_index update to 238
follower 2 commit_index update to 238
follower 4 commit_index update to 238
leader 0 commit_index update to 239
follower 3 commit_index update to 239
follower 1 commit_index update to 239
follower 2 commit_index update to 239
follower 4 commit_index update to 239
leader 0 commit_index update to 240
follower 1 commit_index update to 240
follower 4 commit_index update to 240
follower 3 commit_index update to 240
follower 2 commit_index update to 240
leader 0 commit_index update to 241
follower 4 commit_index update to 241
follower 2 commit_index update to 241
follower 3 commit_index update to 241
follower 1 commit_index update to 241
leader 0 commit_index update to 242
follower 4 commit_index update to 242
follower 3 commit_index update to 242
follower 2 commit_index update to 242
follower 1 commit_index update to 242
leader 0 commit_index update to 243
follower 4 commit_index update to 243
follower 2 commit_index update to 243
follower 1 commit_index update to 243
follower 3 commit_index update to 243
leader 0 commit_index update to 244
follower 4 commit_index update to 244
follower 1 commit_index update to 244
follower 2 commit_index update to 244
follower 3 commit_index update to 244
leader 0 commit_index update to 245
follower 4 commit_index update to 245
follower 1 commit_index update to 245
follower 2 commit_index update to 245
follower 3 commit_index update to 245
0 leader receive cmd 246
leader 0 commit_index update to 246
follower 2 commit_index update to 246
follower 1 commit_index update to 246
follower 3 commit_index update to 246
follower 4 commit_index update to 246
  ... Passed --  12.8  5 1004  305729  246
Test (3C): Figure 8 (unreliable) ...
4 become leader in term 1
4 leader receive cmd 1
leader 4 commit_index update to 1
4 leader receive cmd 2
4 leader receive cmd 3
follower 0 commit_index update to 1
follower 2 commit_index update to 1
4 leader receive cmd 4
follower 1 commit_index update to 1
4 leader receive cmd 5
4 leader receive cmd 6
4 leader receive cmd 7
4 leader receive cmd 8
4 leader receive cmd 9
4 leader receive cmd 10
4 leader receive cmd 11
4 leader receive cmd 12
4 leader receive cmd 13
4 leader receive cmd 14
4 leader receive cmd 15
4 leader receive cmd 16
4 leader receive cmd 17
4 leader receive cmd 18
4 leader receive cmd 19
4 leader receive cmd 20
4 leader receive cmd 21
4 leader receive cmd 22
4 leader receive cmd 23
4 leader receive cmd 24
4 leader receive cmd 25
4 leader receive cmd 26
4 leader receive cmd 27
4 leader receive cmd 28
4 leader receive cmd 29
4 leader receive cmd 30
4 leader receive cmd 31
4 leader receive cmd 32
4 leader receive cmd 33
4 leader receive cmd 34
4 leader receive cmd 35
4 leader receive cmd 36
4 leader receive cmd 37
4 leader receive cmd 38
4 leader receive cmd 39
4 leader receive cmd 40
4 leader receive cmd 41
4 leader receive cmd 42
4 leader receive cmd 43
4 leader receive cmd 44
4 leader receive cmd 45
4 leader receive cmd 46
4 leader receive cmd 47
4 leader receive cmd 48
4 leader receive cmd 49
4 leader receive cmd 50
4 leader receive cmd 51
4 leader receive cmd 52
4 leader receive cmd 53
4 leader receive cmd 54
0 become leader in term 2
0 leader receive cmd 2
4 leader receive cmd 55
follower 3 commit_index update to 1
0 leader receive cmd 3
4 leader receive cmd 56
0 leader receive cmd 4
4 leader receive cmd 57
0 leader receive cmd 5
4 leader receive cmd 58
0 leader receive cmd 6
4 leader receive cmd 59
0 leader receive cmd 7
4 leader receive cmd 60
0 leader receive cmd 8
4 leader receive cmd 61
0 leader receive cmd 9
4 leader receive cmd 62
0 leader receive cmd 10
4 leader receive cmd 63
0 leader receive cmd 11
4 leader receive cmd 64
0 leader receive cmd 12
4 leader receive cmd 65
0 leader receive cmd 13
4 leader receive cmd 66
0 leader receive cmd 14
4 leader receive cmd 67
0 leader receive cmd 15
4 leader receive cmd 68
0 leader receive cmd 16
4 leader receive cmd 69
0 leader receive cmd 17
4 leader receive cmd 70
0 leader receive cmd 18
4 leader receive cmd 71
0 leader receive cmd 19
4 leader receive cmd 72
0 leader receive cmd 20
4 leader receive cmd 73
0 leader receive cmd 21
4 leader receive cmd 74
0 leader receive cmd 22
4 leader receive cmd 75
0 leader receive cmd 23
4 leader receive cmd 76
0 leader receive cmd 24
4 leader receive cmd 77
0 leader receive cmd 25
4 leader receive cmd 78
0 leader receive cmd 26
4 leader receive cmd 79
0 leader receive cmd 27
4 leader receive cmd 80
0 leader receive cmd 28
4 leader receive cmd 81
0 leader receive cmd 29
4 leader receive cmd 82
0 leader receive cmd 30
4 leader receive cmd 83
0 leader receive cmd 31
4 leader receive cmd 84
0 leader receive cmd 32
4 leader receive cmd 85
0 leader receive cmd 33
4 leader receive cmd 86
0 leader receive cmd 34
4 leader receive cmd 87
0 leader receive cmd 35
4 leader receive cmd 88
0 leader receive cmd 36
4 leader receive cmd 89
0 leader receive cmd 37
4 leader receive cmd 90
0 leader receive cmd 38
4 leader receive cmd 91
0 leader receive cmd 39
4 leader receive cmd 92
0 leader receive cmd 40
4 leader receive cmd 93
0 leader receive cmd 41
4 leader receive cmd 94
3 become leader in term 5
0 leader receive cmd 42
3 leader receive cmd 2
4 leader receive cmd 95
0 leader receive cmd 43
3 leader receive cmd 3
4 leader receive cmd 96
0 leader receive cmd 44
3 leader receive cmd 4
4 leader receive cmd 97
0 leader receive cmd 45
3 leader receive cmd 5
4 leader receive cmd 98
0 leader receive cmd 46
3 leader receive cmd 6
4 leader receive cmd 99
0 leader receive cmd 47
3 leader receive cmd 7
4 leader receive cmd 100
0 leader receive cmd 48
3 leader receive cmd 8
4 leader receive cmd 101
0 leader receive cmd 49
3 leader receive cmd 9
4 leader receive cmd 102
0 leader receive cmd 50
3 leader receive cmd 10
4 leader receive cmd 103
0 leader receive cmd 51
3 leader receive cmd 11
0 leader receive cmd 52
3 leader receive cmd 12
0 leader receive cmd 53
3 leader receive cmd 13
0 leader receive cmd 54
3 leader receive cmd 14
0 leader receive cmd 55
3 leader receive cmd 15
4 become leader in term 6
0 leader receive cmd 56
3 leader receive cmd 16
4 leader receive cmd 104
0 leader receive cmd 57
3 leader receive cmd 17
4 leader receive cmd 105
0 leader receive cmd 58
3 leader receive cmd 18
4 leader receive cmd 106
0 leader receive cmd 59
3 leader receive cmd 19
4 leader receive cmd 107
0 leader receive cmd 60
3 leader receive cmd 20
4 leader receive cmd 108
0 leader receive cmd 61
3 leader receive cmd 21
4 leader receive cmd 109
3 leader receive cmd 22
4 leader receive cmd 110
3 leader receive cmd 23
4 leader receive cmd 111
3 leader receive cmd 24
4 leader receive cmd 112
3 leader receive cmd 25
4 leader receive cmd 113
0 become leader in term 7
0 leader receive cmd 62
3 leader receive cmd 26
4 leader receive cmd 114
0 leader receive cmd 63
3 leader receive cmd 27
4 leader receive cmd 115
0 leader receive cmd 64
3 leader receive cmd 28
0 leader receive cmd 65
3 leader receive cmd 29
0 leader receive cmd 66
3 leader receive cmd 30
0 leader receive cmd 67
3 leader receive cmd 31
0 leader receive cmd 68
3 leader receive cmd 32
0 leader receive cmd 69
3 leader receive cmd 33
0 leader receive cmd 70
3 leader receive cmd 34
0 leader receive cmd 71
3 leader receive cmd 35
0 leader receive cmd 72
3 leader receive cmd 36
0 leader receive cmd 73
3 leader receive cmd 37
0 leader receive cmd 74
3 leader receive cmd 38
0 leader receive cmd 75
3 leader receive cmd 39
0 leader receive cmd 76
3 leader receive cmd 40
0 leader receive cmd 77
3 leader receive cmd 41
0 leader receive cmd 78
3 leader receive cmd 42
0 leader receive cmd 79
3 leader receive cmd 43
0 leader receive cmd 80
3 leader receive cmd 44
2 become leader in term 10
0 leader receive cmd 81
2 leader receive cmd 63
3 leader receive cmd 45
0 leader receive cmd 82
2 leader receive cmd 64
3 leader receive cmd 46
0 leader receive cmd 83
2 leader receive cmd 65
3 leader receive cmd 47
0 leader receive cmd 84
2 leader receive cmd 66
3 leader receive cmd 48
0 leader receive cmd 85
2 leader receive cmd 67
3 leader receive cmd 49
leader 2 commit_index update to 63
0 leader receive cmd 86
2 leader receive cmd 68
3 leader receive cmd 50
0 leader receive cmd 87
2 leader receive cmd 69
3 leader receive cmd 51
0 leader receive cmd 88
2 leader receive cmd 70
3 leader receive cmd 52
0 leader receive cmd 89
2 leader receive cmd 71
3 leader receive cmd 53
0 leader receive cmd 90
2 leader receive cmd 72
3 leader receive cmd 54
0 leader receive cmd 91
2 leader receive cmd 73
3 leader receive cmd 55
0 leader receive cmd 92
2 leader receive cmd 74
3 leader receive cmd 56
0 leader receive cmd 93
2 leader receive cmd 75
3 leader receive cmd 57
0 leader receive cmd 94
2 leader receive cmd 76
3 leader receive cmd 58
0 leader receive cmd 95
2 leader receive cmd 77
3 leader receive cmd 59
0 leader receive cmd 96
2 leader receive cmd 78
3 leader receive cmd 60
0 leader receive cmd 97
2 leader receive cmd 79
3 leader receive cmd 61
0 leader receive cmd 98
2 leader receive cmd 80
3 leader receive cmd 62
0 leader receive cmd 99
2 leader receive cmd 81
3 leader receive cmd 63
0 leader receive cmd 100
2 leader receive cmd 82
3 leader receive cmd 64
0 leader receive cmd 101
2 leader receive cmd 83
3 leader receive cmd 65
0 leader receive cmd 102
2 leader receive cmd 84
3 leader receive cmd 66
0 leader receive cmd 103
2 leader receive cmd 85
3 leader receive cmd 67
0 leader receive cmd 104
2 leader receive cmd 86
3 leader receive cmd 68
0 leader receive cmd 105
2 leader receive cmd 87
3 leader receive cmd 69
0 leader receive cmd 106
2 leader receive cmd 88
3 leader receive cmd 70
0 leader receive cmd 107
2 leader receive cmd 89
3 leader receive cmd 71
0 leader receive cmd 108
2 leader receive cmd 90
3 leader receive cmd 72
0 leader receive cmd 109
2 leader receive cmd 91
3 leader receive cmd 73
0 leader receive cmd 110
2 leader receive cmd 92
3 leader receive cmd 74
0 leader receive cmd 111
2 leader receive cmd 93
3 leader receive cmd 75
0 leader receive cmd 112
2 leader receive cmd 94
3 leader receive cmd 76
0 leader receive cmd 113
2 leader receive cmd 95
3 leader receive cmd 77
0 leader receive cmd 114
2 leader receive cmd 96
3 leader receive cmd 78
0 leader receive cmd 115
2 leader receive cmd 97
3 leader receive cmd 79
follower 1 commit_index update to 63
follower 4 commit_index update to 63
leader 2 commit_index update to 64
follower 1 commit_index update to 64
follower 4 commit_index update to 64
leader 2 commit_index update to 65
follower 4 commit_index update to 65
leader 2 commit_index update to 66
follower 4 commit_index update to 66
leader 2 commit_index update to 67
follower 4 commit_index update to 67
follower 1 commit_index update to 67
leader 2 commit_index update to 68
follower 4 commit_index update to 68
follower 1 commit_index update to 68
leader 2 commit_index update to 69
follower 1 commit_index update to 69
follower 4 commit_index update to 69
leader 2 commit_index update to 70
follower 4 commit_index update to 70
0 leader receive cmd 116
2 leader receive cmd 98
3 leader receive cmd 80
0 leader receive cmd 117
2 leader receive cmd 99
3 leader receive cmd 81
follower 1 commit_index update to 70
0 leader receive cmd 118
2 leader receive cmd 100
3 leader receive cmd 82
0 leader receive cmd 119
2 leader receive cmd 101
3 leader receive cmd 83
leader 2 commit_index update to 71
follower 1 commit_index update to 71
leader 2 commit_index update to 72
follower 4 commit_index update to 72
follower 1 commit_index update to 72
leader 2 commit_index update to 73
follower 4 commit_index update to 73
follower 1 commit_index update to 73
leader 2 commit_index update to 74
follower 4 commit_index update to 74
leader 2 commit_index update to 75
follower 1 commit_index update to 75
follower 4 commit_index update to 75
leader 2 commit_index update to 76
follower 1 commit_index update to 76
follower 4 commit_index update to 76
leader 2 commit_index update to 77
follower 1 commit_index update to 77
follower 4 commit_index update to 77
leader 2 commit_index update to 78
0 leader receive cmd 120
2 leader receive cmd 102
3 leader receive cmd 84
0 leader receive cmd 121
2 leader receive cmd 103
3 leader receive cmd 85
0 leader receive cmd 122
2 leader receive cmd 104
3 leader receive cmd 86
0 leader receive cmd 123
follower 4 commit_index update to 78
2 leader receive cmd 105
3 leader receive cmd 87
follower 1 commit_index update to 78
0 leader receive cmd 124
2 leader receive cmd 106
3 leader receive cmd 88
0 leader receive cmd 125
2 leader receive cmd 107
3 leader receive cmd 89
leader 2 commit_index update to 79
leader 2 commit_index update to 80
leader 2 commit_index update to 81
leader 2 commit_index update to 82
leader 2 commit_index update to 83
0 leader receive cmd 126
2 leader receive cmd 108
3 leader receive cmd 90
0 leader receive cmd 127
2 leader receive cmd 109
3 leader receive cmd 91
0 leader receive cmd 128
2 leader receive cmd 110
3 leader receive cmd 92
0 leader receive cmd 129
2 leader receive cmd 111
3 leader receive cmd 93
0 leader receive cmd 130
2 leader receive cmd 112
3 leader receive cmd 94
0 leader receive cmd 131
2 leader receive cmd 113
3 leader receive cmd 95
leader 2 commit_index update to 84
0 leader receive cmd 132
2 leader receive cmd 114
3 leader receive cmd 96
0 leader receive cmd 133
2 leader receive cmd 115
3 leader receive cmd 97
0 leader receive cmd 134
2 leader receive cmd 116
3 leader receive cmd 98
0 leader receive cmd 135
2 leader receive cmd 117
3 leader receive cmd 99
0 leader receive cmd 136
2 leader receive cmd 118
3 leader receive cmd 100
leader 2 commit_index update to 85
0 leader receive cmd 137
2 leader receive cmd 119
3 leader receive cmd 101
0 leader receive cmd 138
2 leader receive cmd 120
3 leader receive cmd 102
0 leader receive cmd 139
2 leader receive cmd 121
3 leader receive cmd 103
0 leader receive cmd 140
2 leader receive cmd 122
3 leader receive cmd 104
0 leader receive cmd 141
2 leader receive cmd 123
3 leader receive cmd 105
leader 2 commit_index update to 86
0 leader receive cmd 142
2 leader receive cmd 124
3 leader receive cmd 106
0 leader receive cmd 143
2 leader receive cmd 125
3 leader receive cmd 107
0 leader receive cmd 144
2 leader receive cmd 126
3 leader receive cmd 108
leader 2 commit_index update to 87
leader 2 commit_index update to 88
leader 2 commit_index update to 89
0 leader receive cmd 145
2 leader receive cmd 127
leader 2 commit_index update to 90
0 leader receive cmd 146
2 leader receive cmd 128
0 leader receive cmd 147
2 leader receive cmd 129
0 leader receive cmd 148
2 leader receive cmd 130
0 leader receive cmd 149
2 leader receive cmd 131
0 leader receive cmd 150
2 leader receive cmd 132
0 leader receive cmd 151
2 leader receive cmd 133
0 leader receive cmd 152
2 leader receive cmd 134
0 leader receive cmd 153
2 leader receive cmd 135
0 leader receive cmd 154
2 leader receive cmd 136
leader 2 commit_index update to 91
leader 2 commit_index update to 92
leader 2 commit_index update to 93
leader 2 commit_index update to 94
leader 2 commit_index update to 95
leader 2 commit_index update to 96
leader 2 commit_index update to 97
leader 2 commit_index update to 98
leader 2 commit_index update to 99
0 leader receive cmd 155
2 leader receive cmd 137
0 leader receive cmd 156
2 leader receive cmd 138
0 leader receive cmd 157
2 leader receive cmd 139
0 leader receive cmd 158
2 leader receive cmd 140
0 leader receive cmd 159
2 leader receive cmd 141
0 leader receive cmd 160
2 leader receive cmd 142
leader 2 commit_index update to 100
0 leader receive cmd 161
2 leader receive cmd 143
0 leader receive cmd 162
2 leader receive cmd 144
0 leader receive cmd 163
2 leader receive cmd 145
0 leader receive cmd 164
2 leader receive cmd 146
0 leader receive cmd 165
2 leader receive cmd 147
0 leader receive cmd 166
2 leader receive cmd 148
0 leader receive cmd 167
2 leader receive cmd 149
0 leader receive cmd 168
2 leader receive cmd 150
leader 2 commit_index update to 101
0 leader receive cmd 169
2 leader receive cmd 151
0 leader receive cmd 170
2 leader receive cmd 152
0 leader receive cmd 171
2 leader receive cmd 153
0 leader receive cmd 172
2 leader receive cmd 154
0 leader receive cmd 173
2 leader receive cmd 155
0 leader receive cmd 174
2 leader receive cmd 156
0 leader receive cmd 175
2 leader receive cmd 157
0 leader receive cmd 176
2 leader receive cmd 158
0 leader receive cmd 177
2 leader receive cmd 159
0 leader receive cmd 178
2 leader receive cmd 160
0 leader receive cmd 179
2 leader receive cmd 161
0 leader receive cmd 180
2 leader receive cmd 162
0 leader receive cmd 181
2 leader receive cmd 163
0 leader receive cmd 182
2 leader receive cmd 164
0 leader receive cmd 183
2 leader receive cmd 165
0 leader receive cmd 184
2 leader receive cmd 166
0 leader receive cmd 185
2 leader receive cmd 167
0 leader receive cmd 186
2 leader receive cmd 168
0 leader receive cmd 187
2 leader receive cmd 169
0 leader receive cmd 188
2 leader receive cmd 170
0 leader receive cmd 189
2 leader receive cmd 171
0 leader receive cmd 190
2 leader receive cmd 172
0 leader receive cmd 191
2 leader receive cmd 173
0 leader receive cmd 192
2 leader receive cmd 174
0 leader receive cmd 193
2 leader receive cmd 175
0 leader receive cmd 194
2 leader receive cmd 176
0 leader receive cmd 195
2 leader receive cmd 177
0 leader receive cmd 196
2 leader receive cmd 178
0 leader receive cmd 197
2 leader receive cmd 179
0 leader receive cmd 198
2 leader receive cmd 180
0 leader receive cmd 199
2 leader receive cmd 181
0 leader receive cmd 200
2 leader receive cmd 182
0 leader receive cmd 201
2 leader receive cmd 183
0 leader receive cmd 202
2 leader receive cmd 184
0 leader receive cmd 203
2 leader receive cmd 185
0 leader receive cmd 204
2 leader receive cmd 186
0 leader receive cmd 205
2 leader receive cmd 187
0 leader receive cmd 206
2 leader receive cmd 188
0 leader receive cmd 207
2 leader receive cmd 189
0 leader receive cmd 208
2 leader receive cmd 190
0 leader receive cmd 209
2 leader receive cmd 191
0 leader receive cmd 210
2 leader receive cmd 192
0 leader receive cmd 211
2 leader receive cmd 193
0 leader receive cmd 212
2 leader receive cmd 194
0 leader receive cmd 213
2 leader receive cmd 195
0 leader receive cmd 214
2 leader receive cmd 196
0 leader receive cmd 215
2 leader receive cmd 197
0 leader receive cmd 216
2 leader receive cmd 198
0 leader receive cmd 217
2 leader receive cmd 199
0 leader receive cmd 218
2 leader receive cmd 200
0 leader receive cmd 219
2 leader receive cmd 201
0 leader receive cmd 220
2 leader receive cmd 202
0 leader receive cmd 221
2 leader receive cmd 203
0 leader receive cmd 222
2 leader receive cmd 204
0 leader receive cmd 223
2 leader receive cmd 205
0 leader receive cmd 224
2 leader receive cmd 206
0 leader receive cmd 225
2 leader receive cmd 207
0 leader receive cmd 226
2 leader receive cmd 208
0 leader receive cmd 227
2 leader receive cmd 209
0 leader receive cmd 228
2 leader receive cmd 210
0 leader receive cmd 229
2 leader receive cmd 211
0 leader receive cmd 230
2 leader receive cmd 212
0 leader receive cmd 231
2 leader receive cmd 213
0 leader receive cmd 232
2 leader receive cmd 214
0 leader receive cmd 233
2 leader receive cmd 215
0 leader receive cmd 234
2 leader receive cmd 216
0 leader receive cmd 235
2 leader receive cmd 217
0 leader receive cmd 236
2 leader receive cmd 218
0 leader receive cmd 237
2 leader receive cmd 219
0 leader receive cmd 238
2 leader receive cmd 220
0 leader receive cmd 239
2 leader receive cmd 221
0 leader receive cmd 240
2 leader receive cmd 222
0 leader receive cmd 241
2 leader receive cmd 223
0 leader receive cmd 242
2 leader receive cmd 224
0 leader receive cmd 243
2 leader receive cmd 225
0 leader receive cmd 244
2 leader receive cmd 226
0 leader receive cmd 245
2 leader receive cmd 227
0 leader receive cmd 246
2 leader receive cmd 228
0 leader receive cmd 247
2 leader receive cmd 229
0 leader receive cmd 248
2 leader receive cmd 230
0 leader receive cmd 249
2 leader receive cmd 231
1 become leader in term 17
0 leader receive cmd 250
2 leader receive cmd 232
0 leader receive cmd 251
2 leader receive cmd 233
0 leader receive cmd 252
2 leader receive cmd 234
0 leader receive cmd 253
2 leader receive cmd 235
0 leader receive cmd 254
2 leader receive cmd 236
0 leader receive cmd 255
2 leader receive cmd 237
0 leader receive cmd 256
2 leader receive cmd 238
0 leader receive cmd 257
2 leader receive cmd 239
0 leader receive cmd 258
2 leader receive cmd 240
0 leader receive cmd 259
2 leader receive cmd 241
0 leader receive cmd 260
2 leader receive cmd 242
0 leader receive cmd 261
2 leader receive cmd 243
0 leader receive cmd 262
2 leader receive cmd 244
0 leader receive cmd 263
2 leader receive cmd 245
0 leader receive cmd 264
2 leader receive cmd 246
0 leader receive cmd 265
2 leader receive cmd 247
0 leader receive cmd 266
2 leader receive cmd 248
0 leader receive cmd 267
2 leader receive cmd 249
0 leader receive cmd 268
2 leader receive cmd 250
0 leader receive cmd 269
2 leader receive cmd 251
0 leader receive cmd 270
2 leader receive cmd 252
0 leader receive cmd 271
2 leader receive cmd 253
0 leader receive cmd 272
2 leader receive cmd 254
0 leader receive cmd 273
2 leader receive cmd 255
0 leader receive cmd 274
2 leader receive cmd 256
0 leader receive cmd 275
2 leader receive cmd 257
0 leader receive cmd 276
2 leader receive cmd 258
0 leader receive cmd 277
2 leader receive cmd 259
4 become leader in term 19
panic: runtime error: slice bounds out of range [104:102]

goroutine 283859 [running]:
6.5840/raft.(*Raft).heartbeat_sender.func1(0x2)
	D:/6.824/src/raft/raft.go:714 +0x931
created by 6.5840/raft.(*Raft).heartbeat_sender in goroutine 283824
	D:/6.824/src/raft/raft.go:664 +0x213
exit status 2
FAIL	6.5840/raft	77.915s
