Test (3C): basic persistence ...
2 become leader in term 1
2 leader receive cmd 1
leader 2 commit_index update to 1
follower 1 commit_index update to 1
follower 0 commit_index update to 1
2 become leader in term 2
2 leader receive cmd 2
leader 2 commit_index update to 2
follower 1 commit_index update to 2
follower 0 commit_index update to 2
2 become leader in term 3
2 leader receive cmd 3
leader 2 commit_index update to 3
follower 1 commit_index update to 3
follower 0 commit_index update to 3
1 become leader in term 4
1 leader receive cmd 4
leader 1 commit_index update to 4
follower 0 commit_index update to 4
follower 2 commit_index update to 4
1 leader receive cmd 5
leader 1 commit_index update to 5
follower 0 commit_index update to 5
1 leader receive cmd 6
follower 2 commit_index update to 5
leader 1 commit_index update to 6
follower 2 commit_index update to 6
follower 0 commit_index update to 6
  ... Passed --   3.5  3  354   80953    6
Test (3C): more persistence ...
2 become leader in term 1
2 leader receive cmd 1
leader 2 commit_index update to 1
follower 4 commit_index update to 1
follower 1 commit_index update to 1
follower 0 commit_index update to 1
follower 3 commit_index update to 1
2 leader receive cmd 2
leader 2 commit_index update to 2
follower 0 commit_index update to 2
follower 1 commit_index update to 2
0 become leader in term 6
0 leader receive cmd 3
leader 0 commit_index update to 3
follower 4 commit_index update to 3
follower 3 commit_index update to 3
2 leader receive cmd 3
follower 2 commit_index update to 3
follower 1 commit_index update to 3
0 leader receive cmd 4
leader 0 commit_index update to 4
follower 2 commit_index update to 4
follower 3 commit_index update to 4
follower 1 commit_index update to 4
follower 4 commit_index update to 4
0 leader receive cmd 5
leader 0 commit_index update to 5
follower 4 commit_index update to 5
follower 3 commit_index update to 5
3 become leader in term 10
3 leader receive cmd 6
leader 3 commit_index update to 6
follower 1 commit_index update to 6
follower 2 commit_index update to 6
3 leader receive cmd 7
follower 4 commit_index update to 6
follower 0 commit_index update to 6
leader 3 commit_index update to 7
follower 4 commit_index update to 7
follower 0 commit_index update to 7
follower 2 commit_index update to 7
follower 1 commit_index update to 7
3 leader receive cmd 8
leader 3 commit_index update to 8
follower 1 commit_index update to 8
follower 2 commit_index update to 8
1 become leader in term 14
1 leader receive cmd 9
leader 1 commit_index update to 9
follower 4 commit_index update to 9
follower 0 commit_index update to 9
1 leader receive cmd 10
follower 3 commit_index update to 9
follower 2 commit_index update to 9
leader 1 commit_index update to 10
follower 4 commit_index update to 10
follower 0 commit_index update to 10
follower 3 commit_index update to 10
follower 2 commit_index update to 10
1 leader receive cmd 11
leader 1 commit_index update to 11
follower 4 commit_index update to 11
follower 0 commit_index update to 11
4 become leader in term 19
4 leader receive cmd 12
leader 4 commit_index update to 12
follower 3 commit_index update to 12
follower 2 commit_index update to 12
1 leader receive cmd 12
follower 1 commit_index update to 12
follower 0 commit_index update to 12
4 leader receive cmd 13
leader 4 commit_index update to 13
follower 3 commit_index update to 13
follower 1 commit_index update to 13
follower 2 commit_index update to 13
follower 0 commit_index update to 13
4 leader receive cmd 14
leader 4 commit_index update to 14
follower 3 commit_index update to 14
follower 2 commit_index update to 14
2 become leader in term 23
2 leader receive cmd 15
leader 2 commit_index update to 15
follower 1 commit_index update to 15
follower 0 commit_index update to 15
2 leader receive cmd 16
follower 4 commit_index update to 15
follower 3 commit_index update to 15
leader 2 commit_index update to 16
follower 3 commit_index update to 16
follower 0 commit_index update to 16
follower 1 commit_index update to 16
follower 4 commit_index update to 16
  ... Passed --  16.7  5 1542  374132   16
Test (3C): partitioned leader and one follower crash, leader restarts ...
0 become leader in term 1
0 leader receive cmd 1
leader 0 commit_index update to 1
follower 2 commit_index update to 1
follower 1 commit_index update to 1
0 leader receive cmd 2
leader 0 commit_index update to 2
follower 1 commit_index update to 2
0 become leader in term 2
0 leader receive cmd 3
leader 0 commit_index update to 3
follower 2 commit_index update to 3
0 leader receive cmd 4
follower 1 commit_index update to 3
leader 0 commit_index update to 4
follower 2 commit_index update to 4
follower 1 commit_index update to 4
  ... Passed --   1.6  3   64   16457    4
Test (3C): Figure 8 ...
4 become leader in term 1
4 leader receive cmd 1
leader 4 commit_index update to 1
follower 3 commit_index update to 1
follower 1 commit_index update to 1
follower 0 commit_index update to 1
follower 2 commit_index update to 1
4 leader receive cmd 2
3 become leader in term 2
3 leader receive cmd 2
0 become leader in term 3
0 leader receive cmd 2
0 become leader in term 4
0 leader receive cmd 3
leader 0 commit_index update to 3
0 become leader in term 5
0 leader receive cmd 4
0 become leader in term 7
0 leader receive cmd 5
0 become leader in term 9
0 leader receive cmd 6
2 become leader in term 10
follower 4 commit_index update to 1
2 leader receive cmd 6
2 become leader in term 12
2 leader receive cmd 7
2 become leader in term 13
2 leader receive cmd 8
1 become leader in term 14
follower 3 commit_index update to 1
1 leader receive cmd 8
2 become leader in term 16
2 leader receive cmd 9
2 become leader in term 17
2 leader receive cmd 10
2 become leader in term 18
2 leader receive cmd 11
2 become leader in term 19
2 leader receive cmd 12
3 become leader in term 20
follower 0 commit_index update to 1
3 leader receive cmd 12
3 become leader in term 21
3 leader receive cmd 13
4 become leader in term 22
follower 2 commit_index update to 1
4 leader receive cmd 13
2 become leader in term 23
follower 1 commit_index update to 1
2 leader receive cmd 13
2 become leader in term 24
2 leader receive cmd 14
leader 2 commit_index update to 14
1 become leader in term 25
follower 4 commit_index update to 1
1 leader receive cmd 15
leader 1 commit_index update to 15
1 become leader in term 26
1 leader receive cmd 16
4 become leader in term 27
follower 3 commit_index update to 1
4 leader receive cmd 16
0 become leader in term 28
follower 2 commit_index update to 1
0 leader receive cmd 17
2 become leader in term 29
follower 1 commit_index update to 1
2 leader receive cmd 17
0 become leader in term 33
0 leader receive cmd 18
0 become leader in term 34
0 leader receive cmd 19
0 become leader in term 35
0 leader receive cmd 20
1 become leader in term 36
follower 2 commit_index update to 1
1 leader receive cmd 20
2 become leader in term 37
follower 4 commit_index update to 1
2 leader receive cmd 20
2 become leader in term 38
2 leader receive cmd 21
2 become leader in term 40
2 leader receive cmd 22
2 become leader in term 41
2 leader receive cmd 23
leader 2 commit_index update to 23
2 become leader in term 42
2 leader receive cmd 24
4 become leader in term 43
follower 0 commit_index update to 1
4 leader receive cmd 24
2 become leader in term 46
2 leader receive cmd 25
2 become leader in term 47
2 leader receive cmd 26
2 become leader in term 48
2 leader receive cmd 27
3 become leader in term 49
follower 4 commit_index update to 1
3 leader receive cmd 27
4 become leader in term 50
4 leader receive cmd 27
follower 1 commit_index update to 1
3 become leader in term 53
3 leader receive cmd 28
4 become leader in term 56
4 leader receive cmd 28
0 become leader in term 57
follower 2 commit_index update to 1
0 leader receive cmd 28
0 become leader in term 58
0 leader receive cmd 29
leader 0 commit_index update to 29
follower 4 commit_index update to 29
follower 1 commit_index update to 29
follower 2 commit_index update to 29
follower 3 commit_index update to 29
  ... Passed --  29.5  5 53204 17717535   29
Test (3C): unreliable agreement ...
4 become leader in term 1
4 leader receive cmd 1
4 leader receive cmd 2
4 leader receive cmd 3
4 leader receive cmd 4
4 leader receive cmd 5
leader 4 commit_index update to 1
follower 3 commit_index update to 1
follower 1 commit_index update to 1
4 leader receive cmd 6
4 leader receive cmd 7
4 leader receive cmd 8
4 leader receive cmd 9
4 leader receive cmd 10
follower 0 commit_index update to 1
follower 2 commit_index update to 1
leader 4 commit_index update to 2
follower 1 commit_index update to 2
follower 3 commit_index update to 2
follower 0 commit_index update to 2
follower 2 commit_index update to 2
leader 4 commit_index update to 3
follower 0 commit_index update to 3
follower 2 commit_index update to 3
follower 1 commit_index update to 3
follower 3 commit_index update to 3
leader 4 commit_index update to 4
follower 2 commit_index update to 4
follower 0 commit_index update to 4
follower 3 commit_index update to 4
follower 1 commit_index update to 4
leader 4 commit_index update to 5
follower 0 commit_index update to 5
follower 3 commit_index update to 5
follower 1 commit_index update to 5
follower 2 commit_index update to 5
leader 4 commit_index update to 6
4 leader receive cmd 11
4 leader receive cmd 12
4 leader receive cmd 13
4 leader receive cmd 14
4 leader receive cmd 15
follower 0 commit_index update to 6
follower 1 commit_index update to 6
follower 3 commit_index update to 6
leader 4 commit_index update to 7
follower 2 commit_index update to 7
follower 1 commit_index update to 7
follower 3 commit_index update to 7
leader 4 commit_index update to 8
follower 2 commit_index update to 8
follower 0 commit_index update to 8
follower 3 commit_index update to 8
follower 1 commit_index update to 8
leader 4 commit_index update to 9
follower 0 commit_index update to 9
follower 3 commit_index update to 9
follower 2 commit_index update to 9
follower 1 commit_index update to 9
leader 4 commit_index update to 10
follower 0 commit_index update to 10
follower 2 commit_index update to 10
follower 1 commit_index update to 10
follower 3 commit_index update to 10
leader 4 commit_index update to 11
follower 2 commit_index update to 11
follower 0 commit_index update to 11
4 leader receive cmd 16
4 leader receive cmd 17
4 leader receive cmd 18
4 leader receive cmd 19
4 leader receive cmd 20
follower 1 commit_index update to 11
follower 3 commit_index update to 11
leader 4 commit_index update to 12
follower 3 commit_index update to 12
follower 1 commit_index update to 12
follower 2 commit_index update to 12
leader 4 commit_index update to 13
follower 1 commit_index update to 13
follower 2 commit_index update to 13
leader 4 commit_index update to 14
follower 3 commit_index update to 14
follower 1 commit_index update to 14
follower 2 commit_index update to 14
leader 4 commit_index update to 15
follower 0 commit_index update to 15
follower 2 commit_index update to 15
follower 3 commit_index update to 15
follower 1 commit_index update to 15
leader 4 commit_index update to 16
4 leader receive cmd 21
4 leader receive cmd 22
4 leader receive cmd 23
4 leader receive cmd 24
4 leader receive cmd 25
follower 3 commit_index update to 16
follower 1 commit_index update to 16
follower 2 commit_index update to 16
follower 0 commit_index update to 16
leader 4 commit_index update to 17
follower 3 commit_index update to 17
follower 1 commit_index update to 17
follower 0 commit_index update to 17
follower 2 commit_index update to 17
leader 4 commit_index update to 18
follower 2 commit_index update to 18
follower 0 commit_index update to 18
follower 1 commit_index update to 18
leader 4 commit_index update to 19
follower 2 commit_index update to 19
follower 1 commit_index update to 19
leader 4 commit_index update to 20
follower 3 commit_index update to 20
follower 2 commit_index update to 20
follower 1 commit_index update to 20
follower 0 commit_index update to 20
leader 4 commit_index update to 21
follower 1 commit_index update to 21
follower 3 commit_index update to 21
4 leader receive cmd 26
4 leader receive cmd 27
4 leader receive cmd 28
4 leader receive cmd 29
4 leader receive cmd 30
follower 2 commit_index update to 21
leader 4 commit_index update to 22
follower 2 commit_index update to 22
follower 1 commit_index update to 22
follower 0 commit_index update to 22
follower 3 commit_index update to 22
leader 4 commit_index update to 23
follower 2 commit_index update to 23
follower 0 commit_index update to 23
follower 3 commit_index update to 23
follower 1 commit_index update to 23
leader 4 commit_index update to 24
follower 0 commit_index update to 24
follower 1 commit_index update to 24
follower 2 commit_index update to 24
leader 4 commit_index update to 25
follower 3 commit_index update to 25
follower 1 commit_index update to 25
follower 0 commit_index update to 25
follower 2 commit_index update to 25
leader 4 commit_index update to 26
follower 2 commit_index update to 26
4 leader receive cmd 31
4 leader receive cmd 32
4 leader receive cmd 33
4 leader receive cmd 34
4 leader receive cmd 35
follower 3 commit_index update to 26
follower 1 commit_index update to 26
follower 0 commit_index update to 26
leader 4 commit_index update to 27
follower 0 commit_index update to 27
follower 2 commit_index update to 27
follower 3 commit_index update to 27
follower 1 commit_index update to 27
leader 4 commit_index update to 28
follower 0 commit_index update to 28
follower 1 commit_index update to 28
follower 3 commit_index update to 28
leader 4 commit_index update to 29
follower 1 commit_index update to 29
follower 3 commit_index update to 29
follower 2 commit_index update to 29
leader 4 commit_index update to 30
follower 1 commit_index update to 30
follower 0 commit_index update to 30
follower 2 commit_index update to 30
leader 4 commit_index update to 31
4 leader receive cmd 36
4 leader receive cmd 37
4 leader receive cmd 38
4 leader receive cmd 39
4 leader receive cmd 40
follower 0 commit_index update to 31
follower 2 commit_index update to 31
follower 3 commit_index update to 31
leader 4 commit_index update to 32
follower 2 commit_index update to 32
follower 3 commit_index update to 32
follower 0 commit_index update to 32
leader 4 commit_index update to 33
follower 2 commit_index update to 33
follower 1 commit_index update to 33
follower 0 commit_index update to 33
leader 4 commit_index update to 34
follower 3 commit_index update to 34
follower 0 commit_index update to 34
follower 2 commit_index update to 34
follower 1 commit_index update to 34
leader 4 commit_index update to 35
follower 2 commit_index update to 35
follower 3 commit_index update to 35
follower 1 commit_index update to 35
follower 0 commit_index update to 35
leader 4 commit_index update to 36
follower 2 commit_index update to 36
follower 1 commit_index update to 36
4 leader receive cmd 41
4 leader receive cmd 42
4 leader receive cmd 43
4 leader receive cmd 44
4 leader receive cmd 45
follower 0 commit_index update to 36
follower 3 commit_index update to 36
leader 4 commit_index update to 37
follower 0 commit_index update to 37
follower 1 commit_index update to 37
follower 3 commit_index update to 37
follower 2 commit_index update to 37
leader 4 commit_index update to 38
follower 2 commit_index update to 38
follower 3 commit_index update to 38
follower 1 commit_index update to 38
follower 0 commit_index update to 38
leader 4 commit_index update to 39
follower 2 commit_index update to 39
follower 3 commit_index update to 39
follower 1 commit_index update to 39
follower 0 commit_index update to 39
leader 4 commit_index update to 40
follower 2 commit_index update to 40
follower 3 commit_index update to 40
follower 0 commit_index update to 40
follower 1 commit_index update to 40
leader 4 commit_index update to 41
4 leader receive cmd 46
4 leader receive cmd 47
4 leader receive cmd 48
4 leader receive cmd 49
4 leader receive cmd 50
follower 0 commit_index update to 41
follower 1 commit_index update to 41
leader 4 commit_index update to 42
follower 3 commit_index update to 42
follower 1 commit_index update to 42
follower 0 commit_index update to 42
follower 2 commit_index update to 42
leader 4 commit_index update to 43
follower 2 commit_index update to 43
follower 0 commit_index update to 43
leader 4 commit_index update to 44
follower 1 commit_index update to 44
follower 2 commit_index update to 44
follower 3 commit_index update to 44
follower 0 commit_index update to 44
leader 4 commit_index update to 45
follower 1 commit_index update to 45
follower 3 commit_index update to 45
follower 2 commit_index update to 45
follower 0 commit_index update to 45
leader 4 commit_index update to 46
4 leader receive cmd 51
4 leader receive cmd 52
4 leader receive cmd 53
4 leader receive cmd 54
4 leader receive cmd 55
follower 0 commit_index update to 46
follower 1 commit_index update to 46
follower 2 commit_index update to 46
follower 3 commit_index update to 46
leader 4 commit_index update to 47
follower 0 commit_index update to 47
follower 1 commit_index update to 47
follower 3 commit_index update to 47
follower 2 commit_index update to 47
leader 4 commit_index update to 48
follower 3 commit_index update to 48
follower 0 commit_index update to 48
follower 2 commit_index update to 48
follower 1 commit_index update to 48
leader 4 commit_index update to 49
follower 1 commit_index update to 49
follower 3 commit_index update to 49
follower 2 commit_index update to 49
follower 0 commit_index update to 49
leader 4 commit_index update to 50
follower 3 commit_index update to 50
follower 2 commit_index update to 50
follower 1 commit_index update to 50
leader 4 commit_index update to 51
follower 2 commit_index update to 51
follower 0 commit_index update to 51
4 leader receive cmd 56
4 leader receive cmd 57
4 leader receive cmd 58
4 leader receive cmd 59
4 leader receive cmd 60
follower 1 commit_index update to 51
follower 3 commit_index update to 51
leader 4 commit_index update to 52
follower 1 commit_index update to 52
follower 0 commit_index update to 52
follower 2 commit_index update to 52
follower 3 commit_index update to 52
leader 4 commit_index update to 53
follower 0 commit_index update to 53
follower 1 commit_index update to 53
follower 3 commit_index update to 53
follower 2 commit_index update to 53
leader 4 commit_index update to 54
follower 1 commit_index update to 54
follower 0 commit_index update to 54
follower 2 commit_index update to 54
follower 3 commit_index update to 54
leader 4 commit_index update to 55
follower 0 commit_index update to 55
follower 2 commit_index update to 55
follower 3 commit_index update to 55
follower 1 commit_index update to 55
leader 4 commit_index update to 56
4 leader receive cmd 61
4 leader receive cmd 62
4 leader receive cmd 63
4 leader receive cmd 64
follower 2 commit_index update to 56
4 leader receive cmd 65
follower 1 commit_index update to 56
follower 0 commit_index update to 56
follower 3 commit_index update to 56
leader 4 commit_index update to 57
follower 3 commit_index update to 57
follower 0 commit_index update to 57
follower 2 commit_index update to 57
leader 4 commit_index update to 58
follower 0 commit_index update to 58
follower 3 commit_index update to 58
follower 1 commit_index update to 58
follower 2 commit_index update to 58
leader 4 commit_index update to 59
follower 1 commit_index update to 59
follower 0 commit_index update to 59
follower 3 commit_index update to 59
follower 2 commit_index update to 59
leader 4 commit_index update to 60
follower 0 commit_index update to 60
follower 1 commit_index update to 60
follower 3 commit_index update to 60
leader 4 commit_index update to 61
4 leader receive cmd 66
4 leader receive cmd 67
4 leader receive cmd 68
4 leader receive cmd 69
4 leader receive cmd 70
follower 1 commit_index update to 61
follower 2 commit_index update to 61
follower 0 commit_index update to 61
follower 3 commit_index update to 61
leader 4 commit_index update to 62
follower 1 commit_index update to 62
follower 3 commit_index update to 62
follower 0 commit_index update to 62
follower 2 commit_index update to 62
leader 4 commit_index update to 63
follower 0 commit_index update to 63
follower 1 commit_index update to 63
follower 2 commit_index update to 63
follower 3 commit_index update to 63
leader 4 commit_index update to 64
follower 3 commit_index update to 64
follower 2 commit_index update to 64
follower 1 commit_index update to 64
follower 0 commit_index update to 64
leader 4 commit_index update to 65
follower 2 commit_index update to 65
follower 3 commit_index update to 65
follower 1 commit_index update to 65
follower 0 commit_index update to 65
leader 4 commit_index update to 66
follower 0 commit_index update to 66
follower 2 commit_index update to 66
4 leader receive cmd 71
4 leader receive cmd 72
4 leader receive cmd 73
4 leader receive cmd 74
4 leader receive cmd 75
follower 3 commit_index update to 66
leader 4 commit_index update to 67
follower 0 commit_index update to 67
follower 3 commit_index update to 67
follower 1 commit_index update to 67
follower 2 commit_index update to 67
leader 4 commit_index update to 68
follower 3 commit_index update to 68
follower 1 commit_index update to 68
follower 0 commit_index update to 68
follower 2 commit_index update to 68
leader 4 commit_index update to 69
follower 0 commit_index update to 69
follower 3 commit_index update to 69
follower 1 commit_index update to 69
follower 2 commit_index update to 69
leader 4 commit_index update to 70
follower 2 commit_index update to 70
follower 3 commit_index update to 70
follower 1 commit_index update to 70
follower 0 commit_index update to 70
leader 4 commit_index update to 71
4 leader receive cmd 76
follower 0 commit_index update to 71
4 leader receive cmd 77
4 leader receive cmd 78
4 leader receive cmd 79
4 leader receive cmd 80
follower 1 commit_index update to 71
follower 2 commit_index update to 71
leader 4 commit_index update to 72
follower 0 commit_index update to 72
follower 3 commit_index update to 72
follower 2 commit_index update to 72
leader 4 commit_index update to 73
follower 3 commit_index update to 73
follower 2 commit_index update to 73
follower 1 commit_index update to 73
leader 4 commit_index update to 74
follower 1 commit_index update to 74
follower 2 commit_index update to 74
follower 0 commit_index update to 74
follower 3 commit_index update to 74
leader 4 commit_index update to 75
follower 0 commit_index update to 75
follower 3 commit_index update to 75
follower 1 commit_index update to 75
leader 4 commit_index update to 76
4 leader receive cmd 81
4 leader receive cmd 82
4 leader receive cmd 83
4 leader receive cmd 84
4 leader receive cmd 85
follower 2 commit_index update to 76
follower 1 commit_index update to 76
follower 0 commit_index update to 76
follower 3 commit_index update to 76
leader 4 commit_index update to 77
follower 2 commit_index update to 77
follower 1 commit_index update to 77
follower 3 commit_index update to 77
follower 0 commit_index update to 77
leader 4 commit_index update to 78
follower 2 commit_index update to 78
follower 0 commit_index update to 78
follower 3 commit_index update to 78
leader 4 commit_index update to 79
follower 3 commit_index update to 79
follower 0 commit_index update to 79
leader 4 commit_index update to 80
follower 2 commit_index update to 80
follower 1 commit_index update to 80
follower 3 commit_index update to 80
follower 0 commit_index update to 80
leader 4 commit_index update to 81
follower 1 commit_index update to 81
follower 3 commit_index update to 81
4 leader receive cmd 86
4 leader receive cmd 87
4 leader receive cmd 88
4 leader receive cmd 89
4 leader receive cmd 90
follower 0 commit_index update to 81
follower 2 commit_index update to 81
leader 4 commit_index update to 82
follower 3 commit_index update to 82
follower 2 commit_index update to 82
follower 1 commit_index update to 82
follower 0 commit_index update to 82
leader 4 commit_index update to 83
follower 0 commit_index update to 83
follower 1 commit_index update to 83
follower 2 commit_index update to 83
follower 3 commit_index update to 83
leader 4 commit_index update to 84
follower 1 commit_index update to 84
follower 0 commit_index update to 84
follower 2 commit_index update to 84
leader 4 commit_index update to 85
follower 2 commit_index update to 85
follower 3 commit_index update to 85
follower 0 commit_index update to 85
follower 1 commit_index update to 85
leader 4 commit_index update to 86
4 leader receive cmd 91
4 leader receive cmd 92
4 leader receive cmd 93
4 leader receive cmd 94
4 leader receive cmd 95
follower 1 commit_index update to 86
follower 0 commit_index update to 86
follower 3 commit_index update to 86
follower 2 commit_index update to 86
leader 4 commit_index update to 87
follower 1 commit_index update to 87
follower 3 commit_index update to 87
follower 2 commit_index update to 87
follower 0 commit_index update to 87
leader 4 commit_index update to 88
follower 0 commit_index update to 88
follower 3 commit_index update to 88
follower 2 commit_index update to 88
follower 1 commit_index update to 88
leader 4 commit_index update to 89
follower 2 commit_index update to 89
follower 1 commit_index update to 89
follower 0 commit_index update to 89
leader 4 commit_index update to 90
follower 1 commit_index update to 90
follower 3 commit_index update to 90
follower 0 commit_index update to 90
leader 4 commit_index update to 91
4 leader receive cmd 96
4 leader receive cmd 97
4 leader receive cmd 98
4 leader receive cmd 99
4 leader receive cmd 100
follower 3 commit_index update to 91
follower 0 commit_index update to 91
follower 1 commit_index update to 91
follower 2 commit_index update to 91
leader 4 commit_index update to 92
follower 2 commit_index update to 92
follower 0 commit_index update to 92
follower 1 commit_index update to 92
follower 3 commit_index update to 92
leader 4 commit_index update to 93
follower 3 commit_index update to 93
follower 1 commit_index update to 93
follower 2 commit_index update to 93
leader 4 commit_index update to 94
follower 2 commit_index update to 94
follower 0 commit_index update to 94
follower 1 commit_index update to 94
follower 3 commit_index update to 94
leader 4 commit_index update to 95
follower 3 commit_index update to 95
follower 1 commit_index update to 95
follower 0 commit_index update to 95
leader 4 commit_index update to 96
follower 2 commit_index update to 96
follower 1 commit_index update to 96
follower 0 commit_index update to 96
4 leader receive cmd 101
4 leader receive cmd 102
4 leader receive cmd 103
4 leader receive cmd 104
4 leader receive cmd 105
follower 3 commit_index update to 96
leader 4 commit_index update to 97
follower 0 commit_index update to 97
follower 2 commit_index update to 97
follower 3 commit_index update to 97
follower 1 commit_index update to 97
leader 4 commit_index update to 98
follower 3 commit_index update to 98
follower 2 commit_index update to 98
follower 0 commit_index update to 98
follower 1 commit_index update to 98
leader 4 commit_index update to 99
follower 0 commit_index update to 99
follower 1 commit_index update to 99
follower 3 commit_index update to 99
follower 2 commit_index update to 99
leader 4 commit_index update to 100
follower 0 commit_index update to 100
follower 1 commit_index update to 100
follower 3 commit_index update to 100
leader 4 commit_index update to 101
follower 1 commit_index update to 101
4 leader receive cmd 106
4 leader receive cmd 107
4 leader receive cmd 108
4 leader receive cmd 109
4 leader receive cmd 110
follower 2 commit_index update to 101
follower 3 commit_index update to 101
leader 4 commit_index update to 102
follower 3 commit_index update to 102
follower 0 commit_index update to 102
follower 1 commit_index update to 102
follower 2 commit_index update to 102
leader 4 commit_index update to 103
follower 1 commit_index update to 103
follower 3 commit_index update to 103
follower 0 commit_index update to 103
follower 2 commit_index update to 103
leader 4 commit_index update to 104
follower 0 commit_index update to 104
follower 1 commit_index update to 104
follower 3 commit_index update to 104
follower 2 commit_index update to 104
leader 4 commit_index update to 105
follower 1 commit_index update to 105
follower 3 commit_index update to 105
follower 2 commit_index update to 105
follower 0 commit_index update to 105
leader 4 commit_index update to 106
4 leader receive cmd 111
4 leader receive cmd 112
4 leader receive cmd 113
4 leader receive cmd 114
4 leader receive cmd 115
follower 2 commit_index update to 106
follower 3 commit_index update to 106
follower 0 commit_index update to 106
leader 4 commit_index update to 107
follower 3 commit_index update to 107
follower 2 commit_index update to 107
follower 1 commit_index update to 107
leader 4 commit_index update to 108
follower 3 commit_index update to 108
follower 1 commit_index update to 108
follower 0 commit_index update to 108
leader 4 commit_index update to 109
follower 1 commit_index update to 109
follower 0 commit_index update to 109
follower 2 commit_index update to 109
follower 3 commit_index update to 109
leader 4 commit_index update to 110
follower 0 commit_index update to 110
follower 3 commit_index update to 110
follower 1 commit_index update to 110
follower 2 commit_index update to 110
leader 4 commit_index update to 111
follower 1 commit_index update to 111
follower 0 commit_index update to 111
follower 3 commit_index update to 111
4 leader receive cmd 116
4 leader receive cmd 117
4 leader receive cmd 118
4 leader receive cmd 119
4 leader receive cmd 120
follower 2 commit_index update to 111
leader 4 commit_index update to 112
follower 0 commit_index update to 112
follower 3 commit_index update to 112
follower 1 commit_index update to 112
follower 2 commit_index update to 112
leader 4 commit_index update to 113
follower 0 commit_index update to 113
follower 2 commit_index update to 113
follower 1 commit_index update to 113
leader 4 commit_index update to 114
follower 1 commit_index update to 114
follower 0 commit_index update to 114
follower 2 commit_index update to 114
leader 4 commit_index update to 115
follower 2 commit_index update to 115
follower 0 commit_index update to 115
follower 3 commit_index update to 115
follower 1 commit_index update to 115
leader 4 commit_index update to 116
follower 2 commit_index update to 116
4 leader receive cmd 121
4 leader receive cmd 122
4 leader receive cmd 123
4 leader receive cmd 124
4 leader receive cmd 125
follower 3 commit_index update to 116
follower 1 commit_index update to 116
leader 4 commit_index update to 117
follower 0 commit_index update to 117
follower 3 commit_index update to 117
follower 2 commit_index update to 117
leader 4 commit_index update to 118
follower 0 commit_index update to 118
follower 2 commit_index update to 118
follower 1 commit_index update to 118
leader 4 commit_index update to 119
follower 1 commit_index update to 119
follower 3 commit_index update to 119
follower 0 commit_index update to 119
follower 2 commit_index update to 119
leader 4 commit_index update to 120
follower 1 commit_index update to 120
follower 2 commit_index update to 120
follower 3 commit_index update to 120
leader 4 commit_index update to 121
4 leader receive cmd 126
4 leader receive cmd 127
4 leader receive cmd 128
4 leader receive cmd 129
4 leader receive cmd 130
follower 2 commit_index update to 121
follower 1 commit_index update to 121
leader 4 commit_index update to 122
follower 2 commit_index update to 122
follower 3 commit_index update to 122
follower 1 commit_index update to 122
leader 4 commit_index update to 123
follower 1 commit_index update to 123
follower 2 commit_index update to 123
follower 0 commit_index update to 123
leader 4 commit_index update to 124
follower 0 commit_index update to 124
follower 3 commit_index update to 124
follower 1 commit_index update to 124
follower 2 commit_index update to 124
leader 4 commit_index update to 125
follower 3 commit_index update to 125
follower 0 commit_index update to 125
follower 1 commit_index update to 125
follower 2 commit_index update to 125
leader 4 commit_index update to 126
follower 0 commit_index update to 126
follower 2 commit_index update to 126
follower 3 commit_index update to 126
follower 1 commit_index update to 126
4 leader receive cmd 131
4 leader receive cmd 132
4 leader receive cmd 133
4 leader receive cmd 134
4 leader receive cmd 135
leader 4 commit_index update to 127
follower 1 commit_index update to 127
follower 0 commit_index update to 127
follower 3 commit_index update to 127
follower 2 commit_index update to 127
leader 4 commit_index update to 128
follower 2 commit_index update to 128
follower 0 commit_index update to 128
follower 3 commit_index update to 128
follower 1 commit_index update to 128
leader 4 commit_index update to 129
follower 2 commit_index update to 129
follower 0 commit_index update to 129
follower 3 commit_index update to 129
follower 1 commit_index update to 129
leader 4 commit_index update to 130
follower 1 commit_index update to 130
follower 2 commit_index update to 130
follower 3 commit_index update to 130
leader 4 commit_index update to 131
follower 1 commit_index update to 131
follower 2 commit_index update to 131
4 leader receive cmd 136
4 leader receive cmd 137
4 leader receive cmd 138
4 leader receive cmd 139
4 leader receive cmd 140
follower 3 commit_index update to 131
follower 0 commit_index update to 131
leader 4 commit_index update to 132
follower 1 commit_index update to 132
follower 3 commit_index update to 132
follower 2 commit_index update to 132
leader 4 commit_index update to 133
follower 3 commit_index update to 133
follower 0 commit_index update to 133
follower 1 commit_index update to 133
follower 2 commit_index update to 133
leader 4 commit_index update to 134
follower 2 commit_index update to 134
follower 1 commit_index update to 134
follower 3 commit_index update to 134
follower 0 commit_index update to 134
leader 4 commit_index update to 135
follower 3 commit_index update to 135
follower 1 commit_index update to 135
follower 2 commit_index update to 135
leader 4 commit_index update to 136
4 leader receive cmd 141
4 leader receive cmd 142
4 leader receive cmd 143
4 leader receive cmd 144
4 leader receive cmd 145
follower 0 commit_index update to 136
follower 3 commit_index update to 136
follower 2 commit_index update to 136
follower 1 commit_index update to 136
leader 4 commit_index update to 137
follower 3 commit_index update to 137
follower 2 commit_index update to 137
leader 4 commit_index update to 138
follower 2 commit_index update to 138
follower 1 commit_index update to 138
follower 3 commit_index update to 138
follower 0 commit_index update to 138
leader 4 commit_index update to 139
follower 0 commit_index update to 139
follower 2 commit_index update to 139
leader 4 commit_index update to 140
follower 2 commit_index update to 140
follower 0 commit_index update to 140
follower 3 commit_index update to 140
leader 4 commit_index update to 141
follower 0 commit_index update to 141
follower 3 commit_index update to 141
follower 2 commit_index update to 141
4 leader receive cmd 146
4 leader receive cmd 147
4 leader receive cmd 148
4 leader receive cmd 149
4 leader receive cmd 150
follower 1 commit_index update to 141
leader 4 commit_index update to 142
follower 1 commit_index update to 142
follower 3 commit_index update to 142
follower 2 commit_index update to 142
follower 0 commit_index update to 142
leader 4 commit_index update to 143
follower 0 commit_index update to 143
follower 3 commit_index update to 143
follower 2 commit_index update to 143
follower 1 commit_index update to 143
leader 4 commit_index update to 144
follower 0 commit_index update to 144
follower 3 commit_index update to 144
follower 2 commit_index update to 144
follower 1 commit_index update to 144
leader 4 commit_index update to 145
follower 2 commit_index update to 145
follower 1 commit_index update to 145
follower 0 commit_index update to 145
leader 4 commit_index update to 146
4 leader receive cmd 151
follower 3 commit_index update to 146
4 leader receive cmd 152
4 leader receive cmd 153
4 leader receive cmd 154
4 leader receive cmd 155
follower 0 commit_index update to 146
follower 1 commit_index update to 146
follower 2 commit_index update to 146
leader 4 commit_index update to 147
follower 3 commit_index update to 147
follower 2 commit_index update to 147
follower 0 commit_index update to 147
follower 1 commit_index update to 147
leader 4 commit_index update to 148
follower 0 commit_index update to 148
follower 3 commit_index update to 148
follower 1 commit_index update to 148
follower 2 commit_index update to 148
leader 4 commit_index update to 149
follower 1 commit_index update to 149
follower 2 commit_index update to 149
leader 4 commit_index update to 150
follower 2 commit_index update to 150
follower 0 commit_index update to 150
follower 1 commit_index update to 150
follower 3 commit_index update to 150
leader 4 commit_index update to 151
4 leader receive cmd 156
4 leader receive cmd 157
4 leader receive cmd 158
4 leader receive cmd 159
4 leader receive cmd 160
follower 2 commit_index update to 151
follower 1 commit_index update to 151
follower 0 commit_index update to 151
follower 3 commit_index update to 151
leader 4 commit_index update to 152
follower 1 commit_index update to 152
follower 3 commit_index update to 152
follower 2 commit_index update to 152
follower 0 commit_index update to 152
leader 4 commit_index update to 153
follower 2 commit_index update to 153
follower 1 commit_index update to 153
follower 0 commit_index update to 153
leader 4 commit_index update to 154
follower 0 commit_index update to 154
follower 1 commit_index update to 154
follower 3 commit_index update to 154
follower 2 commit_index update to 154
leader 4 commit_index update to 155
follower 3 commit_index update to 155
follower 1 commit_index update to 155
follower 2 commit_index update to 155
leader 4 commit_index update to 156
follower 0 commit_index update to 156
4 leader receive cmd 161
4 leader receive cmd 162
4 leader receive cmd 163
4 leader receive cmd 164
4 leader receive cmd 165
follower 3 commit_index update to 156
follower 2 commit_index update to 156
leader 4 commit_index update to 157
follower 2 commit_index update to 157
follower 3 commit_index update to 157
follower 1 commit_index update to 157
follower 0 commit_index update to 157
leader 4 commit_index update to 158
follower 0 commit_index update to 158
follower 3 commit_index update to 158
leader 4 commit_index update to 159
follower 3 commit_index update to 159
follower 1 commit_index update to 159
follower 0 commit_index update to 159
leader 4 commit_index update to 160
follower 1 commit_index update to 160
follower 0 commit_index update to 160
follower 2 commit_index update to 160
follower 3 commit_index update to 160
leader 4 commit_index update to 161
follower 2 commit_index update to 161
4 leader receive cmd 166
4 leader receive cmd 167
4 leader receive cmd 168
4 leader receive cmd 169
4 leader receive cmd 170
follower 0 commit_index update to 161
follower 1 commit_index update to 161
leader 4 commit_index update to 162
follower 1 commit_index update to 162
follower 2 commit_index update to 162
follower 3 commit_index update to 162
leader 4 commit_index update to 163
follower 1 commit_index update to 163
follower 2 commit_index update to 163
follower 0 commit_index update to 163
follower 3 commit_index update to 163
leader 4 commit_index update to 164
follower 0 commit_index update to 164
follower 3 commit_index update to 164
follower 2 commit_index update to 164
follower 1 commit_index update to 164
leader 4 commit_index update to 165
follower 3 commit_index update to 165
follower 2 commit_index update to 165
follower 0 commit_index update to 165
leader 4 commit_index update to 166
follower 1 commit_index update to 166
4 leader receive cmd 171
4 leader receive cmd 172
4 leader receive cmd 173
4 leader receive cmd 174
4 leader receive cmd 175
follower 2 commit_index update to 166
follower 3 commit_index update to 166
follower 0 commit_index update to 166
leader 4 commit_index update to 167
follower 0 commit_index update to 167
follower 3 commit_index update to 167
follower 2 commit_index update to 167
follower 1 commit_index update to 167
leader 4 commit_index update to 168
follower 3 commit_index update to 168
follower 0 commit_index update to 168
follower 1 commit_index update to 168
follower 2 commit_index update to 168
leader 4 commit_index update to 169
follower 2 commit_index update to 169
follower 0 commit_index update to 169
follower 1 commit_index update to 169
follower 3 commit_index update to 169
leader 4 commit_index update to 170
follower 3 commit_index update to 170
follower 1 commit_index update to 170
follower 0 commit_index update to 170
follower 2 commit_index update to 170
leader 4 commit_index update to 171
follower 3 commit_index update to 171
follower 1 commit_index update to 171
4 leader receive cmd 176
4 leader receive cmd 177
4 leader receive cmd 178
4 leader receive cmd 179
4 leader receive cmd 180
follower 0 commit_index update to 171
follower 2 commit_index update to 171
leader 4 commit_index update to 172
follower 3 commit_index update to 172
follower 0 commit_index update to 172
follower 1 commit_index update to 172
follower 2 commit_index update to 172
leader 4 commit_index update to 173
follower 3 commit_index update to 173
leader 4 commit_index update to 174
follower 3 commit_index update to 174
follower 2 commit_index update to 174
follower 0 commit_index update to 174
follower 1 commit_index update to 174
leader 4 commit_index update to 175
follower 0 commit_index update to 175
follower 3 commit_index update to 175
follower 2 commit_index update to 175
follower 1 commit_index update to 175
leader 4 commit_index update to 176
follower 2 commit_index update to 176
4 leader receive cmd 181
4 leader receive cmd 182
4 leader receive cmd 183
4 leader receive cmd 184
4 leader receive cmd 185
follower 3 commit_index update to 176
follower 1 commit_index update to 176
follower 0 commit_index update to 176
leader 4 commit_index update to 177
follower 2 commit_index update to 177
follower 0 commit_index update to 177
follower 3 commit_index update to 177
follower 1 commit_index update to 177
leader 4 commit_index update to 178
follower 0 commit_index update to 178
follower 2 commit_index update to 178
follower 1 commit_index update to 178
follower 3 commit_index update to 178
leader 4 commit_index update to 179
follower 0 commit_index update to 179
follower 1 commit_index update to 179
follower 3 commit_index update to 179
follower 2 commit_index update to 179
leader 4 commit_index update to 180
follower 1 commit_index update to 180
follower 0 commit_index update to 180
follower 3 commit_index update to 180
leader 4 commit_index update to 181
4 leader receive cmd 186
4 leader receive cmd 187
4 leader receive cmd 188
4 leader receive cmd 189
4 leader receive cmd 190
follower 1 commit_index update to 181
follower 2 commit_index update to 181
follower 3 commit_index update to 181
follower 0 commit_index update to 181
leader 4 commit_index update to 182
follower 0 commit_index update to 182
follower 3 commit_index update to 182
follower 2 commit_index update to 182
follower 1 commit_index update to 182
leader 4 commit_index update to 183
follower 0 commit_index update to 183
follower 2 commit_index update to 183
follower 3 commit_index update to 183
follower 1 commit_index update to 183
leader 4 commit_index update to 184
follower 0 commit_index update to 184
follower 1 commit_index update to 184
follower 2 commit_index update to 184
follower 3 commit_index update to 184
leader 4 commit_index update to 185
follower 3 commit_index update to 185
follower 0 commit_index update to 185
follower 2 commit_index update to 185
follower 1 commit_index update to 185
leader 4 commit_index update to 186
follower 2 commit_index update to 186
4 leader receive cmd 191
4 leader receive cmd 192
4 leader receive cmd 193
4 leader receive cmd 194
4 leader receive cmd 195
follower 3 commit_index update to 186
follower 1 commit_index update to 186
leader 4 commit_index update to 187
follower 2 commit_index update to 187
follower 1 commit_index update to 187
follower 3 commit_index update to 187
leader 4 commit_index update to 188
follower 1 commit_index update to 188
follower 0 commit_index update to 188
follower 2 commit_index update to 188
leader 4 commit_index update to 189
follower 2 commit_index update to 189
follower 1 commit_index update to 189
follower 3 commit_index update to 189
follower 0 commit_index update to 189
leader 4 commit_index update to 190
follower 1 commit_index update to 190
follower 3 commit_index update to 190
follower 2 commit_index update to 190
follower 0 commit_index update to 190
leader 4 commit_index update to 191
follower 0 commit_index update to 191
follower 3 commit_index update to 191
follower 1 commit_index update to 191
leader 4 commit_index update to 192
follower 3 commit_index update to 192
follower 2 commit_index update to 192
4 leader receive cmd 196
4 leader receive cmd 197
4 leader receive cmd 198
4 leader receive cmd 199
4 leader receive cmd 200
leader 4 commit_index update to 193
follower 0 commit_index update to 193
follower 2 commit_index update to 193
follower 1 commit_index update to 193
follower 3 commit_index update to 193
leader 4 commit_index update to 194
follower 2 commit_index update to 194
follower 3 commit_index update to 194
follower 1 commit_index update to 194
follower 0 commit_index update to 194
leader 4 commit_index update to 195
follower 0 commit_index update to 195
follower 3 commit_index update to 195
follower 2 commit_index update to 195
follower 1 commit_index update to 195
leader 4 commit_index update to 196
4 leader receive cmd 201
4 leader receive cmd 202
4 leader receive cmd 203
4 leader receive cmd 204
4 leader receive cmd 205
follower 2 commit_index update to 196
follower 3 commit_index update to 196
follower 0 commit_index update to 196
leader 4 commit_index update to 197
follower 2 commit_index update to 197
follower 1 commit_index update to 197
follower 0 commit_index update to 197
follower 3 commit_index update to 197
leader 4 commit_index update to 198
follower 2 commit_index update to 198
follower 0 commit_index update to 198
follower 1 commit_index update to 198
follower 3 commit_index update to 198
leader 4 commit_index update to 199
follower 1 commit_index update to 199
follower 0 commit_index update to 199
follower 3 commit_index update to 199
follower 2 commit_index update to 199
leader 4 commit_index update to 200
follower 2 commit_index update to 200
follower 3 commit_index update to 200
follower 0 commit_index update to 200
follower 1 commit_index update to 200
leader 4 commit_index update to 201
follower 0 commit_index update to 201
4 leader receive cmd 206
follower 1 commit_index update to 201
4 leader receive cmd 207
4 leader receive cmd 208
4 leader receive cmd 209
4 leader receive cmd 210
follower 3 commit_index update to 201
leader 4 commit_index update to 202
follower 2 commit_index update to 202
follower 1 commit_index update to 202
follower 0 commit_index update to 202
leader 4 commit_index update to 203
follower 2 commit_index update to 203
follower 0 commit_index update to 203
follower 1 commit_index update to 203
leader 4 commit_index update to 204
follower 1 commit_index update to 204
follower 0 commit_index update to 204
follower 3 commit_index update to 204
follower 2 commit_index update to 204
leader 4 commit_index update to 205
follower 2 commit_index update to 205
follower 1 commit_index update to 205
follower 3 commit_index update to 205
follower 0 commit_index update to 205
leader 4 commit_index update to 206
follower 1 commit_index update to 206
follower 3 commit_index update to 206
4 leader receive cmd 211
4 leader receive cmd 212
4 leader receive cmd 213
4 leader receive cmd 214
4 leader receive cmd 215
follower 2 commit_index update to 206
leader 4 commit_index update to 207
follower 3 commit_index update to 207
follower 1 commit_index update to 207
follower 2 commit_index update to 207
follower 0 commit_index update to 207
leader 4 commit_index update to 208
follower 0 commit_index update to 208
follower 2 commit_index update to 208
follower 1 commit_index update to 208
follower 3 commit_index update to 208
leader 4 commit_index update to 209
follower 3 commit_index update to 209
follower 0 commit_index update to 209
follower 2 commit_index update to 209
follower 1 commit_index update to 209
leader 4 commit_index update to 210
follower 0 commit_index update to 210
follower 3 commit_index update to 210
follower 2 commit_index update to 210
follower 1 commit_index update to 210
leader 4 commit_index update to 211
4 leader receive cmd 216
4 leader receive cmd 217
4 leader receive cmd 218
4 leader receive cmd 219
4 leader receive cmd 220
follower 0 commit_index update to 211
follower 1 commit_index update to 211
follower 2 commit_index update to 211
follower 3 commit_index update to 211
leader 4 commit_index update to 212
follower 1 commit_index update to 212
follower 3 commit_index update to 212
follower 0 commit_index update to 212
follower 2 commit_index update to 212
leader 4 commit_index update to 213
follower 3 commit_index update to 213
follower 1 commit_index update to 213
leader 4 commit_index update to 214
follower 2 commit_index update to 214
follower 1 commit_index update to 214
follower 0 commit_index update to 214
leader 4 commit_index update to 215
follower 2 commit_index update to 215
follower 0 commit_index update to 215
follower 3 commit_index update to 215
follower 1 commit_index update to 215
leader 4 commit_index update to 216
follower 3 commit_index update to 216
follower 0 commit_index update to 216
follower 2 commit_index update to 216
follower 1 commit_index update to 216
4 leader receive cmd 221
4 leader receive cmd 222
4 leader receive cmd 223
4 leader receive cmd 224
4 leader receive cmd 225
leader 4 commit_index update to 217
follower 1 commit_index update to 217
follower 2 commit_index update to 217
follower 3 commit_index update to 217
follower 0 commit_index update to 217
leader 4 commit_index update to 218
follower 2 commit_index update to 218
follower 1 commit_index update to 218
follower 0 commit_index update to 218
follower 3 commit_index update to 218
leader 4 commit_index update to 219
follower 0 commit_index update to 219
follower 2 commit_index update to 219
follower 1 commit_index update to 219
follower 3 commit_index update to 219
leader 4 commit_index update to 220
follower 0 commit_index update to 220
follower 1 commit_index update to 220
follower 2 commit_index update to 220
leader 4 commit_index update to 221
follower 0 commit_index update to 221
follower 2 commit_index update to 221
4 leader receive cmd 226
4 leader receive cmd 227
4 leader receive cmd 228
4 leader receive cmd 229
4 leader receive cmd 230
follower 1 commit_index update to 221
follower 3 commit_index update to 221
leader 4 commit_index update to 222
follower 3 commit_index update to 222
follower 1 commit_index update to 222
follower 0 commit_index update to 222
leader 4 commit_index update to 223
follower 1 commit_index update to 223
follower 2 commit_index update to 223
follower 0 commit_index update to 223
leader 4 commit_index update to 224
follower 0 commit_index update to 224
follower 2 commit_index update to 224
follower 3 commit_index update to 224
follower 1 commit_index update to 224
leader 4 commit_index update to 225
follower 3 commit_index update to 225
follower 0 commit_index update to 225
follower 1 commit_index update to 225
leader 4 commit_index update to 226
4 leader receive cmd 231
4 leader receive cmd 232
4 leader receive cmd 233
4 leader receive cmd 234
4 leader receive cmd 235
follower 0 commit_index update to 226
follower 2 commit_index update to 226
follower 1 commit_index update to 226
follower 3 commit_index update to 226
leader 4 commit_index update to 227
follower 1 commit_index update to 227
follower 0 commit_index update to 227
follower 2 commit_index update to 227
follower 3 commit_index update to 227
leader 4 commit_index update to 228
follower 3 commit_index update to 228
follower 1 commit_index update to 228
follower 2 commit_index update to 228
follower 0 commit_index update to 228
leader 4 commit_index update to 229
follower 1 commit_index update to 229
follower 0 commit_index update to 229
follower 2 commit_index update to 229
leader 4 commit_index update to 230
follower 2 commit_index update to 230
follower 1 commit_index update to 230
follower 0 commit_index update to 230
follower 3 commit_index update to 230
leader 4 commit_index update to 231
follower 3 commit_index update to 231
follower 0 commit_index update to 231
4 leader receive cmd 236
4 leader receive cmd 237
4 leader receive cmd 238
4 leader receive cmd 239
4 leader receive cmd 240
follower 2 commit_index update to 231
follower 1 commit_index update to 231
leader 4 commit_index update to 232
follower 1 commit_index update to 232
follower 3 commit_index update to 232
follower 2 commit_index update to 232
leader 4 commit_index update to 233
follower 2 commit_index update to 233
follower 1 commit_index update to 233
follower 0 commit_index update to 233
follower 3 commit_index update to 233
leader 4 commit_index update to 234
follower 3 commit_index update to 234
follower 1 commit_index update to 234
follower 0 commit_index update to 234
leader 4 commit_index update to 235
follower 2 commit_index update to 235
follower 0 commit_index update to 235
follower 3 commit_index update to 235
follower 1 commit_index update to 235
leader 4 commit_index update to 236
follower 2 commit_index update to 236
follower 3 commit_index update to 236
4 leader receive cmd 241
4 leader receive cmd 242
4 leader receive cmd 243
4 leader receive cmd 244
4 leader receive cmd 245
follower 0 commit_index update to 236
follower 1 commit_index update to 236
leader 4 commit_index update to 237
follower 0 commit_index update to 237
follower 1 commit_index update to 237
follower 3 commit_index update to 237
follower 2 commit_index update to 237
leader 4 commit_index update to 238
follower 0 commit_index update to 238
follower 1 commit_index update to 238
follower 3 commit_index update to 238
follower 2 commit_index update to 238
leader 4 commit_index update to 239
follower 1 commit_index update to 239
follower 3 commit_index update to 239
follower 2 commit_index update to 239
follower 0 commit_index update to 239
leader 4 commit_index update to 240
follower 1 commit_index update to 240
follower 3 commit_index update to 240
follower 0 commit_index update to 240
leader 4 commit_index update to 241
follower 0 commit_index update to 241
follower 3 commit_index update to 241
follower 2 commit_index update to 241
leader 4 commit_index update to 242
follower 3 commit_index update to 242
follower 0 commit_index update to 242
follower 1 commit_index update to 242
follower 2 commit_index update to 242
leader 4 commit_index update to 243
follower 0 commit_index update to 243
follower 1 commit_index update to 243
follower 3 commit_index update to 243
follower 2 commit_index update to 243
leader 4 commit_index update to 244
follower 1 commit_index update to 244
follower 2 commit_index update to 244
follower 0 commit_index update to 244
follower 3 commit_index update to 244
leader 4 commit_index update to 245
follower 0 commit_index update to 245
follower 2 commit_index update to 245
follower 1 commit_index update to 245
follower 3 commit_index update to 245
4 leader receive cmd 246
leader 4 commit_index update to 246
follower 0 commit_index update to 246
follower 3 commit_index update to 246
follower 2 commit_index update to 246
follower 1 commit_index update to 246
  ... Passed --  12.9  5 1000  306102  246
Test (3C): Figure 8 (unreliable) ...
3 become leader in term 1
3 leader receive cmd 1
leader 3 commit_index update to 1
3 leader receive cmd 2
follower 1 commit_index update to 1
follower 2 commit_index update to 1
follower 4 commit_index update to 1
follower 0 commit_index update to 1
leader 3 commit_index update to 2
follower 0 commit_index update to 2
follower 2 commit_index update to 2
follower 1 commit_index update to 2
follower 4 commit_index update to 2
3 leader receive cmd 3
3 leader receive cmd 4
3 leader receive cmd 5
3 leader receive cmd 6
3 leader receive cmd 7
3 leader receive cmd 8
3 leader receive cmd 9
3 leader receive cmd 10
3 leader receive cmd 11
3 leader receive cmd 12
3 leader receive cmd 13
3 leader receive cmd 14
3 leader receive cmd 15
3 leader receive cmd 16
3 leader receive cmd 17
3 leader receive cmd 18
3 leader receive cmd 19
3 leader receive cmd 20
3 leader receive cmd 21
3 leader receive cmd 22
3 leader receive cmd 23
3 leader receive cmd 24
3 leader receive cmd 25
3 leader receive cmd 26
3 leader receive cmd 27
3 leader receive cmd 28
3 leader receive cmd 29
3 leader receive cmd 30
3 leader receive cmd 31
3 leader receive cmd 32
3 leader receive cmd 33
3 leader receive cmd 34
3 leader receive cmd 35
4 become leader in term 2
3 leader receive cmd 36
4 leader receive cmd 3
3 leader receive cmd 37
4 leader receive cmd 4
3 leader receive cmd 38
4 leader receive cmd 5
3 leader receive cmd 39
4 leader receive cmd 6
3 leader receive cmd 40
4 leader receive cmd 7
0 become leader in term 3
0 leader receive cmd 3
3 leader receive cmd 41
4 leader receive cmd 8
0 leader receive cmd 4
3 leader receive cmd 42
4 leader receive cmd 9
0 leader receive cmd 5
3 leader receive cmd 43
4 leader receive cmd 10
0 leader receive cmd 6
3 leader receive cmd 44
4 leader receive cmd 11
0 leader receive cmd 7
3 leader receive cmd 45
4 leader receive cmd 12
0 leader receive cmd 8
3 leader receive cmd 46
4 leader receive cmd 13
0 leader receive cmd 9
3 leader receive cmd 47
4 leader receive cmd 14
0 leader receive cmd 10
3 leader receive cmd 48
4 leader receive cmd 15
0 leader receive cmd 11
3 leader receive cmd 49
4 leader receive cmd 16
0 leader receive cmd 12
4 leader receive cmd 17
0 leader receive cmd 13
4 leader receive cmd 18
0 leader receive cmd 14
4 leader receive cmd 19
0 leader receive cmd 15
4 leader receive cmd 20
0 leader receive cmd 16
4 leader receive cmd 21
0 leader receive cmd 17
4 leader receive cmd 22
0 leader receive cmd 18
4 leader receive cmd 23
0 leader receive cmd 19
4 leader receive cmd 24
0 leader receive cmd 20
4 leader receive cmd 25
0 leader receive cmd 21
4 leader receive cmd 26
0 leader receive cmd 22
4 leader receive cmd 27
0 leader receive cmd 23
4 leader receive cmd 28
0 leader receive cmd 24
4 leader receive cmd 29
0 leader receive cmd 25
4 leader receive cmd 30
0 leader receive cmd 26
4 leader receive cmd 31
0 leader receive cmd 27
4 leader receive cmd 32
0 leader receive cmd 28
4 leader receive cmd 33
0 leader receive cmd 29
4 leader receive cmd 34
0 leader receive cmd 30
4 leader receive cmd 35
0 leader receive cmd 31
4 leader receive cmd 36
0 leader receive cmd 32
4 leader receive cmd 37
0 leader receive cmd 33
4 leader receive cmd 38
0 leader receive cmd 34
4 leader receive cmd 39
0 leader receive cmd 35
4 leader receive cmd 40
0 leader receive cmd 36
4 leader receive cmd 41
0 leader receive cmd 37
4 leader receive cmd 42
0 leader receive cmd 38
4 leader receive cmd 43
0 leader receive cmd 39
4 leader receive cmd 44
0 leader receive cmd 40
4 leader receive cmd 45
0 leader receive cmd 41
4 leader receive cmd 46
0 leader receive cmd 42
4 leader receive cmd 47
0 leader receive cmd 43
4 leader receive cmd 48
0 leader receive cmd 44
4 leader receive cmd 49
3 become leader in term 4
0 leader receive cmd 45
3 leader receive cmd 50
4 leader receive cmd 50
0 leader receive cmd 46
3 leader receive cmd 51
4 leader receive cmd 51
0 leader receive cmd 47
3 leader receive cmd 52
4 leader receive cmd 52
0 leader receive cmd 48
3 leader receive cmd 53
4 leader receive cmd 53
0 leader receive cmd 49
3 leader receive cmd 54
4 leader receive cmd 54
0 leader receive cmd 50
3 leader receive cmd 55
4 leader receive cmd 55
0 leader receive cmd 51
3 leader receive cmd 56
0 leader receive cmd 52
3 leader receive cmd 57
0 leader receive cmd 53
3 leader receive cmd 58
0 leader receive cmd 54
3 leader receive cmd 59
0 leader receive cmd 55
3 leader receive cmd 60
0 leader receive cmd 56
3 leader receive cmd 61
0 leader receive cmd 57
3 leader receive cmd 62
0 leader receive cmd 58
3 leader receive cmd 63
3 leader receive cmd 64
3 leader receive cmd 65
3 leader receive cmd 66
3 leader receive cmd 67
3 leader receive cmd 68
3 leader receive cmd 69
3 leader receive cmd 70
3 leader receive cmd 71
3 leader receive cmd 72
3 leader receive cmd 73
3 leader receive cmd 74
3 leader receive cmd 75
3 leader receive cmd 76
3 leader receive cmd 77
3 leader receive cmd 78
3 leader receive cmd 79
3 leader receive cmd 80
3 leader receive cmd 81
3 leader receive cmd 82
3 leader receive cmd 83
3 leader receive cmd 84
3 leader receive cmd 85
3 leader receive cmd 86
3 leader receive cmd 87
3 leader receive cmd 88
3 leader receive cmd 89
3 leader receive cmd 90
3 leader receive cmd 91
3 leader receive cmd 92
3 leader receive cmd 93
3 leader receive cmd 94
3 leader receive cmd 95
3 leader receive cmd 96
3 leader receive cmd 97
3 leader receive cmd 98
3 leader receive cmd 99
3 leader receive cmd 100
3 leader receive cmd 101
3 leader receive cmd 102
3 leader receive cmd 103
3 leader receive cmd 104
3 leader receive cmd 105
2 become leader in term 6
2 leader receive cmd 75
3 leader receive cmd 106
2 leader receive cmd 76
3 leader receive cmd 107
2 leader receive cmd 77
3 leader receive cmd 108
2 leader receive cmd 78
3 leader receive cmd 109
2 leader receive cmd 79
3 leader receive cmd 110
2 leader receive cmd 80
3 leader receive cmd 111
leader 2 commit_index update to 75
follower 1 commit_index update to 75
follower 4 commit_index update to 75
leader 2 commit_index update to 76
follower 1 commit_index update to 76
follower 4 commit_index update to 76
leader 2 commit_index update to 77
follower 1 commit_index update to 77
follower 4 commit_index update to 77
leader 2 commit_index update to 78
follower 1 commit_index update to 78
follower 4 commit_index update to 78
2 leader receive cmd 81
3 leader receive cmd 112
2 leader receive cmd 82
3 leader receive cmd 113
2 leader receive cmd 83
3 leader receive cmd 114
leader 2 commit_index update to 79
leader 2 commit_index update to 80
2 leader receive cmd 84
2 leader receive cmd 85
2 leader receive cmd 86
2 leader receive cmd 87
2 leader receive cmd 88
2 leader receive cmd 89
2 leader receive cmd 90
2 leader receive cmd 91
2 leader receive cmd 92
2 leader receive cmd 93
2 leader receive cmd 94
2 leader receive cmd 95
2 leader receive cmd 96
4 become leader in term 9
follower 3 commit_index update to 78
2 leader receive cmd 97
4 leader receive cmd 81
2 leader receive cmd 98
4 leader receive cmd 82
2 leader receive cmd 99
4 leader receive cmd 83
2 leader receive cmd 100
4 leader receive cmd 84
2 leader receive cmd 101
4 leader receive cmd 85
2 leader receive cmd 102
4 leader receive cmd 86
2 leader receive cmd 103
4 leader receive cmd 87
2 leader receive cmd 104
4 leader receive cmd 88
2 leader receive cmd 105
4 leader receive cmd 89
2 leader receive cmd 106
4 leader receive cmd 90
2 leader receive cmd 107
4 leader receive cmd 91
2 leader receive cmd 108
4 leader receive cmd 92
2 leader receive cmd 109
4 leader receive cmd 93
leader 4 commit_index update to 81
leader 4 commit_index update to 82
leader 4 commit_index update to 83
leader 4 commit_index update to 84
2 leader receive cmd 110
4 leader receive cmd 94
2 leader receive cmd 111
4 leader receive cmd 95
2 leader receive cmd 112
4 leader receive cmd 96
2 leader receive cmd 113
4 leader receive cmd 97
2 leader receive cmd 114
4 leader receive cmd 98
2 leader receive cmd 115
4 leader receive cmd 99
2 leader receive cmd 116
4 leader receive cmd 100
2 leader receive cmd 117
4 leader receive cmd 101
2 leader receive cmd 118
4 leader receive cmd 102
2 leader receive cmd 119
4 leader receive cmd 103
2 leader receive cmd 120
4 leader receive cmd 104
2 leader receive cmd 121
4 leader receive cmd 105
2 leader receive cmd 122
4 leader receive cmd 106
2 leader receive cmd 123
4 leader receive cmd 107
2 leader receive cmd 124
4 leader receive cmd 108
2 leader receive cmd 125
4 leader receive cmd 109
2 leader receive cmd 126
4 leader receive cmd 110
2 leader receive cmd 127
4 leader receive cmd 111
2 leader receive cmd 128
4 leader receive cmd 112
2 leader receive cmd 129
4 leader receive cmd 113
1 become leader in term 12
follower 0 commit_index update to 78
1 leader receive cmd 85
2 leader receive cmd 130
4 leader receive cmd 114
1 leader receive cmd 86
2 leader receive cmd 131
4 leader receive cmd 115
1 leader receive cmd 87
2 leader receive cmd 132
4 leader receive cmd 116
1 leader receive cmd 88
2 leader receive cmd 133
4 leader receive cmd 117
1 leader receive cmd 89
2 leader receive cmd 134
4 leader receive cmd 118
1 leader receive cmd 90
2 leader receive cmd 135
4 leader receive cmd 119
1 leader receive cmd 91
2 leader receive cmd 136
4 leader receive cmd 120
1 leader receive cmd 92
2 leader receive cmd 137
4 leader receive cmd 121
1 leader receive cmd 93
2 leader receive cmd 138
1 leader receive cmd 94
2 leader receive cmd 139
1 leader receive cmd 95
2 leader receive cmd 140
1 leader receive cmd 96
2 leader receive cmd 141
1 leader receive cmd 97
2 leader receive cmd 142
1 leader receive cmd 98
2 leader receive cmd 143
1 leader receive cmd 99
2 leader receive cmd 144
1 leader receive cmd 100
2 leader receive cmd 145
1 leader receive cmd 101
2 leader receive cmd 146
1 leader receive cmd 102
2 leader receive cmd 147
1 leader receive cmd 103
2 leader receive cmd 148
1 leader receive cmd 104
2 leader receive cmd 149
1 leader receive cmd 105
2 leader receive cmd 150
1 leader receive cmd 106
2 leader receive cmd 151
1 leader receive cmd 107
2 leader receive cmd 152
1 leader receive cmd 108
2 leader receive cmd 153
1 leader receive cmd 109
2 leader receive cmd 154
1 leader receive cmd 110
2 leader receive cmd 155
1 leader receive cmd 111
2 leader receive cmd 156
1 leader receive cmd 112
2 leader receive cmd 157
1 leader receive cmd 113
2 leader receive cmd 158
1 leader receive cmd 114
2 leader receive cmd 159
1 leader receive cmd 115
2 leader receive cmd 160
1 leader receive cmd 116
2 leader receive cmd 161
1 leader receive cmd 117
2 leader receive cmd 162
1 leader receive cmd 118
2 leader receive cmd 163
1 leader receive cmd 119
2 leader receive cmd 164
1 leader receive cmd 120
2 leader receive cmd 165
1 leader receive cmd 121
2 leader receive cmd 166
1 leader receive cmd 122
2 leader receive cmd 167
3 become leader in term 15
1 leader receive cmd 123
2 leader receive cmd 168
3 leader receive cmd 86
1 leader receive cmd 124
2 leader receive cmd 169
3 leader receive cmd 87
1 leader receive cmd 125
2 leader receive cmd 170
3 leader receive cmd 88
1 leader receive cmd 126
3 leader receive cmd 89
1 leader receive cmd 127
3 leader receive cmd 90
1 leader receive cmd 128
3 leader receive cmd 91
1 leader receive cmd 129
3 leader receive cmd 92
1 leader receive cmd 130
3 leader receive cmd 93
1 leader receive cmd 131
3 leader receive cmd 94
1 leader receive cmd 132
3 leader receive cmd 95
1 leader receive cmd 133
3 leader receive cmd 96
1 leader receive cmd 134
3 leader receive cmd 97
1 leader receive cmd 135
3 leader receive cmd 98
1 leader receive cmd 136
3 leader receive cmd 99
1 leader receive cmd 137
3 leader receive cmd 100
1 leader receive cmd 138
3 leader receive cmd 101
1 leader receive cmd 139
3 leader receive cmd 102
1 leader receive cmd 140
3 leader receive cmd 103
1 leader receive cmd 141
3 leader receive cmd 104
1 leader receive cmd 142
3 leader receive cmd 105
1 leader receive cmd 143
3 leader receive cmd 106
1 leader receive cmd 144
3 leader receive cmd 107
1 leader receive cmd 145
3 leader receive cmd 108
1 leader receive cmd 146
3 leader receive cmd 109
1 leader receive cmd 147
3 leader receive cmd 110
1 leader receive cmd 148
3 leader receive cmd 111
1 leader receive cmd 149
3 leader receive cmd 112
1 leader receive cmd 150
3 leader receive cmd 113
1 leader receive cmd 151
3 leader receive cmd 114
1 leader receive cmd 152
3 leader receive cmd 115
1 leader receive cmd 153
3 leader receive cmd 116
1 leader receive cmd 154
3 leader receive cmd 117
1 leader receive cmd 155
3 leader receive cmd 118
1 leader receive cmd 156
3 leader receive cmd 119
1 leader receive cmd 157
3 leader receive cmd 120
1 leader receive cmd 158
3 leader receive cmd 121
1 leader receive cmd 159
3 leader receive cmd 122
1 leader receive cmd 160
3 leader receive cmd 123
1 leader receive cmd 161
3 leader receive cmd 124
1 leader receive cmd 162
3 leader receive cmd 125
1 leader receive cmd 163
3 leader receive cmd 126
1 leader receive cmd 164
3 leader receive cmd 127
1 leader receive cmd 165
3 leader receive cmd 128
1 leader receive cmd 166
3 leader receive cmd 129
1 leader receive cmd 167
3 leader receive cmd 130
1 leader receive cmd 168
3 leader receive cmd 131
1 leader receive cmd 169
3 leader receive cmd 132
1 leader receive cmd 170
3 leader receive cmd 133
1 leader receive cmd 171
3 leader receive cmd 134
1 leader receive cmd 172
3 leader receive cmd 135
1 leader receive cmd 173
3 leader receive cmd 136
1 leader receive cmd 174
3 leader receive cmd 137
1 leader receive cmd 175
3 leader receive cmd 138
1 leader receive cmd 176
3 leader receive cmd 139
1 leader receive cmd 177
3 leader receive cmd 140
1 leader receive cmd 178
3 leader receive cmd 141
1 leader receive cmd 179
3 leader receive cmd 142
1 leader receive cmd 180
3 leader receive cmd 143
1 leader receive cmd 181
3 leader receive cmd 144
1 leader receive cmd 182
3 leader receive cmd 145
1 leader receive cmd 183
3 leader receive cmd 146
1 leader receive cmd 184
3 leader receive cmd 147
1 leader receive cmd 185
3 leader receive cmd 148
1 leader receive cmd 186
3 leader receive cmd 149
1 leader receive cmd 187
3 leader receive cmd 150
1 leader receive cmd 188
3 leader receive cmd 151
1 leader receive cmd 189
3 leader receive cmd 152
1 leader receive cmd 190
3 leader receive cmd 153
1 leader receive cmd 191
3 leader receive cmd 154
1 leader receive cmd 192
3 leader receive cmd 155
1 leader receive cmd 193
3 leader receive cmd 156
1 leader receive cmd 194
3 leader receive cmd 157
1 leader receive cmd 195
3 leader receive cmd 158
1 leader receive cmd 196
3 leader receive cmd 159
1 leader receive cmd 197
3 leader receive cmd 160
1 leader receive cmd 198
3 leader receive cmd 161
1 leader receive cmd 199
3 leader receive cmd 162
1 leader receive cmd 200
3 leader receive cmd 163
1 leader receive cmd 201
3 leader receive cmd 164
1 leader receive cmd 202
3 leader receive cmd 165
4 become leader in term 22
follower 0 commit_index update to 84
follower 2 commit_index update to 84
1 leader receive cmd 203
3 leader receive cmd 166
4 leader receive cmd 86
1 leader receive cmd 204
3 leader receive cmd 167
4 leader receive cmd 87
1 leader receive cmd 205
3 leader receive cmd 168
4 leader receive cmd 88
1 leader receive cmd 206
3 leader receive cmd 169
4 leader receive cmd 89
1 leader receive cmd 207
3 leader receive cmd 170
4 leader receive cmd 90
1 leader receive cmd 208
3 leader receive cmd 171
4 leader receive cmd 91
1 leader receive cmd 209
3 leader receive cmd 172
4 leader receive cmd 92
1 leader receive cmd 210
3 leader receive cmd 173
4 leader receive cmd 93
1 leader receive cmd 211
3 leader receive cmd 174
4 leader receive cmd 94
1 leader receive cmd 212
3 leader receive cmd 175
4 leader receive cmd 95
1 leader receive cmd 213
3 leader receive cmd 176
4 leader receive cmd 96
1 leader receive cmd 214
3 leader receive cmd 177
4 leader receive cmd 97
1 leader receive cmd 215
3 leader receive cmd 178
4 leader receive cmd 98
1 leader receive cmd 216
3 leader receive cmd 179
4 leader receive cmd 99
1 leader receive cmd 217
3 leader receive cmd 180
4 leader receive cmd 100
1 leader receive cmd 218
3 leader receive cmd 181
4 leader receive cmd 101
3 leader receive cmd 182
4 leader receive cmd 102
3 leader receive cmd 183
4 leader receive cmd 103
3 leader receive cmd 184
4 leader receive cmd 104
3 leader receive cmd 185
4 leader receive cmd 105
3 leader receive cmd 186
4 leader receive cmd 106
3 leader receive cmd 187
4 leader receive cmd 107
3 leader receive cmd 188
4 leader receive cmd 108
3 leader receive cmd 189
4 leader receive cmd 109
3 leader receive cmd 190
4 leader receive cmd 110
3 leader receive cmd 191
4 leader receive cmd 111
3 leader receive cmd 192
4 leader receive cmd 112
3 leader receive cmd 193
4 leader receive cmd 113
3 leader receive cmd 194
4 leader receive cmd 114
3 leader receive cmd 195
4 leader receive cmd 115
3 leader receive cmd 196
4 leader receive cmd 116
3 leader receive cmd 197
4 leader receive cmd 117
3 leader receive cmd 198
4 leader receive cmd 118
3 leader receive cmd 199
4 leader receive cmd 119
3 leader receive cmd 200
4 leader receive cmd 120
3 leader receive cmd 201
4 leader receive cmd 121
3 leader receive cmd 202
4 leader receive cmd 122
3 leader receive cmd 203
4 leader receive cmd 123
3 leader receive cmd 204
4 leader receive cmd 124
3 leader receive cmd 205
4 leader receive cmd 125
3 leader receive cmd 206
4 leader receive cmd 126
3 leader receive cmd 207
4 leader receive cmd 127
3 leader receive cmd 208
4 leader receive cmd 128
3 leader receive cmd 209
4 leader receive cmd 129
1 become leader in term 28
1 leader receive cmd 219
3 leader receive cmd 210
4 leader receive cmd 130
1 leader receive cmd 220
3 leader receive cmd 211
4 leader receive cmd 131
1 leader receive cmd 221
3 leader receive cmd 212
4 leader receive cmd 132
1 leader receive cmd 222
3 leader receive cmd 213
4 leader receive cmd 133
1 leader receive cmd 223
3 leader receive cmd 214
4 leader receive cmd 134
1 leader receive cmd 224
3 leader receive cmd 215
4 leader receive cmd 135
1 leader receive cmd 225
3 leader receive cmd 216
4 leader receive cmd 136
1 leader receive cmd 226
3 leader receive cmd 217
4 leader receive cmd 137
1 leader receive cmd 227
3 leader receive cmd 218
1 leader receive cmd 228
3 leader receive cmd 219
1 leader receive cmd 229
3 leader receive cmd 220
1 leader receive cmd 230
3 leader receive cmd 221
1 leader receive cmd 231
3 leader receive cmd 222
1 leader receive cmd 232
3 leader receive cmd 223
1 leader receive cmd 233
3 leader receive cmd 224
1 leader receive cmd 234
3 leader receive cmd 225
1 leader receive cmd 235
3 leader receive cmd 226
1 leader receive cmd 236
3 leader receive cmd 227
1 leader receive cmd 237
3 leader receive cmd 228
1 leader receive cmd 238
3 leader receive cmd 229
1 leader receive cmd 239
3 leader receive cmd 230
1 leader receive cmd 240
3 leader receive cmd 231
1 leader receive cmd 241
3 leader receive cmd 232
1 leader receive cmd 242
3 leader receive cmd 233
1 leader receive cmd 243
3 leader receive cmd 234
1 leader receive cmd 244
3 leader receive cmd 235
1 leader receive cmd 245
3 leader receive cmd 236
1 leader receive cmd 246
3 leader receive cmd 237
1 leader receive cmd 247
3 leader receive cmd 238
1 leader receive cmd 248
3 leader receive cmd 239
1 leader receive cmd 249
3 leader receive cmd 240
1 leader receive cmd 250
3 leader receive cmd 241
1 leader receive cmd 251
3 leader receive cmd 242
1 leader receive cmd 252
3 leader receive cmd 243
1 leader receive cmd 253
3 leader receive cmd 244
1 leader receive cmd 254
3 leader receive cmd 245
1 leader receive cmd 255
3 leader receive cmd 246
4 become leader in term 29
1 leader receive cmd 256
3 leader receive cmd 247
4 leader receive cmd 138
1 leader receive cmd 257
3 leader receive cmd 248
4 leader receive cmd 139
1 leader receive cmd 258
3 leader receive cmd 249
4 leader receive cmd 140
1 leader receive cmd 259
3 leader receive cmd 250
4 leader receive cmd 141
1 leader receive cmd 260
4 leader receive cmd 142
1 leader receive cmd 261
4 leader receive cmd 143
1 leader receive cmd 262
4 leader receive cmd 144
1 leader receive cmd 263
4 leader receive cmd 145
1 leader receive cmd 264
4 leader receive cmd 146
1 leader receive cmd 265
4 leader receive cmd 147
1 leader receive cmd 266
4 leader receive cmd 148
1 leader receive cmd 267
4 leader receive cmd 149
1 leader receive cmd 268
4 leader receive cmd 150
1 leader receive cmd 269
4 leader receive cmd 151
1 leader receive cmd 270
4 leader receive cmd 152
1 leader receive cmd 271
4 leader receive cmd 153
1 leader receive cmd 272
4 leader receive cmd 154
1 leader receive cmd 273
4 leader receive cmd 155
1 leader receive cmd 274
4 leader receive cmd 156
1 leader receive cmd 275
4 leader receive cmd 157
1 leader receive cmd 276
4 leader receive cmd 158
1 leader receive cmd 277
4 leader receive cmd 159
1 leader receive cmd 278
4 leader receive cmd 160
1 leader receive cmd 279
4 leader receive cmd 161
1 leader receive cmd 280
4 leader receive cmd 162
1 leader receive cmd 281
4 leader receive cmd 163
1 leader receive cmd 282
4 leader receive cmd 164
1 leader receive cmd 283
4 leader receive cmd 165
1 leader receive cmd 284
4 leader receive cmd 166
1 leader receive cmd 285
4 leader receive cmd 167
1 leader receive cmd 286
4 leader receive cmd 168
1 leader receive cmd 287
4 leader receive cmd 169
1 leader receive cmd 288
4 leader receive cmd 170
1 leader receive cmd 289
4 leader receive cmd 171
1 leader receive cmd 290
4 leader receive cmd 172
1 leader receive cmd 291
4 leader receive cmd 173
1 leader receive cmd 292
4 leader receive cmd 174
1 leader receive cmd 293
4 leader receive cmd 175
1 leader receive cmd 294
4 leader receive cmd 176
1 leader receive cmd 295
4 leader receive cmd 177
1 leader receive cmd 296
4 leader receive cmd 178
1 leader receive cmd 297
4 leader receive cmd 179
1 leader receive cmd 298
4 leader receive cmd 180
1 leader receive cmd 299
4 leader receive cmd 181
1 leader receive cmd 300
4 leader receive cmd 182
1 leader receive cmd 301
4 leader receive cmd 183
1 leader receive cmd 302
4 leader receive cmd 184
1 leader receive cmd 303
4 leader receive cmd 185
1 leader receive cmd 304
4 leader receive cmd 186
1 leader receive cmd 305
4 leader receive cmd 187
1 leader receive cmd 306
4 leader receive cmd 188
1 leader receive cmd 307
4 leader receive cmd 189
1 leader receive cmd 308
4 leader receive cmd 190
1 leader receive cmd 309
4 leader receive cmd 191
1 leader receive cmd 310
4 leader receive cmd 192
1 leader receive cmd 311
4 leader receive cmd 193
1 leader receive cmd 312
4 leader receive cmd 194
1 leader receive cmd 313
4 leader receive cmd 195
1 leader receive cmd 314
4 leader receive cmd 196
1 leader receive cmd 315
4 leader receive cmd 197
1 leader receive cmd 316
4 leader receive cmd 198
1 leader receive cmd 317
4 leader receive cmd 199
1 leader receive cmd 318
4 leader receive cmd 200
1 leader receive cmd 319
4 leader receive cmd 201
1 leader receive cmd 320
4 leader receive cmd 202
1 leader receive cmd 321
4 leader receive cmd 203
1 leader receive cmd 322
4 leader receive cmd 204
1 leader receive cmd 323
4 leader receive cmd 205
1 leader receive cmd 324
4 leader receive cmd 206
1 leader receive cmd 325
4 leader receive cmd 207
1 leader receive cmd 326
4 leader receive cmd 208
1 leader receive cmd 327
4 leader receive cmd 209
1 leader receive cmd 328
4 leader receive cmd 210
1 leader receive cmd 329
4 leader receive cmd 211
1 leader receive cmd 330
4 leader receive cmd 212
1 leader receive cmd 331
4 leader receive cmd 213
1 leader receive cmd 332
4 leader receive cmd 214
1 leader receive cmd 333
4 leader receive cmd 215
1 leader receive cmd 334
4 leader receive cmd 216
1 leader receive cmd 335
4 leader receive cmd 217
1 leader receive cmd 336
4 leader receive cmd 218
1 leader receive cmd 337
4 leader receive cmd 219
1 leader receive cmd 338
4 leader receive cmd 220
1 leader receive cmd 339
4 leader receive cmd 221
1 leader receive cmd 340
4 leader receive cmd 222
1 leader receive cmd 341
4 leader receive cmd 223
1 leader receive cmd 342
4 leader receive cmd 224
1 leader receive cmd 343
4 leader receive cmd 225
1 leader receive cmd 344
4 leader receive cmd 226
1 leader receive cmd 345
4 leader receive cmd 227
1 leader receive cmd 346
4 leader receive cmd 228
1 leader receive cmd 347
4 leader receive cmd 229
1 leader receive cmd 348
4 leader receive cmd 230
1 leader receive cmd 349
4 leader receive cmd 231
1 leader receive cmd 350
4 leader receive cmd 232
1 leader receive cmd 351
4 leader receive cmd 233
1 leader receive cmd 352
4 leader receive cmd 234
1 leader receive cmd 353
4 leader receive cmd 235
1 leader receive cmd 354
4 leader receive cmd 236
1 leader receive cmd 355
4 leader receive cmd 237
1 leader receive cmd 356
4 leader receive cmd 238
1 leader receive cmd 357
4 leader receive cmd 239
1 leader receive cmd 358
4 leader receive cmd 240
1 leader receive cmd 359
4 leader receive cmd 241
1 leader receive cmd 360
4 leader receive cmd 242
1 leader receive cmd 361
4 leader receive cmd 243
1 leader receive cmd 362
4 leader receive cmd 244
1 leader receive cmd 363
4 leader receive cmd 245
1 leader receive cmd 364
4 leader receive cmd 246
1 leader receive cmd 365
4 leader receive cmd 247
1 leader receive cmd 366
4 leader receive cmd 248
1 leader receive cmd 367
4 leader receive cmd 249
1 leader receive cmd 368
4 leader receive cmd 250
1 leader receive cmd 369
4 leader receive cmd 251
1 leader receive cmd 370
4 leader receive cmd 252
1 leader receive cmd 371
4 leader receive cmd 253
1 leader receive cmd 372
4 leader receive cmd 254
1 leader receive cmd 373
4 leader receive cmd 255
1 leader receive cmd 374
4 leader receive cmd 256
1 leader receive cmd 375
4 leader receive cmd 257
1 leader receive cmd 376
4 leader receive cmd 258
1 leader receive cmd 377
4 leader receive cmd 259
1 leader receive cmd 378
4 leader receive cmd 260
1 leader receive cmd 379
4 leader receive cmd 261
1 leader receive cmd 380
4 leader receive cmd 262
1 leader receive cmd 381
4 leader receive cmd 263
1 leader receive cmd 382
4 leader receive cmd 264
1 leader receive cmd 383
4 leader receive cmd 265
1 leader receive cmd 384
4 leader receive cmd 266
1 leader receive cmd 385
4 leader receive cmd 267
1 leader receive cmd 386
4 leader receive cmd 268
1 leader receive cmd 387
4 leader receive cmd 269
1 leader receive cmd 388
4 leader receive cmd 270
1 leader receive cmd 389
4 leader receive cmd 271
1 leader receive cmd 390
4 leader receive cmd 272
1 leader receive cmd 391
4 leader receive cmd 273
1 leader receive cmd 392
4 leader receive cmd 274
1 leader receive cmd 393
4 leader receive cmd 275
1 leader receive cmd 394
4 leader receive cmd 276
1 leader receive cmd 395
4 leader receive cmd 277
1 leader receive cmd 396
4 leader receive cmd 278
1 leader receive cmd 397
4 leader receive cmd 279
1 leader receive cmd 398
4 leader receive cmd 280
0 become leader in term 45
follower 3 commit_index update to 84
0 leader receive cmd 148
1 leader receive cmd 399
4 leader receive cmd 281
0 leader receive cmd 149
1 leader receive cmd 400
4 leader receive cmd 282
0 leader receive cmd 150
1 leader receive cmd 401
4 leader receive cmd 283
0 leader receive cmd 151
1 leader receive cmd 402
4 leader receive cmd 284
0 leader receive cmd 152
1 leader receive cmd 403
4 leader receive cmd 285
0 leader receive cmd 153
1 leader receive cmd 404
4 leader receive cmd 286
0 leader receive cmd 154
1 leader receive cmd 405
4 leader receive cmd 287
0 leader receive cmd 155
1 leader receive cmd 406
4 leader receive cmd 288
0 leader receive cmd 156
1 leader receive cmd 407
4 leader receive cmd 289
0 leader receive cmd 157
1 leader receive cmd 408
4 leader receive cmd 290
0 leader receive cmd 158
1 leader receive cmd 409
4 leader receive cmd 291
0 leader receive cmd 159
1 leader receive cmd 410
4 leader receive cmd 292
0 leader receive cmd 160
1 leader receive cmd 411
4 leader receive cmd 293
0 leader receive cmd 161
1 leader receive cmd 412
4 leader receive cmd 294
0 leader receive cmd 162
1 leader receive cmd 413
4 leader receive cmd 295
0 leader receive cmd 163
1 leader receive cmd 414
4 leader receive cmd 296
0 leader receive cmd 164
1 leader receive cmd 415
4 leader receive cmd 297
0 leader receive cmd 165
1 leader receive cmd 416
0 leader receive cmd 166
1 leader receive cmd 417
0 leader receive cmd 167
1 leader receive cmd 418
0 leader receive cmd 168
1 leader receive cmd 419
0 leader receive cmd 169
1 leader receive cmd 420
0 leader receive cmd 170
1 leader receive cmd 421
0 leader receive cmd 171
1 leader receive cmd 422
0 leader receive cmd 172
1 leader receive cmd 423
0 leader receive cmd 173
1 leader receive cmd 424
0 leader receive cmd 174
1 leader receive cmd 425
0 leader receive cmd 175
1 leader receive cmd 426
0 leader receive cmd 176
1 leader receive cmd 427
0 leader receive cmd 177
0 leader receive cmd 178
0 leader receive cmd 179
0 leader receive cmd 180
0 leader receive cmd 181
0 leader receive cmd 182
0 leader receive cmd 183
0 leader receive cmd 184
0 leader receive cmd 185
0 leader receive cmd 186
0 leader receive cmd 187
0 leader receive cmd 188
0 leader receive cmd 189
4 become leader in term 48
0 leader receive cmd 190
0 leader receive cmd 191
0 leader receive cmd 192
0 leader receive cmd 193
0 leader receive cmd 194
0 leader receive cmd 195
0 leader receive cmd 196
0 leader receive cmd 197
0 leader receive cmd 198
0 leader receive cmd 199
0 leader receive cmd 200
0 leader receive cmd 201
0 leader receive cmd 202
0 leader receive cmd 203
4 become leader in term 52
0 leader receive cmd 204
4 leader receive cmd 298
0 leader receive cmd 205
4 leader receive cmd 299
0 leader receive cmd 206
4 leader receive cmd 300
0 leader receive cmd 207
4 leader receive cmd 301
0 leader receive cmd 208
4 leader receive cmd 302
0 leader receive cmd 209
4 leader receive cmd 303
0 leader receive cmd 210
4 leader receive cmd 304
0 leader receive cmd 211
4 leader receive cmd 305
0 leader receive cmd 212
4 leader receive cmd 306
0 leader receive cmd 213
4 leader receive cmd 307
0 leader receive cmd 214
4 leader receive cmd 308
0 leader receive cmd 215
4 leader receive cmd 309
0 leader receive cmd 216
4 leader receive cmd 310
0 leader receive cmd 217
4 leader receive cmd 311
0 leader receive cmd 218
4 leader receive cmd 312
0 leader receive cmd 219
4 leader receive cmd 313
0 leader receive cmd 220
4 leader receive cmd 314
0 leader receive cmd 221
4 leader receive cmd 315
0 leader receive cmd 222
4 leader receive cmd 316
0 leader receive cmd 223
4 leader receive cmd 317
0 leader receive cmd 224
4 leader receive cmd 318
0 leader receive cmd 225
4 leader receive cmd 319
0 leader receive cmd 226
4 leader receive cmd 320
0 leader receive cmd 227
4 leader receive cmd 321
0 leader receive cmd 228
4 leader receive cmd 322
0 leader receive cmd 229
4 leader receive cmd 323
2 become leader in term 53
follower 1 commit_index update to 84
0 leader receive cmd 230
2 leader receive cmd 298
4 leader receive cmd 324
0 leader receive cmd 231
2 leader receive cmd 299
4 leader receive cmd 325
leader 2 commit_index update to 298
follower 3 commit_index update to 298
follower 1 commit_index update to 298
leader 2 commit_index update to 299
follower 3 commit_index update to 299
follower 1 commit_index update to 299
0 leader receive cmd 232
2 leader receive cmd 300
4 leader receive cmd 326
0 leader receive cmd 233
2 leader receive cmd 301
4 leader receive cmd 327
0 leader receive cmd 234
2 leader receive cmd 302
4 leader receive cmd 328
0 leader receive cmd 235
2 leader receive cmd 303
4 leader receive cmd 329
0 leader receive cmd 236
2 leader receive cmd 304
4 leader receive cmd 330
0 leader receive cmd 237
2 leader receive cmd 305
4 leader receive cmd 331
0 leader receive cmd 238
2 leader receive cmd 306
4 leader receive cmd 332
0 leader receive cmd 239
2 leader receive cmd 307
4 leader receive cmd 333
0 leader receive cmd 240
2 leader receive cmd 308
4 leader receive cmd 334
0 leader receive cmd 241
2 leader receive cmd 309
4 leader receive cmd 335
0 leader receive cmd 242
2 leader receive cmd 310
4 leader receive cmd 336
2 leader receive cmd 311
4 leader receive cmd 337
2 leader receive cmd 312
4 leader receive cmd 338
2 leader receive cmd 313
4 leader receive cmd 339
2 leader receive cmd 314
4 leader receive cmd 340
2 leader receive cmd 315
4 leader receive cmd 341
2 leader receive cmd 316
4 leader receive cmd 342
2 leader receive cmd 317
4 leader receive cmd 343
2 leader receive cmd 318
4 leader receive cmd 344
2 leader receive cmd 319
4 leader receive cmd 345
2 leader receive cmd 320
4 leader receive cmd 346
2 leader receive cmd 321
4 leader receive cmd 347
2 leader receive cmd 322
4 leader receive cmd 348
2 leader receive cmd 323
4 leader receive cmd 349
2 leader receive cmd 324
4 leader receive cmd 350
2 leader receive cmd 325
4 leader receive cmd 351
2 leader receive cmd 326
4 leader receive cmd 352
2 leader receive cmd 327
4 leader receive cmd 353
2 leader receive cmd 328
4 leader receive cmd 354
2 leader receive cmd 329
4 leader receive cmd 355
2 leader receive cmd 330
4 leader receive cmd 356
2 leader receive cmd 331
4 leader receive cmd 357
2 leader receive cmd 332
4 leader receive cmd 358
2 leader receive cmd 333
4 leader receive cmd 359
2 leader receive cmd 334
4 leader receive cmd 360
2 leader receive cmd 335
4 leader receive cmd 361
2 leader receive cmd 336
4 leader receive cmd 362
2 leader receive cmd 337
4 leader receive cmd 363
2 leader receive cmd 338
4 leader receive cmd 364
2 leader receive cmd 339
4 leader receive cmd 365
2 leader receive cmd 340
4 leader receive cmd 366
2 leader receive cmd 341
4 leader receive cmd 367
2 leader receive cmd 342
4 leader receive cmd 368
2 leader receive cmd 343
4 leader receive cmd 369
2 leader receive cmd 344
4 leader receive cmd 370
2 leader receive cmd 345
4 leader receive cmd 371
2 leader receive cmd 346
4 leader receive cmd 372
2 leader receive cmd 347
4 leader receive cmd 373
2 leader receive cmd 348
4 leader receive cmd 374
2 leader receive cmd 349
4 leader receive cmd 375
2 leader receive cmd 350
4 leader receive cmd 376
2 leader receive cmd 351
4 leader receive cmd 377
2 leader receive cmd 352
4 leader receive cmd 378
2 leader receive cmd 353
4 leader receive cmd 379
2 leader receive cmd 354
4 leader receive cmd 380
2 leader receive cmd 355
4 leader receive cmd 381
2 leader receive cmd 356
4 leader receive cmd 382
2 leader receive cmd 357
4 leader receive cmd 383
2 leader receive cmd 358
4 leader receive cmd 384
2 leader receive cmd 359
4 leader receive cmd 385
2 leader receive cmd 360
4 leader receive cmd 386
2 leader receive cmd 361
4 leader receive cmd 387
2 leader receive cmd 362
4 leader receive cmd 388
2 leader receive cmd 363
4 leader receive cmd 389
2 leader receive cmd 364
4 leader receive cmd 390
2 leader receive cmd 365
4 leader receive cmd 391
2 leader receive cmd 366
4 leader receive cmd 392
2 leader receive cmd 367
4 leader receive cmd 393
2 leader receive cmd 368
4 leader receive cmd 394
2 leader receive cmd 369
4 leader receive cmd 395
2 leader receive cmd 370
4 leader receive cmd 396
2 leader receive cmd 371
4 leader receive cmd 397
2 leader receive cmd 372
4 leader receive cmd 398
2 leader receive cmd 373
4 leader receive cmd 399
2 leader receive cmd 374
4 leader receive cmd 400
2 leader receive cmd 375
4 leader receive cmd 401
2 leader receive cmd 376
4 leader receive cmd 402
2 leader receive cmd 377
4 leader receive cmd 403
2 leader receive cmd 378
4 leader receive cmd 404
2 leader receive cmd 379
4 leader receive cmd 405
2 leader receive cmd 380
4 leader receive cmd 406
2 leader receive cmd 381
4 leader receive cmd 407
2 leader receive cmd 382
4 leader receive cmd 408
2 leader receive cmd 383
4 leader receive cmd 409
2 leader receive cmd 384
4 leader receive cmd 410
2 leader receive cmd 385
4 leader receive cmd 411
2 leader receive cmd 386
4 leader receive cmd 412
2 leader receive cmd 387
4 leader receive cmd 413
2 leader receive cmd 388
4 leader receive cmd 414
2 leader receive cmd 389
4 leader receive cmd 415
2 leader receive cmd 390
4 leader receive cmd 416
2 leader receive cmd 391
4 leader receive cmd 417
2 leader receive cmd 392
4 leader receive cmd 418
2 leader receive cmd 393
4 leader receive cmd 419
2 leader receive cmd 394
4 leader receive cmd 420
2 leader receive cmd 395
4 leader receive cmd 421
2 leader receive cmd 396
4 leader receive cmd 422
2 leader receive cmd 397
4 leader receive cmd 423
2 leader receive cmd 398
4 leader receive cmd 424
2 leader receive cmd 399
4 leader receive cmd 425
2 leader receive cmd 400
4 leader receive cmd 426
2 leader receive cmd 401
4 leader receive cmd 427
2 leader receive cmd 402
4 leader receive cmd 428
2 leader receive cmd 403
4 leader receive cmd 429
2 leader receive cmd 404
4 leader receive cmd 430
2 leader receive cmd 405
4 leader receive cmd 431
2 leader receive cmd 406
4 leader receive cmd 432
2 leader receive cmd 407
4 leader receive cmd 433
2 leader receive cmd 408
4 leader receive cmd 434
2 leader receive cmd 409
4 leader receive cmd 435
2 leader receive cmd 410
4 leader receive cmd 436
2 leader receive cmd 411
4 leader receive cmd 437
2 leader receive cmd 412
4 leader receive cmd 438
1 become leader in term 59
1 leader receive cmd 300
2 leader receive cmd 413
4 leader receive cmd 439
1 leader receive cmd 301
2 leader receive cmd 414
4 leader receive cmd 440
1 leader receive cmd 302
2 leader receive cmd 415
4 leader receive cmd 441
1 leader receive cmd 303
2 leader receive cmd 416
4 leader receive cmd 442
1 leader receive cmd 304
2 leader receive cmd 417
4 leader receive cmd 443
1 leader receive cmd 305
2 leader receive cmd 418
4 leader receive cmd 444
1 leader receive cmd 306
2 leader receive cmd 419
4 leader receive cmd 445
1 leader receive cmd 307
2 leader receive cmd 420
4 leader receive cmd 446
1 leader receive cmd 308
2 leader receive cmd 421
4 leader receive cmd 447
1 leader receive cmd 309
2 leader receive cmd 422
4 leader receive cmd 448
1 leader receive cmd 310
2 leader receive cmd 423
4 leader receive cmd 449
1 leader receive cmd 311
2 leader receive cmd 424
4 leader receive cmd 450
heartbeat assert 1
exit status 1
FAIL	6.5840/raft	91.613s
