Test: one client (4A) ...
3 receive vote from 4 on term 1
3 receive vote from 1 on term 1
3 become leader in term 1
3 receive vote from 2 on term 1
3 receive vote from 0 on term 1
  ... Passed --  15.2  5  7092  306
Test: ops complete fast enough (4A) ...
0 receive vote from 2 on term 1
0 become leader in term 1
0 receive vote from 1 on term 1
--- FAIL: TestSpeed4A (36.40s)
    test_test.go:419: Operations completed too slowly 36.160128ms/op > 33.333333ms/op
Test: many clients (4A) ...
0 receive vote from 1 on term 1
0 receive vote from 4 on term 1
0 become leader in term 1
0 receive vote from 2 on term 1
0 receive vote from 3 on term 1
  ... Passed --  15.7  5 12242 1239
Test: unreliable net, many clients (4A) ...
3 receive vote from 4 on term 1
3 receive vote from 0 on term 1
3 become leader in term 1
3 receive vote from 1 on term 1
2 receive a reject vote from 4 on term 1 while 4 in term 1 with reasion 2
2 receive a reject vote from 3 on term 1 while 3 in term 1 with reasion 2
2 receive a reject vote from 0 on term 1 while 0 in term 1 with reasion 2
3 receive a reject vote from 2 on term 1 while 2 in term 1 with reasion 2
  ... Passed --  17.3  5  9754  520
Test: concurrent append to same key, unreliable (4A) ...
1 receive a reject vote from 2 on term 1 while 2 in term 1 with reasion 2
0 receive a reject vote from 1 on term 1 while 1 in term 1 with reasion 2
1 receive a reject vote from 0 on term 1 while 0 in term 1 with reasion 2
0 receive a reject vote from 2 on term 1 while 2 in term 1 with reasion 2
1 receive vote from 2 on term 2
1 become leader in term 2
1 receive vote from 0 on term 2
  ... Passed --   2.0  3   517   52
4 receive vote from 0 on term 1
4 receive vote from 3 on term 1
4 become leader in term 1
4 receive vote from 1 on term 1
4 receive vote from 2 on term 1
Test: progress in majority (4A) ...
1 receive vote from 0 on term 2
1 receive vote from 2 on term 2
1 become leader in term 2
  ... Passed --   0.5  5   330    2
Test: no progress in minority (4A) ...
  ... Passed --   1.2  5  1033    3
Test: completion after heal (4A) ...
  ... Passed --   1.0  5   410    3
Test: partitions, one client (4A) ...
4 receive vote from 3 on term 1
4 receive vote from 0 on term 1
4 become leader in term 1
4 receive vote from 2 on term 1
4 receive vote from 1 on term 1
1 receive vote from 0 on term 2
1 receive vote from 2 on term 2
1 become leader in term 2
4 receive a reject vote from 2 on term 3 while 2 in term 3 with reasion 3
4 receive a reject vote from 0 on term 3 while 0 in term 3 with reasion 3
4 receive vote from 3 on term 3
0 receive vote from 4 on term 4
0 receive vote from 2 on term 4
0 become leader in term 4
0 receive vote from 3 on term 4
4 receive vote from 2 on term 5
2 receive vote from 4 on term 6
4 receive vote from 2 on term 7
3 receive a reject vote from 4 on term 5 while 4 in term 7 with reasion 1
3 receive a reject vote from 2 on term 5 while 2 in term 7 with reasion 1
4 receive vote from 2 on term 8
4 receive a reject vote from 3 on term 8 while 3 in term 8 with reasion 3
2 receive vote from 4 on term 9
2 receive a reject vote from 3 on term 9 while 3 in term 9 with reasion 3
3 receive vote from 2 on term 10
3 receive vote from 4 on term 10
3 become leader in term 10
0 receive vote from 1 on term 11
0 receive a reject vote from 2 on term 11 while 2 in term 11 with reasion 3
2 receive vote from 0 on term 12
2 receive vote from 1 on term 12
2 become leader in term 12
0 receive vote from 1 on term 13
1 receive vote from 0 on term 14
0 receive vote from 1 on term 15
1 receive a reject vote from 4 on term 16 while 4 in term 16 with reasion 3
1 receive a reject vote from 2 on term 16 while 2 in term 16 with reasion 3
2 receive vote from 4 on term 17
2 receive vote from 1 on term 17
2 become leader in term 17
0 receive a reject vote from 3 on term 16 while 3 in term 16 with reasion 3
3 receive vote from 0 on term 17
0 receive a reject vote from 3 on term 18 while 3 in term 18 with reasion 3
3 receive vote from 0 on term 19
2 receive vote from 4 on term 20
2 receive vote from 0 on term 20
2 become leader in term 20
2 receive vote from 3 on term 20
1 receive a reject vote from 0 on term 20 while 0 in term 20 with reasion 2
0 receive vote from 1 on term 21
1 receive a reject vote from 0 on term 22 while 0 in term 22 with reasion 3
0 receive vote from 1 on term 23
2 receive vote from 1 on term 24
2 receive vote from 0 on term 24
2 become leader in term 24
3 receive vote from 4 on term 21
4 receive vote from 3 on term 22
3 receive vote from 4 on term 23
4 receive vote from 3 on term 24
1 receive vote from 4 on term 25
4 receive vote from 1 on term 26
1 receive vote from 4 on term 27
1 receive a reject vote from 0 on term 28 while 0 in term 28 with reasion 3
1 receive a reject vote from 3 on term 28 while 3 in term 28 with reasion 3
1 receive vote from 4 on term 28
0 receive vote from 1 on term 29
0 receive vote from 4 on term 29
0 become leader in term 29
0 receive vote from 3 on term 29
3 receive vote from 4 on term 30
3 receive vote from 1 on term 30
3 become leader in term 30
0 receive a reject vote from 4 on term 31 while 4 in term 31 with reasion 3
0 receive vote from 2 on term 31
2 receive a reject vote from 4 on term 32 while 4 in term 32 with reasion 3
2 receive vote from 0 on term 32
4 receive vote from 0 on term 33
4 receive vote from 2 on term 33
4 become leader in term 33
  ... Passed --  22.7  5 12243  278
Test: partitions, many clients (4A) ...
0 receive vote from 4 on term 1
0 receive vote from 2 on term 1
0 become leader in term 1
0 receive vote from 3 on term 1
0 receive vote from 1 on term 1
3 receive a reject vote from 2 on term 7 while 2 in term 7 with reasion 3
2 receive vote from 3 on term 8
2 receive vote from 3 on term 9
0 receive vote from 4 on term 10
0 receive vote from 2 on term 10
0 become leader in term 10
3 receive a reject vote from 1 on term 10 while 1 in term 10 with reasion 3
1 receive vote from 3 on term 11
3 receive a reject vote from 1 on term 12 while 1 in term 12 with reasion 3
1 receive vote from 3 on term 13
3 receive a reject vote from 1 on term 14 while 1 in term 14 with reasion 3
3 receive a reject vote from 4 on term 14 while 4 in term 14 with reasion 3
3 receive a reject vote from 2 on term 14 while 2 in term 14 with reasion 3
3 receive a reject vote from 0 on term 14 while 0 in term 14 with reasion 3
0 receive vote from 3 on term 15
0 receive vote from 1 on term 15
0 become leader in term 15
0 receive vote from 2 on term 15
0 receive vote from 4 on term 15
0 receive vote from 4 on term 19
0 receive vote from 2 on term 19
0 become leader in term 19
0 receive vote from 3 on term 19
1 receive a reject vote from 2 on term 19 while 2 in term 19 with reasion 2
2 receive vote from 1 on term 20
2 receive vote from 1 on term 21
2 receive vote from 1 on term 22
0 receive vote from 2 on term 23
0 receive vote from 3 on term 23
0 become leader in term 23
1 receive a reject vote from 4 on term 23 while 4 in term 23 with reasion 3
4 receive vote from 1 on term 24
1 receive a reject vote from 4 on term 25 while 4 in term 25 with reasion 3
4 receive vote from 1 on term 26
1 receive a reject vote from 4 on term 27 while 4 in term 27 with reasion 3
0 receive vote from 1 on term 28
0 receive vote from 3 on term 28
0 become leader in term 28
0 receive vote from 2 on term 28
0 receive vote from 4 on term 28
4 receive a reject vote from 0 on term 29 while 0 in term 29 with reasion 3
4 receive vote from 1 on term 29
4 receive vote from 3 on term 29
4 become leader in term 29
4 receive vote from 2 on term 29
0 receive a reject vote from 2 on term 30 while 2 in term 30 with reasion 3
2 receive vote from 0 on term 31
0 receive a reject vote from 2 on term 32 while 2 in term 32 with reasion 3
2 receive vote from 0 on term 33
0 receive a reject vote from 2 on term 34 while 2 in term 34 with reasion 3
0 receive a reject vote from 3 on term 34 while 3 in term 34 with reasion 3
2 receive a reject vote from 3 on term 35 while 3 in term 35 with reasion 3
2 receive vote from 0 on term 35
3 receive vote from 0 on term 36
3 receive vote from 2 on term 36
3 become leader in term 36
1 receive a reject vote from 0 on term 30 while 0 in term 36 with reasion 1
0 receive vote from 1 on term 37
0 receive vote from 1 on term 38
0 receive vote from 1 on term 39
1 receive a reject vote from 4 on term 40 while 4 in term 40 with reasion 3
1 receive a reject vote from 0 on term 40 while 0 in term 40 with reasion 3
0 receive a reject vote from 4 on term 41 while 4 in term 41 with reasion 3
0 receive vote from 1 on term 41
4 receive vote from 0 on term 42
4 receive vote from 1 on term 42
4 become leader in term 42
3 receive a reject vote from 1 on term 43 while 1 in term 43 with reasion 3
1 receive vote from 3 on term 44
3 receive a reject vote from 1 on term 45 while 1 in term 45 with reasion 3
1 receive vote from 3 on term 46
3 receive a reject vote from 4 on term 47 while 4 in term 47 with reasion 3
3 receive a reject vote from 1 on term 47 while 1 in term 47 with reasion 3
3 receive a reject vote from 2 on term 47 while 2 in term 47 with reasion 3
3 receive a reject vote from 0 on term 47 while 0 in term 47 with reasion 3
4 receive vote from 2 on term 48
4 receive vote from 3 on term 48
4 become leader in term 48
4 receive vote from 0 on term 48
4 receive vote from 1 on term 48
  ... Passed --  23.2  5 16830 1367
Test: restarts, one client (4A) ...
2 receive vote from 4 on term 1
2 receive vote from 1 on term 1
2 become leader in term 1
2 receive vote from 3 on term 1
2 receive vote from 0 on term 1
0 receive vote from 4 on term 2
0 receive vote from 2 on term 2
0 become leader in term 2
0 receive vote from 3 on term 2
0 receive vote from 1 on term 2
0 receive vote from 2 on term 3
0 receive vote from 4 on term 3
0 become leader in term 3
0 receive vote from 3 on term 3
0 receive vote from 1 on term 3
3 receive vote from 1 on term 4
3 receive vote from 2 on term 4
3 become leader in term 4
3 receive vote from 4 on term 4
3 receive vote from 0 on term 4
  ... Passed --  18.9  5  7227  306
Test: restarts, many clients (4A) ...
0 receive vote from 4 on term 1
0 receive vote from 1 on term 1
0 become leader in term 1
0 receive vote from 2 on term 1
0 receive vote from 3 on term 1
4 receive vote from 2 on term 2
4 receive vote from 1 on term 2
4 become leader in term 2
4 receive vote from 0 on term 2
4 receive vote from 3 on term 2
3 receive a reject vote from 4 on term 3 while 4 in term 3 with reasion 3
3 receive a reject vote from 0 on term 3 while 0 in term 3 with reasion 3
3 receive vote from 1 on term 3
3 receive vote from 2 on term 3
3 become leader in term 3
0 receive vote from 2 on term 4
0 receive vote from 3 on term 4
0 become leader in term 4
0 receive vote from 1 on term 4
0 receive vote from 4 on term 4
  ... Passed --  19.3  5 12783 1231
Test: unreliable net, restarts, many clients (4A) ...
3 receive a reject vote from 1 on term 1 while 1 in term 1 with reasion 2
3 receive a reject vote from 4 on term 1 while 4 in term 1 with reasion 2
4 receive vote from 2 on term 1
1 receive a reject vote from 3 on term 1 while 3 in term 1 with reasion 2
1 receive a reject vote from 4 on term 1 while 4 in term 1 with reasion 2
3 receive vote from 0 on term 1
4 receive a reject vote from 3 on term 1 while 3 in term 1 with reasion 2
4 receive a reject vote from 0 on term 1 while 0 in term 1 with reasion 2
1 receive a reject vote from 2 on term 1 while 2 in term 1 with reasion 2
3 receive a reject vote from 2 on term 1 while 2 in term 1 with reasion 2
1 receive a reject vote from 0 on term 1 while 0 in term 1 with reasion 2
4 receive a reject vote from 1 on term 1 while 1 in term 1 with reasion 2
0 receive vote from 4 on term 2
0 receive vote from 3 on term 2
0 become leader in term 2
0 receive a reject vote from 1 on term 2 while 1 in term 2 with reasion 2
0 receive vote from 4 on term 3
0 receive vote from 1 on term 3
0 become leader in term 3
0 receive vote from 3 on term 3
0 receive a reject vote from 2 on term 3 while 2 in term 3 with reasion 2
3 receive vote from 1 on term 4
3 receive vote from 4 on term 4
3 become leader in term 4
3 receive vote from 0 on term 4
3 receive a reject vote from 2 on term 4 while 2 in term 4 with reasion 2
4 receive vote from 2 on term 5
1 receive a reject vote from 4 on term 5 while 4 in term 5 with reasion 2
4 receive a reject vote from 1 on term 5 while 1 in term 5 with reasion 2
4 receive a reject vote from 3 on term 5 while 3 in term 5 with reasion 3
4 receive a reject vote from 0 on term 5 while 0 in term 5 with reasion 3
1 receive a reject vote from 3 on term 5 while 3 in term 5 with reasion 3
1 receive a reject vote from 0 on term 5 while 0 in term 5 with reasion 3
0 receive vote from 2 on term 6
0 receive vote from 3 on term 6
0 become leader in term 6
0 receive vote from 4 on term 6
  ... Passed --  21.2  5 10176  546
Test: restarts, partitions, many clients (4A) ...
1 receive vote from 3 on term 1
1 receive vote from 0 on term 1
1 become leader in term 1
1 receive vote from 2 on term 1
1 receive vote from 4 on term 1
2 receive vote from 0 on term 2
2 receive vote from 3 on term 2
2 become leader in term 2
2 receive vote from 4 on term 2
0 receive a reject vote from 1 on term 5 while 1 in term 5 with reasion 3
0 receive a reject vote from 2 on term 5 while 2 in term 5 with reasion 3
2 receive vote from 0 on term 6
2 receive vote from 1 on term 6
2 become leader in term 6
3 receive vote from 4 on term 3
4 receive vote from 3 on term 4
3 receive vote from 4 on term 5
4 receive a reject vote from 0 on term 6 while 0 in term 6 with reasion 2
4 receive vote from 3 on term 6
0 receive vote from 4 on term 7
0 receive vote from 3 on term 7
0 become leader in term 7
0 receive vote from 3 on term 10
0 receive vote from 2 on term 10
0 become leader in term 10
0 receive vote from 4 on term 10
0 receive vote from 1 on term 10
3 receive vote from 4 on term 11
3 receive vote from 0 on term 11
3 become leader in term 11
3 receive vote from 2 on term 11
3 receive vote from 1 on term 11
2 receive vote from 4 on term 12
2 receive vote from 1 on term 12
2 become leader in term 12
3 receive a reject vote from 4 on term 13 while 4 in term 13 with reasion 3
3 receive a reject vote from 1 on term 13 while 1 in term 13 with reasion 3
3 receive vote from 0 on term 13
1 receive vote from 4 on term 14
1 receive vote from 0 on term 14
1 become leader in term 14
1 receive vote from 3 on term 14
0 receive a reject vote from 4 on term 17 while 4 in term 17 with reasion 3
0 receive a reject vote from 3 on term 17 while 3 in term 17 with reasion 3
0 receive a reject vote from 1 on term 17 while 1 in term 17 with reasion 3
0 receive a reject vote from 2 on term 17 while 2 in term 17 with reasion 3
1 receive vote from 4 on term 18
1 receive vote from 0 on term 18
1 become leader in term 18
1 receive vote from 2 on term 18
1 receive vote from 3 on term 18
3 receive vote from 4 on term 19
3 receive vote from 0 on term 19
3 become leader in term 19
3 receive vote from 2 on term 19
3 receive vote from 1 on term 19
1 receive a reject vote from 4 on term 20 while 4 in term 22 with reasion 1
4 receive a reject vote from 1 on term 23 while 1 in term 23 with reasion 3
4 receive a reject vote from 1 on term 24 while 1 in term 24 with reasion 3
1 receive vote from 4 on term 25
1 receive a reject vote from 0 on term 26 while 0 in term 26 with reasion 3
1 receive a reject vote from 2 on term 26 while 2 in term 26 with reasion 3
1 receive a reject vote from 3 on term 26 while 3 in term 26 with reasion 3
1 receive vote from 4 on term 26
3 receive vote from 4 on term 27
3 receive vote from 1 on term 27
3 become leader in term 27
3 receive vote from 0 on term 27
3 receive vote from 2 on term 27
0 receive vote from 4 on term 28
4 receive vote from 0 on term 29
0 receive vote from 4 on term 30
3 receive vote from 4 on term 31
3 receive vote from 1 on term 31
3 become leader in term 31
0 receive a reject vote from 2 on term 31 while 2 in term 31 with reasion 3
2 receive vote from 0 on term 32
0 receive a reject vote from 2 on term 33 while 2 in term 33 with reasion 3
2 receive vote from 0 on term 34
0 receive a reject vote from 4 on term 35 while 4 in term 35 with reasion 3
0 receive a reject vote from 1 on term 35 while 1 in term 35 with reasion 3
0 receive a reject vote from 2 on term 35 while 2 in term 35 with reasion 3
0 receive a reject vote from 3 on term 35 while 3 in term 35 with reasion 3
3 receive vote from 0 on term 36
3 receive vote from 4 on term 36
3 become leader in term 36
3 receive vote from 1 on term 36
3 receive vote from 2 on term 36
4 receive vote from 1 on term 37
4 receive vote from 3 on term 37
4 become leader in term 37
4 receive vote from 0 on term 37
4 receive vote from 2 on term 37
info: wrote history visualization to C:\Users\alex\AppData\Local\Temp\527326351.html
--- FAIL: TestPersistPartition4A (26.54s)
    test_test.go:293: get wrong value, key 2, wanted:
        x 2 0 yx 2 1 yx 2 2 yx 2 3 yx 2 4 yx 2 5 yx 2 6 yx 2 7 yx 2 8 yx 2 9 yx 2 10 yx 2 11 yx 2 12 yx 2 13 yx 2 14 yx 2 15 yx 2 16 yx 2 17 yx 2 18 yx 2 19 yx 2 20 yx 2 21 y
        , got
        
    test_test.go:293: get wrong value, key 3, wanted:
        x 3 0 yx 3 1 yx 3 2 yx 3 3 yx 3 4 yx 3 5 yx 3 6 yx 3 7 yx 3 8 yx 3 9 yx 3 10 yx 3 11 yx 3 12 yx 3 13 yx 3 14 yx 3 15 yx 3 16 yx 3 17 yx 3 18 yx 3 19 yx 3 20 yx 3 21 yx 3 22 yx 3 23 yx 3 24 yx 3 25 yx 3 26 y
        , got
        
    test_test.go:293: get wrong value, key 1, wanted:
        x 1 0 yx 1 1 yx 1 2 yx 1 3 yx 1 4 yx 1 5 yx 1 6 yx 1 7 yx 1 8 yx 1 9 yx 1 10 yx 1 11 yx 1 12 yx 1 13 yx 1 14 yx 1 15 yx 1 16 yx 1 17 yx 1 18 yx 1 19 yx 1 20 yx 1 21 yx 1 22 yx 1 23 yx 1 24 yx 1 25 y
        , got
        
    test_test.go:126: failure
    test_test.go:382: history is not linearizable
Test: unreliable net, restarts, partitions, many clients (4A) ...
2 receive vote from 4 on term 1
2 receive vote from 3 on term 1
2 become leader in term 1
2 receive vote from 1 on term 1
0 receive a reject vote from 3 on term 1 while 3 in term 1 with reasion 2
2 receive a reject vote from 0 on term 1 while 0 in term 1 with reasion 2
0 receive a reject vote from 4 on term 1 while 4 in term 1 with reasion 2
0 receive a reject vote from 1 on term 1 while 1 in term 1 with reasion 2
0 receive vote from 3 on term 2
0 receive vote from 4 on term 2
0 become leader in term 2
1 receive vote from 4 on term 3
1 receive a reject vote from 3 on term 5 while 3 in term 5 with reasion 3
1 receive a reject vote from 2 on term 5 while 2 in term 5 with reasion 3
0 receive vote from 2 on term 6
0 receive vote from 1 on term 6
0 become leader in term 6
0 receive a reject vote from 4 on term 6 while 4 in term 6 with reasion 2
4 receive a reject vote from 1 on term 7 while 1 in term 7 with reasion 2
2 receive a reject vote from 1 on term 7 while 1 in term 7 with reasion 2
1 receive vote from 3 on term 7
4 receive a reject vote from 2 on term 7 while 2 in term 7 with reasion 2
0 receive a reject vote from 2 on term 7 while 2 in term 7 with reasion 2
1 receive a reject vote from 0 on term 7 while 0 in term 7 with reasion 2
4 receive a reject vote from 3 on term 7 while 3 in term 7 with reasion 2
1 receive a reject vote from 2 on term 7 while 2 in term 7 with reasion 2
1 receive a reject vote from 4 on term 7 while 4 in term 7 with reasion 2
0 receive a reject vote from 3 on term 7 while 3 in term 7 with reasion 2
2 receive a reject vote from 0 on term 7 while 0 in term 7 with reasion 2
0 receive a reject vote from 1 on term 7 while 1 in term 7 with reasion 2
2 receive a reject vote from 3 on term 7 while 3 in term 7 with reasion 2
3 receive vote from 4 on term 8
3 receive vote from 2 on term 8
3 become leader in term 8
3 receive a reject vote from 1 on term 8 while 1 in term 8 with reasion 2
1 receive a reject vote from 4 on term 9 while 4 in term 9 with reasion 2
1 receive vote from 2 on term 9
4 receive a reject vote from 1 on term 9 while 1 in term 9 with reasion 2
2 receive vote from 1 on term 10
2 receive vote from 4 on term 10
2 become leader in term 10
3 receive a reject vote from 1 on term 11 while 1 in term 11 with reasion 3
3 receive a reject vote from 4 on term 11 while 4 in term 11 with reasion 3
1 receive vote from 4 on term 12
3 receive a reject vote from 4 on term 12 while 4 in term 12 with reasion 2
3 receive a reject vote from 1 on term 12 while 1 in term 12 with reasion 2
4 receive vote from 1 on term 13
4 receive vote from 3 on term 13
4 become leader in term 13
2 receive a reject vote from 1 on term 14 while 1 in term 14 with reasion 3
2 receive vote from 0 on term 14
1 receive vote from 0 on term 15
1 receive vote from 2 on term 15
1 become leader in term 15
4 receive a reject vote from 0 on term 16 while 0 in term 16 with reasion 3
4 receive vote from 3 on term 16
0 receive vote from 4 on term 17
0 receive vote from 3 on term 17
0 become leader in term 17
1 receive a reject vote from 3 on term 18 while 3 in term 18 with reasion 3
1 receive a reject vote from 4 on term 18 while 4 in term 18 with reasion 3
4 receive vote from 1 on term 19
3 receive vote from 1 on term 20
3 receive vote from 4 on term 20
3 become leader in term 20
0 receive vote from 3 on term 21
0 receive vote from 2 on term 21
0 become leader in term 21
0 receive vote from 1 on term 21
0 receive a reject vote from 4 on term 21 while 4 in term 21 with reasion 2
4 receive vote from 1 on term 22
4 receive vote from 2 on term 22
4 become leader in term 22
0 receive a reject vote from 2 on term 23 while 2 in term 23 with reasion 3
3 receive vote from 0 on term 24
3 receive vote from 2 on term 24
3 become leader in term 24
4 receive a reject vote from 2 on term 25 while 2 in term 25 with reasion 3
2 receive vote from 4 on term 26
4 receive a reject vote from 2 on term 27 while 2 in term 27 with reasion 3
2 receive vote from 4 on term 28
4 receive a reject vote from 2 on term 29 while 2 in term 29 with reasion 3
3 receive vote from 4 on term 30
3 receive vote from 1 on term 30
3 become leader in term 30
0 receive a reject vote from 2 on term 25 while 2 in term 30 with reasion 1
2 receive a reject vote from 0 on term 31 while 0 in term 31 with reasion 3
0 receive vote from 2 on term 32
2 receive a reject vote from 0 on term 33 while 0 in term 33 with reasion 3
0 receive vote from 2 on term 34
3 receive vote from 2 on term 35
0 receive a reject vote from 4 on term 35 while 4 in term 35 with reasion 3
0 receive a reject vote from 1 on term 35 while 1 in term 35 with reasion 3
4 receive vote from 1 on term 36
4 receive vote from 0 on term 36
4 become leader in term 36
2 receive a reject vote from 3 on term 36 while 3 in term 36 with reasion 3
3 receive vote from 2 on term 37
2 receive a reject vote from 3 on term 38 while 3 in term 38 with reasion 3
3 receive vote from 2 on term 39
4 receive vote from 1 on term 40
4 receive vote from 2 on term 40
4 become leader in term 40
4 receive a reject vote from 3 on term 40 while 3 in term 40 with reasion 2
4 receive vote from 0 on term 40
2 receive a reject vote from 3 on term 41 while 3 in term 41 with reasion 2
2 receive vote from 4 on term 41
3 receive a reject vote from 4 on term 41 while 4 in term 41 with reasion 2
2 receive vote from 0 on term 41
2 become leader in term 41
3 receive vote from 1 on term 41
2 receive a reject vote from 1 on term 41 while 1 in term 41 with reasion 2
  ... Passed --  28.5  5 16530  446
Test: unreliable net, restarts, partitions, random keys, many clients (4A) ...
5 receive vote from 2 on term 1
5 receive vote from 1 on term 1
5 receive vote from 6 on term 1
5 become leader in term 1
5 receive vote from 3 on term 1
5 receive vote from 0 on term 1
2 receive vote from 1 on term 2
0 receive a reject vote from 1 on term 2 while 1 in term 2 with reasion 2
0 receive a reject vote from 2 on term 3 while 2 in term 3 with reasion 2
1 receive vote from 0 on term 4
5 receive a reject vote from 2 on term 5 while 2 in term 5 with reasion 2
0 receive a reject vote from 5 on term 5 while 5 in term 5 with reasion 2
0 receive vote from 1 on term 5
5 receive a reject vote from 1 on term 5 while 1 in term 5 with reasion 2
5 receive a reject vote from 0 on term 5 while 0 in term 5 with reasion 2
4 receive vote from 3 on term 2
4 receive vote from 6 on term 2
2 receive a reject vote from 5 on term 6 while 5 in term 6 with reasion 3
2 receive vote from 1 on term 6
5 receive vote from 0 on term 7
0 receive a reject vote from 1 on term 6 while 1 in term 6 with reasion 2
0 receive a reject vote from 5 on term 6 while 5 in term 7 with reasion 1
0 receive a reject vote from 2 on term 6 while 2 in term 6 with reasion 2
5 receive vote from 2 on term 7
3 receive vote from 6 on term 4
1 receive a reject vote from 0 on term 7 while 0 in term 7 with reasion 2
1 receive a reject vote from 2 on term 7 while 2 in term 7 with reasion 2
0 receive vote from 2 on term 8
0 receive a reject vote from 5 on term 8 while 5 in term 8 with reasion 2
0 receive a reject vote from 1 on term 8 while 1 in term 8 with reasion 2
4 receive vote from 6 on term 5
2 receive a reject vote from 6 on term 9 while 6 in term 9 with reasion 3
2 receive a reject vote from 4 on term 9 while 4 in term 9 with reasion 3
6 receive vote from 2 on term 10
6 receive vote from 4 on term 10
5 receive vote from 3 on term 9
5 receive vote from 1 on term 9
5 receive vote from 0 on term 9
5 become leader in term 9
4 receive vote from 6 on term 11
4 receive vote from 2 on term 11
6 receive vote from 2 on term 12
6 receive vote from 4 on term 12
5 receive vote from 3 on term 13
5 receive vote from 0 on term 13
2 receive a reject vote from 1 on term 13 while 1 in term 13 with reasion 3
5 receive a reject vote from 2 on term 13 while 2 in term 13 with reasion 2
2 receive a reject vote from 3 on term 13 while 3 in term 13 with reasion 2
5 receive vote from 1 on term 13
5 become leader in term 13
2 receive a reject vote from 5 on term 13 while 5 in term 13 with reasion 2
2 receive a reject vote from 6 on term 13 while 6 in term 13 with reasion 3
5 receive vote from 6 on term 13
2 receive a reject vote from 0 on term 13 while 0 in term 13 with reasion 2
5 receive vote from 4 on term 13
2 receive a reject vote from 4 on term 13 while 4 in term 13 with reasion 2
0 receive vote from 1 on term 14
2 receive a reject vote from 1 on term 14 while 1 in term 14 with reasion 2
0 receive a reject vote from 2 on term 14 while 2 in term 14 with reasion 2
2 receive a reject vote from 0 on term 14 while 0 in term 14 with reasion 2
1 receive vote from 2 on term 15
1 receive vote from 0 on term 15
2 receive a reject vote from 1 on term 16 while 1 in term 16 with reasion 3
2 receive a reject vote from 0 on term 16 while 0 in term 16 with reasion 3
0 receive vote from 2 on term 17
5 receive vote from 2 on term 18
5 receive vote from 6 on term 18
5 receive vote from 3 on term 18
5 become leader in term 18
5 receive vote from 1 on term 18
5 receive vote from 0 on term 18
1 receive vote from 3 on term 19
1 receive vote from 4 on term 19
1 receive a reject vote from 2 on term 19 while 2 in term 19 with reasion 2
1 receive vote from 5 on term 19
1 become leader in term 19
2 receive a reject vote from 3 on term 19 while 3 in term 19 with reasion 2
2 receive a reject vote from 5 on term 19 while 5 in term 19 with reasion 2
2 receive a reject vote from 1 on term 19 while 1 in term 19 with reasion 2
1 receive a reject vote from 6 on term 19 while 6 in term 19 with reasion 2
2 receive a reject vote from 4 on term 19 while 4 in term 19 with reasion 2
2 receive a reject vote from 0 on term 19 while 0 in term 19 with reasion 2
2 receive a reject vote from 6 on term 19 while 6 in term 19 with reasion 2
5 receive a reject vote from 3 on term 22 while 3 in term 22 with reasion 3
5 receive a reject vote from 6 on term 22 while 6 in term 22 with reasion 3
3 receive a reject vote from 5 on term 20 while 5 in term 22 with reasion 1
6 receive vote from 3 on term 23
6 receive vote from 5 on term 23
3 receive vote from 6 on term 24
5 receive a reject vote from 6 on term 24 while 6 in term 24 with reasion 2
4 receive a reject vote from 3 on term 20 while 3 in term 24 with reasion 1
4 receive a reject vote from 5 on term 20 while 5 in term 24 with reasion 1
4 receive vote from 0 on term 20
4 receive vote from 2 on term 20
5 receive a reject vote from 4 on term 25 while 4 in term 25 with reasion 3
5 receive a reject vote from 3 on term 25 while 3 in term 25 with reasion 3
6 receive a reject vote from 1 on term 26 while 1 in term 26 with reasion 3
3 receive vote from 5 on term 26
3 receive a reject vote from 4 on term 26 while 4 in term 26 with reasion 3
3 receive a reject vote from 2 on term 26 while 2 in term 26 with reasion 3
1 receive vote from 6 on term 27
0 receive vote from 2 on term 26
0 receive a reject vote from 3 on term 26 while 3 in term 26 with reasion 2
4 receive vote from 5 on term 27
4 receive vote from 0 on term 27
4 receive vote from 2 on term 27
4 become leader in term 27
4 receive vote from 3 on term 27
6 receive a reject vote from 1 on term 28 while 1 in term 28 with reasion 3
1 receive vote from 6 on term 29
4 receive vote from 5 on term 30
4 receive vote from 1 on term 30
6 receive a reject vote from 4 on term 30 while 4 in term 30 with reasion 2
6 receive a reject vote from 2 on term 30 while 2 in term 30 with reasion 3
6 receive a reject vote from 5 on term 30 while 5 in term 30 with reasion 2
6 receive a reject vote from 1 on term 30 while 1 in term 30 with reasion 2
4 receive vote from 2 on term 30
4 become leader in term 30
6 receive a reject vote from 3 on term 30 while 3 in term 30 with reasion 3
2 receive vote from 3 on term 31
2 receive vote from 5 on term 31
5 receive vote from 3 on term 32
2 receive vote from 3 on term 33
2 receive vote from 5 on term 33
4 receive vote from 2 on term 34
4 receive vote from 5 on term 34
3 receive a reject vote from 6 on term 34 while 6 in term 34 with reasion 3
4 receive vote from 1 on term 34
4 become leader in term 34
4 receive a reject vote from 3 on term 34 while 3 in term 34 with reasion 2
4 receive vote from 6 on term 34
3 receive a reject vote from 2 on term 34 while 2 in term 34 with reasion 2
3 receive a reject vote from 0 on term 34 while 0 in term 34 with reasion 2
3 receive vote from 2 on term 35
3 receive vote from 0 on term 35
3 receive vote from 4 on term 35
3 become leader in term 35
3 receive vote from 6 on term 35
3 receive vote from 5 on term 35
6 receive vote from 2 on term 36
6 receive vote from 5 on term 36
1 receive vote from 2 on term 37
1 receive vote from 6 on term 37
1 receive vote from 5 on term 37
1 become leader in term 37
3 receive a reject vote from 2 on term 38 while 2 in term 38 with reasion 3
3 receive vote from 0 on term 38
3 receive vote from 4 on term 38
2 receive vote from 0 on term 39
2 receive vote from 4 on term 39
2 receive vote from 3 on term 39
2 become leader in term 39
4 receive vote from 0 on term 40
0 receive vote from 4 on term 41
4 receive vote from 0 on term 42
0 receive a reject vote from 6 on term 43 while 6 in term 43 with reasion 3
0 receive vote from 4 on term 43
6 receive vote from 0 on term 44
6 receive vote from 4 on term 44
4 receive a reject vote from 6 on term 45 while 6 in term 45 with reasion 3
4 receive vote from 0 on term 45
0 receive a reject vote from 1 on term 47 while 1 in term 47 with reasion 3
0 receive a reject vote from 2 on term 47 while 2 in term 47 with reasion 3
0 receive a reject vote from 5 on term 47 while 5 in term 47 with reasion 3
0 receive a reject vote from 6 on term 47 while 6 in term 47 with reasion 3
6 receive vote from 0 on term 48
4 receive a reject vote from 3 on term 47 while 3 in term 47 with reasion 3
1 receive vote from 0 on term 49
1 receive vote from 5 on term 49
1 receive vote from 6 on term 49
1 become leader in term 49
3 receive vote from 4 on term 48
4 receive a reject vote from 3 on term 49 while 3 in term 49 with reasion 3
3 receive vote from 4 on term 50
1 receive vote from 5 on term 51
1 receive vote from 6 on term 51
1 receive vote from 0 on term 51
1 become leader in term 51
1 receive vote from 3 on term 51
1 receive vote from 4 on term 51
1 receive vote from 2 on term 51
1 receive vote from 2 on term 52
1 receive vote from 3 on term 52
1 receive vote from 6 on term 52
1 become leader in term 52
1 receive vote from 0 on term 52
4 receive a reject vote from 2 on term 52 while 2 in term 52 with reasion 2
1 receive a reject vote from 4 on term 52 while 4 in term 52 with reasion 2
4 receive a reject vote from 0 on term 52 while 0 in term 52 with reasion 2
4 receive a reject vote from 1 on term 52 while 1 in term 52 with reasion 2
4 receive a reject vote from 3 on term 52 while 3 in term 52 with reasion 2
4 receive a reject vote from 6 on term 52 while 6 in term 52 with reasion 2
  ... Passed --  35.5  7 29518 1076
FAIL
exit status 1
FAIL	6.5840/kvraft	285.904s
