Test: one client (4A) ...
2 receive vote from 0 on term 1
2 receive vote from 1 on term 1
2 become leader in term 1
2 receive vote from 4 on term 1
2 receive vote from 3 on term 1
  ... Passed --  15.2  5  7089  307
Test: ops complete fast enough (4A) ...
2 receive vote from 1 on term 1
2 become leader in term 1
2 receive vote from 0 on term 1
--- FAIL: TestSpeed4A (35.94s)
    test_test.go:419: Operations completed too slowly 35.73198ms/op > 33.333333ms/op
Test: many clients (4A) ...
1 receive vote from 3 on term 1
1 receive vote from 0 on term 1
1 become leader in term 1
1 receive vote from 2 on term 1
1 receive vote from 4 on term 1
  ... Passed --  15.8  5 12255 1247
Test: unreliable net, many clients (4A) ...
4 receive vote from 3 on term 1
4 receive vote from 2 on term 1
4 become leader in term 1
4 receive vote from 1 on term 1
4 receive vote from 0 on term 1
  ... Passed --  16.8  5  9496  549
Test: concurrent append to same key, unreliable (4A) ...
1 receive vote from 0 on term 1
1 become leader in term 1
1 receive vote from 2 on term 1
  ... Passed --   1.7  3   508   52
4 receive vote from 2 on term 1
4 receive vote from 1 on term 1
4 become leader in term 1
4 receive vote from 0 on term 1
4 receive vote from 3 on term 1
Test: progress in majority (4A) ...
0 receive vote from 1 on term 2
0 receive vote from 2 on term 2
0 become leader in term 2
  ... Passed --   0.3  5   179    2
Test: no progress in minority (4A) ...
  ... Passed --   1.3  5  1072    3
Test: completion after heal (4A) ...
  ... Passed --   1.0  5   413    3
Test: partitions, one client (4A) ...
2 receive vote from 4 on term 1
2 receive vote from 3 on term 1
2 become leader in term 1
2 receive vote from 1 on term 1
2 receive vote from 0 on term 1
1 receive vote from 0 on term 2
2 receive vote from 4 on term 5
2 receive vote from 3 on term 5
2 become leader in term 5
0 receive vote from 1 on term 3
1 receive vote from 0 on term 4
0 receive vote from 1 on term 5
1 receive a reject vote from 4 on term 6 while 4 in term 6 with reasion 3
1 receive vote from 0 on term 6
4 receive vote from 1 on term 7
4 receive vote from 0 on term 7
4 become leader in term 7
2 receive vote from 3 on term 8
2 receive a reject vote from 1 on term 8 while 1 in term 8 with reasion 3
1 receive vote from 2 on term 9
1 receive vote from 3 on term 9
1 become leader in term 9
4 receive a reject vote from 3 on term 10 while 3 in term 10 with reasion 3
4 receive vote from 0 on term 10
3 receive vote from 4 on term 11
3 receive vote from 0 on term 11
3 become leader in term 11
4 receive a reject vote from 3 on term 14 while 3 in term 14 with reasion 3
2 receive vote from 0 on term 12
2 receive vote from 1 on term 12
2 become leader in term 12
3 receive vote from 4 on term 15
4 receive a reject vote from 3 on term 16 while 3 in term 16 with reasion 3
3 receive vote from 4 on term 17
4 receive a reject vote from 3 on term 18 while 3 in term 18 with reasion 3
3 receive vote from 4 on term 19
3 receive a reject vote from 2 on term 19 while 2 in term 19 with reasion 3
3 receive a reject vote from 0 on term 19 while 0 in term 19 with reasion 3
2 receive vote from 4 on term 20
2 receive vote from 3 on term 20
2 become leader in term 20
2 receive vote from 0 on term 20
0 receive a reject vote from 3 on term 23 while 3 in term 23 with reasion 3
0 receive a reject vote from 1 on term 23 while 1 in term 23 with reasion 3
3 receive vote from 1 on term 24
3 receive vote from 0 on term 24
3 become leader in term 24
4 receive a reject vote from 0 on term 27 while 0 in term 27 with reasion 3
0 receive vote from 4 on term 28
0 receive vote from 4 on term 29
4 receive a reject vote from 0 on term 30 while 0 in term 30 with reasion 3
3 receive vote from 4 on term 31
3 receive vote from 1 on term 31
3 become leader in term 31
3 receive vote from 0 on term 31
2 receive a reject vote from 4 on term 27 while 4 in term 31 with reasion 1
2 receive a reject vote from 0 on term 27 while 0 in term 31 with reasion 1
0 receive vote from 4 on term 32
0 receive vote from 2 on term 32
0 become leader in term 32
4 receive vote from 2 on term 33
2 receive vote from 4 on term 34
4 receive vote from 2 on term 35
0 receive vote from 4 on term 36
0 receive vote from 2 on term 36
0 become leader in term 36
0 receive vote from 3 on term 36
0 receive vote from 1 on term 36
  ... Passed --  22.6  5 11668  298
Test: partitions, many clients (4A) ...
1 receive vote from 4 on term 1
1 receive vote from 2 on term 1
1 become leader in term 1
1 receive vote from 0 on term 1
1 receive vote from 3 on term 1
0 receive a reject vote from 2 on term 4 while 2 in term 4 with reasion 3
2 receive vote from 0 on term 5
0 receive a reject vote from 2 on term 6 while 2 in term 6 with reasion 3
2 receive vote from 0 on term 7
1 receive vote from 0 on term 8
1 receive vote from 3 on term 8
1 become leader in term 8
2 receive a reject vote from 4 on term 8 while 4 in term 8 with reasion 3
4 receive vote from 2 on term 9
2 receive a reject vote from 4 on term 10 while 4 in term 10 with reasion 3
4 receive vote from 2 on term 11
2 receive a reject vote from 4 on term 12 while 4 in term 12 with reasion 3
4 receive vote from 2 on term 13
2 receive a reject vote from 4 on term 14 while 4 in term 14 with reasion 3
4 receive vote from 2 on term 15
2 receive a reject vote from 4 on term 16 while 4 in term 16 with reasion 3
4 receive vote from 2 on term 17
2 receive a reject vote from 1 on term 18 while 1 in term 18 with reasion 3
4 receive a reject vote from 3 on term 18 while 3 in term 18 with reasion 3
4 receive a reject vote from 0 on term 18 while 0 in term 18 with reasion 3
1 receive vote from 2 on term 19
0 receive vote from 4 on term 19
0 receive a reject vote from 3 on term 19 while 3 in term 19 with reasion 3
3 receive vote from 4 on term 20
3 receive vote from 0 on term 20
3 become leader in term 20
2 receive a reject vote from 1 on term 20 while 1 in term 20 with reasion 3
1 receive vote from 2 on term 21
2 receive a reject vote from 1 on term 22 while 1 in term 22 with reasion 3
1 receive vote from 2 on term 23
3 receive vote from 2 on term 24
3 receive vote from 4 on term 24
3 become leader in term 24
3 receive vote from 1 on term 24
3 receive vote from 0 on term 24
2 receive vote from 4 on term 25
4 receive vote from 2 on term 26
2 receive vote from 4 on term 27
3 receive vote from 2 on term 28
3 receive vote from 0 on term 28
3 become leader in term 28
1 receive a reject vote from 4 on term 25 while 4 in term 27 with reasion 1
4 receive a reject vote from 1 on term 28 while 1 in term 28 with reasion 3
1 receive vote from 4 on term 29
3 receive vote from 4 on term 30
1 receive a reject vote from 2 on term 30 while 2 in term 30 with reasion 3
1 receive a reject vote from 0 on term 30 while 0 in term 30 with reasion 3
0 receive a reject vote from 2 on term 31 while 2 in term 31 with reasion 3
0 receive vote from 1 on term 31
2 receive vote from 1 on term 32
2 receive vote from 0 on term 32
2 become leader in term 32
4 receive a reject vote from 3 on term 31 while 3 in term 31 with reasion 3
3 receive vote from 4 on term 32
4 receive a reject vote from 3 on term 33 while 3 in term 33 with reasion 3
3 receive vote from 4 on term 34
2 receive vote from 4 on term 35
2 receive vote from 1 on term 35
2 become leader in term 35
2 receive vote from 3 on term 35
3 receive vote from 0 on term 36
3 receive vote from 4 on term 36
3 become leader in term 36
3 receive vote from 1 on term 36
2 receive vote from 0 on term 37
0 receive vote from 2 on term 38
2 receive vote from 0 on term 39
0 receive vote from 2 on term 40
2 receive vote from 0 on term 41
0 receive vote from 2 on term 42
3 receive vote from 0 on term 43
3 receive vote from 1 on term 43
3 become leader in term 43
4 receive a reject vote from 2 on term 37 while 2 in term 42 with reasion 1
2 receive a reject vote from 4 on term 43 while 4 in term 43 with reasion 3
4 receive vote from 2 on term 44
2 receive a reject vote from 0 on term 45 while 0 in term 45 with reasion 3
2 receive a reject vote from 3 on term 45 while 3 in term 45 with reasion 3
2 receive a reject vote from 1 on term 45 while 1 in term 45 with reasion 3
3 receive vote from 2 on term 46
3 receive vote from 0 on term 46
3 become leader in term 46
3 receive vote from 1 on term 46
3 receive vote from 4 on term 48
3 receive vote from 1 on term 48
3 become leader in term 48
0 receive vote from 2 on term 47
2 receive vote from 0 on term 48
0 receive vote from 2 on term 49
3 receive vote from 0 on term 50
3 receive vote from 2 on term 50
3 become leader in term 50
3 receive vote from 1 on term 50
3 receive vote from 4 on term 50
  ... Passed --  22.8  5 16364 1337
Test: restarts, one client (4A) ...
0 receive vote from 4 on term 1
0 receive vote from 2 on term 1
0 become leader in term 1
0 receive vote from 3 on term 1
0 receive vote from 1 on term 1
3 receive vote from 1 on term 2
3 receive vote from 0 on term 2
3 become leader in term 2
3 receive vote from 4 on term 2
3 receive vote from 2 on term 2
1 receive vote from 3 on term 3
1 receive vote from 4 on term 3
1 become leader in term 3
1 receive vote from 0 on term 3
1 receive vote from 2 on term 3
0 receive vote from 4 on term 4
0 receive vote from 2 on term 4
0 become leader in term 4
0 receive vote from 1 on term 4
0 receive vote from 3 on term 4
  ... Passed --  18.7  5  7230  308
Test: restarts, many clients (4A) ...
4 receive vote from 3 on term 1
4 receive vote from 1 on term 1
4 become leader in term 1
4 receive vote from 2 on term 1
4 receive vote from 0 on term 1
3 receive vote from 4 on term 2
3 receive vote from 0 on term 2
3 become leader in term 2
3 receive vote from 2 on term 2
3 receive vote from 1 on term 2
1 receive a reject vote from 3 on term 3 while 3 in term 3 with reasion 3
1 receive vote from 4 on term 3
1 receive vote from 2 on term 3
1 become leader in term 3
1 receive vote from 0 on term 3
4 receive a reject vote from 3 on term 4 while 3 in term 4 with reasion 3
4 receive a reject vote from 2 on term 4 while 2 in term 4 with reasion 3
4 receive a reject vote from 1 on term 4 while 1 in term 4 with reasion 3
4 receive vote from 0 on term 4
1 receive vote from 0 on term 5
1 receive vote from 3 on term 5
1 become leader in term 5
1 receive vote from 2 on term 5
1 receive vote from 4 on term 5
  ... Passed --  19.3  5 12775 1256
Test: unreliable net, restarts, many clients (4A) ...
2 receive vote from 0 on term 1
2 receive vote from 1 on term 1
2 become leader in term 1
2 receive vote from 3 on term 1
0 receive vote from 3 on term 2
0 receive a reject vote from 2 on term 2 while 2 in term 2 with reasion 3
2 receive vote from 3 on term 3
0 receive a reject vote from 4 on term 2 while 4 in term 2 with reasion 3
2 receive vote from 1 on term 3
2 become leader in term 3
2 receive a reject vote from 0 on term 3 while 0 in term 3 with reasion 2
1 receive vote from 2 on term 4
1 receive vote from 0 on term 4
1 become leader in term 4
1 receive a reject vote from 3 on term 4 while 3 in term 4 with reasion 2
1 receive vote from 4 on term 4
4 receive vote from 2 on term 5
4 receive vote from 1 on term 5
4 become leader in term 5
4 receive a reject vote from 0 on term 5 while 0 in term 5 with reasion 2
  ... Passed --  20.8  5 10097  538
Test: restarts, partitions, many clients (4A) ...
3 receive vote from 1 on term 1
3 receive vote from 2 on term 1
3 become leader in term 1
3 receive vote from 0 on term 1
3 receive vote from 4 on term 1
2 receive vote from 4 on term 2
4 receive vote from 2 on term 3
2 receive vote from 4 on term 4
2 receive vote from 4 on term 5
3 receive vote from 4 on term 6
3 receive vote from 2 on term 6
3 become leader in term 6
3 receive vote from 0 on term 6
1 receive a reject vote from 0 on term 3 while 0 in term 6 with reasion 1
0 receive vote from 1 on term 7
1 receive a reject vote from 0 on term 8 while 0 in term 8 with reasion 3
0 receive vote from 1 on term 9
1 receive a reject vote from 0 on term 10 while 0 in term 10 with reasion 3
1 receive a reject vote from 2 on term 10 while 2 in term 10 with reasion 3
1 receive a reject vote from 3 on term 10 while 3 in term 10 with reasion 3
1 receive a reject vote from 4 on term 10 while 4 in term 10 with reasion 3
0 receive a reject vote from 4 on term 11 while 4 in term 11 with reasion 3
0 receive a reject vote from 3 on term 11 while 3 in term 11 with reasion 3
0 receive a reject vote from 2 on term 11 while 2 in term 11 with reasion 3
0 receive vote from 1 on term 11
3 receive vote from 1 on term 12
3 receive vote from 0 on term 12
3 become leader in term 12
3 receive vote from 4 on term 12
3 receive vote from 2 on term 12
0 receive vote from 4 on term 13
0 receive vote from 1 on term 13
0 become leader in term 13
4 receive vote from 3 on term 14
4 receive vote from 2 on term 14
4 become leader in term 14
4 receive vote from 1 on term 14
4 receive vote from 0 on term 14
2 receive a reject vote from 1 on term 17 while 1 in term 17 with reasion 3
2 receive a reject vote from 0 on term 17 while 0 in term 17 with reasion 3
2 receive a reject vote from 4 on term 17 while 4 in term 17 with reasion 3
4 receive vote from 1 on term 18
4 receive vote from 2 on term 18
4 become leader in term 18
4 receive vote from 0 on term 18
2 receive vote from 1 on term 19
1 receive vote from 2 on term 20
2 receive vote from 1 on term 21
4 receive vote from 2 on term 22
4 receive vote from 1 on term 22
4 become leader in term 22
4 receive vote from 0 on term 22
4 receive vote from 2 on term 25
4 receive vote from 3 on term 25
4 become leader in term 25
4 receive vote from 0 on term 25
4 receive vote from 1 on term 25
4 receive vote from 0 on term 26
4 receive vote from 3 on term 26
4 become leader in term 26
4 receive vote from 2 on term 26
4 receive vote from 1 on term 26
4 receive vote from 0 on term 29
4 receive vote from 2 on term 29
4 become leader in term 29
1 receive vote from 3 on term 27
3 receive vote from 1 on term 28
1 receive vote from 3 on term 29
1 receive vote from 3 on term 30
3 receive vote from 1 on term 31
1 receive vote from 3 on term 32
3 receive a reject vote from 0 on term 33 while 0 in term 33 with reasion 3
4 receive vote from 2 on term 33
4 receive vote from 1 on term 33
4 become leader in term 33
0 receive vote from 3 on term 34
3 receive a reject vote from 0 on term 35 while 0 in term 35 with reasion 3
0 receive vote from 3 on term 36
0 receive vote from 3 on term 37
4 receive vote from 3 on term 38
4 receive vote from 0 on term 38
4 become leader in term 38
1 receive vote from 2 on term 34
2 receive vote from 1 on term 35
1 receive vote from 2 on term 36
4 receive vote from 2 on term 39
4 receive vote from 1 on term 39
4 become leader in term 39
4 receive vote from 3 on term 39
4 receive vote from 0 on term 39
  ... Passed --  26.6  5 16745 1404
Test: unreliable net, restarts, partitions, many clients (4A) ...
3 receive vote from 1 on term 1
3 receive vote from 0 on term 1
3 become leader in term 1
3 receive vote from 2 on term 1
3 receive vote from 1 on term 6
0 receive a reject vote from 3 on term 2 while 3 in term 6 with reasion 1
0 receive a reject vote from 1 on term 2 while 1 in term 6 with reasion 1
2 receive vote from 4 on term 2
1 receive a reject vote from 3 on term 7 while 3 in term 7 with reasion 3
3 receive vote from 0 on term 8
4 receive vote from 2 on term 3
0 receive vote from 1 on term 9
2 receive vote from 4 on term 4
1 receive a reject vote from 3 on term 10 while 3 in term 10 with reasion 3
1 receive a reject vote from 0 on term 10 while 0 in term 10 with reasion 3
3 receive vote from 1 on term 11
3 receive vote from 2 on term 11
3 become leader in term 11
3 receive vote from 0 on term 16
3 receive vote from 2 on term 16
3 become leader in term 16
3 receive vote from 4 on term 16
3 receive vote from 1 on term 16
3 receive vote from 1 on term 17
3 receive vote from 4 on term 17
3 become leader in term 17
3 receive vote from 2 on term 17
3 receive vote from 0 on term 17
3 receive vote from 0 on term 20
3 receive vote from 4 on term 20
3 become leader in term 20
3 receive a reject vote from 1 on term 20 while 1 in term 20 with reasion 2
1 receive a reject vote from 0 on term 20 while 0 in term 20 with reasion 2
0 receive vote from 2 on term 21
4 receive a reject vote from 0 on term 21 while 0 in term 21 with reasion 2
4 receive a reject vote from 2 on term 21 while 2 in term 21 with reasion 2
2 receive a reject vote from 0 on term 22 while 0 in term 22 with reasion 3
2 receive a reject vote from 4 on term 22 while 4 in term 22 with reasion 3
0 receive vote from 4 on term 23
0 receive vote from 2 on term 23
0 become leader in term 23
3 receive a reject vote from 4 on term 24 while 4 in term 24 with reasion 3
4 receive vote from 3 on term 25
4 receive a reject vote from 3 on term 26 while 3 in term 26 with reasion 2
3 receive a reject vote from 0 on term 27 while 0 in term 27 with reasion 3
3 receive a reject vote from 1 on term 27 while 1 in term 27 with reasion 3
0 receive vote from 3 on term 28
0 receive vote from 1 on term 28
0 become leader in term 28
1 receive vote from 4 on term 29
1 receive vote from 2 on term 29
1 become leader in term 29
1 receive vote from 0 on term 29
1 receive vote from 3 on term 29
2 receive vote from 3 on term 30
3 receive vote from 2 on term 31
1 receive vote from 3 on term 33
0 receive a reject vote from 1 on term 30 while 1 in term 33 with reasion 1
0 receive a reject vote from 3 on term 30 while 3 in term 33 with reasion 1
2 receive a reject vote from 4 on term 33 while 4 in term 33 with reasion 3
3 receive a reject vote from 0 on term 34 while 0 in term 34 with reasion 3
3 receive a reject vote from 1 on term 34 while 1 in term 34 with reasion 3
4 receive vote from 2 on term 34
1 receive vote from 0 on term 35
2 receive a reject vote from 4 on term 35 while 4 in term 35 with reasion 3
0 receive vote from 1 on term 36
0 receive vote from 3 on term 36
0 become leader in term 36
4 receive vote from 2 on term 36
3 receive vote from 2 on term 37
3 receive vote from 4 on term 37
3 become leader in term 37
0 receive a reject vote from 1 on term 38 while 1 in term 38 with reasion 3
0 receive a reject vote from 3 on term 38 while 3 in term 38 with reasion 3
3 receive vote from 0 on term 39
3 receive vote from 1 on term 39
3 become leader in term 39
3 receive vote from 4 on term 39
4 receive vote from 2 on term 40
4 receive vote from 1 on term 40
4 become leader in term 40
4 receive a reject vote from 0 on term 40 while 0 in term 40 with reasion 2
  ... Passed --  27.7  5 12857  497
Test: unreliable net, restarts, partitions, random keys, many clients (4A) ...
0 receive vote from 4 on term 1
0 receive vote from 2 on term 1
0 receive a reject vote from 6 on term 1 while 6 in term 1 with reasion 2
6 receive a reject vote from 0 on term 1 while 0 in term 1 with reasion 2
0 receive vote from 1 on term 1
0 become leader in term 1
6 receive a reject vote from 2 on term 1 while 2 in term 1 with reasion 2
6 receive a reject vote from 5 on term 1 while 5 in term 1 with reasion 2
6 receive vote from 3 on term 1
2 receive vote from 6 on term 2
3 receive vote from 6 on term 3
6 receive a reject vote from 2 on term 4 while 2 in term 4 with reasion 2
2 receive vote from 3 on term 4
6 receive a reject vote from 3 on term 4 while 3 in term 4 with reasion 2
0 receive vote from 6 on term 5
0 receive vote from 4 on term 5
3 receive a reject vote from 1 on term 5 while 1 in term 5 with reasion 3
3 receive a reject vote from 5 on term 5 while 5 in term 5 with reasion 3
2 receive a reject vote from 6 on term 5 while 6 in term 5 with reasion 2
2 receive a reject vote from 0 on term 5 while 0 in term 5 with reasion 2
4 receive vote from 6 on term 6
4 receive vote from 0 on term 6
4 receive vote from 2 on term 6
4 become leader in term 6
5 receive vote from 3 on term 6
5 receive vote from 1 on term 6
1 receive vote from 5 on term 7
3 receive a reject vote from 5 on term 7 while 5 in term 7 with reasion 2
1 receive a reject vote from 3 on term 7 while 3 in term 7 with reasion 2
3 receive a reject vote from 1 on term 7 while 1 in term 7 with reasion 2
4 receive vote from 5 on term 9
4 receive vote from 2 on term 9
1 receive vote from 3 on term 9
1 receive a reject vote from 0 on term 9 while 0 in term 9 with reasion 3
1 receive a reject vote from 6 on term 9 while 6 in term 9 with reasion 3
0 receive vote from 3 on term 10
0 receive vote from 6 on term 10
5 receive a reject vote from 2 on term 10 while 2 in term 10 with reasion 3
5 receive a reject vote from 4 on term 10 while 4 in term 10 with reasion 3
2 receive vote from 4 on term 11
2 receive vote from 5 on term 11
3 receive a reject vote from 1 on term 11 while 1 in term 11 with reasion 3
3 receive a reject vote from 6 on term 11 while 6 in term 11 with reasion 3
3 receive a reject vote from 0 on term 11 while 0 in term 11 with reasion 3
1 receive a reject vote from 0 on term 12 while 0 in term 12 with reasion 3
1 receive vote from 3 on term 12
1 receive a reject vote from 6 on term 12 while 6 in term 12 with reasion 3
6 receive vote from 1 on term 13
6 receive vote from 0 on term 13
6 receive vote from 3 on term 13
6 become leader in term 13
4 receive vote from 2 on term 12
2 receive vote from 4 on term 13
2 receive vote from 5 on term 13
1 receive vote from 3 on term 14
1 receive vote from 2 on term 14
1 receive vote from 4 on term 14
1 become leader in term 14
1 receive vote from 5 on term 14
6 receive a reject vote from 2 on term 15 while 2 in term 15 with reasion 3
6 receive vote from 0 on term 15
2 receive vote from 0 on term 16
6 receive a reject vote from 0 on term 16 while 0 in term 16 with reasion 2
6 receive a reject vote from 2 on term 16 while 2 in term 16 with reasion 2
0 receive vote from 6 on term 17
0 receive a reject vote from 2 on term 17 while 2 in term 17 with reasion 3
2 receive vote from 0 on term 18
2 receive vote from 6 on term 18
0 receive vote from 6 on term 19
2 receive a reject vote from 0 on term 19 while 0 in term 19 with reasion 2
2 receive a reject vote from 3 on term 19 while 3 in term 19 with reasion 3
0 receive a reject vote from 2 on term 19 while 2 in term 19 with reasion 2
2 receive a reject vote from 5 on term 19 while 5 in term 19 with reasion 3
2 receive a reject vote from 6 on term 19 while 6 in term 19 with reasion 2
2 receive a reject vote from 4 on term 19 while 4 in term 19 with reasion 3
2 receive a reject vote from 1 on term 19 while 1 in term 19 with reasion 3
1 receive vote from 0 on term 20
1 receive vote from 2 on term 20
1 receive vote from 4 on term 20
1 become leader in term 20
1 receive vote from 6 on term 20
1 receive vote from 5 on term 20
1 receive vote from 4 on term 21
1 receive vote from 2 on term 21
1 receive vote from 6 on term 21
1 become leader in term 21
1 receive vote from 0 on term 21
1 receive vote from 5 on term 21
1 receive vote from 3 on term 21
6 receive a reject vote from 3 on term 22 while 3 in term 22 with reasion 3
3 receive vote from 6 on term 23
6 receive a reject vote from 3 on term 24 while 3 in term 24 with reasion 3
3 receive vote from 6 on term 25
6 receive a reject vote from 5 on term 26 while 5 in term 26 with reasion 3
6 receive a reject vote from 4 on term 26 while 4 in term 26 with reasion 3
6 receive a reject vote from 0 on term 26 while 0 in term 26 with reasion 3
6 receive a reject vote from 3 on term 26 while 3 in term 26 with reasion 3
4 receive vote from 5 on term 27
4 receive vote from 0 on term 27
4 receive vote from 6 on term 27
4 become leader in term 27
3 receive vote from 0 on term 29
0 receive vote from 3 on term 30
3 receive vote from 0 on term 31
3 receive a reject vote from 4 on term 31 while 4 in term 31 with reasion 3
3 receive a reject vote from 2 on term 31 while 2 in term 31 with reasion 3
4 receive vote from 2 on term 32
4 receive vote from 0 on term 32
1 receive vote from 5 on term 28
1 receive vote from 6 on term 28
0 receive a reject vote from 4 on term 33 while 4 in term 33 with reasion 2
4 receive vote from 3 on term 33
6 receive vote from 1 on term 29
0 receive a reject vote from 2 on term 33 while 2 in term 33 with reasion 3
4 receive a reject vote from 0 on term 33 while 0 in term 33 with reasion 2
4 receive vote from 2 on term 33
0 receive a reject vote from 3 on term 33 while 3 in term 33 with reasion 2
6 receive a reject vote from 5 on term 29 while 5 in term 29 with reasion 2
2 receive vote from 0 on term 34
2 receive vote from 3 on term 34
4 receive a reject vote from 3 on term 34 while 3 in term 34 with reasion 2
4 receive a reject vote from 2 on term 34 while 2 in term 34 with reasion 2
4 receive a reject vote from 0 on term 34 while 0 in term 34 with reasion 2
1 receive vote from 5 on term 30
1 receive vote from 6 on term 30
3 receive a reject vote from 4 on term 35 while 4 in term 35 with reasion 3
3 receive a reject vote from 2 on term 35 while 2 in term 35 with reasion 3
0 receive a reject vote from 6 on term 35 while 6 in term 35 with reasion 3
6 receive a reject vote from 0 on term 31 while 0 in term 35 with reasion 1
5 receive a reject vote from 6 on term 31 while 6 in term 35 with reasion 1
6 receive a reject vote from 5 on term 31 while 5 in term 35 with reasion 1
2 receive a reject vote from 4 on term 36 while 4 in term 36 with reasion 3
2 receive vote from 3 on term 36
2 receive vote from 1 on term 36
4 receive vote from 2 on term 37
4 receive vote from 1 on term 37
4 receive vote from 3 on term 37
4 become leader in term 37
6 receive vote from 5 on term 36
6 receive vote from 0 on term 36
0 receive a reject vote from 6 on term 37 while 6 in term 37 with reasion 3
0 receive a reject vote from 5 on term 37 while 5 in term 37 with reasion 3
5 receive vote from 0 on term 38
6 receive a reject vote from 0 on term 38 while 0 in term 38 with reasion 2
6 receive a reject vote from 5 on term 38 while 5 in term 38 with reasion 2
0 receive a reject vote from 6 on term 39 while 6 in term 39 with reasion 3
0 receive a reject vote from 3 on term 39 while 3 in term 39 with reasion 3
0 receive a reject vote from 4 on term 39 while 4 in term 39 with reasion 3
0 receive a reject vote from 2 on term 39 while 2 in term 39 with reasion 3
0 receive a reject vote from 5 on term 39 while 5 in term 39 with reasion 3
4 receive vote from 0 on term 40
4 receive vote from 3 on term 40
4 receive vote from 2 on term 40
4 become leader in term 40
4 receive vote from 6 on term 40
2 receive vote from 0 on term 41
2 receive vote from 6 on term 41
2 receive vote from 1 on term 41
2 become leader in term 41
2 receive vote from 3 on term 41
2 receive vote from 4 on term 41
5 receive vote from 4 on term 42
4 receive vote from 5 on term 43
5 receive vote from 4 on term 44
4 receive vote from 5 on term 45
2 receive vote from 0 on term 46
2 receive vote from 5 on term 46
0 receive vote from 5 on term 47
6 receive vote from 3 on term 42
4 receive a reject vote from 6 on term 46 while 6 in term 46 with reasion 3
6 receive vote from 1 on term 42
4 receive a reject vote from 1 on term 46 while 1 in term 46 with reasion 3
1 receive vote from 3 on term 47
1 receive vote from 4 on term 47
2 receive vote from 5 on term 48
2 receive vote from 0 on term 48
6 receive a reject vote from 4 on term 47 while 4 in term 47 with reasion 2
6 receive a reject vote from 3 on term 47 while 3 in term 47 with reasion 2
6 receive a reject vote from 1 on term 47 while 1 in term 47 with reasion 2
4 receive a reject vote from 1 on term 48 while 1 in term 48 with reasion 3
3 receive vote from 6 on term 48
3 receive a reject vote from 4 on term 48 while 4 in term 48 with reasion 2
0 receive vote from 5 on term 49
1 receive vote from 6 on term 49
1 receive vote from 3 on term 49
2 receive a reject vote from 5 on term 49 while 5 in term 49 with reasion 2
2 receive a reject vote from 0 on term 49 while 0 in term 49 with reasion 2
5 receive a reject vote from 6 on term 50 while 6 in term 50 with reasion 3
4 receive a reject vote from 0 on term 49 while 0 in term 49 with reasion 2
4 receive a reject vote from 1 on term 49 while 1 in term 49 with reasion 2
6 receive a reject vote from 2 on term 51 while 2 in term 51 with reasion 3
4 receive a reject vote from 3 on term 49 while 3 in term 49 with reasion 2
3 receive vote from 4 on term 50
3 receive a reject vote from 0 on term 50 while 0 in term 50 with reasion 3
0 receive vote from 4 on term 51
1 receive a reject vote from 0 on term 50 while 0 in term 51 with reasion 1
0 receive vote from 3 on term 51
2 receive vote from 5 on term 52
1 receive a reject vote from 4 on term 50 while 4 in term 51 with reasion 1
0 receive vote from 1 on term 51
0 become leader in term 51
2 receive vote from 6 on term 52
5 receive a reject vote from 6 on term 53 while 6 in term 53 with reasion 3
5 receive a reject vote from 2 on term 53 while 2 in term 53 with reasion 3
6 receive vote from 5 on term 54
2 receive vote from 6 on term 55
2 receive vote from 5 on term 55
2 receive a reject vote from 3 on term 57 while 3 in term 57 with reasion 3
2 receive vote from 6 on term 57
2 receive a reject vote from 4 on term 57 while 4 in term 57 with reasion 3
0 receive vote from 1 on term 57
0 receive vote from 5 on term 57
4 receive vote from 3 on term 58
4 receive vote from 2 on term 58
4 receive vote from 6 on term 58
4 become leader in term 58
5 receive a reject vote from 1 on term 58 while 1 in term 58 with reasion 2
5 receive a reject vote from 0 on term 58 while 0 in term 58 with reasion 3
1 receive a reject vote from 0 on term 58 while 0 in term 58 with reasion 3
1 receive a reject vote from 5 on term 58 while 5 in term 58 with reasion 2
0 receive vote from 1 on term 59
0 receive vote from 5 on term 59
5 receive a reject vote from 0 on term 60 while 0 in term 60 with reasion 3
5 receive a reject vote from 1 on term 60 while 1 in term 60 with reasion 3
0 receive vote from 1 on term 62
0 receive vote from 5 on term 62
6 receive vote from 3 on term 59
5 receive a reject vote from 1 on term 63 while 1 in term 63 with reasion 3
5 receive a reject vote from 2 on term 63 while 2 in term 63 with reasion 3
4 receive vote from 2 on term 63
4 receive a reject vote from 5 on term 63 while 5 in term 63 with reasion 2
5 receive a reject vote from 0 on term 63 while 0 in term 63 with reasion 3
4 receive vote from 0 on term 63
4 receive vote from 1 on term 63
4 become leader in term 63
5 receive a reject vote from 4 on term 63 while 4 in term 63 with reasion 2
3 receive a reject vote from 6 on term 61 while 6 in term 61 with reasion 2
0 receive vote from 2 on term 64
3 receive a reject vote from 2 on term 64 while 2 in term 64 with reasion 2
0 receive a reject vote from 3 on term 64 while 3 in term 64 with reasion 2
0 receive vote from 1 on term 64
0 receive vote from 6 on term 64
0 become leader in term 64
3 receive vote from 4 on term 64
0 receive a reject vote from 4 on term 64 while 4 in term 64 with reasion 2
3 receive a reject vote from 1 on term 64 while 1 in term 64 with reasion 2
3 receive a reject vote from 5 on term 64 while 5 in term 64 with reasion 2
  ... Passed --  34.5  7 28392  952
FAIL
exit status 1
FAIL	6.5840/kvraft	281.759s
