Test: one client (4A) ...
1 receive vote from 4 on term 1
1 receive vote from 0 on term 1
1 become leader in term 1
1 receive vote from 2 on term 1
1 receive vote from 3 on term 1
  ... Passed --  15.2  5  7084  297
Test: ops complete fast enough (4A) ...
2 receive vote from 1 on term 1
2 become leader in term 1
2 receive vote from 0 on term 1
--- FAIL: TestSpeed4A (35.32s)
    test_test.go:419: Operations completed too slowly 35.08683ms/op > 33.333333ms/op
Test: many clients (4A) ...
0 receive vote from 4 on term 1
0 receive vote from 2 on term 1
0 become leader in term 1
0 receive vote from 3 on term 1
0 receive vote from 1 on term 1
  ... Passed --  15.9  5 12340 1239
Test: unreliable net, many clients (4A) ...
1 receive vote from 2 on term 1
1 receive vote from 0 on term 1
1 become leader in term 1
1 receive vote from 4 on term 1
3 receive a reject vote from 1 on term 1 while 1 in term 1 with reasion 2
3 receive a reject vote from 4 on term 1 while 4 in term 1 with reasion 2
1 receive a reject vote from 3 on term 1 while 3 in term 1 with reasion 2
3 receive a reject vote from 0 on term 1 while 0 in term 1 with reasion 2
  ... Passed --  17.2  5  9701  537
Test: concurrent append to same key, unreliable (4A) ...
0 receive a reject vote from 2 on term 1 while 2 in term 1 with reasion 2
2 receive a reject vote from 0 on term 1 while 0 in term 1 with reasion 2
0 receive vote from 1 on term 1
0 become leader in term 1
2 receive a reject vote from 1 on term 1 while 1 in term 1 with reasion 2
  ... Passed --   1.5  3   458   52
3 receive vote from 4 on term 1
3 receive vote from 1 on term 1
3 become leader in term 1
3 receive vote from 0 on term 1
3 receive vote from 2 on term 1
Test: progress in majority (4A) ...
2 receive vote from 1 on term 2
2 receive vote from 0 on term 2
2 become leader in term 2
  ... Passed --   0.4  5   241    2
Test: no progress in minority (4A) ...
  ... Passed --   1.3  5  1096    3
Test: completion after heal (4A) ...
  ... Passed --   1.0  5   405    3
Test: partitions, one client (4A) ...
2 receive vote from 4 on term 1
2 receive vote from 1 on term 1
2 become leader in term 1
2 receive vote from 3 on term 1
2 receive vote from 0 on term 1
3 receive vote from 0 on term 2
0 receive vote from 3 on term 3
3 receive vote from 0 on term 4
0 receive a reject vote from 1 on term 5 while 1 in term 5 with reasion 3
0 receive a reject vote from 4 on term 5 while 4 in term 5 with reasion 3
2 receive vote from 3 on term 5
4 receive vote from 0 on term 6
4 receive vote from 1 on term 6
4 become leader in term 6
3 receive a reject vote from 2 on term 6 while 2 in term 6 with reasion 3
2 receive vote from 3 on term 7
3 receive a reject vote from 2 on term 8 while 2 in term 8 with reasion 3
3 receive a reject vote from 1 on term 8 while 1 in term 8 with reasion 3
3 receive a reject vote from 0 on term 8 while 0 in term 8 with reasion 3
2 receive a reject vote from 0 on term 9 while 0 in term 9 with reasion 3
2 receive a reject vote from 1 on term 9 while 1 in term 9 with reasion 3
2 receive vote from 3 on term 9
1 receive vote from 2 on term 10
1 receive vote from 3 on term 10
1 become leader in term 10
1 receive vote from 0 on term 10
0 receive a reject vote from 4 on term 14 while 4 in term 14 with reasion 3
4 receive vote from 0 on term 15
0 receive a reject vote from 4 on term 16 while 4 in term 16 with reasion 3
4 receive vote from 0 on term 17
0 receive a reject vote from 4 on term 18 while 4 in term 18 with reasion 3
0 receive a reject vote from 1 on term 18 while 1 in term 18 with reasion 3
0 receive a reject vote from 3 on term 18 while 3 in term 18 with reasion 3
0 receive a reject vote from 2 on term 18 while 2 in term 18 with reasion 3
1 receive vote from 4 on term 19
1 receive vote from 0 on term 19
1 become leader in term 19
1 receive vote from 3 on term 19
1 receive vote from 2 on term 19
2 receive vote from 0 on term 20
0 receive vote from 2 on term 21
0 receive vote from 2 on term 22
1 receive vote from 2 on term 23
3 receive a reject vote from 0 on term 20 while 0 in term 22 with reasion 1
3 receive vote from 4 on term 20
0 receive a reject vote from 4 on term 23 while 4 in term 23 with reasion 3
0 receive a reject vote from 3 on term 23 while 3 in term 23 with reasion 3
2 receive a reject vote from 1 on term 24 while 1 in term 24 with reasion 3
4 receive vote from 0 on term 24
4 receive vote from 3 on term 24
4 become leader in term 24
1 receive vote from 2 on term 25
2 receive a reject vote from 1 on term 26 while 1 in term 26 with reasion 3
1 receive vote from 2 on term 27
0 receive a reject vote from 2 on term 25 while 2 in term 27 with reasion 1
0 receive vote from 3 on term 25
4 receive vote from 1 on term 28
2 receive a reject vote from 0 on term 28 while 0 in term 28 with reasion 3
2 receive a reject vote from 3 on term 28 while 3 in term 28 with reasion 3
1 receive a reject vote from 4 on term 29 while 4 in term 29 with reasion 3
3 receive vote from 0 on term 29
3 receive vote from 2 on term 29
3 become leader in term 29
4 receive vote from 1 on term 30
1 receive a reject vote from 4 on term 31 while 4 in term 31 with reasion 3
4 receive vote from 1 on term 32
3 receive vote from 0 on term 33
3 receive vote from 4 on term 33
3 become leader in term 33
3 receive vote from 2 on term 33
4 receive a reject vote from 1 on term 34 while 1 in term 34 with reasion 2
4 receive vote from 0 on term 34
4 receive vote from 2 on term 34
4 become leader in term 34
0 receive vote from 2 on term 35
2 receive vote from 0 on term 36
0 receive vote from 2 on term 37
4 receive vote from 0 on term 38
2 receive a reject vote from 1 on term 38 while 1 in term 38 with reasion 3
2 receive a reject vote from 3 on term 38 while 3 in term 38 with reasion 3
1 receive vote from 2 on term 39
1 receive vote from 3 on term 39
1 become leader in term 39
0 receive a reject vote from 4 on term 39 while 4 in term 39 with reasion 3
4 receive vote from 0 on term 40
0 receive a reject vote from 4 on term 41 while 4 in term 41 with reasion 3
4 receive vote from 0 on term 42
1 receive vote from 4 on term 43
3 receive a reject vote from 0 on term 40 while 0 in term 42 with reasion 1
3 receive vote from 2 on term 40
0 receive a reject vote from 2 on term 43 while 2 in term 43 with reasion 3
0 receive a reject vote from 3 on term 43 while 3 in term 43 with reasion 3
4 receive a reject vote from 1 on term 44 while 1 in term 44 with reasion 3
1 receive vote from 4 on term 45
2 receive vote from 0 on term 44
2 receive vote from 3 on term 44
2 become leader in term 44
4 receive a reject vote from 1 on term 46 while 1 in term 46 with reasion 3
1 receive vote from 4 on term 47
4 receive a reject vote from 1 on term 48 while 1 in term 48 with reasion 3
1 receive vote from 4 on term 49
4 receive a reject vote from 1 on term 50 while 1 in term 50 with reasion 3
1 receive vote from 4 on term 51
4 receive a reject vote from 1 on term 52 while 1 in term 52 with reasion 3
1 receive a reject vote from 2 on term 53 while 2 in term 53 with reasion 3
1 receive a reject vote from 0 on term 53 while 0 in term 53 with reasion 3
1 receive a reject vote from 3 on term 53 while 3 in term 53 with reasion 3
3 receive vote from 0 on term 54
3 receive vote from 1 on term 54
3 become leader in term 54
3 receive vote from 2 on term 54
  ... Passed --  22.6  5 10098  267
Test: partitions, many clients (4A) ...
1 receive vote from 4 on term 1
1 receive vote from 2 on term 1
1 become leader in term 1
1 receive vote from 0 on term 1
1 receive vote from 3 on term 1
4 receive vote from 2 on term 2
2 receive vote from 4 on term 3
4 receive vote from 2 on term 4
2 receive vote from 4 on term 5
2 receive a reject vote from 0 on term 5 while 0 in term 5 with reasion 3
2 receive a reject vote from 1 on term 5 while 1 in term 5 with reasion 3
2 receive a reject vote from 3 on term 5 while 3 in term 5 with reasion 3
1 receive vote from 2 on term 6
1 receive vote from 4 on term 6
1 become leader in term 6
1 receive vote from 3 on term 6
1 receive vote from 0 on term 6
2 receive vote from 4 on term 7
2 receive vote from 3 on term 7
2 become leader in term 7
4 receive a reject vote from 3 on term 10 while 3 in term 10 with reasion 3
4 receive a reject vote from 1 on term 10 while 1 in term 10 with reasion 3
3 receive vote from 4 on term 11
3 receive vote from 1 on term 11
3 become leader in term 11
4 receive vote from 0 on term 12
0 receive vote from 4 on term 13
4 receive vote from 0 on term 14
0 receive a reject vote from 2 on term 15 while 2 in term 15 with reasion 3
0 receive a reject vote from 3 on term 15 while 3 in term 15 with reasion 3
3 receive vote from 2 on term 16
3 receive vote from 0 on term 16
3 become leader in term 16
4 receive a reject vote from 1 on term 15 while 1 in term 15 with reasion 3
1 receive vote from 4 on term 16
4 receive a reject vote from 1 on term 17 while 1 in term 17 with reasion 3
1 receive vote from 4 on term 18
4 receive a reject vote from 3 on term 19 while 3 in term 19 with reasion 3
4 receive a reject vote from 2 on term 19 while 2 in term 19 with reasion 3
4 receive a reject vote from 1 on term 19 while 1 in term 19 with reasion 3
4 receive a reject vote from 0 on term 19 while 0 in term 19 with reasion 3
1 receive a reject vote from 2 on term 20 while 2 in term 20 with reasion 3
1 receive a reject vote from 3 on term 20 while 3 in term 20 with reasion 3
1 receive a reject vote from 0 on term 20 while 0 in term 20 with reasion 3
1 receive vote from 4 on term 20
3 receive vote from 4 on term 21
3 receive vote from 1 on term 21
3 become leader in term 21
3 receive vote from 2 on term 21
3 receive vote from 0 on term 21
2 receive vote from 4 on term 22
2 receive vote from 0 on term 22
2 become leader in term 22
2 receive vote from 1 on term 22
0 receive vote from 3 on term 23
3 receive vote from 0 on term 24
0 receive vote from 3 on term 25
2 receive vote from 0 on term 26
3 receive a reject vote from 1 on term 26 while 1 in term 26 with reasion 3
3 receive a reject vote from 4 on term 26 while 4 in term 26 with reasion 3
1 receive vote from 3 on term 27
1 receive vote from 4 on term 27
1 become leader in term 27
0 receive a reject vote from 2 on term 27 while 2 in term 27 with reasion 3
2 receive vote from 0 on term 28
2 receive vote from 0 on term 29
4 receive a reject vote from 1 on term 28 while 1 in term 29 with reasion 1
4 receive a reject vote from 2 on term 28 while 2 in term 29 with reasion 1
4 receive vote from 3 on term 28
1 receive vote from 4 on term 30
1 receive vote from 2 on term 30
1 become leader in term 30
1 receive vote from 3 on term 30
1 receive vote from 0 on term 33
1 receive vote from 4 on term 33
1 become leader in term 33
1 receive vote from 3 on term 33
2 receive a reject vote from 4 on term 33 while 4 in term 33 with reasion 2
2 receive a reject vote from 3 on term 33 while 3 in term 33 with reasion 2
3 receive vote from 2 on term 34
3 receive vote from 4 on term 34
3 become leader in term 34
  ... Passed --  23.3  5 17578 1227
Test: restarts, one client (4A) ...
2 receive vote from 1 on term 1
2 receive vote from 4 on term 1
2 become leader in term 1
2 receive vote from 0 on term 1
2 receive vote from 3 on term 1
4 receive vote from 3 on term 2
4 receive vote from 1 on term 2
4 become leader in term 2
4 receive vote from 0 on term 2
4 receive vote from 2 on term 2
3 receive vote from 4 on term 3
3 receive vote from 0 on term 3
3 become leader in term 3
3 receive vote from 2 on term 3
3 receive vote from 1 on term 3
2 receive vote from 4 on term 4
2 receive vote from 0 on term 4
2 become leader in term 4
2 receive vote from 1 on term 4
2 receive vote from 3 on term 4
  ... Passed --  18.8  5  7228  305
Test: restarts, many clients (4A) ...
3 receive vote from 4 on term 1
3 receive vote from 2 on term 1
3 become leader in term 1
3 receive vote from 1 on term 1
3 receive vote from 0 on term 1
3 receive vote from 1 on term 2
3 receive vote from 0 on term 2
3 become leader in term 2
3 receive vote from 2 on term 2
3 receive vote from 4 on term 2
2 receive vote from 0 on term 3
2 receive vote from 4 on term 3
2 become leader in term 3
2 receive vote from 1 on term 3
2 receive vote from 3 on term 3
1 receive a reject vote from 2 on term 4 while 2 in term 4 with reasion 3
1 receive a reject vote from 3 on term 4 while 3 in term 4 with reasion 3
1 receive vote from 4 on term 4
1 receive vote from 0 on term 4
1 become leader in term 4
  ... Passed --  19.4  5 12790 1237
Test: unreliable net, restarts, many clients (4A) ...
4 receive vote from 2 on term 1
4 receive vote from 3 on term 1
4 become leader in term 1
2 receive vote from 1 on term 2
3 receive a reject vote from 0 on term 2 while 0 in term 2 with reasion 2
2 receive a reject vote from 0 on term 2 while 0 in term 2 with reasion 2
0 receive a reject vote from 1 on term 2 while 1 in term 2 with reasion 2
2 receive vote from 4 on term 2
2 become leader in term 2
0 receive a reject vote from 3 on term 2 while 3 in term 2 with reasion 2
3 receive a reject vote from 4 on term 2 while 4 in term 2 with reasion 2
0 receive a reject vote from 4 on term 2 while 4 in term 2 with reasion 2
0 receive a reject vote from 2 on term 2 while 2 in term 2 with reasion 2
2 receive a reject vote from 3 on term 2 while 3 in term 2 with reasion 2
3 receive a reject vote from 2 on term 2 while 2 in term 2 with reasion 2
1 receive a reject vote from 2 on term 3 while 2 in term 3 with reasion 3
2 receive vote from 0 on term 4
1 receive a reject vote from 0 on term 3 while 0 in term 4 with reasion 1
3 receive a reject vote from 2 on term 3 while 2 in term 4 with reasion 1
2 receive vote from 4 on term 4
2 become leader in term 4
2 receive vote from 3 on term 4
2 receive vote from 1 on term 4
1 receive a reject vote from 3 on term 3 while 3 in term 4 with reasion 1
3 receive a reject vote from 0 on term 3 while 0 in term 4 with reasion 1
4 receive vote from 1 on term 5
4 receive vote from 0 on term 5
4 become leader in term 5
4 receive vote from 3 on term 5
2 receive a reject vote from 4 on term 5 while 4 in term 5 with reasion 2
2 receive a reject vote from 1 on term 5 while 1 in term 5 with reasion 2
4 receive a reject vote from 2 on term 5 while 2 in term 5 with reasion 2
2 receive a reject vote from 3 on term 5 while 3 in term 5 with reasion 2
  ... Passed --  21.0  5 10199  547
Test: restarts, partitions, many clients (4A) ...
1 receive vote from 4 on term 1
1 receive vote from 2 on term 1
1 become leader in term 1
1 receive vote from 3 on term 1
1 receive vote from 0 on term 1
4 receive vote from 0 on term 2
4 receive vote from 2 on term 2
4 become leader in term 2
4 receive vote from 3 on term 4
4 receive vote from 1 on term 4
4 become leader in term 4
0 receive vote from 2 on term 3
2 receive vote from 0 on term 4
4 receive vote from 1 on term 7
0 receive vote from 3 on term 5
0 receive vote from 2 on term 5
0 become leader in term 5
1 receive a reject vote from 4 on term 8 while 4 in term 8 with reasion 3
4 receive vote from 1 on term 9
1 receive a reject vote from 4 on term 10 while 4 in term 10 with reasion 3
4 receive vote from 1 on term 11
0 receive vote from 1 on term 12
0 receive vote from 3 on term 12
0 become leader in term 12
0 receive vote from 4 on term 12
0 receive vote from 2 on term 12
0 receive vote from 3 on term 13
0 receive vote from 4 on term 13
0 become leader in term 13
0 receive vote from 1 on term 13
0 receive vote from 2 on term 13
1 receive a reject vote from 3 on term 14 while 3 in term 14 with reasion 3
3 receive vote from 1 on term 15
1 receive a reject vote from 3 on term 16 while 3 in term 16 with reasion 2
3 receive a reject vote from 1 on term 16 while 1 in term 16 with reasion 2
0 receive vote from 3 on term 17
0 receive vote from 2 on term 17
0 become leader in term 17
0 receive vote from 4 on term 17
0 receive vote from 1 on term 19
0 receive vote from 2 on term 19
0 become leader in term 19
0 receive vote from 3 on term 19
1 receive a reject vote from 4 on term 20 while 4 in term 20 with reasion 2
1 receive a reject vote from 3 on term 20 while 3 in term 20 with reasion 3
1 receive vote from 2 on term 20
3 receive vote from 1 on term 21
3 receive vote from 4 on term 21
3 become leader in term 21
3 receive vote from 2 on term 21
3 receive vote from 4 on term 25
3 receive vote from 1 on term 25
3 become leader in term 25
3 receive vote from 2 on term 25
3 receive vote from 0 on term 25
3 receive vote from 4 on term 26
3 receive vote from 1 on term 26
3 become leader in term 26
3 receive vote from 2 on term 26
3 receive vote from 0 on term 26
4 receive a reject vote from 0 on term 27 while 0 in term 27 with reasion 3
0 receive vote from 4 on term 28
4 receive a reject vote from 0 on term 29 while 0 in term 29 with reasion 3
0 receive vote from 4 on term 30
0 receive vote from 4 on term 31
4 receive a reject vote from 0 on term 32 while 0 in term 32 with reasion 3
0 receive vote from 4 on term 33
0 receive vote from 4 on term 34
3 receive vote from 4 on term 35
3 receive vote from 1 on term 35
3 become leader in term 35
3 receive vote from 0 on term 35
2 receive a reject vote from 4 on term 29 while 4 in term 35 with reasion 1
2 receive a reject vote from 1 on term 29 while 1 in term 35 with reasion 1
1 receive vote from 4 on term 36
1 receive vote from 2 on term 36
1 become leader in term 36
1 receive vote from 4 on term 40
1 receive vote from 2 on term 40
1 become leader in term 40
1 receive vote from 3 on term 40
1 receive vote from 0 on term 40
4 receive vote from 3 on term 41
4 receive vote from 1 on term 41
4 become leader in term 41
4 receive vote from 0 on term 41
4 receive vote from 2 on term 41
  ... Passed --  27.0  5 17080 1278
Test: unreliable net, restarts, partitions, many clients (4A) ...
4 receive vote from 1 on term 1
3 receive vote from 2 on term 1
4 receive a reject vote from 2 on term 1 while 2 in term 1 with reasion 2
3 receive a reject vote from 1 on term 1 while 1 in term 1 with reasion 2
3 receive a reject vote from 4 on term 1 while 4 in term 1 with reasion 2
1 receive vote from 3 on term 2
1 receive vote from 0 on term 2
1 become leader in term 2
1 receive vote from 4 on term 2
2 receive a reject vote from 0 on term 3 while 0 in term 3 with reasion 2
0 receive vote from 2 on term 4
2 receive vote from 0 on term 5
1 receive vote from 0 on term 6
4 receive a reject vote from 2 on term 3 while 2 in term 5 with reasion 1
2 receive a reject vote from 4 on term 6 while 4 in term 6 with reasion 3
2 receive a reject vote from 3 on term 6 while 3 in term 6 with reasion 3
1 receive a reject vote from 0 on term 7 while 0 in term 7 with reasion 2
3 receive vote from 4 on term 7
0 receive a reject vote from 1 on term 8 while 1 in term 8 with reasion 3
4 receive vote from 2 on term 8
3 receive a reject vote from 2 on term 8 while 2 in term 8 with reasion 2
2 receive a reject vote from 4 on term 9 while 4 in term 9 with reasion 3
2 receive a reject vote from 3 on term 9 while 3 in term 9 with reasion 3
0 receive a reject vote from 1 on term 10 while 1 in term 10 with reasion 3
1 receive vote from 0 on term 11
4 receive vote from 2 on term 10
3 receive vote from 2 on term 11
0 receive a reject vote from 1 on term 12 while 1 in term 12 with reasion 3
1 receive vote from 0 on term 13
0 receive a reject vote from 1 on term 14 while 1 in term 14 with reasion 3
3 receive vote from 2 on term 12
3 receive vote from 4 on term 12
3 become leader in term 12
1 receive vote from 0 on term 15
3 receive vote from 2 on term 16
3 receive vote from 4 on term 16
3 become leader in term 16
2 receive vote from 4 on term 17
2 receive vote from 1 on term 17
2 become leader in term 17
2 receive vote from 0 on term 17
2 receive a reject vote from 3 on term 17 while 3 in term 17 with reasion 2
1 receive vote from 4 on term 18
0 receive a reject vote from 1 on term 18 while 1 in term 18 with reasion 2
0 receive a reject vote from 4 on term 18 while 4 in term 18 with reasion 2
4 receive vote from 1 on term 19
4 receive vote from 0 on term 19
4 become leader in term 19
2 receive a reject vote from 0 on term 20 while 0 in term 20 with reasion 3
2 receive a reject vote from 1 on term 20 while 1 in term 20 with reasion 3
0 receive vote from 1 on term 21
2 receive a reject vote from 0 on term 22 while 0 in term 22 with reasion 3
2 receive a reject vote from 1 on term 22 while 1 in term 22 with reasion 2
1 receive vote from 0 on term 22
1 receive a reject vote from 2 on term 22 while 2 in term 22 with reasion 2
0 receive vote from 2 on term 23
3 receive a reject vote from 2 on term 20 while 2 in term 23 with reasion 1
1 receive vote from 2 on term 24
3 receive a reject vote from 1 on term 20 while 1 in term 24 with reasion 1
1 receive a reject vote from 3 on term 24 while 3 in term 24 with reasion 3
4 receive vote from 0 on term 24
2 receive a reject vote from 1 on term 25 while 1 in term 25 with reasion 3
2 receive a reject vote from 3 on term 25 while 3 in term 25 with reasion 3
1 receive a reject vote from 3 on term 26 while 3 in term 26 with reasion 3
1 receive vote from 2 on term 26
3 receive vote from 1 on term 27
4 receive a reject vote from 0 on term 25 while 0 in term 25 with reasion 2
2 receive a reject vote from 3 on term 28 while 3 in term 28 with reasion 3
1 receive a reject vote from 4 on term 28 while 4 in term 28 with reasion 3
0 receive a reject vote from 3 on term 26 while 3 in term 28 with reasion 1
3 receive vote from 0 on term 29
4 receive vote from 1 on term 29
4 receive vote from 2 on term 29
4 become leader in term 29
0 receive a reject vote from 3 on term 30 while 3 in term 30 with reasion 3
3 receive vote from 0 on term 31
0 receive a reject vote from 3 on term 32 while 3 in term 32 with reasion 3
3 receive vote from 0 on term 33
4 receive vote from 1 on term 34
0 receive a reject vote from 2 on term 34 while 2 in term 34 with reasion 3
1 receive vote from 4 on term 35
1 receive vote from 3 on term 35
1 become leader in term 35
2 receive vote from 0 on term 35
0 receive a reject vote from 2 on term 36 while 2 in term 36 with reasion 3
2 receive vote from 0 on term 37
0 receive a reject vote from 2 on term 38 while 2 in term 38 with reasion 3
1 receive vote from 4 on term 38
3 receive vote from 2 on term 39
4 receive a reject vote from 3 on term 39 while 3 in term 39 with reasion 2
3 receive a reject vote from 4 on term 39 while 4 in term 39 with reasion 2
4 receive vote from 1 on term 39
4 receive vote from 0 on term 39
4 become leader in term 39
3 receive a reject vote from 2 on term 40 while 2 in term 40 with reasion 2
2 receive a reject vote from 3 on term 40 while 3 in term 40 with reasion 2
3 receive vote from 1 on term 40
3 receive vote from 0 on term 40
3 become leader in term 40
2 receive vote from 4 on term 40
2 receive a reject vote from 1 on term 40 while 1 in term 40 with reasion 2
2 receive a reject vote from 0 on term 40 while 0 in term 40 with reasion 2
3 receive a reject vote from 4 on term 40 while 4 in term 40 with reasion 2
4 receive vote from 0 on term 41
4 receive vote from 1 on term 41
4 become leader in term 41
3 receive a reject vote from 1 on term 42 while 1 in term 42 with reasion 3
3 receive a reject vote from 2 on term 42 while 2 in term 42 with reasion 3
2 receive vote from 1 on term 43
2 receive vote from 0 on term 43
2 become leader in term 43
2 receive a reject vote from 3 on term 43 while 3 in term 43 with reasion 2
4 receive a reject vote from 3 on term 44 while 3 in term 44 with reasion 3
4 receive a reject vote from 0 on term 44 while 0 in term 44 with reasion 3
0 receive vote from 3 on term 45
0 receive vote from 4 on term 45
0 become leader in term 45
3 receive vote from 1 on term 46
1 receive a reject vote from 3 on term 47 while 3 in term 47 with reasion 2
1 receive a reject vote from 3 on term 48 while 3 in term 48 with reasion 3
3 receive vote from 1 on term 49
0 receive vote from 2 on term 50
0 receive vote from 1 on term 50
0 become leader in term 50
0 receive vote from 4 on term 50
4 receive vote from 3 on term 51
4 receive vote from 1 on term 51
4 become leader in term 51
4 receive vote from 0 on term 51
  ... Passed --  28.4  5 13604  399
Test: unreliable net, restarts, partitions, random keys, many clients (4A) ...
1 receive vote from 0 on term 1
1 receive vote from 5 on term 1
1 receive vote from 3 on term 1
1 become leader in term 1
1 receive vote from 2 on term 1
1 receive a reject vote from 4 on term 1 while 4 in term 1 with reasion 3
3 receive vote from 0 on term 2
3 receive vote from 2 on term 2
3 receive vote from 6 on term 2
3 become leader in term 2
3 receive vote from 5 on term 2
3 receive vote from 4 on term 2
0 receive vote from 2 on term 3
2 receive a reject vote from 0 on term 4 while 0 in term 4 with reasion 2
0 receive a reject vote from 5 on term 5 while 5 in term 5 with reasion 3
0 receive a reject vote from 6 on term 5 while 6 in term 5 with reasion 3
0 receive a reject vote from 4 on term 5 while 4 in term 5 with reasion 3
2 receive a reject vote from 1 on term 5 while 1 in term 5 with reasion 3
0 receive a reject vote from 3 on term 5 while 3 in term 5 with reasion 3
3 receive vote from 0 on term 6
3 receive vote from 5 on term 6
3 receive vote from 6 on term 6
3 become leader in term 6
3 receive vote from 4 on term 6
1 receive vote from 2 on term 6
2 receive a reject vote from 1 on term 7 while 1 in term 7 with reasion 3
1 receive vote from 2 on term 8
3 receive vote from 1 on term 9
3 receive vote from 2 on term 9
3 receive vote from 6 on term 9
3 become leader in term 9
4 receive a reject vote from 0 on term 7 while 0 in term 7 with reasion 3
5 receive a reject vote from 4 on term 7 while 4 in term 7 with reasion 2
4 receive a reject vote from 5 on term 7 while 5 in term 7 with reasion 2
0 receive vote from 4 on term 8
5 receive a reject vote from 4 on term 8 while 4 in term 8 with reasion 2
5 receive a reject vote from 0 on term 8 while 0 in term 8 with reasion 2
4 receive vote from 5 on term 9
4 receive a reject vote from 0 on term 9 while 0 in term 9 with reasion 3
0 receive vote from 5 on term 10
0 receive vote from 4 on term 10
5 receive a reject vote from 1 on term 11 while 1 in term 11 with reasion 3
3 receive vote from 6 on term 11
5 receive a reject vote from 2 on term 11 while 2 in term 11 with reasion 3
5 receive vote from 4 on term 11
3 receive vote from 0 on term 11
1 receive vote from 4 on term 12
1 receive vote from 5 on term 12
0 receive a reject vote from 3 on term 12 while 3 in term 12 with reasion 3
6 receive a reject vote from 0 on term 12 while 0 in term 12 with reasion 2
6 receive vote from 3 on term 12
0 receive a reject vote from 6 on term 12 while 6 in term 12 with reasion 2
5 receive a reject vote from 2 on term 13 while 2 in term 13 with reasion 3
5 receive a reject vote from 1 on term 13 while 1 in term 13 with reasion 3
5 receive vote from 4 on term 13
4 receive vote from 5 on term 14
4 receive a reject vote from 2 on term 14 while 2 in term 14 with reasion 3
4 receive a reject vote from 1 on term 14 while 1 in term 14 with reasion 3
2 receive vote from 4 on term 15
2 receive vote from 5 on term 15
0 receive a reject vote from 6 on term 13 while 6 in term 13 with reasion 3
0 receive a reject vote from 3 on term 13 while 3 in term 13 with reasion 3
1 receive a reject vote from 2 on term 15 while 2 in term 15 with reasion 2
1 receive a reject vote from 5 on term 15 while 5 in term 15 with reasion 2
1 receive a reject vote from 4 on term 15 while 4 in term 15 with reasion 2
3 receive vote from 0 on term 14
6 receive a reject vote from 0 on term 14 while 0 in term 14 with reasion 2
3 receive a reject vote from 6 on term 14 while 6 in term 14 with reasion 2
6 receive a reject vote from 3 on term 14 while 3 in term 14 with reasion 2
4 receive a reject vote from 2 on term 16 while 2 in term 16 with reasion 3
5 receive a reject vote from 4 on term 16 while 4 in term 16 with reasion 2
5 receive a reject vote from 1 on term 16 while 1 in term 16 with reasion 3
4 receive a reject vote from 5 on term 16 while 5 in term 16 with reasion 2
4 receive a reject vote from 3 on term 16 while 3 in term 16 with reasion 3
4 receive a reject vote from 1 on term 16 while 1 in term 16 with reasion 3
4 receive a reject vote from 6 on term 16 while 6 in term 16 with reasion 3
2 receive a reject vote from 3 on term 17 while 3 in term 17 with reasion 3
2 receive vote from 5 on term 17
2 receive vote from 0 on term 17
2 receive vote from 1 on term 17
2 become leader in term 17
2 receive a reject vote from 6 on term 17 while 6 in term 17 with reasion 3
1 receive vote from 5 on term 18
2 receive vote from 3 on term 18
2 receive vote from 4 on term 18
1 receive a reject vote from 2 on term 18 while 2 in term 18 with reasion 2
2 receive a reject vote from 1 on term 18 while 1 in term 18 with reasion 2
1 receive vote from 6 on term 18
2 receive a reject vote from 6 on term 18 while 6 in term 18 with reasion 2
2 receive a reject vote from 0 on term 18 while 0 in term 18 with reasion 2
1 receive a reject vote from 3 on term 18 while 3 in term 18 with reasion 2
3 receive vote from 5 on term 19
3 receive vote from 0 on term 19
3 receive vote from 1 on term 19
3 become leader in term 19
3 receive a reject vote from 4 on term 19 while 4 in term 19 with reasion 2
3 receive a reject vote from 6 on term 19 while 6 in term 19 with reasion 2
2 receive vote from 6 on term 20
2 receive vote from 1 on term 20
4 receive a reject vote from 1 on term 20 while 1 in term 20 with reasion 2
4 receive a reject vote from 6 on term 20 while 6 in term 20 with reasion 2
1 receive vote from 2 on term 21
1 receive vote from 4 on term 21
6 receive vote from 2 on term 22
4 receive a reject vote from 2 on term 23 while 2 in term 23 with reasion 3
4 receive a reject vote from 5 on term 23 while 5 in term 23 with reasion 3
4 receive a reject vote from 0 on term 23 while 0 in term 23 with reasion 3
4 receive a reject vote from 6 on term 23 while 6 in term 23 with reasion 3
1 receive a reject vote from 4 on term 22 while 4 in term 23 with reasion 1
1 receive a reject vote from 5 on term 22 while 5 in term 23 with reasion 1
4 receive a reject vote from 1 on term 23 while 1 in term 23 with reasion 3
1 receive a reject vote from 6 on term 22 while 6 in term 23 with reasion 1
1 receive a reject vote from 0 on term 22 while 0 in term 23 with reasion 1
1 receive a reject vote from 3 on term 22 while 3 in term 22 with reasion 3
1 receive a reject vote from 2 on term 22 while 2 in term 23 with reasion 1
3 receive vote from 6 on term 23
3 receive vote from 0 on term 23
3 receive vote from 5 on term 23
3 become leader in term 23
3 receive vote from 2 on term 23
3 receive vote from 1 on term 23
3 receive a reject vote from 4 on term 23 while 4 in term 23 with reasion 2
1 receive a reject vote from 2 on term 24 while 2 in term 24 with reasion 2
5 receive vote from 2 on term 24
5 receive a reject vote from 1 on term 24 while 1 in term 24 with reasion 2
1 receive a reject vote from 5 on term 24 while 5 in term 24 with reasion 2
2 receive vote from 5 on term 25
2 receive vote from 1 on term 25
1 receive vote from 5 on term 26
1 receive vote from 2 on term 26
2 receive a reject vote from 0 on term 27 while 0 in term 27 with reasion 3
2 receive vote from 5 on term 27
2 receive a reject vote from 4 on term 27 while 4 in term 27 with reasion 3
1 receive a reject vote from 5 on term 27 while 5 in term 27 with reasion 2
1 receive a reject vote from 2 on term 27 while 2 in term 27 with reasion 2
1 receive a reject vote from 4 on term 27 while 4 in term 27 with reasion 3
1 receive a reject vote from 0 on term 27 while 0 in term 27 with reasion 3
4 receive vote from 1 on term 28
4 receive vote from 2 on term 28
4 receive vote from 0 on term 28
4 become leader in term 28
5 receive vote from 2 on term 29
2 receive vote from 5 on term 30
5 receive a reject vote from 3 on term 31 while 3 in term 31 with reasion 3
5 receive a reject vote from 4 on term 31 while 4 in term 31 with reasion 3
5 receive a reject vote from 2 on term 31 while 2 in term 31 with reasion 2
5 receive a reject vote from 1 on term 31 while 1 in term 31 with reasion 3
5 receive a reject vote from 0 on term 31 while 0 in term 31 with reasion 3
4 receive vote from 5 on term 32
4 receive vote from 6 on term 32
4 receive vote from 3 on term 32
4 become leader in term 32
4 receive vote from 2 on term 32
6 receive vote from 3 on term 33
6 receive vote from 5 on term 33
6 receive vote from 2 on term 33
6 become leader in term 33
6 receive vote from 1 on term 33
6 receive a reject vote from 4 on term 33 while 4 in term 33 with reasion 2
0 receive a reject vote from 4 on term 33 while 4 in term 33 with reasion 2
0 receive a reject vote from 3 on term 33 while 3 in term 33 with reasion 2
0 receive a reject vote from 2 on term 33 while 2 in term 33 with reasion 2
5 receive vote from 0 on term 34
2 receive a reject vote from 1 on term 34 while 1 in term 34 with reasion 2
2 receive a reject vote from 0 on term 34 while 0 in term 34 with reasion 2
2 receive a reject vote from 5 on term 34 while 5 in term 34 with reasion 2
1 receive vote from 2 on term 35
1 receive vote from 5 on term 35
0 receive vote from 1 on term 36
0 receive vote from 5 on term 36
0 receive vote from 2 on term 36
0 become leader in term 36
6 receive vote from 3 on term 37
6 receive a reject vote from 2 on term 37 while 2 in term 37 with reasion 3
6 receive a reject vote from 5 on term 37 while 5 in term 37 with reasion 3
2 receive vote from 5 on term 38
2 receive vote from 3 on term 38
5 receive vote from 2 on term 39
6 receive a reject vote from 2 on term 40 while 2 in term 40 with reasion 2
2 receive a reject vote from 6 on term 40 while 6 in term 40 with reasion 2
2 receive vote from 3 on term 40
6 receive a reject vote from 5 on term 40 while 5 in term 40 with reasion 3
6 receive a reject vote from 3 on term 40 while 3 in term 40 with reasion 2
2 receive vote from 5 on term 40
2 receive a reject vote from 4 on term 41 while 4 in term 41 with reasion 3
2 receive vote from 3 on term 41
6 receive a reject vote from 5 on term 41 while 5 in term 41 with reasion 3
6 receive a reject vote from 1 on term 41 while 1 in term 41 with reasion 3
6 receive a reject vote from 0 on term 41 while 0 in term 41 with reasion 3
5 receive a reject vote from 0 on term 42 while 0 in term 42 with reasion 3
5 receive a reject vote from 1 on term 42 while 1 in term 42 with reasion 3
5 receive vote from 6 on term 42
0 receive vote from 5 on term 43
0 receive vote from 6 on term 43
0 receive vote from 1 on term 43
0 become leader in term 43
4 receive vote from 2 on term 42
3 receive a reject vote from 4 on term 42 while 4 in term 42 with reasion 2
3 receive a reject vote from 2 on term 42 while 2 in term 42 with reasion 2
3 receive a reject vote from 4 on term 43 while 4 in term 43 with reasion 2
3 receive a reject vote from 2 on term 43 while 2 in term 43 with reasion 2
4 receive a reject vote from 3 on term 43 while 3 in term 43 with reasion 2
2 receive vote from 3 on term 44
4 receive a reject vote from 6 on term 45 while 6 in term 45 with reasion 3
0 receive vote from 1 on term 45
0 receive vote from 3 on term 45
0 receive a reject vote from 2 on term 45 while 2 in term 45 with reasion 2
2 receive a reject vote from 0 on term 45 while 0 in term 45 with reasion 2
2 receive a reject vote from 3 on term 45 while 3 in term 45 with reasion 2
2 receive a reject vote from 5 on term 45 while 5 in term 45 with reasion 2
2 receive a reject vote from 1 on term 45 while 1 in term 45 with reasion 2
5 receive vote from 1 on term 46
5 receive vote from 2 on term 46
5 receive a reject vote from 0 on term 46 while 0 in term 46 with reasion 3
3 receive a reject vote from 0 on term 46 while 0 in term 46 with reasion 3
3 receive a reject vote from 2 on term 46 while 2 in term 46 with reasion 2
0 receive vote from 2 on term 47
0 receive vote from 3 on term 47
0 receive vote from 5 on term 47
0 become leader in term 47
0 receive vote from 1 on term 47
6 receive vote from 4 on term 47
0 receive vote from 2 on term 50
0 receive vote from 5 on term 50
0 receive vote from 1 on term 50
0 become leader in term 50
0 receive vote from 3 on term 50
0 receive a reject vote from 6 on term 50 while 6 in term 50 with reasion 2
6 receive vote from 3 on term 51
2 receive vote from 5 on term 51
2 receive vote from 0 on term 51
6 receive a reject vote from 0 on term 51 while 0 in term 51 with reasion 2
6 receive a reject vote from 2 on term 51 while 2 in term 51 with reasion 2
2 receive a reject vote from 6 on term 51 while 6 in term 51 with reasion 2
6 receive vote from 4 on term 51
2 receive a reject vote from 4 on term 51 while 4 in term 51 with reasion 2
3 receive vote from 0 on term 52
3 receive vote from 4 on term 52
3 receive vote from 1 on term 52
3 become leader in term 52
3 receive vote from 5 on term 52
3 receive vote from 2 on term 52
3 receive vote from 6 on term 52
  ... Passed --  35.0  7 29924  959
FAIL
exit status 1
FAIL	6.5840/kvraft	284.251s
