INFO: 2025/04/13 14:18:52 raft.go:1043: 2 start
INFO: 2025/04/13 14:18:52 raft.go:869: 2 在term 1开始竞选
INFO: 2025/04/13 14:18:52 raft.go:896: 2 receive vote from 1 on term 1
INFO: 2025/04/13 14:18:52 raft.go:896: 2 receive vote from 0 on term 1
INFO: 2025/04/13 14:18:52 raft.go:924: 2 become leader in term 1
INFO: 2025/04/13 14:18:52 raft.go:896: 2 receive vote from 4 on term 1
INFO: 2025/04/13 14:18:52 raft.go:896: 2 receive vote from 3 on term 1
INFO: 2025/04/13 14:18:52 raft.go:654: 2 leader receive cmd 1
INFO: 2025/04/13 14:18:52 raft.go:654: 2 leader receive cmd 2
INFO: 2025/04/13 14:18:52 raft.go:741: leader 2 commit_index update to 1
INFO: 2025/04/13 14:18:52 raft.go:654: 2 leader receive cmd 3
INFO: 2025/04/13 14:18:52 raft.go:654: 2 leader receive cmd 4
INFO: 2025/04/13 14:18:52 raft.go:741: leader 2 commit_index update to 2
INFO: 2025/04/13 14:18:52 raft.go:654: 2 leader receive cmd 5
INFO: 2025/04/13 14:18:52 raft.go:741: leader 2 commit_index update to 3
INFO: 2025/04/13 14:18:52 raft.go:654: 2 leader receive cmd 6
INFO: 2025/04/13 14:18:52 raft.go:741: leader 2 commit_index update to 4
INFO: 2025/04/13 14:18:52 raft.go:654: 2 leader receive cmd 7
INFO: 2025/04/13 14:18:52 raft.go:741: leader 2 commit_index update to 5
INFO: 2025/04/13 14:18:52 raft.go:654: 2 leader receive cmd 8
INFO: 2025/04/13 14:18:52 raft.go:741: leader 2 commit_index update to 6
INFO: 2025/04/13 14:18:53 raft.go:654: 2 leader receive cmd 9
INFO: 2025/04/13 14:18:53 raft.go:741: leader 2 commit_index update to 7
INFO: 2025/04/13 14:18:53 raft.go:654: 2 leader receive cmd 10
INFO: 2025/04/13 14:18:53 raft.go:741: leader 2 commit_index update to 8
INFO: 2025/04/13 14:18:53 raft.go:654: 2 leader receive cmd 11
INFO: 2025/04/13 14:18:53 raft.go:741: leader 2 commit_index update to 9
INFO: 2025/04/13 14:18:53 raft.go:654: 2 leader receive cmd 12
INFO: 2025/04/13 14:18:53 raft.go:741: leader 2 commit_index update to 10
INFO: 2025/04/13 14:18:53 raft.go:654: 2 leader receive cmd 13
INFO: 2025/04/13 14:18:53 raft.go:741: leader 2 commit_index update to 11
INFO: 2025/04/13 14:18:53 raft.go:654: 2 leader receive cmd 14
INFO: 2025/04/13 14:18:53 raft.go:741: leader 2 commit_index update to 12
INFO: 2025/04/13 14:18:53 raft.go:654: 2 leader receive cmd 15
INFO: 2025/04/13 14:18:53 raft.go:741: leader 2 commit_index update to 13
INFO: 2025/04/13 14:18:53 raft.go:654: 2 leader receive cmd 16
INFO: 2025/04/13 14:18:53 raft.go:741: leader 2 commit_index update to 14
INFO: 2025/04/13 14:18:53 raft.go:654: 2 leader receive cmd 17
INFO: 2025/04/13 14:18:53 raft.go:741: leader 2 commit_index update to 15
INFO: 2025/04/13 14:18:53 raft.go:654: 2 leader receive cmd 18
INFO: 2025/04/13 14:18:53 raft.go:741: leader 2 commit_index update to 16
INFO: 2025/04/13 14:18:53 raft.go:654: 2 leader receive cmd 19
INFO: 2025/04/13 14:18:53 raft.go:741: leader 2 commit_index update to 17
INFO: 2025/04/13 14:18:53 raft.go:654: 2 leader receive cmd 20
INFO: 2025/04/13 14:18:53 raft.go:741: leader 2 commit_index update to 18
INFO: 2025/04/13 14:18:53 raft.go:654: 2 leader receive cmd 21
INFO: 2025/04/13 14:18:53 raft.go:741: leader 2 commit_index update to 19
INFO: 2025/04/13 14:18:53 raft.go:654: 2 leader receive cmd 22
INFO: 2025/04/13 14:18:53 raft.go:741: leader 2 commit_index update to 20
INFO: 2025/04/13 14:18:53 raft.go:654: 2 leader receive cmd 23
INFO: 2025/04/13 14:18:53 raft.go:741: leader 2 commit_index update to 21
INFO: 2025/04/13 14:18:53 raft.go:741: leader 2 commit_index update to 22
INFO: 2025/04/13 14:18:53 raft.go:654: 2 leader receive cmd 24
INFO: 2025/04/13 14:18:53 raft.go:741: leader 2 commit_index update to 23
INFO: 2025/04/13 14:18:53 raft.go:654: 2 leader receive cmd 25
INFO: 2025/04/13 14:18:53 raft.go:654: 2 leader receive cmd 26
INFO: 2025/04/13 14:18:53 raft.go:741: leader 2 commit_index update to 24
INFO: 2025/04/13 14:18:53 raft.go:654: 2 leader receive cmd 27
INFO: 2025/04/13 14:18:53 raft.go:741: leader 2 commit_index update to 25
INFO: 2025/04/13 14:18:53 raft.go:654: 2 leader receive cmd 28
INFO: 2025/04/13 14:18:53 raft.go:741: leader 2 commit_index update to 26
INFO: 2025/04/13 14:18:53 raft.go:654: 2 leader receive cmd 29
INFO: 2025/04/13 14:18:53 raft.go:741: leader 2 commit_index update to 27
INFO: 2025/04/13 14:18:53 raft.go:654: 2 leader receive cmd 30
INFO: 2025/04/13 14:18:53 raft.go:741: leader 2 commit_index update to 28
INFO: 2025/04/13 14:18:53 raft.go:654: 2 leader receive cmd 31
INFO: 2025/04/13 14:18:53 raft.go:741: leader 2 commit_index update to 29
INFO: 2025/04/13 14:18:53 raft.go:654: 2 leader receive cmd 32
INFO: 2025/04/13 14:18:53 raft.go:741: leader 2 commit_index update to 30
INFO: 2025/04/13 14:18:53 raft.go:654: 2 leader receive cmd 33
INFO: 2025/04/13 14:18:53 raft.go:741: leader 2 commit_index update to 31
INFO: 2025/04/13 14:18:53 raft.go:654: 2 leader receive cmd 34
INFO: 2025/04/13 14:18:53 raft.go:741: leader 2 commit_index update to 32
INFO: 2025/04/13 14:18:53 raft.go:654: 2 leader receive cmd 35
INFO: 2025/04/13 14:18:53 raft.go:741: leader 2 commit_index update to 33
INFO: 2025/04/13 14:18:53 raft.go:654: 2 leader receive cmd 36
INFO: 2025/04/13 14:18:53 raft.go:741: leader 2 commit_index update to 34
INFO: 2025/04/13 14:18:53 raft.go:654: 2 leader receive cmd 37
INFO: 2025/04/13 14:18:53 raft.go:741: leader 2 commit_index update to 35
INFO: 2025/04/13 14:18:53 raft.go:654: 2 leader receive cmd 38
INFO: 2025/04/13 14:18:53 raft.go:741: leader 2 commit_index update to 36
INFO: 2025/04/13 14:18:53 raft.go:654: 2 leader receive cmd 39
INFO: 2025/04/13 14:18:53 raft.go:741: leader 2 commit_index update to 37
INFO: 2025/04/13 14:18:53 raft.go:654: 2 leader receive cmd 40
INFO: 2025/04/13 14:18:53 raft.go:741: leader 2 commit_index update to 38
INFO: 2025/04/13 14:18:53 raft.go:654: 2 leader receive cmd 41
INFO: 2025/04/13 14:18:53 raft.go:741: leader 2 commit_index update to 39
INFO: 2025/04/13 14:18:53 raft.go:654: 2 leader receive cmd 42
INFO: 2025/04/13 14:18:53 raft.go:741: leader 2 commit_index update to 40
INFO: 2025/04/13 14:18:53 raft.go:654: 2 leader receive cmd 43
INFO: 2025/04/13 14:18:53 raft.go:741: leader 2 commit_index update to 41
INFO: 2025/04/13 14:18:53 raft.go:654: 2 leader receive cmd 44
INFO: 2025/04/13 14:18:53 raft.go:741: leader 2 commit_index update to 42
INFO: 2025/04/13 14:18:53 raft.go:654: 2 leader receive cmd 45
INFO: 2025/04/13 14:18:53 raft.go:741: leader 2 commit_index update to 43
INFO: 2025/04/13 14:18:53 raft.go:654: 2 leader receive cmd 46
INFO: 2025/04/13 14:18:53 raft.go:741: leader 2 commit_index update to 44
INFO: 2025/04/13 14:18:53 raft.go:654: 2 leader receive cmd 47
INFO: 2025/04/13 14:18:53 raft.go:741: leader 2 commit_index update to 45
INFO: 2025/04/13 14:18:53 raft.go:654: 2 leader receive cmd 48
INFO: 2025/04/13 14:18:53 raft.go:741: leader 2 commit_index update to 46
INFO: 2025/04/13 14:18:53 raft.go:654: 2 leader receive cmd 49
INFO: 2025/04/13 14:18:53 raft.go:741: leader 2 commit_index update to 47
INFO: 2025/04/13 14:18:53 raft.go:654: 2 leader receive cmd 50
INFO: 2025/04/13 14:18:53 raft.go:741: leader 2 commit_index update to 48
INFO: 2025/04/13 14:18:53 raft.go:654: 2 leader receive cmd 51
INFO: 2025/04/13 14:18:53 raft.go:741: leader 2 commit_index update to 49
INFO: 2025/04/13 14:18:53 raft.go:654: 2 leader receive cmd 52
INFO: 2025/04/13 14:18:53 raft.go:741: leader 2 commit_index update to 50
INFO: 2025/04/13 14:18:53 raft.go:654: 2 leader receive cmd 53
INFO: 2025/04/13 14:18:53 raft.go:741: leader 2 commit_index update to 51
INFO: 2025/04/13 14:18:53 raft.go:654: 2 leader receive cmd 54
INFO: 2025/04/13 14:18:53 raft.go:741: leader 2 commit_index update to 52
INFO: 2025/04/13 14:18:53 raft.go:654: 2 leader receive cmd 55
INFO: 2025/04/13 14:18:53 raft.go:741: leader 2 commit_index update to 53
INFO: 2025/04/13 14:18:53 raft.go:654: 2 leader receive cmd 56
INFO: 2025/04/13 14:18:53 raft.go:741: leader 2 commit_index update to 54
INFO: 2025/04/13 14:18:53 raft.go:654: 2 leader receive cmd 57
INFO: 2025/04/13 14:18:53 raft.go:741: leader 2 commit_index update to 55
INFO: 2025/04/13 14:18:53 raft.go:654: 2 leader receive cmd 58
INFO: 2025/04/13 14:18:53 raft.go:741: leader 2 commit_index update to 56
INFO: 2025/04/13 14:18:53 raft.go:654: 2 leader receive cmd 59
INFO: 2025/04/13 14:18:53 raft.go:741: leader 2 commit_index update to 57
INFO: 2025/04/13 14:18:53 raft.go:654: 2 leader receive cmd 60
INFO: 2025/04/13 14:18:53 raft.go:741: leader 2 commit_index update to 58
INFO: 2025/04/13 14:18:53 raft.go:654: 2 leader receive cmd 61
INFO: 2025/04/13 14:18:53 raft.go:741: leader 2 commit_index update to 59
INFO: 2025/04/13 14:18:53 raft.go:654: 2 leader receive cmd 62
INFO: 2025/04/13 14:18:53 raft.go:741: leader 2 commit_index update to 60
INFO: 2025/04/13 14:18:53 raft.go:654: 2 leader receive cmd 63
INFO: 2025/04/13 14:18:53 raft.go:741: leader 2 commit_index update to 61
INFO: 2025/04/13 14:18:53 raft.go:654: 2 leader receive cmd 64
INFO: 2025/04/13 14:18:53 raft.go:741: leader 2 commit_index update to 62
INFO: 2025/04/13 14:18:54 raft.go:654: 2 leader receive cmd 65
INFO: 2025/04/13 14:18:54 raft.go:741: leader 2 commit_index update to 63
INFO: 2025/04/13 14:18:54 raft.go:654: 2 leader receive cmd 66
INFO: 2025/04/13 14:18:54 raft.go:741: leader 2 commit_index update to 64
INFO: 2025/04/13 14:18:54 raft.go:654: 2 leader receive cmd 67
INFO: 2025/04/13 14:18:54 raft.go:741: leader 2 commit_index update to 65
INFO: 2025/04/13 14:18:54 raft.go:654: 2 leader receive cmd 68
INFO: 2025/04/13 14:18:54 raft.go:741: leader 2 commit_index update to 66
INFO: 2025/04/13 14:18:54 raft.go:654: 2 leader receive cmd 69
INFO: 2025/04/13 14:18:54 raft.go:741: leader 2 commit_index update to 67
INFO: 2025/04/13 14:18:54 raft.go:654: 2 leader receive cmd 70
INFO: 2025/04/13 14:18:54 raft.go:741: leader 2 commit_index update to 68
INFO: 2025/04/13 14:18:54 raft.go:654: 2 leader receive cmd 71
INFO: 2025/04/13 14:18:54 raft.go:741: leader 2 commit_index update to 69
INFO: 2025/04/13 14:18:54 raft.go:654: 2 leader receive cmd 72
INFO: 2025/04/13 14:18:54 raft.go:741: leader 2 commit_index update to 70
INFO: 2025/04/13 14:18:54 raft.go:654: 2 leader receive cmd 73
INFO: 2025/04/13 14:18:54 raft.go:741: leader 2 commit_index update to 71
INFO: 2025/04/13 14:18:54 raft.go:654: 2 leader receive cmd 74
INFO: 2025/04/13 14:18:54 raft.go:741: leader 2 commit_index update to 72
INFO: 2025/04/13 14:18:54 raft.go:654: 2 leader receive cmd 75
INFO: 2025/04/13 14:18:54 raft.go:741: leader 2 commit_index update to 73
INFO: 2025/04/13 14:18:54 raft.go:654: 2 leader receive cmd 76
INFO: 2025/04/13 14:18:54 raft.go:741: leader 2 commit_index update to 74
INFO: 2025/04/13 14:18:54 raft.go:654: 2 leader receive cmd 77
INFO: 2025/04/13 14:18:54 raft.go:741: leader 2 commit_index update to 75
INFO: 2025/04/13 14:18:54 raft.go:654: 2 leader receive cmd 78
INFO: 2025/04/13 14:18:54 raft.go:741: leader 2 commit_index update to 76
INFO: 2025/04/13 14:18:54 raft.go:654: 2 leader receive cmd 79
INFO: 2025/04/13 14:18:54 raft.go:741: leader 2 commit_index update to 77
INFO: 2025/04/13 14:18:54 raft.go:654: 2 leader receive cmd 80
INFO: 2025/04/13 14:18:54 raft.go:741: leader 2 commit_index update to 78
INFO: 2025/04/13 14:18:54 raft.go:654: 2 leader receive cmd 81
INFO: 2025/04/13 14:18:54 raft.go:741: leader 2 commit_index update to 79
INFO: 2025/04/13 14:18:54 raft.go:654: 2 leader receive cmd 82
INFO: 2025/04/13 14:18:54 raft.go:741: leader 2 commit_index update to 80
INFO: 2025/04/13 14:18:54 raft.go:654: 2 leader receive cmd 83
INFO: 2025/04/13 14:18:54 raft.go:741: leader 2 commit_index update to 81
INFO: 2025/04/13 14:18:54 raft.go:654: 2 leader receive cmd 84
INFO: 2025/04/13 14:18:54 raft.go:741: leader 2 commit_index update to 82
INFO: 2025/04/13 14:18:54 raft.go:654: 2 leader receive cmd 85
INFO: 2025/04/13 14:18:54 raft.go:741: leader 2 commit_index update to 83
INFO: 2025/04/13 14:18:54 raft.go:654: 2 leader receive cmd 86
INFO: 2025/04/13 14:18:54 raft.go:741: leader 2 commit_index update to 84
INFO: 2025/04/13 14:18:54 raft.go:654: 2 leader receive cmd 87
INFO: 2025/04/13 14:18:54 raft.go:741: leader 2 commit_index update to 85
INFO: 2025/04/13 14:18:54 raft.go:654: 2 leader receive cmd 88
INFO: 2025/04/13 14:18:54 raft.go:741: leader 2 commit_index update to 86
INFO: 2025/04/13 14:18:54 raft.go:654: 2 leader receive cmd 89
INFO: 2025/04/13 14:18:54 raft.go:741: leader 2 commit_index update to 87
INFO: 2025/04/13 14:18:54 raft.go:654: 2 leader receive cmd 90
INFO: 2025/04/13 14:18:54 raft.go:741: leader 2 commit_index update to 88
INFO: 2025/04/13 14:18:54 raft.go:654: 2 leader receive cmd 91
INFO: 2025/04/13 14:18:54 raft.go:741: leader 2 commit_index update to 89
INFO: 2025/04/13 14:18:54 raft.go:654: 2 leader receive cmd 92
INFO: 2025/04/13 14:18:54 raft.go:741: leader 2 commit_index update to 90
INFO: 2025/04/13 14:18:54 raft.go:654: 2 leader receive cmd 93
INFO: 2025/04/13 14:18:54 raft.go:741: leader 2 commit_index update to 91
INFO: 2025/04/13 14:18:54 raft.go:654: 2 leader receive cmd 94
INFO: 2025/04/13 14:18:54 raft.go:741: leader 2 commit_index update to 92
INFO: 2025/04/13 14:18:54 raft.go:654: 2 leader receive cmd 95
INFO: 2025/04/13 14:18:54 raft.go:741: leader 2 commit_index update to 93
INFO: 2025/04/13 14:18:54 raft.go:654: 2 leader receive cmd 96
INFO: 2025/04/13 14:18:54 raft.go:741: leader 2 commit_index update to 94
INFO: 2025/04/13 14:18:54 raft.go:654: 2 leader receive cmd 97
INFO: 2025/04/13 14:18:54 raft.go:741: leader 2 commit_index update to 95
INFO: 2025/04/13 14:18:54 raft.go:654: 2 leader receive cmd 98
INFO: 2025/04/13 14:18:54 raft.go:741: leader 2 commit_index update to 96
INFO: 2025/04/13 14:18:54 raft.go:654: 2 leader receive cmd 99
INFO: 2025/04/13 14:18:54 raft.go:741: leader 2 commit_index update to 97
INFO: 2025/04/13 14:18:54 raft.go:654: 2 leader receive cmd 100
INFO: 2025/04/13 14:18:54 raft.go:741: leader 2 commit_index update to 98
INFO: 2025/04/13 14:18:54 raft.go:654: 2 leader receive cmd 101
INFO: 2025/04/13 14:18:54 raft.go:741: leader 2 commit_index update to 99
INFO: 2025/04/13 14:18:54 raft.go:654: 2 leader receive cmd 102
INFO: 2025/04/13 14:18:54 raft.go:741: leader 2 commit_index update to 100
INFO: 2025/04/13 14:18:54 raft.go:654: 2 leader receive cmd 103
INFO: 2025/04/13 14:18:54 raft.go:741: leader 2 commit_index update to 101
INFO: 2025/04/13 14:18:54 raft.go:654: 2 leader receive cmd 104
INFO: 2025/04/13 14:18:54 raft.go:741: leader 2 commit_index update to 102
INFO: 2025/04/13 14:18:54 raft.go:654: 2 leader receive cmd 105
INFO: 2025/04/13 14:18:54 raft.go:741: leader 2 commit_index update to 103
INFO: 2025/04/13 14:18:54 raft.go:654: 2 leader receive cmd 106
INFO: 2025/04/13 14:18:54 raft.go:741: leader 2 commit_index update to 104
INFO: 2025/04/13 14:18:54 raft.go:654: 2 leader receive cmd 107
INFO: 2025/04/13 14:18:54 raft.go:741: leader 2 commit_index update to 105
INFO: 2025/04/13 14:18:54 raft.go:654: 2 leader receive cmd 108
INFO: 2025/04/13 14:18:54 raft.go:741: leader 2 commit_index update to 106
INFO: 2025/04/13 14:18:54 raft.go:654: 2 leader receive cmd 109
INFO: 2025/04/13 14:18:54 raft.go:741: leader 2 commit_index update to 107
INFO: 2025/04/13 14:18:54 raft.go:654: 2 leader receive cmd 110
INFO: 2025/04/13 14:18:54 raft.go:741: leader 2 commit_index update to 108
INFO: 2025/04/13 14:18:54 raft.go:654: 2 leader receive cmd 111
INFO: 2025/04/13 14:18:54 raft.go:741: leader 2 commit_index update to 109
INFO: 2025/04/13 14:18:54 raft.go:654: 2 leader receive cmd 112
INFO: 2025/04/13 14:18:54 raft.go:741: leader 2 commit_index update to 110
INFO: 2025/04/13 14:18:54 raft.go:654: 2 leader receive cmd 113
INFO: 2025/04/13 14:18:54 raft.go:741: leader 2 commit_index update to 111
INFO: 2025/04/13 14:18:54 raft.go:654: 2 leader receive cmd 114
INFO: 2025/04/13 14:18:54 raft.go:741: leader 2 commit_index update to 112
INFO: 2025/04/13 14:18:54 raft.go:654: 2 leader receive cmd 115
INFO: 2025/04/13 14:18:54 raft.go:741: leader 2 commit_index update to 113
INFO: 2025/04/13 14:18:54 raft.go:654: 2 leader receive cmd 116
INFO: 2025/04/13 14:18:54 raft.go:741: leader 2 commit_index update to 114
INFO: 2025/04/13 14:18:54 raft.go:654: 2 leader receive cmd 117
INFO: 2025/04/13 14:18:54 raft.go:741: leader 2 commit_index update to 115
INFO: 2025/04/13 14:18:54 raft.go:654: 2 leader receive cmd 118
INFO: 2025/04/13 14:18:54 raft.go:741: leader 2 commit_index update to 116
INFO: 2025/04/13 14:18:54 raft.go:654: 2 leader receive cmd 119
INFO: 2025/04/13 14:18:54 raft.go:741: leader 2 commit_index update to 117
INFO: 2025/04/13 14:18:54 raft.go:654: 2 leader receive cmd 120
INFO: 2025/04/13 14:18:54 raft.go:741: leader 2 commit_index update to 118
INFO: 2025/04/13 14:18:54 raft.go:654: 2 leader receive cmd 121
INFO: 2025/04/13 14:18:54 raft.go:741: leader 2 commit_index update to 119
INFO: 2025/04/13 14:18:54 raft.go:654: 2 leader receive cmd 122
INFO: 2025/04/13 14:18:54 raft.go:741: leader 2 commit_index update to 120
INFO: 2025/04/13 14:18:54 raft.go:654: 2 leader receive cmd 123
INFO: 2025/04/13 14:18:54 raft.go:741: leader 2 commit_index update to 121
INFO: 2025/04/13 14:18:54 raft.go:654: 2 leader receive cmd 124
INFO: 2025/04/13 14:18:54 raft.go:741: leader 2 commit_index update to 122
INFO: 2025/04/13 14:18:54 raft.go:654: 2 leader receive cmd 125
INFO: 2025/04/13 14:18:54 raft.go:741: leader 2 commit_index update to 123
INFO: 2025/04/13 14:18:54 raft.go:654: 2 leader receive cmd 126
INFO: 2025/04/13 14:18:54 raft.go:741: leader 2 commit_index update to 124
INFO: 2025/04/13 14:18:54 raft.go:654: 2 leader receive cmd 127
INFO: 2025/04/13 14:18:54 raft.go:741: leader 2 commit_index update to 125
INFO: 2025/04/13 14:18:54 raft.go:654: 2 leader receive cmd 128
INFO: 2025/04/13 14:18:54 raft.go:741: leader 2 commit_index update to 126
INFO: 2025/04/13 14:18:54 raft.go:654: 2 leader receive cmd 129
INFO: 2025/04/13 14:18:54 raft.go:741: leader 2 commit_index update to 127
INFO: 2025/04/13 14:18:54 raft.go:654: 2 leader receive cmd 130
INFO: 2025/04/13 14:18:54 raft.go:741: leader 2 commit_index update to 128
INFO: 2025/04/13 14:18:54 raft.go:654: 2 leader receive cmd 131
INFO: 2025/04/13 14:18:54 raft.go:741: leader 2 commit_index update to 129
INFO: 2025/04/13 14:18:54 raft.go:654: 2 leader receive cmd 132
INFO: 2025/04/13 14:18:54 raft.go:741: leader 2 commit_index update to 130
INFO: 2025/04/13 14:18:54 raft.go:654: 2 leader receive cmd 133
INFO: 2025/04/13 14:18:54 raft.go:741: leader 2 commit_index update to 131
INFO: 2025/04/13 14:18:54 raft.go:654: 2 leader receive cmd 134
INFO: 2025/04/13 14:18:54 raft.go:741: leader 2 commit_index update to 132
INFO: 2025/04/13 14:18:54 raft.go:654: 2 leader receive cmd 135
INFO: 2025/04/13 14:18:54 raft.go:741: leader 2 commit_index update to 133
INFO: 2025/04/13 14:18:54 raft.go:654: 2 leader receive cmd 136
INFO: 2025/04/13 14:18:54 raft.go:741: leader 2 commit_index update to 134
INFO: 2025/04/13 14:18:54 raft.go:654: 2 leader receive cmd 137
INFO: 2025/04/13 14:18:54 raft.go:741: leader 2 commit_index update to 135
INFO: 2025/04/13 14:18:54 raft.go:654: 2 leader receive cmd 138
INFO: 2025/04/13 14:18:54 raft.go:741: leader 2 commit_index update to 136
INFO: 2025/04/13 14:18:55 raft.go:654: 2 leader receive cmd 139
INFO: 2025/04/13 14:18:55 raft.go:741: leader 2 commit_index update to 137
INFO: 2025/04/13 14:18:55 raft.go:654: 2 leader receive cmd 140
INFO: 2025/04/13 14:18:55 raft.go:741: leader 2 commit_index update to 138
INFO: 2025/04/13 14:18:55 raft.go:654: 2 leader receive cmd 141
INFO: 2025/04/13 14:18:55 raft.go:741: leader 2 commit_index update to 139
INFO: 2025/04/13 14:18:55 raft.go:654: 2 leader receive cmd 142
INFO: 2025/04/13 14:18:55 raft.go:741: leader 2 commit_index update to 140
INFO: 2025/04/13 14:18:55 raft.go:654: 2 leader receive cmd 143
INFO: 2025/04/13 14:18:55 raft.go:741: leader 2 commit_index update to 141
INFO: 2025/04/13 14:18:55 raft.go:654: 2 leader receive cmd 144
INFO: 2025/04/13 14:18:55 raft.go:741: leader 2 commit_index update to 142
INFO: 2025/04/13 14:18:55 raft.go:654: 2 leader receive cmd 145
INFO: 2025/04/13 14:18:55 raft.go:741: leader 2 commit_index update to 143
INFO: 2025/04/13 14:18:55 raft.go:654: 2 leader receive cmd 146
INFO: 2025/04/13 14:18:55 raft.go:741: leader 2 commit_index update to 144
INFO: 2025/04/13 14:18:55 raft.go:654: 2 leader receive cmd 147
INFO: 2025/04/13 14:18:55 raft.go:741: leader 2 commit_index update to 145
INFO: 2025/04/13 14:18:55 raft.go:654: 2 leader receive cmd 148
INFO: 2025/04/13 14:18:55 raft.go:741: leader 2 commit_index update to 146
INFO: 2025/04/13 14:18:55 raft.go:654: 2 leader receive cmd 149
INFO: 2025/04/13 14:18:55 raft.go:741: leader 2 commit_index update to 147
INFO: 2025/04/13 14:18:55 raft.go:654: 2 leader receive cmd 150
INFO: 2025/04/13 14:18:55 raft.go:741: leader 2 commit_index update to 148
INFO: 2025/04/13 14:18:55 raft.go:654: 2 leader receive cmd 151
INFO: 2025/04/13 14:18:55 raft.go:741: leader 2 commit_index update to 149
INFO: 2025/04/13 14:18:55 raft.go:654: 2 leader receive cmd 152
INFO: 2025/04/13 14:18:55 raft.go:741: leader 2 commit_index update to 150
INFO: 2025/04/13 14:18:55 raft.go:654: 2 leader receive cmd 153
INFO: 2025/04/13 14:18:55 raft.go:741: leader 2 commit_index update to 151
INFO: 2025/04/13 14:18:55 raft.go:654: 2 leader receive cmd 154
INFO: 2025/04/13 14:18:55 raft.go:741: leader 2 commit_index update to 152
INFO: 2025/04/13 14:18:55 raft.go:654: 2 leader receive cmd 155
INFO: 2025/04/13 14:18:55 raft.go:741: leader 2 commit_index update to 153
INFO: 2025/04/13 14:18:55 raft.go:654: 2 leader receive cmd 156
INFO: 2025/04/13 14:18:55 raft.go:741: leader 2 commit_index update to 154
INFO: 2025/04/13 14:18:55 raft.go:654: 2 leader receive cmd 157
INFO: 2025/04/13 14:18:55 raft.go:741: leader 2 commit_index update to 155
INFO: 2025/04/13 14:18:55 raft.go:654: 2 leader receive cmd 158
INFO: 2025/04/13 14:18:55 raft.go:741: leader 2 commit_index update to 156
INFO: 2025/04/13 14:18:55 raft.go:654: 2 leader receive cmd 159
INFO: 2025/04/13 14:18:55 raft.go:741: leader 2 commit_index update to 157
INFO: 2025/04/13 14:18:55 raft.go:654: 2 leader receive cmd 160
INFO: 2025/04/13 14:18:55 raft.go:741: leader 2 commit_index update to 158
INFO: 2025/04/13 14:18:55 raft.go:654: 2 leader receive cmd 161
INFO: 2025/04/13 14:18:55 raft.go:741: leader 2 commit_index update to 159
INFO: 2025/04/13 14:18:55 raft.go:654: 2 leader receive cmd 162
INFO: 2025/04/13 14:18:55 raft.go:741: leader 2 commit_index update to 160
INFO: 2025/04/13 14:18:55 raft.go:654: 2 leader receive cmd 163
INFO: 2025/04/13 14:18:55 raft.go:741: leader 2 commit_index update to 161
INFO: 2025/04/13 14:18:55 raft.go:654: 2 leader receive cmd 164
INFO: 2025/04/13 14:18:55 raft.go:741: leader 2 commit_index update to 162
INFO: 2025/04/13 14:18:55 raft.go:654: 2 leader receive cmd 165
INFO: 2025/04/13 14:18:55 raft.go:741: leader 2 commit_index update to 163
INFO: 2025/04/13 14:18:55 raft.go:654: 2 leader receive cmd 166
INFO: 2025/04/13 14:18:55 raft.go:741: leader 2 commit_index update to 164
INFO: 2025/04/13 14:18:55 raft.go:654: 2 leader receive cmd 167
INFO: 2025/04/13 14:18:55 raft.go:741: leader 2 commit_index update to 165
INFO: 2025/04/13 14:18:55 raft.go:654: 2 leader receive cmd 168
INFO: 2025/04/13 14:18:55 raft.go:741: leader 2 commit_index update to 166
INFO: 2025/04/13 14:18:55 raft.go:654: 2 leader receive cmd 169
INFO: 2025/04/13 14:18:55 raft.go:741: leader 2 commit_index update to 167
INFO: 2025/04/13 14:18:55 raft.go:654: 2 leader receive cmd 170
INFO: 2025/04/13 14:18:55 raft.go:741: leader 2 commit_index update to 168
INFO: 2025/04/13 14:18:55 raft.go:654: 2 leader receive cmd 171
INFO: 2025/04/13 14:18:55 raft.go:741: leader 2 commit_index update to 169
INFO: 2025/04/13 14:18:55 raft.go:654: 2 leader receive cmd 172
INFO: 2025/04/13 14:18:55 raft.go:741: leader 2 commit_index update to 170
INFO: 2025/04/13 14:18:55 raft.go:654: 2 leader receive cmd 173
INFO: 2025/04/13 14:18:55 raft.go:741: leader 2 commit_index update to 171
INFO: 2025/04/13 14:18:55 raft.go:654: 2 leader receive cmd 174
INFO: 2025/04/13 14:18:55 raft.go:741: leader 2 commit_index update to 172
INFO: 2025/04/13 14:18:55 raft.go:654: 2 leader receive cmd 175
INFO: 2025/04/13 14:18:55 raft.go:741: leader 2 commit_index update to 173
INFO: 2025/04/13 14:18:55 raft.go:654: 2 leader receive cmd 176
INFO: 2025/04/13 14:18:55 raft.go:741: leader 2 commit_index update to 174
INFO: 2025/04/13 14:18:55 raft.go:654: 2 leader receive cmd 177
INFO: 2025/04/13 14:18:55 raft.go:741: leader 2 commit_index update to 175
INFO: 2025/04/13 14:18:55 raft.go:654: 2 leader receive cmd 178
INFO: 2025/04/13 14:18:55 raft.go:741: leader 2 commit_index update to 176
INFO: 2025/04/13 14:18:55 raft.go:654: 2 leader receive cmd 179
INFO: 2025/04/13 14:18:55 raft.go:741: leader 2 commit_index update to 177
INFO: 2025/04/13 14:18:55 raft.go:654: 2 leader receive cmd 180
INFO: 2025/04/13 14:18:55 raft.go:741: leader 2 commit_index update to 178
INFO: 2025/04/13 14:18:55 raft.go:654: 2 leader receive cmd 181
INFO: 2025/04/13 14:18:55 raft.go:741: leader 2 commit_index update to 179
INFO: 2025/04/13 14:18:55 raft.go:654: 2 leader receive cmd 182
INFO: 2025/04/13 14:18:55 raft.go:741: leader 2 commit_index update to 180
INFO: 2025/04/13 14:18:55 raft.go:654: 2 leader receive cmd 183
INFO: 2025/04/13 14:18:55 raft.go:741: leader 2 commit_index update to 181
INFO: 2025/04/13 14:18:55 raft.go:654: 2 leader receive cmd 184
INFO: 2025/04/13 14:18:55 raft.go:741: leader 2 commit_index update to 182
INFO: 2025/04/13 14:18:55 raft.go:654: 2 leader receive cmd 185
INFO: 2025/04/13 14:18:55 raft.go:741: leader 2 commit_index update to 183
INFO: 2025/04/13 14:18:55 raft.go:654: 2 leader receive cmd 186
INFO: 2025/04/13 14:18:55 raft.go:741: leader 2 commit_index update to 184
INFO: 2025/04/13 14:18:55 raft.go:654: 2 leader receive cmd 187
INFO: 2025/04/13 14:18:55 raft.go:741: leader 2 commit_index update to 185
INFO: 2025/04/13 14:18:55 raft.go:654: 2 leader receive cmd 188
INFO: 2025/04/13 14:18:55 raft.go:741: leader 2 commit_index update to 186
INFO: 2025/04/13 14:18:55 raft.go:654: 2 leader receive cmd 189
INFO: 2025/04/13 14:18:55 raft.go:741: leader 2 commit_index update to 187
INFO: 2025/04/13 14:18:55 raft.go:654: 2 leader receive cmd 190
INFO: 2025/04/13 14:18:55 raft.go:741: leader 2 commit_index update to 188
INFO: 2025/04/13 14:18:56 raft.go:654: 2 leader receive cmd 191
INFO: 2025/04/13 14:18:56 raft.go:741: leader 2 commit_index update to 189
INFO: 2025/04/13 14:18:56 raft.go:654: 2 leader receive cmd 192
INFO: 2025/04/13 14:18:56 raft.go:741: leader 2 commit_index update to 190
INFO: 2025/04/13 14:18:56 raft.go:654: 2 leader receive cmd 193
INFO: 2025/04/13 14:18:56 raft.go:741: leader 2 commit_index update to 191
INFO: 2025/04/13 14:18:56 raft.go:654: 2 leader receive cmd 194
INFO: 2025/04/13 14:18:56 raft.go:741: leader 2 commit_index update to 192
INFO: 2025/04/13 14:18:56 raft.go:654: 2 leader receive cmd 195
INFO: 2025/04/13 14:18:56 raft.go:741: leader 2 commit_index update to 193
INFO: 2025/04/13 14:18:56 raft.go:654: 2 leader receive cmd 196
INFO: 2025/04/13 14:18:56 raft.go:741: leader 2 commit_index update to 194
INFO: 2025/04/13 14:18:56 raft.go:654: 2 leader receive cmd 197
INFO: 2025/04/13 14:18:56 raft.go:741: leader 2 commit_index update to 195
INFO: 2025/04/13 14:18:56 raft.go:654: 2 leader receive cmd 198
INFO: 2025/04/13 14:18:56 raft.go:741: leader 2 commit_index update to 196
INFO: 2025/04/13 14:18:56 raft.go:654: 2 leader receive cmd 199
INFO: 2025/04/13 14:18:56 raft.go:741: leader 2 commit_index update to 197
INFO: 2025/04/13 14:18:56 raft.go:654: 2 leader receive cmd 200
INFO: 2025/04/13 14:18:56 raft.go:741: leader 2 commit_index update to 198
INFO: 2025/04/13 14:18:56 raft.go:654: 2 leader receive cmd 201
INFO: 2025/04/13 14:18:56 raft.go:741: leader 2 commit_index update to 199
INFO: 2025/04/13 14:18:56 raft.go:654: 2 leader receive cmd 202
INFO: 2025/04/13 14:18:56 raft.go:741: leader 2 commit_index update to 200
INFO: 2025/04/13 14:18:56 raft.go:654: 2 leader receive cmd 203
INFO: 2025/04/13 14:18:56 raft.go:741: leader 2 commit_index update to 201
INFO: 2025/04/13 14:18:56 raft.go:654: 2 leader receive cmd 204
INFO: 2025/04/13 14:18:56 raft.go:741: leader 2 commit_index update to 202
INFO: 2025/04/13 14:18:56 raft.go:654: 2 leader receive cmd 205
INFO: 2025/04/13 14:18:56 raft.go:741: leader 2 commit_index update to 203
INFO: 2025/04/13 14:18:56 raft.go:654: 2 leader receive cmd 206
INFO: 2025/04/13 14:18:56 raft.go:741: leader 2 commit_index update to 204
INFO: 2025/04/13 14:18:56 raft.go:654: 2 leader receive cmd 207
INFO: 2025/04/13 14:18:56 raft.go:741: leader 2 commit_index update to 205
INFO: 2025/04/13 14:18:56 raft.go:654: 2 leader receive cmd 208
INFO: 2025/04/13 14:18:56 raft.go:741: leader 2 commit_index update to 206
INFO: 2025/04/13 14:18:56 raft.go:654: 2 leader receive cmd 209
INFO: 2025/04/13 14:18:56 raft.go:741: leader 2 commit_index update to 207
INFO: 2025/04/13 14:18:56 raft.go:654: 2 leader receive cmd 210
INFO: 2025/04/13 14:18:56 raft.go:741: leader 2 commit_index update to 208
INFO: 2025/04/13 14:18:56 raft.go:654: 2 leader receive cmd 211
INFO: 2025/04/13 14:18:56 raft.go:741: leader 2 commit_index update to 209
INFO: 2025/04/13 14:18:56 raft.go:654: 2 leader receive cmd 212
INFO: 2025/04/13 14:18:56 raft.go:741: leader 2 commit_index update to 210
INFO: 2025/04/13 14:18:56 raft.go:654: 2 leader receive cmd 213
INFO: 2025/04/13 14:18:56 raft.go:741: leader 2 commit_index update to 211
INFO: 2025/04/13 14:18:56 raft.go:654: 2 leader receive cmd 214
INFO: 2025/04/13 14:18:56 raft.go:741: leader 2 commit_index update to 212
INFO: 2025/04/13 14:18:56 raft.go:654: 2 leader receive cmd 215
INFO: 2025/04/13 14:18:56 raft.go:741: leader 2 commit_index update to 213
INFO: 2025/04/13 14:18:56 raft.go:654: 2 leader receive cmd 216
INFO: 2025/04/13 14:18:56 raft.go:741: leader 2 commit_index update to 214
INFO: 2025/04/13 14:18:56 raft.go:654: 2 leader receive cmd 217
INFO: 2025/04/13 14:18:56 raft.go:741: leader 2 commit_index update to 215
INFO: 2025/04/13 14:18:56 raft.go:654: 2 leader receive cmd 218
INFO: 2025/04/13 14:18:56 raft.go:741: leader 2 commit_index update to 216
INFO: 2025/04/13 14:18:56 raft.go:654: 2 leader receive cmd 219
INFO: 2025/04/13 14:18:56 raft.go:741: leader 2 commit_index update to 217
INFO: 2025/04/13 14:18:56 raft.go:654: 2 leader receive cmd 220
INFO: 2025/04/13 14:18:56 raft.go:741: leader 2 commit_index update to 218
INFO: 2025/04/13 14:18:56 raft.go:654: 2 leader receive cmd 221
INFO: 2025/04/13 14:18:56 raft.go:741: leader 2 commit_index update to 219
INFO: 2025/04/13 14:18:56 raft.go:654: 2 leader receive cmd 222
INFO: 2025/04/13 14:18:56 raft.go:741: leader 2 commit_index update to 220
INFO: 2025/04/13 14:18:56 raft.go:654: 2 leader receive cmd 223
INFO: 2025/04/13 14:18:56 raft.go:741: leader 2 commit_index update to 221
INFO: 2025/04/13 14:18:56 raft.go:654: 2 leader receive cmd 224
INFO: 2025/04/13 14:18:56 raft.go:741: leader 2 commit_index update to 222
INFO: 2025/04/13 14:18:56 raft.go:654: 2 leader receive cmd 225
INFO: 2025/04/13 14:18:56 raft.go:741: leader 2 commit_index update to 223
INFO: 2025/04/13 14:18:56 raft.go:654: 2 leader receive cmd 226
INFO: 2025/04/13 14:18:56 raft.go:741: leader 2 commit_index update to 224
INFO: 2025/04/13 14:18:56 raft.go:654: 2 leader receive cmd 227
INFO: 2025/04/13 14:18:56 raft.go:741: leader 2 commit_index update to 225
INFO: 2025/04/13 14:18:56 raft.go:654: 2 leader receive cmd 228
INFO: 2025/04/13 14:18:56 raft.go:741: leader 2 commit_index update to 226
INFO: 2025/04/13 14:18:56 raft.go:654: 2 leader receive cmd 229
INFO: 2025/04/13 14:18:56 raft.go:741: leader 2 commit_index update to 227
INFO: 2025/04/13 14:18:56 raft.go:654: 2 leader receive cmd 230
INFO: 2025/04/13 14:18:56 raft.go:741: leader 2 commit_index update to 228
INFO: 2025/04/13 14:18:56 raft.go:654: 2 leader receive cmd 231
INFO: 2025/04/13 14:18:56 raft.go:741: leader 2 commit_index update to 229
INFO: 2025/04/13 14:18:56 raft.go:654: 2 leader receive cmd 232
INFO: 2025/04/13 14:18:56 raft.go:741: leader 2 commit_index update to 230
INFO: 2025/04/13 14:18:56 raft.go:654: 2 leader receive cmd 233
INFO: 2025/04/13 14:18:56 raft.go:741: leader 2 commit_index update to 231
INFO: 2025/04/13 14:18:56 raft.go:654: 2 leader receive cmd 234
INFO: 2025/04/13 14:18:56 raft.go:741: leader 2 commit_index update to 232
INFO: 2025/04/13 14:18:57 raft.go:654: 2 leader receive cmd 235
INFO: 2025/04/13 14:18:57 raft.go:741: leader 2 commit_index update to 233
INFO: 2025/04/13 14:18:57 raft.go:654: 2 leader receive cmd 236
INFO: 2025/04/13 14:18:57 raft.go:741: leader 2 commit_index update to 234
INFO: 2025/04/13 14:18:57 raft.go:654: 2 leader receive cmd 237
INFO: 2025/04/13 14:18:57 raft.go:741: leader 2 commit_index update to 235
INFO: 2025/04/13 14:18:57 raft.go:654: 2 leader receive cmd 238
INFO: 2025/04/13 14:18:57 raft.go:741: leader 2 commit_index update to 236
INFO: 2025/04/13 14:18:57 raft.go:654: 2 leader receive cmd 239
INFO: 2025/04/13 14:18:57 raft.go:741: leader 2 commit_index update to 237
INFO: 2025/04/13 14:18:57 raft.go:654: 2 leader receive cmd 240
INFO: 2025/04/13 14:18:57 raft.go:741: leader 2 commit_index update to 238
INFO: 2025/04/13 14:18:57 raft.go:654: 2 leader receive cmd 241
INFO: 2025/04/13 14:18:57 raft.go:741: leader 2 commit_index update to 239
INFO: 2025/04/13 14:18:57 raft.go:654: 2 leader receive cmd 242
INFO: 2025/04/13 14:18:57 raft.go:741: leader 2 commit_index update to 240
INFO: 2025/04/13 14:18:57 raft.go:654: 2 leader receive cmd 243
INFO: 2025/04/13 14:18:57 raft.go:741: leader 2 commit_index update to 241
INFO: 2025/04/13 14:18:57 raft.go:654: 2 leader receive cmd 244
INFO: 2025/04/13 14:18:57 raft.go:741: leader 2 commit_index update to 242
INFO: 2025/04/13 14:18:57 raft.go:654: 2 leader receive cmd 245
INFO: 2025/04/13 14:18:57 raft.go:741: leader 2 commit_index update to 243
INFO: 2025/04/13 14:18:57 raft.go:654: 2 leader receive cmd 246
INFO: 2025/04/13 14:18:57 raft.go:741: leader 2 commit_index update to 244
INFO: 2025/04/13 14:18:57 raft.go:654: 2 leader receive cmd 247
INFO: 2025/04/13 14:18:57 raft.go:741: leader 2 commit_index update to 245
INFO: 2025/04/13 14:18:57 raft.go:654: 2 leader receive cmd 248
INFO: 2025/04/13 14:18:57 raft.go:741: leader 2 commit_index update to 246
INFO: 2025/04/13 14:18:57 raft.go:654: 2 leader receive cmd 249
INFO: 2025/04/13 14:18:57 raft.go:741: leader 2 commit_index update to 247
INFO: 2025/04/13 14:18:57 raft.go:654: 2 leader receive cmd 250
INFO: 2025/04/13 14:18:57 raft.go:741: leader 2 commit_index update to 248
INFO: 2025/04/13 14:18:57 raft.go:654: 2 leader receive cmd 251
INFO: 2025/04/13 14:18:57 raft.go:741: leader 2 commit_index update to 249
INFO: 2025/04/13 14:18:57 raft.go:654: 2 leader receive cmd 252
INFO: 2025/04/13 14:18:57 raft.go:741: leader 2 commit_index update to 250
INFO: 2025/04/13 14:18:57 raft.go:654: 2 leader receive cmd 253
INFO: 2025/04/13 14:18:57 raft.go:741: leader 2 commit_index update to 251
INFO: 2025/04/13 14:18:57 raft.go:654: 2 leader receive cmd 254
INFO: 2025/04/13 14:18:57 raft.go:741: leader 2 commit_index update to 252
INFO: 2025/04/13 14:18:57 raft.go:654: 2 leader receive cmd 255
INFO: 2025/04/13 14:18:57 raft.go:741: leader 2 commit_index update to 253
INFO: 2025/04/13 14:18:57 raft.go:654: 2 leader receive cmd 256
INFO: 2025/04/13 14:18:57 raft.go:741: leader 2 commit_index update to 254
INFO: 2025/04/13 14:18:57 raft.go:654: 2 leader receive cmd 257
INFO: 2025/04/13 14:18:57 raft.go:741: leader 2 commit_index update to 255
INFO: 2025/04/13 14:18:57 raft.go:654: 2 leader receive cmd 258
INFO: 2025/04/13 14:18:57 raft.go:741: leader 2 commit_index update to 256
INFO: 2025/04/13 14:18:57 raft.go:654: 2 leader receive cmd 259
INFO: 2025/04/13 14:18:57 raft.go:741: leader 2 commit_index update to 257
INFO: 2025/04/13 14:18:57 raft.go:654: 2 leader receive cmd 260
INFO: 2025/04/13 14:18:57 raft.go:741: leader 2 commit_index update to 258
INFO: 2025/04/13 14:18:57 raft.go:654: 2 leader receive cmd 261
INFO: 2025/04/13 14:18:57 raft.go:741: leader 2 commit_index update to 259
INFO: 2025/04/13 14:18:57 raft.go:869: 2 在term 6开始竞选
INFO: 2025/04/13 14:18:57 raft.go:896: 2 receive vote from 3 on term 6
INFO: 2025/04/13 14:18:57 raft.go:896: 2 receive vote from 1 on term 6
INFO: 2025/04/13 14:18:57 raft.go:924: 2 become leader in term 6
INFO: 2025/04/13 14:18:57 raft.go:654: 2 leader receive cmd 262
INFO: 2025/04/13 14:18:57 raft.go:741: leader 2 commit_index update to 262
INFO: 2025/04/13 14:18:57 raft.go:654: 2 leader receive cmd 263
INFO: 2025/04/13 14:18:57 raft.go:654: 2 leader receive cmd 264
INFO: 2025/04/13 14:18:57 raft.go:654: 2 leader receive cmd 265
INFO: 2025/04/13 14:18:57 raft.go:741: leader 2 commit_index update to 263
INFO: 2025/04/13 14:18:57 raft.go:654: 2 leader receive cmd 266
INFO: 2025/04/13 14:18:57 raft.go:741: leader 2 commit_index update to 264
INFO: 2025/04/13 14:18:57 raft.go:654: 2 leader receive cmd 267
INFO: 2025/04/13 14:18:57 raft.go:741: leader 2 commit_index update to 265
INFO: 2025/04/13 14:18:57 raft.go:654: 2 leader receive cmd 268
INFO: 2025/04/13 14:18:57 raft.go:741: leader 2 commit_index update to 266
INFO: 2025/04/13 14:18:58 raft.go:654: 2 leader receive cmd 269
INFO: 2025/04/13 14:18:58 raft.go:741: leader 2 commit_index update to 267
INFO: 2025/04/13 14:18:58 raft.go:654: 2 leader receive cmd 270
INFO: 2025/04/13 14:18:58 raft.go:741: leader 2 commit_index update to 268
INFO: 2025/04/13 14:18:58 raft.go:654: 2 leader receive cmd 271
INFO: 2025/04/13 14:18:58 raft.go:741: leader 2 commit_index update to 269
INFO: 2025/04/13 14:18:58 raft.go:654: 2 leader receive cmd 272
INFO: 2025/04/13 14:18:58 raft.go:741: leader 2 commit_index update to 270
INFO: 2025/04/13 14:18:58 raft.go:654: 2 leader receive cmd 273
INFO: 2025/04/13 14:18:58 raft.go:741: leader 2 commit_index update to 271
INFO: 2025/04/13 14:18:58 raft.go:654: 2 leader receive cmd 274
INFO: 2025/04/13 14:18:58 raft.go:741: leader 2 commit_index update to 272
INFO: 2025/04/13 14:18:58 raft.go:654: 2 leader receive cmd 275
INFO: 2025/04/13 14:18:58 raft.go:741: leader 2 commit_index update to 273
INFO: 2025/04/13 14:18:58 raft.go:654: 2 leader receive cmd 276
INFO: 2025/04/13 14:18:58 raft.go:741: leader 2 commit_index update to 274
INFO: 2025/04/13 14:18:58 raft.go:741: leader 2 commit_index update to 275
INFO: 2025/04/13 14:18:58 raft.go:654: 2 leader receive cmd 277
INFO: 2025/04/13 14:18:58 raft.go:741: leader 2 commit_index update to 276
INFO: 2025/04/13 14:18:58 raft.go:654: 2 leader receive cmd 278
INFO: 2025/04/13 14:18:58 raft.go:654: 2 leader receive cmd 279
INFO: 2025/04/13 14:18:58 raft.go:741: leader 2 commit_index update to 277
INFO: 2025/04/13 14:18:58 raft.go:654: 2 leader receive cmd 280
INFO: 2025/04/13 14:18:58 raft.go:741: leader 2 commit_index update to 278
INFO: 2025/04/13 14:18:58 raft.go:654: 2 leader receive cmd 281
INFO: 2025/04/13 14:18:58 raft.go:741: leader 2 commit_index update to 279
INFO: 2025/04/13 14:18:58 raft.go:654: 2 leader receive cmd 282
INFO: 2025/04/13 14:18:58 raft.go:741: leader 2 commit_index update to 280
INFO: 2025/04/13 14:18:58 raft.go:741: leader 2 commit_index update to 281
INFO: 2025/04/13 14:18:58 raft.go:654: 2 leader receive cmd 283
INFO: 2025/04/13 14:18:58 raft.go:741: leader 2 commit_index update to 282
INFO: 2025/04/13 14:18:58 raft.go:741: leader 2 commit_index update to 283
INFO: 2025/04/13 14:18:58 raft.go:654: 2 leader receive cmd 284
INFO: 2025/04/13 14:18:58 raft.go:654: 2 leader receive cmd 285
INFO: 2025/04/13 14:18:58 raft.go:654: 2 leader receive cmd 286
INFO: 2025/04/13 14:18:58 raft.go:741: leader 2 commit_index update to 284
INFO: 2025/04/13 14:18:58 raft.go:654: 2 leader receive cmd 287
INFO: 2025/04/13 14:18:58 raft.go:741: leader 2 commit_index update to 285
INFO: 2025/04/13 14:18:58 raft.go:654: 2 leader receive cmd 288
INFO: 2025/04/13 14:18:58 raft.go:741: leader 2 commit_index update to 286
INFO: 2025/04/13 14:18:58 raft.go:654: 2 leader receive cmd 289
INFO: 2025/04/13 14:18:58 raft.go:741: leader 2 commit_index update to 287
INFO: 2025/04/13 14:18:58 raft.go:654: 2 leader receive cmd 290
INFO: 2025/04/13 14:18:58 raft.go:741: leader 2 commit_index update to 288
INFO: 2025/04/13 14:18:58 raft.go:654: 2 leader receive cmd 291
INFO: 2025/04/13 14:18:58 raft.go:741: leader 2 commit_index update to 289
INFO: 2025/04/13 14:18:58 raft.go:654: 2 leader receive cmd 292
INFO: 2025/04/13 14:18:58 raft.go:741: leader 2 commit_index update to 290
INFO: 2025/04/13 14:18:58 raft.go:654: 2 leader receive cmd 293
INFO: 2025/04/13 14:18:58 raft.go:741: leader 2 commit_index update to 291
INFO: 2025/04/13 14:18:58 raft.go:654: 2 leader receive cmd 294
INFO: 2025/04/13 14:18:58 raft.go:741: leader 2 commit_index update to 292
INFO: 2025/04/13 14:18:58 raft.go:654: 2 leader receive cmd 295
INFO: 2025/04/13 14:18:58 raft.go:741: leader 2 commit_index update to 293
INFO: 2025/04/13 14:18:58 raft.go:654: 2 leader receive cmd 296
INFO: 2025/04/13 14:18:58 raft.go:741: leader 2 commit_index update to 294
INFO: 2025/04/13 14:18:58 raft.go:654: 2 leader receive cmd 297
INFO: 2025/04/13 14:18:58 raft.go:741: leader 2 commit_index update to 295
INFO: 2025/04/13 14:18:58 raft.go:654: 2 leader receive cmd 298
INFO: 2025/04/13 14:18:58 raft.go:741: leader 2 commit_index update to 296
INFO: 2025/04/13 14:18:58 raft.go:654: 2 leader receive cmd 299
INFO: 2025/04/13 14:18:58 raft.go:741: leader 2 commit_index update to 297
INFO: 2025/04/13 14:18:58 raft.go:654: 2 leader receive cmd 300
INFO: 2025/04/13 14:18:58 raft.go:741: leader 2 commit_index update to 298
INFO: 2025/04/13 14:18:58 raft.go:654: 2 leader receive cmd 301
INFO: 2025/04/13 14:18:58 raft.go:741: leader 2 commit_index update to 299
INFO: 2025/04/13 14:18:58 raft.go:654: 2 leader receive cmd 302
INFO: 2025/04/13 14:18:59 raft.go:741: leader 2 commit_index update to 300
INFO: 2025/04/13 14:18:59 raft.go:654: 2 leader receive cmd 303
INFO: 2025/04/13 14:18:59 raft.go:741: leader 2 commit_index update to 301
INFO: 2025/04/13 14:18:59 raft.go:654: 2 leader receive cmd 304
INFO: 2025/04/13 14:18:59 raft.go:741: leader 2 commit_index update to 302
INFO: 2025/04/13 14:18:59 raft.go:654: 2 leader receive cmd 305
INFO: 2025/04/13 14:18:59 raft.go:741: leader 2 commit_index update to 303
INFO: 2025/04/13 14:18:59 raft.go:654: 2 leader receive cmd 306
INFO: 2025/04/13 14:18:59 raft.go:741: leader 2 commit_index update to 304
INFO: 2025/04/13 14:18:59 raft.go:654: 2 leader receive cmd 307
INFO: 2025/04/13 14:18:59 raft.go:741: leader 2 commit_index update to 305
INFO: 2025/04/13 14:18:59 raft.go:654: 2 leader receive cmd 308
INFO: 2025/04/13 14:18:59 raft.go:741: leader 2 commit_index update to 306
INFO: 2025/04/13 14:18:59 raft.go:654: 2 leader receive cmd 309
INFO: 2025/04/13 14:18:59 raft.go:741: leader 2 commit_index update to 307
INFO: 2025/04/13 14:18:59 raft.go:654: 2 leader receive cmd 310
INFO: 2025/04/13 14:18:59 raft.go:741: leader 2 commit_index update to 308
INFO: 2025/04/13 14:18:59 raft.go:654: 2 leader receive cmd 311
INFO: 2025/04/13 14:18:59 raft.go:741: leader 2 commit_index update to 309
INFO: 2025/04/13 14:18:59 raft.go:741: leader 2 commit_index update to 310
INFO: 2025/04/13 14:18:59 raft.go:654: 2 leader receive cmd 312
INFO: 2025/04/13 14:18:59 raft.go:741: leader 2 commit_index update to 311
INFO: 2025/04/13 14:18:59 raft.go:654: 2 leader receive cmd 313
INFO: 2025/04/13 14:18:59 raft.go:654: 2 leader receive cmd 314
INFO: 2025/04/13 14:18:59 raft.go:741: leader 2 commit_index update to 312
INFO: 2025/04/13 14:18:59 raft.go:654: 2 leader receive cmd 315
INFO: 2025/04/13 14:18:59 raft.go:741: leader 2 commit_index update to 313
INFO: 2025/04/13 14:18:59 raft.go:654: 2 leader receive cmd 316
INFO: 2025/04/13 14:18:59 raft.go:741: leader 2 commit_index update to 314
INFO: 2025/04/13 14:18:59 raft.go:654: 2 leader receive cmd 317
INFO: 2025/04/13 14:18:59 raft.go:741: leader 2 commit_index update to 315
INFO: 2025/04/13 14:18:59 raft.go:654: 2 leader receive cmd 318
INFO: 2025/04/13 14:18:59 raft.go:741: leader 2 commit_index update to 316
INFO: 2025/04/13 14:18:59 raft.go:654: 2 leader receive cmd 319
INFO: 2025/04/13 14:18:59 raft.go:741: leader 2 commit_index update to 317
INFO: 2025/04/13 14:18:59 raft.go:654: 2 leader receive cmd 320
INFO: 2025/04/13 14:18:59 raft.go:741: leader 2 commit_index update to 318
INFO: 2025/04/13 14:18:59 raft.go:654: 2 leader receive cmd 321
INFO: 2025/04/13 14:18:59 raft.go:741: leader 2 commit_index update to 319
INFO: 2025/04/13 14:18:59 raft.go:654: 2 leader receive cmd 322
INFO: 2025/04/13 14:18:59 raft.go:741: leader 2 commit_index update to 320
INFO: 2025/04/13 14:18:59 raft.go:654: 2 leader receive cmd 323
INFO: 2025/04/13 14:18:59 raft.go:741: leader 2 commit_index update to 321
INFO: 2025/04/13 14:18:59 raft.go:654: 2 leader receive cmd 324
INFO: 2025/04/13 14:18:59 raft.go:741: leader 2 commit_index update to 322
INFO: 2025/04/13 14:18:59 raft.go:654: 2 leader receive cmd 325
INFO: 2025/04/13 14:18:59 raft.go:741: leader 2 commit_index update to 323
INFO: 2025/04/13 14:18:59 raft.go:654: 2 leader receive cmd 326
INFO: 2025/04/13 14:18:59 raft.go:741: leader 2 commit_index update to 324
INFO: 2025/04/13 14:18:59 raft.go:654: 2 leader receive cmd 327
INFO: 2025/04/13 14:18:59 raft.go:741: leader 2 commit_index update to 325
INFO: 2025/04/13 14:18:59 raft.go:654: 2 leader receive cmd 328
INFO: 2025/04/13 14:18:59 raft.go:741: leader 2 commit_index update to 326
INFO: 2025/04/13 14:18:59 raft.go:654: 2 leader receive cmd 329
INFO: 2025/04/13 14:18:59 raft.go:741: leader 2 commit_index update to 327
INFO: 2025/04/13 14:18:59 raft.go:654: 2 leader receive cmd 330
INFO: 2025/04/13 14:18:59 raft.go:741: leader 2 commit_index update to 328
INFO: 2025/04/13 14:18:59 raft.go:654: 2 leader receive cmd 331
INFO: 2025/04/13 14:18:59 raft.go:741: leader 2 commit_index update to 329
INFO: 2025/04/13 14:18:59 raft.go:654: 2 leader receive cmd 332
INFO: 2025/04/13 14:18:59 raft.go:741: leader 2 commit_index update to 330
INFO: 2025/04/13 14:18:59 raft.go:654: 2 leader receive cmd 333
INFO: 2025/04/13 14:18:59 raft.go:741: leader 2 commit_index update to 331
INFO: 2025/04/13 14:18:59 raft.go:654: 2 leader receive cmd 334
INFO: 2025/04/13 14:18:59 raft.go:741: leader 2 commit_index update to 332
INFO: 2025/04/13 14:18:59 raft.go:654: 2 leader receive cmd 335
INFO: 2025/04/13 14:18:59 raft.go:741: leader 2 commit_index update to 333
INFO: 2025/04/13 14:18:59 raft.go:654: 2 leader receive cmd 336
INFO: 2025/04/13 14:18:59 raft.go:741: leader 2 commit_index update to 334
INFO: 2025/04/13 14:18:59 raft.go:654: 2 leader receive cmd 337
INFO: 2025/04/13 14:18:59 raft.go:741: leader 2 commit_index update to 335
INFO: 2025/04/13 14:18:59 raft.go:654: 2 leader receive cmd 338
INFO: 2025/04/13 14:18:59 raft.go:741: leader 2 commit_index update to 336
INFO: 2025/04/13 14:18:59 raft.go:654: 2 leader receive cmd 339
INFO: 2025/04/13 14:18:59 raft.go:741: leader 2 commit_index update to 337
INFO: 2025/04/13 14:18:59 raft.go:654: 2 leader receive cmd 340
INFO: 2025/04/13 14:18:59 raft.go:741: leader 2 commit_index update to 338
INFO: 2025/04/13 14:18:59 raft.go:654: 2 leader receive cmd 341
INFO: 2025/04/13 14:18:59 raft.go:741: leader 2 commit_index update to 339
INFO: 2025/04/13 14:18:59 raft.go:654: 2 leader receive cmd 342
INFO: 2025/04/13 14:18:59 raft.go:741: leader 2 commit_index update to 340
INFO: 2025/04/13 14:18:59 raft.go:654: 2 leader receive cmd 343
INFO: 2025/04/13 14:18:59 raft.go:741: leader 2 commit_index update to 341
INFO: 2025/04/13 14:18:59 raft.go:654: 2 leader receive cmd 344
INFO: 2025/04/13 14:18:59 raft.go:741: leader 2 commit_index update to 342
INFO: 2025/04/13 14:18:59 raft.go:654: 2 leader receive cmd 345
INFO: 2025/04/13 14:18:59 raft.go:741: leader 2 commit_index update to 343
INFO: 2025/04/13 14:18:59 raft.go:654: 2 leader receive cmd 346
INFO: 2025/04/13 14:18:59 raft.go:741: leader 2 commit_index update to 344
INFO: 2025/04/13 14:18:59 raft.go:654: 2 leader receive cmd 347
INFO: 2025/04/13 14:19:00 raft.go:741: leader 2 commit_index update to 345
INFO: 2025/04/13 14:19:00 raft.go:654: 2 leader receive cmd 348
INFO: 2025/04/13 14:19:00 raft.go:741: leader 2 commit_index update to 346
INFO: 2025/04/13 14:19:00 raft.go:654: 2 leader receive cmd 349
INFO: 2025/04/13 14:19:00 raft.go:741: leader 2 commit_index update to 347
INFO: 2025/04/13 14:19:00 raft.go:654: 2 leader receive cmd 350
INFO: 2025/04/13 14:19:00 raft.go:741: leader 2 commit_index update to 348
INFO: 2025/04/13 14:19:00 raft.go:654: 2 leader receive cmd 351
INFO: 2025/04/13 14:19:00 raft.go:741: leader 2 commit_index update to 349
INFO: 2025/04/13 14:19:00 raft.go:654: 2 leader receive cmd 352
INFO: 2025/04/13 14:19:00 raft.go:741: leader 2 commit_index update to 350
INFO: 2025/04/13 14:19:00 raft.go:654: 2 leader receive cmd 353
INFO: 2025/04/13 14:19:00 raft.go:741: leader 2 commit_index update to 351
INFO: 2025/04/13 14:19:00 raft.go:654: 2 leader receive cmd 354
INFO: 2025/04/13 14:19:00 raft.go:741: leader 2 commit_index update to 352
INFO: 2025/04/13 14:19:00 raft.go:654: 2 leader receive cmd 355
INFO: 2025/04/13 14:19:00 raft.go:741: leader 2 commit_index update to 353
INFO: 2025/04/13 14:19:00 raft.go:654: 2 leader receive cmd 356
INFO: 2025/04/13 14:19:00 raft.go:741: leader 2 commit_index update to 354
INFO: 2025/04/13 14:19:00 raft.go:654: 2 leader receive cmd 357
INFO: 2025/04/13 14:19:00 raft.go:741: leader 2 commit_index update to 355
INFO: 2025/04/13 14:19:00 raft.go:654: 2 leader receive cmd 358
INFO: 2025/04/13 14:19:00 raft.go:741: leader 2 commit_index update to 356
INFO: 2025/04/13 14:19:00 raft.go:654: 2 leader receive cmd 359
INFO: 2025/04/13 14:19:00 raft.go:741: leader 2 commit_index update to 357
INFO: 2025/04/13 14:19:00 raft.go:741: leader 2 commit_index update to 358
INFO: 2025/04/13 14:19:00 raft.go:654: 2 leader receive cmd 360
INFO: 2025/04/13 14:19:00 raft.go:741: leader 2 commit_index update to 359
INFO: 2025/04/13 14:19:00 raft.go:741: leader 2 commit_index update to 360
INFO: 2025/04/13 14:19:00 raft.go:654: 2 leader receive cmd 361
INFO: 2025/04/13 14:19:00 raft.go:654: 2 leader receive cmd 362
INFO: 2025/04/13 14:19:00 raft.go:654: 2 leader receive cmd 363
INFO: 2025/04/13 14:19:00 raft.go:741: leader 2 commit_index update to 361
INFO: 2025/04/13 14:19:00 raft.go:654: 2 leader receive cmd 364
INFO: 2025/04/13 14:19:00 raft.go:741: leader 2 commit_index update to 362
INFO: 2025/04/13 14:19:00 raft.go:654: 2 leader receive cmd 365
INFO: 2025/04/13 14:19:00 raft.go:741: leader 2 commit_index update to 363
INFO: 2025/04/13 14:19:00 raft.go:654: 2 leader receive cmd 366
INFO: 2025/04/13 14:19:00 raft.go:741: leader 2 commit_index update to 364
INFO: 2025/04/13 14:19:00 raft.go:654: 2 leader receive cmd 367
INFO: 2025/04/13 14:19:00 raft.go:741: leader 2 commit_index update to 365
INFO: 2025/04/13 14:19:00 raft.go:654: 2 leader receive cmd 368
INFO: 2025/04/13 14:19:00 raft.go:741: leader 2 commit_index update to 366
INFO: 2025/04/13 14:19:00 raft.go:654: 2 leader receive cmd 369
INFO: 2025/04/13 14:19:00 raft.go:741: leader 2 commit_index update to 367
INFO: 2025/04/13 14:19:00 raft.go:654: 2 leader receive cmd 370
INFO: 2025/04/13 14:19:00 raft.go:741: leader 2 commit_index update to 368
INFO: 2025/04/13 14:19:00 raft.go:654: 2 leader receive cmd 371
INFO: 2025/04/13 14:19:00 raft.go:741: leader 2 commit_index update to 369
INFO: 2025/04/13 14:19:00 raft.go:654: 2 leader receive cmd 372
INFO: 2025/04/13 14:19:00 raft.go:741: leader 2 commit_index update to 370
INFO: 2025/04/13 14:19:00 raft.go:654: 2 leader receive cmd 373
INFO: 2025/04/13 14:19:00 raft.go:741: leader 2 commit_index update to 371
INFO: 2025/04/13 14:19:00 raft.go:654: 2 leader receive cmd 374
INFO: 2025/04/13 14:19:00 raft.go:741: leader 2 commit_index update to 372
INFO: 2025/04/13 14:19:00 raft.go:654: 2 leader receive cmd 375
INFO: 2025/04/13 14:19:00 raft.go:741: leader 2 commit_index update to 373
INFO: 2025/04/13 14:19:00 raft.go:654: 2 leader receive cmd 376
INFO: 2025/04/13 14:19:00 raft.go:741: leader 2 commit_index update to 374
INFO: 2025/04/13 14:19:00 raft.go:654: 2 leader receive cmd 377
INFO: 2025/04/13 14:19:00 raft.go:741: leader 2 commit_index update to 375
INFO: 2025/04/13 14:19:00 raft.go:654: 2 leader receive cmd 378
INFO: 2025/04/13 14:19:00 raft.go:741: leader 2 commit_index update to 376
INFO: 2025/04/13 14:19:00 raft.go:654: 2 leader receive cmd 379
INFO: 2025/04/13 14:19:00 raft.go:741: leader 2 commit_index update to 377
INFO: 2025/04/13 14:19:00 raft.go:654: 2 leader receive cmd 380
INFO: 2025/04/13 14:19:00 raft.go:741: leader 2 commit_index update to 378
INFO: 2025/04/13 14:19:00 raft.go:654: 2 leader receive cmd 381
INFO: 2025/04/13 14:19:00 raft.go:741: leader 2 commit_index update to 379
INFO: 2025/04/13 14:19:00 raft.go:654: 2 leader receive cmd 382
INFO: 2025/04/13 14:19:00 raft.go:741: leader 2 commit_index update to 380
INFO: 2025/04/13 14:19:00 raft.go:741: leader 2 commit_index update to 381
INFO: 2025/04/13 14:19:00 raft.go:654: 2 leader receive cmd 383
INFO: 2025/04/13 14:19:00 raft.go:741: leader 2 commit_index update to 382
INFO: 2025/04/13 14:19:00 raft.go:654: 2 leader receive cmd 384
INFO: 2025/04/13 14:19:00 raft.go:741: leader 2 commit_index update to 383
INFO: 2025/04/13 14:19:00 raft.go:654: 2 leader receive cmd 385
INFO: 2025/04/13 14:19:00 raft.go:741: leader 2 commit_index update to 384
INFO: 2025/04/13 14:19:00 raft.go:654: 2 leader receive cmd 386
INFO: 2025/04/13 14:19:00 raft.go:654: 2 leader receive cmd 387
INFO: 2025/04/13 14:19:01 raft.go:741: leader 2 commit_index update to 385
INFO: 2025/04/13 14:19:01 raft.go:654: 2 leader receive cmd 388
INFO: 2025/04/13 14:19:01 raft.go:741: leader 2 commit_index update to 386
INFO: 2025/04/13 14:19:01 raft.go:741: leader 2 commit_index update to 387
INFO: 2025/04/13 14:19:01 raft.go:654: 2 leader receive cmd 389
INFO: 2025/04/13 14:19:01 raft.go:741: leader 2 commit_index update to 388
INFO: 2025/04/13 14:19:01 raft.go:654: 2 leader receive cmd 390
INFO: 2025/04/13 14:19:01 raft.go:741: leader 2 commit_index update to 389
INFO: 2025/04/13 14:19:01 raft.go:654: 2 leader receive cmd 391
INFO: 2025/04/13 14:19:01 raft.go:654: 2 leader receive cmd 392
INFO: 2025/04/13 14:19:01 raft.go:741: leader 2 commit_index update to 390
INFO: 2025/04/13 14:19:01 raft.go:654: 2 leader receive cmd 393
INFO: 2025/04/13 14:19:01 raft.go:741: leader 2 commit_index update to 391
INFO: 2025/04/13 14:19:01 raft.go:654: 2 leader receive cmd 394
INFO: 2025/04/13 14:19:01 raft.go:741: leader 2 commit_index update to 392
INFO: 2025/04/13 14:19:01 raft.go:654: 2 leader receive cmd 395
INFO: 2025/04/13 14:19:01 raft.go:741: leader 2 commit_index update to 393
INFO: 2025/04/13 14:19:01 raft.go:654: 2 leader receive cmd 396
INFO: 2025/04/13 14:19:01 raft.go:741: leader 2 commit_index update to 394
INFO: 2025/04/13 14:19:01 raft.go:654: 2 leader receive cmd 397
INFO: 2025/04/13 14:19:01 raft.go:741: leader 2 commit_index update to 395
INFO: 2025/04/13 14:19:01 raft.go:654: 2 leader receive cmd 398
INFO: 2025/04/13 14:19:01 raft.go:741: leader 2 commit_index update to 396
INFO: 2025/04/13 14:19:01 raft.go:654: 2 leader receive cmd 399
INFO: 2025/04/13 14:19:01 raft.go:741: leader 2 commit_index update to 397
INFO: 2025/04/13 14:19:01 raft.go:654: 2 leader receive cmd 400
INFO: 2025/04/13 14:19:01 raft.go:741: leader 2 commit_index update to 398
INFO: 2025/04/13 14:19:01 raft.go:654: 2 leader receive cmd 401
INFO: 2025/04/13 14:19:01 raft.go:741: leader 2 commit_index update to 399
INFO: 2025/04/13 14:19:01 raft.go:654: 2 leader receive cmd 402
INFO: 2025/04/13 14:19:01 raft.go:741: leader 2 commit_index update to 400
INFO: 2025/04/13 14:19:01 raft.go:654: 2 leader receive cmd 403
INFO: 2025/04/13 14:19:01 raft.go:741: leader 2 commit_index update to 401
INFO: 2025/04/13 14:19:01 raft.go:654: 2 leader receive cmd 404
INFO: 2025/04/13 14:19:01 raft.go:741: leader 2 commit_index update to 402
INFO: 2025/04/13 14:19:01 raft.go:654: 2 leader receive cmd 405
INFO: 2025/04/13 14:19:01 raft.go:741: leader 2 commit_index update to 403
INFO: 2025/04/13 14:19:01 raft.go:654: 2 leader receive cmd 406
INFO: 2025/04/13 14:19:01 raft.go:741: leader 2 commit_index update to 404
INFO: 2025/04/13 14:19:01 raft.go:654: 2 leader receive cmd 407
INFO: 2025/04/13 14:19:01 raft.go:741: leader 2 commit_index update to 405
INFO: 2025/04/13 14:19:01 raft.go:654: 2 leader receive cmd 408
INFO: 2025/04/13 14:19:01 raft.go:741: leader 2 commit_index update to 406
INFO: 2025/04/13 14:19:01 raft.go:654: 2 leader receive cmd 409
INFO: 2025/04/13 14:19:01 raft.go:741: leader 2 commit_index update to 407
INFO: 2025/04/13 14:19:01 raft.go:654: 2 leader receive cmd 410
INFO: 2025/04/13 14:19:01 raft.go:741: leader 2 commit_index update to 408
INFO: 2025/04/13 14:19:01 raft.go:654: 2 leader receive cmd 411
INFO: 2025/04/13 14:19:01 raft.go:741: leader 2 commit_index update to 409
INFO: 2025/04/13 14:19:01 raft.go:654: 2 leader receive cmd 412
INFO: 2025/04/13 14:19:01 raft.go:741: leader 2 commit_index update to 410
INFO: 2025/04/13 14:19:01 raft.go:654: 2 leader receive cmd 413
INFO: 2025/04/13 14:19:01 raft.go:741: leader 2 commit_index update to 411
INFO: 2025/04/13 14:19:01 raft.go:654: 2 leader receive cmd 414
INFO: 2025/04/13 14:19:01 raft.go:741: leader 2 commit_index update to 412
INFO: 2025/04/13 14:19:01 raft.go:654: 2 leader receive cmd 415
INFO: 2025/04/13 14:19:01 raft.go:741: leader 2 commit_index update to 413
INFO: 2025/04/13 14:19:01 raft.go:741: leader 2 commit_index update to 414
INFO: 2025/04/13 14:19:01 raft.go:654: 2 leader receive cmd 416
INFO: 2025/04/13 14:19:01 raft.go:741: leader 2 commit_index update to 415
INFO: 2025/04/13 14:19:01 raft.go:654: 2 leader receive cmd 417
INFO: 2025/04/13 14:19:01 raft.go:741: leader 2 commit_index update to 416
INFO: 2025/04/13 14:19:01 raft.go:654: 2 leader receive cmd 418
INFO: 2025/04/13 14:19:01 raft.go:654: 2 leader receive cmd 419
INFO: 2025/04/13 14:19:02 raft.go:741: leader 2 commit_index update to 417
INFO: 2025/04/13 14:19:02 raft.go:654: 2 leader receive cmd 420
INFO: 2025/04/13 14:19:02 raft.go:741: leader 2 commit_index update to 418
INFO: 2025/04/13 14:19:02 raft.go:654: 2 leader receive cmd 421
INFO: 2025/04/13 14:19:02 raft.go:741: leader 2 commit_index update to 419
INFO: 2025/04/13 14:19:02 raft.go:654: 2 leader receive cmd 422
INFO: 2025/04/13 14:19:02 raft.go:741: leader 2 commit_index update to 420
INFO: 2025/04/13 14:19:02 raft.go:654: 2 leader receive cmd 423
INFO: 2025/04/13 14:19:02 raft.go:741: leader 2 commit_index update to 421
INFO: 2025/04/13 14:19:02 raft.go:654: 2 leader receive cmd 424
INFO: 2025/04/13 14:19:02 raft.go:741: leader 2 commit_index update to 422
INFO: 2025/04/13 14:19:02 raft.go:654: 2 leader receive cmd 425
INFO: 2025/04/13 14:19:02 raft.go:741: leader 2 commit_index update to 423
INFO: 2025/04/13 14:19:02 raft.go:654: 2 leader receive cmd 426
INFO: 2025/04/13 14:19:02 raft.go:741: leader 2 commit_index update to 424
INFO: 2025/04/13 14:19:02 raft.go:654: 2 leader receive cmd 427
INFO: 2025/04/13 14:19:02 raft.go:741: leader 2 commit_index update to 425
INFO: 2025/04/13 14:19:02 raft.go:654: 2 leader receive cmd 428
INFO: 2025/04/13 14:19:02 raft.go:741: leader 2 commit_index update to 426
INFO: 2025/04/13 14:19:02 raft.go:654: 2 leader receive cmd 429
INFO: 2025/04/13 14:19:02 raft.go:741: leader 2 commit_index update to 427
INFO: 2025/04/13 14:19:02 raft.go:654: 2 leader receive cmd 430
INFO: 2025/04/13 14:19:02 raft.go:741: leader 2 commit_index update to 428
INFO: 2025/04/13 14:19:02 raft.go:654: 2 leader receive cmd 431
INFO: 2025/04/13 14:19:02 raft.go:741: leader 2 commit_index update to 429
INFO: 2025/04/13 14:19:02 raft.go:654: 2 leader receive cmd 432
INFO: 2025/04/13 14:19:02 raft.go:741: leader 2 commit_index update to 430
INFO: 2025/04/13 14:19:02 raft.go:654: 2 leader receive cmd 433
INFO: 2025/04/13 14:19:02 raft.go:741: leader 2 commit_index update to 431
INFO: 2025/04/13 14:19:02 raft.go:654: 2 leader receive cmd 434
INFO: 2025/04/13 14:19:02 raft.go:741: leader 2 commit_index update to 432
INFO: 2025/04/13 14:19:02 raft.go:654: 2 leader receive cmd 435
INFO: 2025/04/13 14:19:02 raft.go:741: leader 2 commit_index update to 433
INFO: 2025/04/13 14:19:02 raft.go:654: 2 leader receive cmd 436
INFO: 2025/04/13 14:19:02 raft.go:741: leader 2 commit_index update to 434
INFO: 2025/04/13 14:19:02 raft.go:654: 2 leader receive cmd 437
INFO: 2025/04/13 14:19:02 raft.go:741: leader 2 commit_index update to 435
INFO: 2025/04/13 14:19:02 raft.go:654: 2 leader receive cmd 438
INFO: 2025/04/13 14:19:02 raft.go:741: leader 2 commit_index update to 436
INFO: 2025/04/13 14:19:02 raft.go:654: 2 leader receive cmd 439
INFO: 2025/04/13 14:19:02 raft.go:741: leader 2 commit_index update to 437
INFO: 2025/04/13 14:19:02 raft.go:654: 2 leader receive cmd 440
INFO: 2025/04/13 14:19:02 raft.go:741: leader 2 commit_index update to 438
INFO: 2025/04/13 14:19:02 raft.go:654: 2 leader receive cmd 441
INFO: 2025/04/13 14:19:02 raft.go:741: leader 2 commit_index update to 439
INFO: 2025/04/13 14:19:02 raft.go:654: 2 leader receive cmd 442
INFO: 2025/04/13 14:19:02 raft.go:741: leader 2 commit_index update to 440
INFO: 2025/04/13 14:19:02 raft.go:654: 2 leader receive cmd 443
INFO: 2025/04/13 14:19:02 raft.go:741: leader 2 commit_index update to 441
INFO: 2025/04/13 14:19:02 raft.go:654: 2 leader receive cmd 444
INFO: 2025/04/13 14:19:02 raft.go:741: leader 2 commit_index update to 442
INFO: 2025/04/13 14:19:02 raft.go:741: leader 2 commit_index update to 443
INFO: 2025/04/13 14:19:02 raft.go:654: 2 leader receive cmd 445
INFO: 2025/04/13 14:19:02 raft.go:741: leader 2 commit_index update to 444
INFO: 2025/04/13 14:19:02 raft.go:654: 2 leader receive cmd 446
INFO: 2025/04/13 14:19:02 raft.go:741: leader 2 commit_index update to 445
INFO: 2025/04/13 14:19:02 raft.go:654: 2 leader receive cmd 447
INFO: 2025/04/13 14:19:02 raft.go:741: leader 2 commit_index update to 446
INFO: 2025/04/13 14:19:02 raft.go:654: 2 leader receive cmd 448
INFO: 2025/04/13 14:19:02 raft.go:654: 2 leader receive cmd 449
INFO: 2025/04/13 14:19:02 raft.go:741: leader 2 commit_index update to 447
INFO: 2025/04/13 14:19:02 raft.go:654: 2 leader receive cmd 450
INFO: 2025/04/13 14:19:02 raft.go:741: leader 2 commit_index update to 448
INFO: 2025/04/13 14:19:02 raft.go:654: 2 leader receive cmd 451
INFO: 2025/04/13 14:19:02 raft.go:741: leader 2 commit_index update to 449
INFO: 2025/04/13 14:19:02 raft.go:741: leader 2 commit_index update to 450
INFO: 2025/04/13 14:19:02 raft.go:654: 2 leader receive cmd 452
INFO: 2025/04/13 14:19:02 raft.go:741: leader 2 commit_index update to 451
INFO: 2025/04/13 14:19:02 raft.go:654: 2 leader receive cmd 453
INFO: 2025/04/13 14:19:03 raft.go:654: 2 leader receive cmd 454
INFO: 2025/04/13 14:19:03 raft.go:741: leader 2 commit_index update to 452
INFO: 2025/04/13 14:19:03 raft.go:654: 2 leader receive cmd 455
INFO: 2025/04/13 14:19:03 raft.go:741: leader 2 commit_index update to 453
INFO: 2025/04/13 14:19:03 raft.go:654: 2 leader receive cmd 456
INFO: 2025/04/13 14:19:03 raft.go:741: leader 2 commit_index update to 454
INFO: 2025/04/13 14:19:03 raft.go:654: 2 leader receive cmd 457
INFO: 2025/04/13 14:19:03 raft.go:741: leader 2 commit_index update to 455
INFO: 2025/04/13 14:19:03 raft.go:654: 2 leader receive cmd 458
INFO: 2025/04/13 14:19:03 raft.go:741: leader 2 commit_index update to 456
INFO: 2025/04/13 14:19:03 raft.go:654: 2 leader receive cmd 459
INFO: 2025/04/13 14:19:03 raft.go:741: leader 2 commit_index update to 457
INFO: 2025/04/13 14:19:03 raft.go:654: 2 leader receive cmd 460
INFO: 2025/04/13 14:19:03 raft.go:741: leader 2 commit_index update to 458
INFO: 2025/04/13 14:19:03 raft.go:654: 2 leader receive cmd 461
INFO: 2025/04/13 14:19:03 raft.go:741: leader 2 commit_index update to 459
INFO: 2025/04/13 14:19:03 raft.go:654: 2 leader receive cmd 462
INFO: 2025/04/13 14:19:03 raft.go:741: leader 2 commit_index update to 460
INFO: 2025/04/13 14:19:03 raft.go:654: 2 leader receive cmd 463
INFO: 2025/04/13 14:19:03 raft.go:741: leader 2 commit_index update to 461
INFO: 2025/04/13 14:19:03 raft.go:654: 2 leader receive cmd 464
INFO: 2025/04/13 14:19:03 raft.go:741: leader 2 commit_index update to 462
INFO: 2025/04/13 14:19:03 raft.go:654: 2 leader receive cmd 465
INFO: 2025/04/13 14:19:03 raft.go:741: leader 2 commit_index update to 463
INFO: 2025/04/13 14:19:03 raft.go:654: 2 leader receive cmd 466
INFO: 2025/04/13 14:19:03 raft.go:741: leader 2 commit_index update to 464
INFO: 2025/04/13 14:19:03 raft.go:654: 2 leader receive cmd 467
INFO: 2025/04/13 14:19:03 raft.go:741: leader 2 commit_index update to 465
INFO: 2025/04/13 14:19:03 raft.go:654: 2 leader receive cmd 468
INFO: 2025/04/13 14:19:03 raft.go:741: leader 2 commit_index update to 466
INFO: 2025/04/13 14:19:03 raft.go:654: 2 leader receive cmd 469
INFO: 2025/04/13 14:19:03 raft.go:741: leader 2 commit_index update to 467
INFO: 2025/04/13 14:19:03 raft.go:654: 2 leader receive cmd 470
INFO: 2025/04/13 14:19:03 raft.go:741: leader 2 commit_index update to 468
INFO: 2025/04/13 14:19:03 raft.go:654: 2 leader receive cmd 471
INFO: 2025/04/13 14:19:03 raft.go:741: leader 2 commit_index update to 469
INFO: 2025/04/13 14:19:03 raft.go:654: 2 leader receive cmd 472
INFO: 2025/04/13 14:19:03 raft.go:741: leader 2 commit_index update to 470
INFO: 2025/04/13 14:19:03 raft.go:654: 2 leader receive cmd 473
INFO: 2025/04/13 14:19:03 raft.go:741: leader 2 commit_index update to 471
INFO: 2025/04/13 14:19:03 raft.go:654: 2 leader receive cmd 474
INFO: 2025/04/13 14:19:03 raft.go:741: leader 2 commit_index update to 472
INFO: 2025/04/13 14:19:03 raft.go:654: 2 leader receive cmd 475
INFO: 2025/04/13 14:19:03 raft.go:741: leader 2 commit_index update to 473
INFO: 2025/04/13 14:19:03 raft.go:654: 2 leader receive cmd 476
INFO: 2025/04/13 14:19:03 raft.go:741: leader 2 commit_index update to 474
INFO: 2025/04/13 14:19:03 raft.go:654: 2 leader receive cmd 477
INFO: 2025/04/13 14:19:03 raft.go:741: leader 2 commit_index update to 475
INFO: 2025/04/13 14:19:03 raft.go:654: 2 leader receive cmd 478
INFO: 2025/04/13 14:19:03 raft.go:741: leader 2 commit_index update to 476
INFO: 2025/04/13 14:19:03 raft.go:654: 2 leader receive cmd 479
INFO: 2025/04/13 14:19:03 raft.go:741: leader 2 commit_index update to 477
INFO: 2025/04/13 14:19:03 raft.go:654: 2 leader receive cmd 480
INFO: 2025/04/13 14:19:03 raft.go:741: leader 2 commit_index update to 478
INFO: 2025/04/13 14:19:03 raft.go:654: 2 leader receive cmd 481
INFO: 2025/04/13 14:19:03 raft.go:741: leader 2 commit_index update to 479
INFO: 2025/04/13 14:19:03 raft.go:654: 2 leader receive cmd 482
INFO: 2025/04/13 14:19:03 raft.go:741: leader 2 commit_index update to 480
INFO: 2025/04/13 14:19:03 raft.go:654: 2 leader receive cmd 483
INFO: 2025/04/13 14:19:03 raft.go:741: leader 2 commit_index update to 481
INFO: 2025/04/13 14:19:03 raft.go:654: 2 leader receive cmd 484
INFO: 2025/04/13 14:19:03 raft.go:741: leader 2 commit_index update to 482
INFO: 2025/04/13 14:19:03 raft.go:654: 2 leader receive cmd 485
INFO: 2025/04/13 14:19:03 raft.go:741: leader 2 commit_index update to 483
INFO: 2025/04/13 14:19:03 raft.go:654: 2 leader receive cmd 486
INFO: 2025/04/13 14:19:03 raft.go:741: leader 2 commit_index update to 484
INFO: 2025/04/13 14:19:03 raft.go:654: 2 leader receive cmd 487
INFO: 2025/04/13 14:19:03 raft.go:741: leader 2 commit_index update to 485
INFO: 2025/04/13 14:19:03 raft.go:654: 2 leader receive cmd 488
INFO: 2025/04/13 14:19:03 raft.go:741: leader 2 commit_index update to 486
INFO: 2025/04/13 14:19:03 raft.go:654: 2 leader receive cmd 489
INFO: 2025/04/13 14:19:03 raft.go:741: leader 2 commit_index update to 487
INFO: 2025/04/13 14:19:03 raft.go:654: 2 leader receive cmd 490
INFO: 2025/04/13 14:19:03 raft.go:741: leader 2 commit_index update to 488
INFO: 2025/04/13 14:19:03 raft.go:654: 2 leader receive cmd 491
INFO: 2025/04/13 14:19:03 raft.go:741: leader 2 commit_index update to 489
INFO: 2025/04/13 14:19:03 raft.go:654: 2 leader receive cmd 492
INFO: 2025/04/13 14:19:03 raft.go:741: leader 2 commit_index update to 490
INFO: 2025/04/13 14:19:03 raft.go:654: 2 leader receive cmd 493
INFO: 2025/04/13 14:19:03 raft.go:741: leader 2 commit_index update to 491
INFO: 2025/04/13 14:19:03 raft.go:654: 2 leader receive cmd 494
INFO: 2025/04/13 14:19:03 raft.go:741: leader 2 commit_index update to 492
INFO: 2025/04/13 14:19:03 raft.go:654: 2 leader receive cmd 495
INFO: 2025/04/13 14:19:03 raft.go:741: leader 2 commit_index update to 493
INFO: 2025/04/13 14:19:03 raft.go:654: 2 leader receive cmd 496
INFO: 2025/04/13 14:19:03 raft.go:741: leader 2 commit_index update to 494
INFO: 2025/04/13 14:19:03 raft.go:654: 2 leader receive cmd 497
INFO: 2025/04/13 14:19:03 raft.go:741: leader 2 commit_index update to 495
INFO: 2025/04/13 14:19:03 raft.go:654: 2 leader receive cmd 498
INFO: 2025/04/13 14:19:03 raft.go:741: leader 2 commit_index update to 496
INFO: 2025/04/13 14:19:03 raft.go:654: 2 leader receive cmd 499
INFO: 2025/04/13 14:19:03 raft.go:741: leader 2 commit_index update to 497
INFO: 2025/04/13 14:19:03 raft.go:654: 2 leader receive cmd 500
INFO: 2025/04/13 14:19:03 raft.go:741: leader 2 commit_index update to 498
INFO: 2025/04/13 14:19:03 raft.go:654: 2 leader receive cmd 501
INFO: 2025/04/13 14:19:03 raft.go:741: leader 2 commit_index update to 499
INFO: 2025/04/13 14:19:03 raft.go:654: 2 leader receive cmd 502
INFO: 2025/04/13 14:19:03 raft.go:741: leader 2 commit_index update to 500
INFO: 2025/04/13 14:19:03 raft.go:654: 2 leader receive cmd 503
INFO: 2025/04/13 14:19:03 raft.go:741: leader 2 commit_index update to 501
INFO: 2025/04/13 14:19:03 raft.go:654: 2 leader receive cmd 504
INFO: 2025/04/13 14:19:03 raft.go:741: leader 2 commit_index update to 502
INFO: 2025/04/13 14:19:03 raft.go:654: 2 leader receive cmd 505
INFO: 2025/04/13 14:19:03 raft.go:741: leader 2 commit_index update to 503
INFO: 2025/04/13 14:19:03 raft.go:654: 2 leader receive cmd 506
INFO: 2025/04/13 14:19:03 raft.go:741: leader 2 commit_index update to 504
INFO: 2025/04/13 14:19:03 raft.go:654: 2 leader receive cmd 507
INFO: 2025/04/13 14:19:03 raft.go:741: leader 2 commit_index update to 505
INFO: 2025/04/13 14:19:03 raft.go:654: 2 leader receive cmd 508
INFO: 2025/04/13 14:19:03 raft.go:741: leader 2 commit_index update to 506
INFO: 2025/04/13 14:19:03 raft.go:654: 2 leader receive cmd 509
INFO: 2025/04/13 14:19:03 raft.go:741: leader 2 commit_index update to 507
INFO: 2025/04/13 14:19:03 raft.go:654: 2 leader receive cmd 510
INFO: 2025/04/13 14:19:03 raft.go:741: leader 2 commit_index update to 508
INFO: 2025/04/13 14:19:03 raft.go:654: 2 leader receive cmd 511
INFO: 2025/04/13 14:19:03 raft.go:741: leader 2 commit_index update to 509
INFO: 2025/04/13 14:19:03 raft.go:654: 2 leader receive cmd 512
INFO: 2025/04/13 14:19:03 raft.go:741: leader 2 commit_index update to 510
INFO: 2025/04/13 14:19:03 raft.go:654: 2 leader receive cmd 513
INFO: 2025/04/13 14:19:04 raft.go:741: leader 2 commit_index update to 511
INFO: 2025/04/13 14:19:04 raft.go:654: 2 leader receive cmd 514
INFO: 2025/04/13 14:19:04 raft.go:741: leader 2 commit_index update to 512
INFO: 2025/04/13 14:19:04 raft.go:654: 2 leader receive cmd 515
INFO: 2025/04/13 14:19:04 raft.go:741: leader 2 commit_index update to 513
INFO: 2025/04/13 14:19:04 raft.go:654: 2 leader receive cmd 516
INFO: 2025/04/13 14:19:04 raft.go:741: leader 2 commit_index update to 514
INFO: 2025/04/13 14:19:04 raft.go:654: 2 leader receive cmd 517
INFO: 2025/04/13 14:19:04 raft.go:741: leader 2 commit_index update to 515
INFO: 2025/04/13 14:19:04 raft.go:654: 2 leader receive cmd 518
INFO: 2025/04/13 14:19:04 raft.go:741: leader 2 commit_index update to 516
INFO: 2025/04/13 14:19:04 raft.go:654: 2 leader receive cmd 519
INFO: 2025/04/13 14:19:04 raft.go:741: leader 2 commit_index update to 517
INFO: 2025/04/13 14:19:04 raft.go:654: 2 leader receive cmd 520
INFO: 2025/04/13 14:19:04 raft.go:741: leader 2 commit_index update to 518
INFO: 2025/04/13 14:19:04 raft.go:654: 2 leader receive cmd 521
INFO: 2025/04/13 14:19:04 raft.go:741: leader 2 commit_index update to 519
INFO: 2025/04/13 14:19:04 raft.go:654: 2 leader receive cmd 522
INFO: 2025/04/13 14:19:04 raft.go:741: leader 2 commit_index update to 520
INFO: 2025/04/13 14:19:04 raft.go:654: 2 leader receive cmd 523
INFO: 2025/04/13 14:19:04 raft.go:741: leader 2 commit_index update to 521
INFO: 2025/04/13 14:19:04 raft.go:654: 2 leader receive cmd 524
INFO: 2025/04/13 14:19:04 raft.go:741: leader 2 commit_index update to 522
INFO: 2025/04/13 14:19:04 raft.go:654: 2 leader receive cmd 525
INFO: 2025/04/13 14:19:04 raft.go:741: leader 2 commit_index update to 523
INFO: 2025/04/13 14:19:04 raft.go:654: 2 leader receive cmd 526
INFO: 2025/04/13 14:19:04 raft.go:741: leader 2 commit_index update to 524
INFO: 2025/04/13 14:19:04 raft.go:654: 2 leader receive cmd 527
INFO: 2025/04/13 14:19:04 raft.go:741: leader 2 commit_index update to 525
INFO: 2025/04/13 14:19:04 raft.go:654: 2 leader receive cmd 528
INFO: 2025/04/13 14:19:04 raft.go:741: leader 2 commit_index update to 526
INFO: 2025/04/13 14:19:04 raft.go:741: leader 2 commit_index update to 527
INFO: 2025/04/13 14:19:04 raft.go:654: 2 leader receive cmd 529
INFO: 2025/04/13 14:19:04 raft.go:741: leader 2 commit_index update to 528
INFO: 2025/04/13 14:19:04 raft.go:654: 2 leader receive cmd 530
INFO: 2025/04/13 14:19:04 raft.go:741: leader 2 commit_index update to 529
INFO: 2025/04/13 14:19:04 raft.go:654: 2 leader receive cmd 531
INFO: 2025/04/13 14:19:04 raft.go:741: leader 2 commit_index update to 530
INFO: 2025/04/13 14:19:04 raft.go:654: 2 leader receive cmd 532
INFO: 2025/04/13 14:19:04 raft.go:741: leader 2 commit_index update to 531
INFO: 2025/04/13 14:19:04 raft.go:654: 2 leader receive cmd 533
INFO: 2025/04/13 14:19:04 raft.go:654: 2 leader receive cmd 534
INFO: 2025/04/13 14:19:04 raft.go:741: leader 2 commit_index update to 532
INFO: 2025/04/13 14:19:04 raft.go:654: 2 leader receive cmd 535
INFO: 2025/04/13 14:19:04 raft.go:741: leader 2 commit_index update to 533
INFO: 2025/04/13 14:19:04 raft.go:654: 2 leader receive cmd 536
INFO: 2025/04/13 14:19:04 raft.go:741: leader 2 commit_index update to 534
INFO: 2025/04/13 14:19:04 raft.go:654: 2 leader receive cmd 537
INFO: 2025/04/13 14:19:04 raft.go:741: leader 2 commit_index update to 535
INFO: 2025/04/13 14:19:04 raft.go:654: 2 leader receive cmd 538
INFO: 2025/04/13 14:19:04 raft.go:741: leader 2 commit_index update to 536
INFO: 2025/04/13 14:19:04 raft.go:654: 2 leader receive cmd 539
INFO: 2025/04/13 14:19:04 raft.go:741: leader 2 commit_index update to 537
INFO: 2025/04/13 14:19:04 raft.go:654: 2 leader receive cmd 540
INFO: 2025/04/13 14:19:04 raft.go:741: leader 2 commit_index update to 538
INFO: 2025/04/13 14:19:04 raft.go:654: 2 leader receive cmd 541
INFO: 2025/04/13 14:19:04 raft.go:741: leader 2 commit_index update to 539
INFO: 2025/04/13 14:19:04 raft.go:654: 2 leader receive cmd 542
INFO: 2025/04/13 14:19:04 raft.go:741: leader 2 commit_index update to 540
INFO: 2025/04/13 14:19:04 raft.go:654: 2 leader receive cmd 543
INFO: 2025/04/13 14:19:04 raft.go:741: leader 2 commit_index update to 541
INFO: 2025/04/13 14:19:04 raft.go:654: 2 leader receive cmd 544
INFO: 2025/04/13 14:19:04 raft.go:741: leader 2 commit_index update to 542
INFO: 2025/04/13 14:19:04 raft.go:654: 2 leader receive cmd 545
INFO: 2025/04/13 14:19:04 raft.go:741: leader 2 commit_index update to 543
INFO: 2025/04/13 14:19:04 raft.go:654: 2 leader receive cmd 546
INFO: 2025/04/13 14:19:04 raft.go:741: leader 2 commit_index update to 544
INFO: 2025/04/13 14:19:04 raft.go:654: 2 leader receive cmd 547
INFO: 2025/04/13 14:19:04 raft.go:741: leader 2 commit_index update to 545
INFO: 2025/04/13 14:19:04 raft.go:654: 2 leader receive cmd 548
INFO: 2025/04/13 14:19:04 raft.go:741: leader 2 commit_index update to 546
INFO: 2025/04/13 14:19:04 raft.go:654: 2 leader receive cmd 549
INFO: 2025/04/13 14:19:04 raft.go:741: leader 2 commit_index update to 547
INFO: 2025/04/13 14:19:04 raft.go:654: 2 leader receive cmd 550
INFO: 2025/04/13 14:19:04 raft.go:741: leader 2 commit_index update to 548
INFO: 2025/04/13 14:19:04 raft.go:654: 2 leader receive cmd 551
INFO: 2025/04/13 14:19:04 raft.go:741: leader 2 commit_index update to 549
INFO: 2025/04/13 14:19:04 raft.go:654: 2 leader receive cmd 552
INFO: 2025/04/13 14:19:04 raft.go:741: leader 2 commit_index update to 550
INFO: 2025/04/13 14:19:04 raft.go:654: 2 leader receive cmd 553
INFO: 2025/04/13 14:19:04 raft.go:741: leader 2 commit_index update to 551
INFO: 2025/04/13 14:19:04 raft.go:654: 2 leader receive cmd 554
INFO: 2025/04/13 14:19:04 raft.go:741: leader 2 commit_index update to 552
INFO: 2025/04/13 14:19:04 raft.go:654: 2 leader receive cmd 555
INFO: 2025/04/13 14:19:04 raft.go:741: leader 2 commit_index update to 553
INFO: 2025/04/13 14:19:05 raft.go:741: leader 2 commit_index update to 554
INFO: 2025/04/13 14:19:05 raft.go:654: 2 leader receive cmd 556
INFO: 2025/04/13 14:19:05 raft.go:741: leader 2 commit_index update to 555
INFO: 2025/04/13 14:19:05 raft.go:654: 2 leader receive cmd 557
INFO: 2025/04/13 14:19:05 raft.go:654: 2 leader receive cmd 558
INFO: 2025/04/13 14:19:05 raft.go:741: leader 2 commit_index update to 556
INFO: 2025/04/13 14:19:05 raft.go:654: 2 leader receive cmd 559
INFO: 2025/04/13 14:19:05 raft.go:741: leader 2 commit_index update to 557
INFO: 2025/04/13 14:19:05 raft.go:654: 2 leader receive cmd 560
INFO: 2025/04/13 14:19:05 raft.go:741: leader 2 commit_index update to 558
INFO: 2025/04/13 14:19:05 raft.go:654: 2 leader receive cmd 561
INFO: 2025/04/13 14:19:05 raft.go:741: leader 2 commit_index update to 559
INFO: 2025/04/13 14:19:05 raft.go:654: 2 leader receive cmd 562
INFO: 2025/04/13 14:19:05 raft.go:741: leader 2 commit_index update to 560
INFO: 2025/04/13 14:19:05 raft.go:654: 2 leader receive cmd 563
INFO: 2025/04/13 14:19:05 raft.go:741: leader 2 commit_index update to 561
INFO: 2025/04/13 14:19:05 raft.go:654: 2 leader receive cmd 564
INFO: 2025/04/13 14:19:05 raft.go:741: leader 2 commit_index update to 562
INFO: 2025/04/13 14:19:05 raft.go:654: 2 leader receive cmd 565
INFO: 2025/04/13 14:19:05 raft.go:741: leader 2 commit_index update to 563
INFO: 2025/04/13 14:19:05 raft.go:654: 2 leader receive cmd 566
INFO: 2025/04/13 14:19:05 raft.go:741: leader 2 commit_index update to 564
INFO: 2025/04/13 14:19:05 raft.go:654: 2 leader receive cmd 567
INFO: 2025/04/13 14:19:05 raft.go:741: leader 2 commit_index update to 565
INFO: 2025/04/13 14:19:05 raft.go:654: 2 leader receive cmd 568
INFO: 2025/04/13 14:19:05 raft.go:741: leader 2 commit_index update to 566
INFO: 2025/04/13 14:19:05 raft.go:654: 2 leader receive cmd 569
INFO: 2025/04/13 14:19:05 raft.go:741: leader 2 commit_index update to 567
INFO: 2025/04/13 14:19:05 raft.go:654: 2 leader receive cmd 570
INFO: 2025/04/13 14:19:05 raft.go:741: leader 2 commit_index update to 568
INFO: 2025/04/13 14:19:05 raft.go:654: 2 leader receive cmd 571
INFO: 2025/04/13 14:19:05 raft.go:741: leader 2 commit_index update to 569
INFO: 2025/04/13 14:19:05 raft.go:654: 2 leader receive cmd 572
INFO: 2025/04/13 14:19:05 raft.go:741: leader 2 commit_index update to 570
INFO: 2025/04/13 14:19:05 raft.go:654: 2 leader receive cmd 573
INFO: 2025/04/13 14:19:05 raft.go:741: leader 2 commit_index update to 571
INFO: 2025/04/13 14:19:05 raft.go:654: 2 leader receive cmd 574
INFO: 2025/04/13 14:19:05 raft.go:741: leader 2 commit_index update to 572
INFO: 2025/04/13 14:19:05 raft.go:654: 2 leader receive cmd 575
INFO: 2025/04/13 14:19:05 raft.go:741: leader 2 commit_index update to 573
INFO: 2025/04/13 14:19:05 raft.go:654: 2 leader receive cmd 576
INFO: 2025/04/13 14:19:05 raft.go:741: leader 2 commit_index update to 574
INFO: 2025/04/13 14:19:05 raft.go:654: 2 leader receive cmd 577
INFO: 2025/04/13 14:19:05 raft.go:741: leader 2 commit_index update to 575
INFO: 2025/04/13 14:19:05 raft.go:654: 2 leader receive cmd 578
INFO: 2025/04/13 14:19:05 raft.go:741: leader 2 commit_index update to 576
INFO: 2025/04/13 14:19:05 raft.go:654: 2 leader receive cmd 579
INFO: 2025/04/13 14:19:05 raft.go:741: leader 2 commit_index update to 577
INFO: 2025/04/13 14:19:05 raft.go:654: 2 leader receive cmd 580
INFO: 2025/04/13 14:19:05 raft.go:741: leader 2 commit_index update to 578
INFO: 2025/04/13 14:19:05 raft.go:654: 2 leader receive cmd 581
INFO: 2025/04/13 14:19:05 raft.go:741: leader 2 commit_index update to 579
INFO: 2025/04/13 14:19:05 raft.go:654: 2 leader receive cmd 582
INFO: 2025/04/13 14:19:05 raft.go:741: leader 2 commit_index update to 580
INFO: 2025/04/13 14:19:05 raft.go:654: 2 leader receive cmd 583
INFO: 2025/04/13 14:19:05 raft.go:741: leader 2 commit_index update to 581
INFO: 2025/04/13 14:19:05 raft.go:654: 2 leader receive cmd 584
INFO: 2025/04/13 14:19:05 raft.go:741: leader 2 commit_index update to 582
INFO: 2025/04/13 14:19:05 raft.go:654: 2 leader receive cmd 585
INFO: 2025/04/13 14:19:05 raft.go:741: leader 2 commit_index update to 583
INFO: 2025/04/13 14:19:05 raft.go:654: 2 leader receive cmd 586
INFO: 2025/04/13 14:19:05 raft.go:741: leader 2 commit_index update to 584
INFO: 2025/04/13 14:19:05 raft.go:654: 2 leader receive cmd 587
INFO: 2025/04/13 14:19:05 raft.go:741: leader 2 commit_index update to 585
INFO: 2025/04/13 14:19:05 raft.go:654: 2 leader receive cmd 588
INFO: 2025/04/13 14:19:05 raft.go:741: leader 2 commit_index update to 586
INFO: 2025/04/13 14:19:05 raft.go:654: 2 leader receive cmd 589
INFO: 2025/04/13 14:19:05 raft.go:741: leader 2 commit_index update to 587
INFO: 2025/04/13 14:19:05 raft.go:654: 2 leader receive cmd 590
INFO: 2025/04/13 14:19:05 raft.go:741: leader 2 commit_index update to 588
INFO: 2025/04/13 14:19:05 raft.go:654: 2 leader receive cmd 591
INFO: 2025/04/13 14:19:05 raft.go:741: leader 2 commit_index update to 589
INFO: 2025/04/13 14:19:05 raft.go:654: 2 leader receive cmd 592
INFO: 2025/04/13 14:19:05 raft.go:741: leader 2 commit_index update to 590
INFO: 2025/04/13 14:19:05 raft.go:654: 2 leader receive cmd 593
INFO: 2025/04/13 14:19:05 raft.go:741: leader 2 commit_index update to 591
INFO: 2025/04/13 14:19:05 raft.go:654: 2 leader receive cmd 594
INFO: 2025/04/13 14:19:05 raft.go:741: leader 2 commit_index update to 592
INFO: 2025/04/13 14:19:05 raft.go:654: 2 leader receive cmd 595
INFO: 2025/04/13 14:19:05 raft.go:741: leader 2 commit_index update to 593
INFO: 2025/04/13 14:19:05 raft.go:654: 2 leader receive cmd 596
INFO: 2025/04/13 14:19:05 raft.go:741: leader 2 commit_index update to 594
INFO: 2025/04/13 14:19:05 raft.go:654: 2 leader receive cmd 597
INFO: 2025/04/13 14:19:05 raft.go:741: leader 2 commit_index update to 595
INFO: 2025/04/13 14:19:05 raft.go:654: 2 leader receive cmd 598
INFO: 2025/04/13 14:19:05 raft.go:741: leader 2 commit_index update to 596
INFO: 2025/04/13 14:19:05 raft.go:654: 2 leader receive cmd 599
INFO: 2025/04/13 14:19:05 raft.go:741: leader 2 commit_index update to 597
INFO: 2025/04/13 14:19:05 raft.go:654: 2 leader receive cmd 600
INFO: 2025/04/13 14:19:05 raft.go:741: leader 2 commit_index update to 598
INFO: 2025/04/13 14:19:05 raft.go:654: 2 leader receive cmd 601
INFO: 2025/04/13 14:19:05 raft.go:741: leader 2 commit_index update to 599
INFO: 2025/04/13 14:19:05 raft.go:654: 2 leader receive cmd 602
INFO: 2025/04/13 14:19:05 raft.go:741: leader 2 commit_index update to 600
INFO: 2025/04/13 14:19:05 raft.go:654: 2 leader receive cmd 603
INFO: 2025/04/13 14:19:05 raft.go:741: leader 2 commit_index update to 601
INFO: 2025/04/13 14:19:05 raft.go:654: 2 leader receive cmd 604
INFO: 2025/04/13 14:19:05 raft.go:741: leader 2 commit_index update to 602
INFO: 2025/04/13 14:19:05 raft.go:654: 2 leader receive cmd 605
INFO: 2025/04/13 14:19:05 raft.go:741: leader 2 commit_index update to 603
INFO: 2025/04/13 14:19:05 raft.go:654: 2 leader receive cmd 606
INFO: 2025/04/13 14:19:05 raft.go:741: leader 2 commit_index update to 604
INFO: 2025/04/13 14:19:05 raft.go:654: 2 leader receive cmd 607
INFO: 2025/04/13 14:19:05 raft.go:741: leader 2 commit_index update to 605
INFO: 2025/04/13 14:19:05 raft.go:654: 2 leader receive cmd 608
INFO: 2025/04/13 14:19:05 raft.go:741: leader 2 commit_index update to 606
INFO: 2025/04/13 14:19:06 raft.go:654: 2 leader receive cmd 609
INFO: 2025/04/13 14:19:06 raft.go:741: leader 2 commit_index update to 607
INFO: 2025/04/13 14:19:06 raft.go:654: 2 leader receive cmd 610
INFO: 2025/04/13 14:19:06 raft.go:741: leader 2 commit_index update to 608
INFO: 2025/04/13 14:19:06 raft.go:654: 2 leader receive cmd 611
INFO: 2025/04/13 14:19:06 raft.go:741: leader 2 commit_index update to 609
INFO: 2025/04/13 14:19:06 raft.go:654: 2 leader receive cmd 612
INFO: 2025/04/13 14:19:06 raft.go:741: leader 2 commit_index update to 610
INFO: 2025/04/13 14:19:06 raft.go:654: 2 leader receive cmd 613
INFO: 2025/04/13 14:19:06 raft.go:741: leader 2 commit_index update to 611
INFO: 2025/04/13 14:19:06 raft.go:654: 2 leader receive cmd 614
INFO: 2025/04/13 14:19:06 raft.go:741: leader 2 commit_index update to 612
INFO: 2025/04/13 14:19:06 raft.go:654: 2 leader receive cmd 615
INFO: 2025/04/13 14:19:06 raft.go:741: leader 2 commit_index update to 613
INFO: 2025/04/13 14:19:06 raft.go:654: 2 leader receive cmd 616
INFO: 2025/04/13 14:19:06 raft.go:741: leader 2 commit_index update to 614
INFO: 2025/04/13 14:19:06 raft.go:654: 2 leader receive cmd 617
INFO: 2025/04/13 14:19:06 raft.go:741: leader 2 commit_index update to 615
INFO: 2025/04/13 14:19:06 raft.go:654: 2 leader receive cmd 618
INFO: 2025/04/13 14:19:06 raft.go:741: leader 2 commit_index update to 616
INFO: 2025/04/13 14:19:06 raft.go:654: 2 leader receive cmd 619
INFO: 2025/04/13 14:19:06 raft.go:741: leader 2 commit_index update to 617
INFO: 2025/04/13 14:19:06 raft.go:654: 2 leader receive cmd 620
INFO: 2025/04/13 14:19:06 raft.go:741: leader 2 commit_index update to 618
INFO: 2025/04/13 14:19:06 raft.go:654: 2 leader receive cmd 621
INFO: 2025/04/13 14:19:06 raft.go:741: leader 2 commit_index update to 619
INFO: 2025/04/13 14:19:06 raft.go:654: 2 leader receive cmd 622
INFO: 2025/04/13 14:19:06 raft.go:741: leader 2 commit_index update to 620
INFO: 2025/04/13 14:19:06 raft.go:654: 2 leader receive cmd 623
INFO: 2025/04/13 14:19:06 raft.go:741: leader 2 commit_index update to 621
INFO: 2025/04/13 14:19:06 raft.go:654: 2 leader receive cmd 624
INFO: 2025/04/13 14:19:06 raft.go:741: leader 2 commit_index update to 622
INFO: 2025/04/13 14:19:06 raft.go:654: 2 leader receive cmd 625
INFO: 2025/04/13 14:19:06 raft.go:741: leader 2 commit_index update to 623
INFO: 2025/04/13 14:19:06 raft.go:654: 2 leader receive cmd 626
INFO: 2025/04/13 14:19:06 raft.go:741: leader 2 commit_index update to 624
INFO: 2025/04/13 14:19:06 raft.go:654: 2 leader receive cmd 627
INFO: 2025/04/13 14:19:06 raft.go:741: leader 2 commit_index update to 625
INFO: 2025/04/13 14:19:06 raft.go:654: 2 leader receive cmd 628
INFO: 2025/04/13 14:19:06 raft.go:741: leader 2 commit_index update to 626
INFO: 2025/04/13 14:19:06 raft.go:654: 2 leader receive cmd 629
INFO: 2025/04/13 14:19:06 raft.go:741: leader 2 commit_index update to 627
INFO: 2025/04/13 14:19:06 raft.go:654: 2 leader receive cmd 630
INFO: 2025/04/13 14:19:06 raft.go:741: leader 2 commit_index update to 628
INFO: 2025/04/13 14:19:06 raft.go:654: 2 leader receive cmd 631
INFO: 2025/04/13 14:19:06 raft.go:741: leader 2 commit_index update to 629
INFO: 2025/04/13 14:19:06 raft.go:654: 2 leader receive cmd 632
INFO: 2025/04/13 14:19:06 raft.go:741: leader 2 commit_index update to 630
INFO: 2025/04/13 14:19:06 raft.go:654: 2 leader receive cmd 633
INFO: 2025/04/13 14:19:06 raft.go:741: leader 2 commit_index update to 631
INFO: 2025/04/13 14:19:06 raft.go:654: 2 leader receive cmd 634
INFO: 2025/04/13 14:19:06 raft.go:741: leader 2 commit_index update to 632
INFO: 2025/04/13 14:19:06 raft.go:654: 2 leader receive cmd 635
INFO: 2025/04/13 14:19:06 raft.go:741: leader 2 commit_index update to 633
INFO: 2025/04/13 14:19:06 raft.go:654: 2 leader receive cmd 636
INFO: 2025/04/13 14:19:06 raft.go:741: leader 2 commit_index update to 634
INFO: 2025/04/13 14:19:06 raft.go:654: 2 leader receive cmd 637
INFO: 2025/04/13 14:19:06 raft.go:741: leader 2 commit_index update to 635
INFO: 2025/04/13 14:19:06 raft.go:654: 2 leader receive cmd 638
INFO: 2025/04/13 14:19:06 raft.go:741: leader 2 commit_index update to 636
INFO: 2025/04/13 14:19:06 raft.go:654: 2 leader receive cmd 639
INFO: 2025/04/13 14:19:06 raft.go:741: leader 2 commit_index update to 637
INFO: 2025/04/13 14:19:06 raft.go:654: 2 leader receive cmd 640
INFO: 2025/04/13 14:19:06 raft.go:741: leader 2 commit_index update to 638
INFO: 2025/04/13 14:19:06 raft.go:654: 2 leader receive cmd 641
INFO: 2025/04/13 14:19:06 raft.go:741: leader 2 commit_index update to 639
INFO: 2025/04/13 14:19:06 raft.go:654: 2 leader receive cmd 642
INFO: 2025/04/13 14:19:06 raft.go:741: leader 2 commit_index update to 640
INFO: 2025/04/13 14:19:06 raft.go:654: 2 leader receive cmd 643
INFO: 2025/04/13 14:19:06 raft.go:741: leader 2 commit_index update to 641
INFO: 2025/04/13 14:19:06 raft.go:654: 2 leader receive cmd 644
INFO: 2025/04/13 14:19:06 raft.go:741: leader 2 commit_index update to 642
INFO: 2025/04/13 14:19:06 raft.go:654: 2 leader receive cmd 645
INFO: 2025/04/13 14:19:06 raft.go:741: leader 2 commit_index update to 643
INFO: 2025/04/13 14:19:06 raft.go:654: 2 leader receive cmd 646
INFO: 2025/04/13 14:19:06 raft.go:741: leader 2 commit_index update to 644
INFO: 2025/04/13 14:19:06 raft.go:654: 2 leader receive cmd 647
INFO: 2025/04/13 14:19:06 raft.go:741: leader 2 commit_index update to 645
INFO: 2025/04/13 14:19:06 raft.go:654: 2 leader receive cmd 648
INFO: 2025/04/13 14:19:06 raft.go:741: leader 2 commit_index update to 646
INFO: 2025/04/13 14:19:06 raft.go:654: 2 leader receive cmd 649
INFO: 2025/04/13 14:19:06 raft.go:741: leader 2 commit_index update to 647
INFO: 2025/04/13 14:19:06 raft.go:654: 2 leader receive cmd 650
INFO: 2025/04/13 14:19:06 raft.go:741: leader 2 commit_index update to 648
INFO: 2025/04/13 14:19:06 raft.go:654: 2 leader receive cmd 651
INFO: 2025/04/13 14:19:06 raft.go:741: leader 2 commit_index update to 649
INFO: 2025/04/13 14:19:06 raft.go:654: 2 leader receive cmd 652
INFO: 2025/04/13 14:19:06 raft.go:741: leader 2 commit_index update to 650
INFO: 2025/04/13 14:19:06 raft.go:654: 2 leader receive cmd 653
INFO: 2025/04/13 14:19:06 raft.go:741: leader 2 commit_index update to 651
INFO: 2025/04/13 14:19:06 raft.go:654: 2 leader receive cmd 654
INFO: 2025/04/13 14:19:06 raft.go:741: leader 2 commit_index update to 652
INFO: 2025/04/13 14:19:06 raft.go:654: 2 leader receive cmd 655
INFO: 2025/04/13 14:19:06 raft.go:741: leader 2 commit_index update to 653
INFO: 2025/04/13 14:19:06 raft.go:654: 2 leader receive cmd 656
INFO: 2025/04/13 14:19:06 raft.go:741: leader 2 commit_index update to 654
INFO: 2025/04/13 14:19:06 raft.go:654: 2 leader receive cmd 657
INFO: 2025/04/13 14:19:06 raft.go:741: leader 2 commit_index update to 655
INFO: 2025/04/13 14:19:06 raft.go:654: 2 leader receive cmd 658
INFO: 2025/04/13 14:19:06 raft.go:741: leader 2 commit_index update to 656
INFO: 2025/04/13 14:19:06 raft.go:654: 2 leader receive cmd 659
INFO: 2025/04/13 14:19:06 raft.go:741: leader 2 commit_index update to 657
INFO: 2025/04/13 14:19:06 raft.go:741: leader 2 commit_index update to 658
INFO: 2025/04/13 14:19:06 raft.go:654: 2 leader receive cmd 660
INFO: 2025/04/13 14:19:06 raft.go:741: leader 2 commit_index update to 659
INFO: 2025/04/13 14:19:06 raft.go:654: 2 leader receive cmd 661
INFO: 2025/04/13 14:19:06 raft.go:654: 2 leader receive cmd 662
INFO: 2025/04/13 14:19:06 raft.go:741: leader 2 commit_index update to 660
INFO: 2025/04/13 14:19:06 raft.go:654: 2 leader receive cmd 663
INFO: 2025/04/13 14:19:06 raft.go:741: leader 2 commit_index update to 661
INFO: 2025/04/13 14:19:06 raft.go:654: 2 leader receive cmd 664
INFO: 2025/04/13 14:19:06 raft.go:741: leader 2 commit_index update to 662
INFO: 2025/04/13 14:19:06 raft.go:741: leader 2 commit_index update to 663
INFO: 2025/04/13 14:19:07 raft.go:654: 2 leader receive cmd 665
INFO: 2025/04/13 14:19:07 raft.go:741: leader 2 commit_index update to 664
INFO: 2025/04/13 14:19:07 raft.go:654: 2 leader receive cmd 666
INFO: 2025/04/13 14:19:07 raft.go:741: leader 2 commit_index update to 665
INFO: 2025/04/13 14:19:07 raft.go:654: 2 leader receive cmd 667
INFO: 2025/04/13 14:19:07 raft.go:741: leader 2 commit_index update to 666
INFO: 2025/04/13 14:19:07 raft.go:654: 2 leader receive cmd 668
INFO: 2025/04/13 14:19:07 raft.go:654: 2 leader receive cmd 669
INFO: 2025/04/13 14:19:07 raft.go:741: leader 2 commit_index update to 667
INFO: 2025/04/13 14:19:07 raft.go:654: 2 leader receive cmd 670
INFO: 2025/04/13 14:19:07 raft.go:741: leader 2 commit_index update to 668
INFO: 2025/04/13 14:19:07 raft.go:654: 2 leader receive cmd 671
INFO: 2025/04/13 14:19:07 raft.go:741: leader 2 commit_index update to 669
INFO: 2025/04/13 14:19:07 raft.go:654: 2 leader receive cmd 672
INFO: 2025/04/13 14:19:07 raft.go:741: leader 2 commit_index update to 670
INFO: 2025/04/13 14:19:07 raft.go:654: 2 leader receive cmd 673
INFO: 2025/04/13 14:19:07 raft.go:741: leader 2 commit_index update to 671
INFO: 2025/04/13 14:19:07 raft.go:654: 2 leader receive cmd 674
INFO: 2025/04/13 14:19:07 raft.go:741: leader 2 commit_index update to 672
INFO: 2025/04/13 14:19:07 raft.go:654: 2 leader receive cmd 675
INFO: 2025/04/13 14:19:07 raft.go:741: leader 2 commit_index update to 673
INFO: 2025/04/13 14:19:07 raft.go:654: 2 leader receive cmd 676
INFO: 2025/04/13 14:19:07 raft.go:741: leader 2 commit_index update to 674
INFO: 2025/04/13 14:19:07 raft.go:654: 2 leader receive cmd 677
INFO: 2025/04/13 14:19:07 raft.go:741: leader 2 commit_index update to 675
INFO: 2025/04/13 14:19:07 raft.go:654: 2 leader receive cmd 678
INFO: 2025/04/13 14:19:07 raft.go:741: leader 2 commit_index update to 676
INFO: 2025/04/13 14:19:07 raft.go:654: 2 leader receive cmd 679
INFO: 2025/04/13 14:19:07 raft.go:741: leader 2 commit_index update to 677
INFO: 2025/04/13 14:19:07 raft.go:654: 2 leader receive cmd 680
INFO: 2025/04/13 14:19:07 raft.go:741: leader 2 commit_index update to 678
INFO: 2025/04/13 14:19:07 raft.go:654: 2 leader receive cmd 681
INFO: 2025/04/13 14:19:07 raft.go:741: leader 2 commit_index update to 679
INFO: 2025/04/13 14:19:07 raft.go:654: 2 leader receive cmd 682
INFO: 2025/04/13 14:19:07 raft.go:741: leader 2 commit_index update to 680
INFO: 2025/04/13 14:19:07 raft.go:654: 2 leader receive cmd 683
INFO: 2025/04/13 14:19:07 raft.go:741: leader 2 commit_index update to 681
INFO: 2025/04/13 14:19:07 raft.go:654: 2 leader receive cmd 684
INFO: 2025/04/13 14:19:07 raft.go:741: leader 2 commit_index update to 682
INFO: 2025/04/13 14:19:07 raft.go:654: 2 leader receive cmd 685
INFO: 2025/04/13 14:19:07 raft.go:741: leader 2 commit_index update to 683
INFO: 2025/04/13 14:19:07 raft.go:654: 2 leader receive cmd 686
INFO: 2025/04/13 14:19:07 raft.go:741: leader 2 commit_index update to 684
INFO: 2025/04/13 14:19:07 raft.go:654: 2 leader receive cmd 687
INFO: 2025/04/13 14:19:07 raft.go:741: leader 2 commit_index update to 685
INFO: 2025/04/13 14:19:07 raft.go:654: 2 leader receive cmd 688
INFO: 2025/04/13 14:19:07 raft.go:741: leader 2 commit_index update to 686
INFO: 2025/04/13 14:19:07 raft.go:654: 2 leader receive cmd 689
INFO: 2025/04/13 14:19:07 raft.go:741: leader 2 commit_index update to 687
INFO: 2025/04/13 14:19:07 raft.go:654: 2 leader receive cmd 690
INFO: 2025/04/13 14:19:07 raft.go:741: leader 2 commit_index update to 688
INFO: 2025/04/13 14:19:07 raft.go:654: 2 leader receive cmd 691
INFO: 2025/04/13 14:19:07 raft.go:741: leader 2 commit_index update to 689
INFO: 2025/04/13 14:19:07 raft.go:654: 2 leader receive cmd 692
INFO: 2025/04/13 14:19:07 raft.go:741: leader 2 commit_index update to 690
INFO: 2025/04/13 14:19:07 raft.go:654: 2 leader receive cmd 693
INFO: 2025/04/13 14:19:07 raft.go:741: leader 2 commit_index update to 691
INFO: 2025/04/13 14:19:07 raft.go:654: 2 leader receive cmd 694
INFO: 2025/04/13 14:19:07 raft.go:741: leader 2 commit_index update to 692
INFO: 2025/04/13 14:19:07 raft.go:654: 2 leader receive cmd 695
INFO: 2025/04/13 14:19:07 raft.go:741: leader 2 commit_index update to 693
INFO: 2025/04/13 14:19:07 raft.go:654: 2 leader receive cmd 696
INFO: 2025/04/13 14:19:07 raft.go:741: leader 2 commit_index update to 694
INFO: 2025/04/13 14:19:07 raft.go:741: leader 2 commit_index update to 695
INFO: 2025/04/13 14:19:07 raft.go:741: leader 2 commit_index update to 696
INFO: 2025/04/13 14:19:08 raft.go:654: 2 leader receive cmd 697
INFO: 2025/04/13 14:19:08 raft.go:741: leader 2 commit_index update to 697
